[2.146s] Invoking command in '/home/ishara/fyp/Human_Preffered_Velocity_Prediction/build/preffered_velocity_prediction': PYTHONPATH=/home/ishara/fyp/Human_Preffered_Velocity_Prediction/build/preffered_velocity_prediction/prefix_override:/usr/lib/python3/dist-packages/colcon_core/task/python/colcon_distutils_commands:/home/ishara/fyp/Human_Preffered_Velocity_Prediction/install/preffered_velocity_prediction/lib/python3.10/site-packages:${PYTHONPATH} /usr/bin/python3 -W ignore:setup.py install is deprecated setup.py develop --editable --build-directory /home/ishara/fyp/Human_Preffered_Velocity_Prediction/build/preffered_velocity_prediction/build --no-deps symlink_data
[2.521s] running develop
[2.521s] /usr/lib/python3/dist-packages/setuptools/command/easy_install.py:158: EasyInstallDeprecationWarning: easy_install command is deprecated. Use build and pip and other standards-based tools.
[2.521s]   warnings.warn(
[2.751s] running egg_info
[2.753s] writing preffered_velocity_prediction.egg-info/PKG-INFO
[2.754s] writing dependency_links to preffered_velocity_prediction.egg-info/dependency_links.txt
[2.756s] writing entry points to preffered_velocity_prediction.egg-info/entry_points.txt
[2.756s] writing requirements to preffered_velocity_prediction.egg-info/requires.txt
[2.756s] writing top-level names to preffered_velocity_prediction.egg-info/top_level.txt
[2.757s] reading manifest file 'preffered_velocity_prediction.egg-info/SOURCES.txt'
[2.758s] writing manifest file 'preffered_velocity_prediction.egg-info/SOURCES.txt'
[2.762s] running build_ext
[2.762s] Creating /home/ishara/fyp/Human_Preffered_Velocity_Prediction/install/preffered_velocity_prediction/lib/python3.10/site-packages/preffered-velocity-prediction.egg-link (link to .)
[2.767s] Installing preffered_velocity script to /home/ishara/fyp/Human_Preffered_Velocity_Prediction/install/preffered_velocity_prediction/lib/preffered_velocity_prediction
[2.767s] Installing pub_human_data script to /home/ishara/fyp/Human_Preffered_Velocity_Prediction/install/preffered_velocity_prediction/lib/preffered_velocity_prediction
[2.770s] 
[2.770s] Installed /home/ishara/fyp/Human_Preffered_Velocity_Prediction/build/preffered_velocity_prediction
[2.770s] running symlink_data
[2.870s] Invoked command in '/home/ishara/fyp/Human_Preffered_Velocity_Prediction/build/preffered_velocity_prediction' returned '0': PYTHONPATH=/home/ishara/fyp/Human_Preffered_Velocity_Prediction/build/preffered_velocity_prediction/prefix_override:/usr/lib/python3/dist-packages/colcon_core/task/python/colcon_distutils_commands:/home/ishara/fyp/Human_Preffered_Velocity_Prediction/install/preffered_velocity_prediction/lib/python3.10/site-packages:${PYTHONPATH} /usr/bin/python3 -W ignore:setup.py install is deprecated setup.py develop --editable --build-directory /home/ishara/fyp/Human_Preffered_Velocity_Prediction/build/preffered_velocity_prediction/build --no-deps symlink_data
