[0.745s] Invoking command in '/home/ishara/fyp/Human_Preffered_Velocity_Prediction/build/smrr_interfaces': CMAKE_PREFIX_PATH=${CMAKE_PREFIX_PATH}:/home/ishara/fyp/Human_Preffered_Velocity_Prediction/install/preffered_velocity_prediction:/home/ishara/fyp/Human_Preffered_Velocity_Prediction/install/human_data_buffer:/home/ishara/ros2_ws/install/my_robot_controller:/opt/ros/humble /usr/bin/cmake --build /home/ishara/fyp/Human_Preffered_Velocity_Prediction/build/smrr_interfaces -- -j6 -l6
[1.007s] -- Found ament_cmake: 1.3.10 (/opt/ros/humble/share/ament_cmake/cmake)
[1.155s] -- Override CMake install command with custom implementation using symlinks instead of copying resources
[1.173s] -- Found std_msgs: 4.2.4 (/opt/ros/humble/share/std_msgs/cmake)
[1.275s] -- Found rosidl_generator_c: 3.1.5 (/opt/ros/humble/share/rosidl_generator_c/cmake)
[1.277s] -- Found rosidl_adapter: 3.1.5 (/opt/ros/humble/share/rosidl_adapter/cmake)
[1.282s] -- Found rosidl_generator_cpp: 3.1.5 (/opt/ros/humble/share/rosidl_generator_cpp/cmake)
[1.291s] -- Using all available rosidl_typesupport_c: rosidl_typesupport_fastrtps_c;rosidl_typesupport_introspection_c
[1.301s] -- Using all available rosidl_typesupport_cpp: rosidl_typesupport_fastrtps_cpp;rosidl_typesupport_introspection_cpp
[1.322s] -- Found geometry_msgs: 4.2.4 (/opt/ros/humble/share/geometry_msgs/cmake)
[1.332s] -- Found rosidl_default_generators: 1.2.0 (/opt/ros/humble/share/rosidl_default_generators/cmake)
[1.339s] -- Found ament_lint_auto: 0.12.11 (/opt/ros/humble/share/ament_lint_auto/cmake)
[1.748s] -- Found ament_cmake_ros: 0.10.0 (/opt/ros/humble/share/ament_cmake_ros/cmake)
[2.243s] -- Using all available rosidl_typesupport_c: rosidl_typesupport_fastrtps_c;rosidl_typesupport_introspection_c
[2.440s] -- Using all available rosidl_typesupport_cpp: rosidl_typesupport_fastrtps_cpp;rosidl_typesupport_introspection_cpp
[2.474s] -- Found python_cmake_module: 0.10.0 (/opt/ros/humble/share/python_cmake_module/cmake)
[2.508s] -- Using PYTHON_EXECUTABLE: /usr/bin/python3
[2.509s] -- Using PYTHON_INCLUDE_DIRS: /usr/include/python3.10
[2.509s] -- Using PYTHON_LIBRARIES: /usr/lib/x86_64-linux-gnu/libpython3.10.so
[2.589s] -- Added test 'cppcheck' to perform static code analysis on C / C++ code
[2.589s] -- Configured cppcheck include dirs: 
[2.589s] -- Configured cppcheck exclude dirs and/or files: 
[2.591s] -- Added test 'flake8' to check Python code syntax and style conventions
[2.595s] -- Added test 'lint_cmake' to check CMake code style
[2.596s] -- Added test 'pep257' to check Python code against some of the docstring style conventions in PEP 257
[2.609s] -- Added test 'uncrustify' to check C / C++ code style
[2.610s] -- Configured uncrustify additional arguments: 
[2.611s] -- Added test 'xmllint' to check XML markup files
[2.630s] -- Configuring done
[2.771s] -- Generating done
[2.775s] -- Build files have been written to: /home/ishara/fyp/Human_Preffered_Velocity_Prediction/build/smrr_interfaces
[2.808s] [  1%] [34m[1mGenerating C code for ROS interfaces[0m
[2.818s] [  2%] [34m[1mGenerating C++ code for ROS interfaces[0m
[2.839s] [  2%] Built target ament_cmake_python_symlink_smrr_interfaces
[3.040s] running egg_info
[3.041s] writing smrr_interfaces.egg-info/PKG-INFO
[3.041s] writing dependency_links to smrr_interfaces.egg-info/dependency_links.txt
[3.041s] writing top-level names to smrr_interfaces.egg-info/top_level.txt
[3.043s] reading manifest file 'smrr_interfaces.egg-info/SOURCES.txt'
[3.044s] writing manifest file 'smrr_interfaces.egg-info/SOURCES.txt'
[3.079s] [  2%] Built target ament_cmake_python_build_smrr_interfaces_egg
[3.542s] [  2%] Built target smrr_interfaces__cpp
[3.551s] [  3%] [34m[1mGenerating C++ type support dispatch for ROS interfaces[0m
[3.554s] [  6%] [34m[1mGenerating C++ introspection for ROS interfaces[0m
[3.554s] [  6%] [34m[1mGenerating C++ type support for eProsima Fast-RTPS[0m
[3.663s] [35m[1mConsolidate compiler generated dependencies of target smrr_interfaces__rosidl_generator_c[0m
[3.679s] [  8%] [32mBuilding C object CMakeFiles/smrr_interfaces__rosidl_generator_c.dir/rosidl_generator_c/smrr_interfaces/msg/detail/velocity_class_data__functions.c.o[0m
[3.679s] [  8%] [32mBuilding C object CMakeFiles/smrr_interfaces__rosidl_generator_c.dir/rosidl_generator_c/smrr_interfaces/msg/detail/buffer__functions.c.o[0m
[3.679s] [ 10%] [32mBuilding C object CMakeFiles/smrr_interfaces__rosidl_generator_c.dir/rosidl_generator_c/smrr_interfaces/msg/detail/entities__functions.c.o[0m
[3.987s] [ 11%] [32mBuilding C object CMakeFiles/smrr_interfaces__rosidl_generator_c.dir/rosidl_generator_c/smrr_interfaces/msg/detail/pref_velocity__functions.c.o[0m
[3.990s] [ 12%] [32mBuilding C object CMakeFiles/smrr_interfaces__rosidl_generator_c.dir/rosidl_generator_c/smrr_interfaces/msg/detail/data_element_float__functions.c.o[0m
[3.992s] [ 13%] [32mBuilding C object CMakeFiles/smrr_interfaces__rosidl_generator_c.dir/rosidl_generator_c/smrr_interfaces/msg/detail/data_element_string__functions.c.o[0m
[4.033s] [ 15%] [32mBuilding C object CMakeFiles/smrr_interfaces__rosidl_generator_c.dir/rosidl_generator_c/smrr_interfaces/msg/detail/data_element_int__functions.c.o[0m
[4.065s] [35m[1mConsolidate compiler generated dependencies of target smrr_interfaces__rosidl_typesupport_cpp[0m
[4.075s] [ 16%] [32m[1mLinking C shared library libsmrr_interfaces__rosidl_generator_c.so[0m
[4.077s] [ 17%] [32mBuilding CXX object CMakeFiles/smrr_interfaces__rosidl_typesupport_cpp.dir/rosidl_typesupport_cpp/smrr_interfaces/msg/entities__type_support.cpp.o[0m
[4.086s] [ 20%] [32mBuilding CXX object CMakeFiles/smrr_interfaces__rosidl_typesupport_cpp.dir/rosidl_typesupport_cpp/smrr_interfaces/msg/velocity_class_data__type_support.cpp.o[0m
[4.086s] [ 20%] [32mBuilding CXX object CMakeFiles/smrr_interfaces__rosidl_typesupport_cpp.dir/rosidl_typesupport_cpp/smrr_interfaces/msg/buffer__type_support.cpp.o[0m
[4.149s] [35m[1mConsolidate compiler generated dependencies of target smrr_interfaces__rosidl_typesupport_introspection_cpp[0m
[4.161s] [ 21%] [32mBuilding CXX object CMakeFiles/smrr_interfaces__rosidl_typesupport_introspection_cpp.dir/rosidl_typesupport_introspection_cpp/smrr_interfaces/msg/detail/entities__type_support.cpp.o[0m
[4.272s] [35m[1mConsolidate compiler generated dependencies of target smrr_interfaces__rosidl_typesupport_fastrtps_cpp[0m
[4.298s] [ 22%] [32mBuilding CXX object CMakeFiles/smrr_interfaces__rosidl_typesupport_fastrtps_cpp.dir/rosidl_typesupport_fastrtps_cpp/smrr_interfaces/msg/detail/dds_fastrtps/entities__type_support.cpp.o[0m
[4.564s] [ 22%] Built target smrr_interfaces__rosidl_generator_c
[4.572s] [ 24%] [32mBuilding CXX object CMakeFiles/smrr_interfaces__rosidl_typesupport_cpp.dir/rosidl_typesupport_cpp/smrr_interfaces/msg/pref_velocity__type_support.cpp.o[0m
[5.139s] [ 27%] [32mBuilding CXX object CMakeFiles/smrr_interfaces__rosidl_typesupport_cpp.dir/rosidl_typesupport_cpp/smrr_interfaces/msg/data_element_float__type_support.cpp.o[0m
[5.139s] [ 29%] [34m[1mGenerating C type support for eProsima Fast-RTPS[0m
[5.139s] [ 29%] [32mBuilding CXX object CMakeFiles/smrr_interfaces__rosidl_typesupport_cpp.dir/rosidl_typesupport_cpp/smrr_interfaces/msg/data_element_string__type_support.cpp.o[0m
[5.139s] [ 29%] [32mBuilding CXX object CMakeFiles/smrr_interfaces__rosidl_typesupport_fastrtps_cpp.dir/rosidl_typesupport_fastrtps_cpp/smrr_interfaces/msg/detail/dds_fastrtps/velocity_class_data__type_support.cpp.o[0m
[5.315s] [ 30%] [32mBuilding CXX object CMakeFiles/smrr_interfaces__rosidl_typesupport_introspection_cpp.dir/rosidl_typesupport_introspection_cpp/smrr_interfaces/msg/detail/velocity_class_data__type_support.cpp.o[0m
[5.368s] [ 31%] [32mBuilding CXX object CMakeFiles/smrr_interfaces__rosidl_typesupport_introspection_cpp.dir/rosidl_typesupport_introspection_cpp/smrr_interfaces/msg/detail/buffer__type_support.cpp.o[0m
[5.376s] [ 32%] [32mBuilding CXX object CMakeFiles/smrr_interfaces__rosidl_typesupport_cpp.dir/rosidl_typesupport_cpp/smrr_interfaces/msg/data_element_int__type_support.cpp.o[0m
[5.378s] [ 34%] [32mBuilding CXX object CMakeFiles/smrr_interfaces__rosidl_typesupport_fastrtps_cpp.dir/rosidl_typesupport_fastrtps_cpp/smrr_interfaces/msg/detail/dds_fastrtps/buffer__type_support.cpp.o[0m
[5.585s] [ 35%] [32mBuilding CXX object CMakeFiles/smrr_interfaces__rosidl_typesupport_introspection_cpp.dir/rosidl_typesupport_introspection_cpp/smrr_interfaces/msg/detail/pref_velocity__type_support.cpp.o[0m
[5.606s] [ 36%] [32m[1mLinking CXX shared library libsmrr_interfaces__rosidl_typesupport_cpp.so[0m
[5.813s] [ 37%] [32mBuilding CXX object CMakeFiles/smrr_interfaces__rosidl_typesupport_fastrtps_cpp.dir/rosidl_typesupport_fastrtps_cpp/smrr_interfaces/msg/detail/dds_fastrtps/pref_velocity__type_support.cpp.o[0m
[5.824s] [ 37%] Built target smrr_interfaces__rosidl_typesupport_cpp
[5.903s] [35m[1mConsolidate compiler generated dependencies of target smrr_interfaces__rosidl_typesupport_fastrtps_c[0m
[5.907s] [ 39%] [34m[1mGenerating C introspection for ROS interfaces[0m
[5.909s] [ 40%] [34m[1mGenerating C type support dispatch for ROS interfaces[0m
[5.909s] [ 41%] [32mBuilding CXX object CMakeFiles/smrr_interfaces__rosidl_typesupport_fastrtps_cpp.dir/rosidl_typesupport_fastrtps_cpp/smrr_interfaces/msg/detail/dds_fastrtps/data_element_float__type_support.cpp.o[0m
[5.921s] [ 43%] [32mBuilding CXX object CMakeFiles/smrr_interfaces__rosidl_typesupport_fastrtps_c.dir/rosidl_typesupport_fastrtps_c/smrr_interfaces/msg/detail/entities__type_support_c.cpp.o[0m
[5.990s] [ 44%] [32mBuilding CXX object CMakeFiles/smrr_interfaces__rosidl_typesupport_introspection_cpp.dir/rosidl_typesupport_introspection_cpp/smrr_interfaces/msg/detail/data_element_float__type_support.cpp.o[0m
[6.223s] [ 45%] [32mBuilding CXX object CMakeFiles/smrr_interfaces__rosidl_typesupport_fastrtps_c.dir/rosidl_typesupport_fastrtps_c/smrr_interfaces/msg/detail/velocity_class_data__type_support_c.cpp.o[0m
[6.255s] [ 46%] [32mBuilding CXX object CMakeFiles/smrr_interfaces__rosidl_typesupport_introspection_cpp.dir/rosidl_typesupport_introspection_cpp/smrr_interfaces/msg/detail/data_element_string__type_support.cpp.o[0m
[6.284s] [ 48%] [32mBuilding CXX object CMakeFiles/smrr_interfaces__rosidl_typesupport_fastrtps_cpp.dir/rosidl_typesupport_fastrtps_cpp/smrr_interfaces/msg/detail/dds_fastrtps/data_element_string__type_support.cpp.o[0m
[6.326s] [ 49%] [32mBuilding CXX object CMakeFiles/smrr_interfaces__rosidl_typesupport_fastrtps_cpp.dir/rosidl_typesupport_fastrtps_cpp/smrr_interfaces/msg/detail/dds_fastrtps/data_element_int__type_support.cpp.o[0m
[6.455s] [35m[1mConsolidate compiler generated dependencies of target smrr_interfaces__rosidl_typesupport_c[0m
[6.468s] [ 50%] [32mBuilding CXX object CMakeFiles/smrr_interfaces__rosidl_typesupport_c.dir/rosidl_typesupport_c/smrr_interfaces/msg/entities__type_support.cpp.o[0m
[6.498s] [ 51%] [32mBuilding CXX object CMakeFiles/smrr_interfaces__rosidl_typesupport_c.dir/rosidl_typesupport_c/smrr_interfaces/msg/velocity_class_data__type_support.cpp.o[0m
[6.521s] [ 53%] [32mBuilding CXX object CMakeFiles/smrr_interfaces__rosidl_typesupport_fastrtps_c.dir/rosidl_typesupport_fastrtps_c/smrr_interfaces/msg/detail/buffer__type_support_c.cpp.o[0m
[6.530s] [ 54%] [32mBuilding CXX object CMakeFiles/smrr_interfaces__rosidl_typesupport_c.dir/rosidl_typesupport_c/smrr_interfaces/msg/buffer__type_support.cpp.o[0m
[6.558s] [ 55%] [32mBuilding CXX object CMakeFiles/smrr_interfaces__rosidl_typesupport_c.dir/rosidl_typesupport_c/smrr_interfaces/msg/pref_velocity__type_support.cpp.o[0m
[6.589s] [ 56%] [32mBuilding CXX object CMakeFiles/smrr_interfaces__rosidl_typesupport_c.dir/rosidl_typesupport_c/smrr_interfaces/msg/data_element_float__type_support.cpp.o[0m
[6.605s] [35m[1mConsolidate compiler generated dependencies of target smrr_interfaces__rosidl_typesupport_introspection_c[0m
[6.618s] [ 60%] [32mBuilding C object CMakeFiles/smrr_interfaces__rosidl_typesupport_introspection_c.dir/rosidl_typesupport_introspection_c/smrr_interfaces/msg/detail/entities__type_support.c.o[0m
[6.618s] [ 60%] [32mBuilding CXX object CMakeFiles/smrr_interfaces__rosidl_typesupport_introspection_cpp.dir/rosidl_typesupport_introspection_cpp/smrr_interfaces/msg/detail/data_element_int__type_support.cpp.o[0m
[6.618s] [ 60%] [32mBuilding CXX object CMakeFiles/smrr_interfaces__rosidl_typesupport_c.dir/rosidl_typesupport_c/smrr_interfaces/msg/data_element_string__type_support.cpp.o[0m
[6.649s] [ 62%] [32mBuilding CXX object CMakeFiles/smrr_interfaces__rosidl_typesupport_c.dir/rosidl_typesupport_c/smrr_interfaces/msg/data_element_int__type_support.cpp.o[0m
[6.659s] [ 63%] [32mBuilding C object CMakeFiles/smrr_interfaces__rosidl_typesupport_introspection_c.dir/rosidl_typesupport_introspection_c/smrr_interfaces/msg/detail/velocity_class_data__type_support.c.o[0m
[6.678s] [ 64%] [32m[1mLinking CXX shared library libsmrr_interfaces__rosidl_typesupport_c.so[0m
[6.695s] [ 65%] [32mBuilding C object CMakeFiles/smrr_interfaces__rosidl_typesupport_introspection_c.dir/rosidl_typesupport_introspection_c/smrr_interfaces/msg/detail/buffer__type_support.c.o[0m
[6.707s] [ 67%] [32mBuilding CXX object CMakeFiles/smrr_interfaces__rosidl_typesupport_fastrtps_c.dir/rosidl_typesupport_fastrtps_c/smrr_interfaces/msg/detail/pref_velocity__type_support_c.cpp.o[0m
[6.716s] [ 68%] [32m[1mLinking CXX shared library libsmrr_interfaces__rosidl_typesupport_fastrtps_cpp.so[0m
[6.724s] [ 68%] Built target smrr_interfaces__rosidl_typesupport_c
[6.733s] [ 69%] [32mBuilding CXX object CMakeFiles/smrr_interfaces__rosidl_typesupport_fastrtps_c.dir/rosidl_typesupport_fastrtps_c/smrr_interfaces/msg/detail/data_element_float__type_support_c.cpp.o[0m
[6.757s] [ 70%] [32mBuilding C object CMakeFiles/smrr_interfaces__rosidl_typesupport_introspection_c.dir/rosidl_typesupport_introspection_c/smrr_interfaces/msg/detail/pref_velocity__type_support.c.o[0m
[6.802s] [ 72%] [32mBuilding C object CMakeFiles/smrr_interfaces__rosidl_typesupport_introspection_c.dir/rosidl_typesupport_introspection_c/smrr_interfaces/msg/detail/data_element_float__type_support.c.o[0m
[6.837s] [ 73%] [32mBuilding C object CMakeFiles/smrr_interfaces__rosidl_typesupport_introspection_c.dir/rosidl_typesupport_introspection_c/smrr_interfaces/msg/detail/data_element_string__type_support.c.o[0m
[6.854s] [ 74%] [32mBuilding C object CMakeFiles/smrr_interfaces__rosidl_typesupport_introspection_c.dir/rosidl_typesupport_introspection_c/smrr_interfaces/msg/detail/data_element_int__type_support.c.o[0m
[6.876s] [ 75%] [32mBuilding CXX object CMakeFiles/smrr_interfaces__rosidl_typesupport_fastrtps_c.dir/rosidl_typesupport_fastrtps_c/smrr_interfaces/msg/detail/data_element_string__type_support_c.cpp.o[0m
[6.882s] [ 75%] Built target smrr_interfaces__rosidl_typesupport_fastrtps_cpp
[6.889s] [ 78%] [32mBuilding CXX object CMakeFiles/smrr_interfaces__rosidl_typesupport_fastrtps_c.dir/rosidl_typesupport_fastrtps_c/smrr_interfaces/msg/detail/data_element_int__type_support_c.cpp.o[0m
[6.889s] [ 78%] [32m[1mLinking C shared library libsmrr_interfaces__rosidl_typesupport_introspection_c.so[0m
[6.923s] [ 78%] Built target smrr_interfaces__rosidl_typesupport_introspection_c
[6.985s] [ 79%] [32m[1mLinking CXX shared library libsmrr_interfaces__rosidl_typesupport_introspection_cpp.so[0m
[7.199s] [ 79%] Built target smrr_interfaces__rosidl_typesupport_introspection_cpp
[7.208s] [ 81%] [32m[1mLinking CXX shared library libsmrr_interfaces__rosidl_typesupport_fastrtps_c.so[0m
[7.373s] [ 81%] Built target smrr_interfaces__rosidl_typesupport_fastrtps_c
[7.404s] [ 81%] Built target smrr_interfaces
[7.426s] [ 82%] [34m[1mGenerating Python code for ROS interfaces[0m
[8.602s] [ 82%] Built target smrr_interfaces__py
[8.658s] [35m[1mConsolidate compiler generated dependencies of target smrr_interfaces__rosidl_generator_py[0m
[8.680s] [ 83%] [32mBuilding C object CMakeFiles/smrr_interfaces__rosidl_generator_py.dir/rosidl_generator_py/smrr_interfaces/msg/_buffer_s.c.o[0m
[8.686s] [ 86%] [32mBuilding C object CMakeFiles/smrr_interfaces__rosidl_generator_py.dir/rosidl_generator_py/smrr_interfaces/msg/_data_element_string_s.c.o[0m
[8.686s] [ 86%] [32mBuilding C object CMakeFiles/smrr_interfaces__rosidl_generator_py.dir/rosidl_generator_py/smrr_interfaces/msg/_pref_velocity_s.c.o[0m
[8.689s] [ 87%] [32mBuilding C object CMakeFiles/smrr_interfaces__rosidl_generator_py.dir/rosidl_generator_py/smrr_interfaces/msg/_entities_s.c.o[0m
[8.690s] [ 88%] [32mBuilding C object CMakeFiles/smrr_interfaces__rosidl_generator_py.dir/rosidl_generator_py/smrr_interfaces/msg/_velocity_class_data_s.c.o[0m
[8.694s] [ 89%] [32mBuilding C object CMakeFiles/smrr_interfaces__rosidl_generator_py.dir/rosidl_generator_py/smrr_interfaces/msg/_data_element_float_s.c.o[0m
[9.131s] [ 91%] [32mBuilding C object CMakeFiles/smrr_interfaces__rosidl_generator_py.dir/rosidl_generator_py/smrr_interfaces/msg/_data_element_int_s.c.o[0m
[9.243s] [ 92%] [32m[1mLinking C shared library rosidl_generator_py/smrr_interfaces/libsmrr_interfaces__rosidl_generator_py.so[0m
[9.366s] [ 92%] Built target smrr_interfaces__rosidl_generator_py
[9.385s] [35m[1mConsolidate compiler generated dependencies of target smrr_interfaces__rosidl_typesupport_fastrtps_c__pyext[0m
[9.395s] [35m[1mConsolidate compiler generated dependencies of target smrr_interfaces__rosidl_typesupport_introspection_c__pyext[0m
[9.400s] [ 93%] [32mBuilding C object CMakeFiles/smrr_interfaces__rosidl_typesupport_fastrtps_c__pyext.dir/rosidl_generator_py/smrr_interfaces/_smrr_interfaces_s.ep.rosidl_typesupport_fastrtps_c.c.o[0m
[9.401s] [35m[1mConsolidate compiler generated dependencies of target smrr_interfaces__rosidl_typesupport_c__pyext[0m
[9.411s] [ 94%] [32mBuilding C object CMakeFiles/smrr_interfaces__rosidl_typesupport_introspection_c__pyext.dir/rosidl_generator_py/smrr_interfaces/_smrr_interfaces_s.ep.rosidl_typesupport_introspection_c.c.o[0m
[9.432s] [ 96%] [32mBuilding C object CMakeFiles/smrr_interfaces__rosidl_typesupport_c__pyext.dir/rosidl_generator_py/smrr_interfaces/_smrr_interfaces_s.ep.rosidl_typesupport_c.c.o[0m
[9.534s] [ 97%] [32m[1mLinking C shared library rosidl_generator_py/smrr_interfaces/smrr_interfaces_s__rosidl_typesupport_fastrtps_c.cpython-310-x86_64-linux-gnu.so[0m
[9.556s] [ 98%] [32m[1mLinking C shared library rosidl_generator_py/smrr_interfaces/smrr_interfaces_s__rosidl_typesupport_introspection_c.cpython-310-x86_64-linux-gnu.so[0m
[9.572s] [100%] [32m[1mLinking C shared library rosidl_generator_py/smrr_interfaces/smrr_interfaces_s__rosidl_typesupport_c.cpython-310-x86_64-linux-gnu.so[0m
[9.588s] [100%] Built target smrr_interfaces__rosidl_typesupport_fastrtps_c__pyext
[9.629s] [100%] Built target smrr_interfaces__rosidl_typesupport_c__pyext
[9.636s] [100%] Built target smrr_interfaces__rosidl_typesupport_introspection_c__pyext
[9.655s] Invoked command in '/home/ishara/fyp/Human_Preffered_Velocity_Prediction/build/smrr_interfaces' returned '0': CMAKE_PREFIX_PATH=${CMAKE_PREFIX_PATH}:/home/ishara/fyp/Human_Preffered_Velocity_Prediction/install/preffered_velocity_prediction:/home/ishara/fyp/Human_Preffered_Velocity_Prediction/install/human_data_buffer:/home/ishara/ros2_ws/install/my_robot_controller:/opt/ros/humble /usr/bin/cmake --build /home/ishara/fyp/Human_Preffered_Velocity_Prediction/build/smrr_interfaces -- -j6 -l6
[9.808s] Invoking command in '/home/ishara/fyp/Human_Preffered_Velocity_Prediction/build/smrr_interfaces': CMAKE_PREFIX_PATH=${CMAKE_PREFIX_PATH}:/home/ishara/fyp/Human_Preffered_Velocity_Prediction/install/preffered_velocity_prediction:/home/ishara/fyp/Human_Preffered_Velocity_Prediction/install/human_data_buffer:/home/ishara/ros2_ws/install/my_robot_controller:/opt/ros/humble /usr/bin/cmake --install /home/ishara/fyp/Human_Preffered_Velocity_Prediction/build/smrr_interfaces
[9.815s] -- Install configuration: ""
[9.815s] -- Execute custom install script
[9.815s] -- Up-to-date symlink: /home/ishara/fyp/Human_Preffered_Velocity_Prediction/install/smrr_interfaces/share/ament_index/resource_index/rosidl_interfaces/smrr_interfaces
[9.824s] -- Up-to-date symlink: /home/ishara/fyp/Human_Preffered_Velocity_Prediction/install/smrr_interfaces/include/smrr_interfaces/smrr_interfaces/msg/buffer.h
[9.825s] -- Symlinking: /home/ishara/fyp/Human_Preffered_Velocity_Prediction/install/smrr_interfaces/include/smrr_interfaces/smrr_interfaces/msg/data_element_float.h
[9.836s] -- Symlinking: /home/ishara/fyp/Human_Preffered_Velocity_Prediction/install/smrr_interfaces/include/smrr_interfaces/smrr_interfaces/msg/data_element_int.h
[9.844s] -- Symlinking: /home/ishara/fyp/Human_Preffered_Velocity_Prediction/install/smrr_interfaces/include/smrr_interfaces/smrr_interfaces/msg/data_element_string.h
[9.859s] -- Up-to-date symlink: /home/ishara/fyp/Human_Preffered_Velocity_Prediction/install/smrr_interfaces/include/smrr_interfaces/smrr_interfaces/msg/detail/buffer__functions.h
[9.860s] -- Up-to-date symlink: /home/ishara/fyp/Human_Preffered_Velocity_Prediction/install/smrr_interfaces/include/smrr_interfaces/smrr_interfaces/msg/detail/buffer__struct.h
[9.860s] -- Up-to-date symlink: /home/ishara/fyp/Human_Preffered_Velocity_Prediction/install/smrr_interfaces/include/smrr_interfaces/smrr_interfaces/msg/detail/buffer__type_support.h
[9.860s] -- Symlinking: /home/ishara/fyp/Human_Preffered_Velocity_Prediction/install/smrr_interfaces/include/smrr_interfaces/smrr_interfaces/msg/detail/data_element_float__functions.h
[9.869s] -- Symlinking: /home/ishara/fyp/Human_Preffered_Velocity_Prediction/install/smrr_interfaces/include/smrr_interfaces/smrr_interfaces/msg/detail/data_element_float__struct.h
[9.876s] -- Symlinking: /home/ishara/fyp/Human_Preffered_Velocity_Prediction/install/smrr_interfaces/include/smrr_interfaces/smrr_interfaces/msg/detail/data_element_float__type_support.h
[9.885s] -- Symlinking: /home/ishara/fyp/Human_Preffered_Velocity_Prediction/install/smrr_interfaces/include/smrr_interfaces/smrr_interfaces/msg/detail/data_element_int__functions.h
[9.893s] -- Symlinking: /home/ishara/fyp/Human_Preffered_Velocity_Prediction/install/smrr_interfaces/include/smrr_interfaces/smrr_interfaces/msg/detail/data_element_int__struct.h
[9.900s] -- Symlinking: /home/ishara/fyp/Human_Preffered_Velocity_Prediction/install/smrr_interfaces/include/smrr_interfaces/smrr_interfaces/msg/detail/data_element_int__type_support.h
[9.908s] -- Symlinking: /home/ishara/fyp/Human_Preffered_Velocity_Prediction/install/smrr_interfaces/include/smrr_interfaces/smrr_interfaces/msg/detail/data_element_string__functions.h
[9.915s] -- Symlinking: /home/ishara/fyp/Human_Preffered_Velocity_Prediction/install/smrr_interfaces/include/smrr_interfaces/smrr_interfaces/msg/detail/data_element_string__struct.h
[9.923s] -- Symlinking: /home/ishara/fyp/Human_Preffered_Velocity_Prediction/install/smrr_interfaces/include/smrr_interfaces/smrr_interfaces/msg/detail/data_element_string__type_support.h
[9.931s] -- Up-to-date symlink: /home/ishara/fyp/Human_Preffered_Velocity_Prediction/install/smrr_interfaces/include/smrr_interfaces/smrr_interfaces/msg/detail/entities__functions.h
[9.932s] -- Up-to-date symlink: /home/ishara/fyp/Human_Preffered_Velocity_Prediction/install/smrr_interfaces/include/smrr_interfaces/smrr_interfaces/msg/detail/entities__struct.h
[9.932s] -- Up-to-date symlink: /home/ishara/fyp/Human_Preffered_Velocity_Prediction/install/smrr_interfaces/include/smrr_interfaces/smrr_interfaces/msg/detail/entities__type_support.h
[9.933s] -- Up-to-date symlink: /home/ishara/fyp/Human_Preffered_Velocity_Prediction/install/smrr_interfaces/include/smrr_interfaces/smrr_interfaces/msg/detail/pref_velocity__functions.h
[9.948s] -- Up-to-date symlink: /home/ishara/fyp/Human_Preffered_Velocity_Prediction/install/smrr_interfaces/include/smrr_interfaces/smrr_interfaces/msg/detail/pref_velocity__struct.h
[9.948s] -- Up-to-date symlink: /home/ishara/fyp/Human_Preffered_Velocity_Prediction/install/smrr_interfaces/include/smrr_interfaces/smrr_interfaces/msg/detail/pref_velocity__type_support.h
[9.963s] -- Up-to-date symlink: /home/ishara/fyp/Human_Preffered_Velocity_Prediction/install/smrr_interfaces/include/smrr_interfaces/smrr_interfaces/msg/detail/velocity_class_data__functions.h
[9.963s] -- Up-to-date symlink: /home/ishara/fyp/Human_Preffered_Velocity_Prediction/install/smrr_interfaces/include/smrr_interfaces/smrr_interfaces/msg/detail/velocity_class_data__struct.h
[9.964s] -- Up-to-date symlink: /home/ishara/fyp/Human_Preffered_Velocity_Prediction/install/smrr_interfaces/include/smrr_interfaces/smrr_interfaces/msg/detail/velocity_class_data__type_support.h
[9.964s] -- Up-to-date symlink: /home/ishara/fyp/Human_Preffered_Velocity_Prediction/install/smrr_interfaces/include/smrr_interfaces/smrr_interfaces/msg/entities.h
[9.965s] -- Up-to-date symlink: /home/ishara/fyp/Human_Preffered_Velocity_Prediction/install/smrr_interfaces/include/smrr_interfaces/smrr_interfaces/msg/pref_velocity.h
[9.965s] -- Up-to-date symlink: /home/ishara/fyp/Human_Preffered_Velocity_Prediction/install/smrr_interfaces/include/smrr_interfaces/smrr_interfaces/msg/rosidl_generator_c__visibility_control.h
[9.965s] -- Up-to-date symlink: /home/ishara/fyp/Human_Preffered_Velocity_Prediction/install/smrr_interfaces/include/smrr_interfaces/smrr_interfaces/msg/velocity_class_data.h
[9.966s] -- Up-to-date symlink: /home/ishara/fyp/Human_Preffered_Velocity_Prediction/install/smrr_interfaces/share/smrr_interfaces/environment/library_path.sh
[9.966s] -- Up-to-date symlink: /home/ishara/fyp/Human_Preffered_Velocity_Prediction/install/smrr_interfaces/share/smrr_interfaces/environment/library_path.dsv
[9.968s] -- Up-to-date symlink: /home/ishara/fyp/Human_Preffered_Velocity_Prediction/install/smrr_interfaces/include/smrr_interfaces/smrr_interfaces/msg/detail/buffer__rosidl_typesupport_fastrtps_c.h
[9.968s] -- Symlinking: /home/ishara/fyp/Human_Preffered_Velocity_Prediction/install/smrr_interfaces/include/smrr_interfaces/smrr_interfaces/msg/detail/data_element_float__rosidl_typesupport_fastrtps_c.h
[9.984s] -- Symlinking: /home/ishara/fyp/Human_Preffered_Velocity_Prediction/install/smrr_interfaces/include/smrr_interfaces/smrr_interfaces/msg/detail/data_element_int__rosidl_typesupport_fastrtps_c.h
[9.996s] -- Symlinking: /home/ishara/fyp/Human_Preffered_Velocity_Prediction/install/smrr_interfaces/include/smrr_interfaces/smrr_interfaces/msg/detail/data_element_string__rosidl_typesupport_fastrtps_c.h
[10.006s] -- Up-to-date symlink: /home/ishara/fyp/Human_Preffered_Velocity_Prediction/install/smrr_interfaces/include/smrr_interfaces/smrr_interfaces/msg/detail/entities__rosidl_typesupport_fastrtps_c.h
[10.007s] -- Up-to-date symlink: /home/ishara/fyp/Human_Preffered_Velocity_Prediction/install/smrr_interfaces/include/smrr_interfaces/smrr_interfaces/msg/detail/pref_velocity__rosidl_typesupport_fastrtps_c.h
[10.007s] -- Up-to-date symlink: /home/ishara/fyp/Human_Preffered_Velocity_Prediction/install/smrr_interfaces/include/smrr_interfaces/smrr_interfaces/msg/detail/velocity_class_data__rosidl_typesupport_fastrtps_c.h
[10.007s] -- Up-to-date symlink: /home/ishara/fyp/Human_Preffered_Velocity_Prediction/install/smrr_interfaces/include/smrr_interfaces/smrr_interfaces/msg/rosidl_typesupport_fastrtps_c__visibility_control.h
[10.008s] -- Up-to-date symlink: /home/ishara/fyp/Human_Preffered_Velocity_Prediction/install/smrr_interfaces/include/smrr_interfaces/smrr_interfaces/msg/buffer.hpp
[10.008s] -- Symlinking: /home/ishara/fyp/Human_Preffered_Velocity_Prediction/install/smrr_interfaces/include/smrr_interfaces/smrr_interfaces/msg/data_element_float.hpp
[10.016s] -- Symlinking: /home/ishara/fyp/Human_Preffered_Velocity_Prediction/install/smrr_interfaces/include/smrr_interfaces/smrr_interfaces/msg/data_element_int.hpp
[10.023s] -- Symlinking: /home/ishara/fyp/Human_Preffered_Velocity_Prediction/install/smrr_interfaces/include/smrr_interfaces/smrr_interfaces/msg/data_element_string.hpp
[10.031s] -- Up-to-date symlink: /home/ishara/fyp/Human_Preffered_Velocity_Prediction/install/smrr_interfaces/include/smrr_interfaces/smrr_interfaces/msg/detail/buffer__builder.hpp
[10.032s] -- Up-to-date symlink: /home/ishara/fyp/Human_Preffered_Velocity_Prediction/install/smrr_interfaces/include/smrr_interfaces/smrr_interfaces/msg/detail/buffer__struct.hpp
[10.032s] -- Up-to-date symlink: /home/ishara/fyp/Human_Preffered_Velocity_Prediction/install/smrr_interfaces/include/smrr_interfaces/smrr_interfaces/msg/detail/buffer__traits.hpp
[10.032s] -- Symlinking: /home/ishara/fyp/Human_Preffered_Velocity_Prediction/install/smrr_interfaces/include/smrr_interfaces/smrr_interfaces/msg/detail/data_element_float__builder.hpp
[10.040s] -- Symlinking: /home/ishara/fyp/Human_Preffered_Velocity_Prediction/install/smrr_interfaces/include/smrr_interfaces/smrr_interfaces/msg/detail/data_element_float__struct.hpp
[10.047s] -- Symlinking: /home/ishara/fyp/Human_Preffered_Velocity_Prediction/install/smrr_interfaces/include/smrr_interfaces/smrr_interfaces/msg/detail/data_element_float__traits.hpp
[10.055s] -- Symlinking: /home/ishara/fyp/Human_Preffered_Velocity_Prediction/install/smrr_interfaces/include/smrr_interfaces/smrr_interfaces/msg/detail/data_element_int__builder.hpp
[10.063s] -- Symlinking: /home/ishara/fyp/Human_Preffered_Velocity_Prediction/install/smrr_interfaces/include/smrr_interfaces/smrr_interfaces/msg/detail/data_element_int__struct.hpp
[10.070s] -- Symlinking: /home/ishara/fyp/Human_Preffered_Velocity_Prediction/install/smrr_interfaces/include/smrr_interfaces/smrr_interfaces/msg/detail/data_element_int__traits.hpp
[10.077s] -- Symlinking: /home/ishara/fyp/Human_Preffered_Velocity_Prediction/install/smrr_interfaces/include/smrr_interfaces/smrr_interfaces/msg/detail/data_element_string__builder.hpp
[10.085s] -- Symlinking: /home/ishara/fyp/Human_Preffered_Velocity_Prediction/install/smrr_interfaces/include/smrr_interfaces/smrr_interfaces/msg/detail/data_element_string__struct.hpp
[10.093s] -- Symlinking: /home/ishara/fyp/Human_Preffered_Velocity_Prediction/install/smrr_interfaces/include/smrr_interfaces/smrr_interfaces/msg/detail/data_element_string__traits.hpp
[10.101s] -- Up-to-date symlink: /home/ishara/fyp/Human_Preffered_Velocity_Prediction/install/smrr_interfaces/include/smrr_interfaces/smrr_interfaces/msg/detail/entities__builder.hpp
[10.101s] -- Up-to-date symlink: /home/ishara/fyp/Human_Preffered_Velocity_Prediction/install/smrr_interfaces/include/smrr_interfaces/smrr_interfaces/msg/detail/entities__struct.hpp
[10.102s] -- Up-to-date symlink: /home/ishara/fyp/Human_Preffered_Velocity_Prediction/install/smrr_interfaces/include/smrr_interfaces/smrr_interfaces/msg/detail/entities__traits.hpp
[10.102s] -- Up-to-date symlink: /home/ishara/fyp/Human_Preffered_Velocity_Prediction/install/smrr_interfaces/include/smrr_interfaces/smrr_interfaces/msg/detail/pref_velocity__builder.hpp
[10.102s] -- Up-to-date symlink: /home/ishara/fyp/Human_Preffered_Velocity_Prediction/install/smrr_interfaces/include/smrr_interfaces/smrr_interfaces/msg/detail/pref_velocity__struct.hpp
[10.102s] -- Up-to-date symlink: /home/ishara/fyp/Human_Preffered_Velocity_Prediction/install/smrr_interfaces/include/smrr_interfaces/smrr_interfaces/msg/detail/pref_velocity__traits.hpp
[10.103s] -- Up-to-date symlink: /home/ishara/fyp/Human_Preffered_Velocity_Prediction/install/smrr_interfaces/include/smrr_interfaces/smrr_interfaces/msg/detail/velocity_class_data__builder.hpp
[10.103s] -- Up-to-date symlink: /home/ishara/fyp/Human_Preffered_Velocity_Prediction/install/smrr_interfaces/include/smrr_interfaces/smrr_interfaces/msg/detail/velocity_class_data__struct.hpp
[10.103s] -- Up-to-date symlink: /home/ishara/fyp/Human_Preffered_Velocity_Prediction/install/smrr_interfaces/include/smrr_interfaces/smrr_interfaces/msg/detail/velocity_class_data__traits.hpp
[10.103s] -- Up-to-date symlink: /home/ishara/fyp/Human_Preffered_Velocity_Prediction/install/smrr_interfaces/include/smrr_interfaces/smrr_interfaces/msg/entities.hpp
[10.103s] -- Up-to-date symlink: /home/ishara/fyp/Human_Preffered_Velocity_Prediction/install/smrr_interfaces/include/smrr_interfaces/smrr_interfaces/msg/pref_velocity.hpp
[10.104s] -- Up-to-date symlink: /home/ishara/fyp/Human_Preffered_Velocity_Prediction/install/smrr_interfaces/include/smrr_interfaces/smrr_interfaces/msg/velocity_class_data.hpp
[10.104s] -- Up-to-date symlink: /home/ishara/fyp/Human_Preffered_Velocity_Prediction/install/smrr_interfaces/include/smrr_interfaces/smrr_interfaces/msg/detail/buffer__rosidl_typesupport_fastrtps_cpp.hpp
[10.104s] -- Symlinking: /home/ishara/fyp/Human_Preffered_Velocity_Prediction/install/smrr_interfaces/include/smrr_interfaces/smrr_interfaces/msg/detail/data_element_float__rosidl_typesupport_fastrtps_cpp.hpp
[10.112s] -- Symlinking: /home/ishara/fyp/Human_Preffered_Velocity_Prediction/install/smrr_interfaces/include/smrr_interfaces/smrr_interfaces/msg/detail/data_element_int__rosidl_typesupport_fastrtps_cpp.hpp
[10.119s] -- Symlinking: /home/ishara/fyp/Human_Preffered_Velocity_Prediction/install/smrr_interfaces/include/smrr_interfaces/smrr_interfaces/msg/detail/data_element_string__rosidl_typesupport_fastrtps_cpp.hpp
[10.127s] -- Up-to-date symlink: /home/ishara/fyp/Human_Preffered_Velocity_Prediction/install/smrr_interfaces/include/smrr_interfaces/smrr_interfaces/msg/detail/entities__rosidl_typesupport_fastrtps_cpp.hpp
[10.128s] -- Up-to-date symlink: /home/ishara/fyp/Human_Preffered_Velocity_Prediction/install/smrr_interfaces/include/smrr_interfaces/smrr_interfaces/msg/detail/pref_velocity__rosidl_typesupport_fastrtps_cpp.hpp
[10.128s] -- Up-to-date symlink: /home/ishara/fyp/Human_Preffered_Velocity_Prediction/install/smrr_interfaces/include/smrr_interfaces/smrr_interfaces/msg/detail/velocity_class_data__rosidl_typesupport_fastrtps_cpp.hpp
[10.128s] -- Up-to-date symlink: /home/ishara/fyp/Human_Preffered_Velocity_Prediction/install/smrr_interfaces/include/smrr_interfaces/smrr_interfaces/msg/rosidl_typesupport_fastrtps_cpp__visibility_control.h
[10.128s] -- Up-to-date symlink: /home/ishara/fyp/Human_Preffered_Velocity_Prediction/install/smrr_interfaces/include/smrr_interfaces/smrr_interfaces/msg/detail/buffer__rosidl_typesupport_introspection_c.h
[10.129s] -- Symlinking: /home/ishara/fyp/Human_Preffered_Velocity_Prediction/install/smrr_interfaces/include/smrr_interfaces/smrr_interfaces/msg/detail/data_element_float__rosidl_typesupport_introspection_c.h
[10.136s] -- Symlinking: /home/ishara/fyp/Human_Preffered_Velocity_Prediction/install/smrr_interfaces/include/smrr_interfaces/smrr_interfaces/msg/detail/data_element_int__rosidl_typesupport_introspection_c.h
[10.143s] -- Symlinking: /home/ishara/fyp/Human_Preffered_Velocity_Prediction/install/smrr_interfaces/include/smrr_interfaces/smrr_interfaces/msg/detail/data_element_string__rosidl_typesupport_introspection_c.h
[10.151s] -- Up-to-date symlink: /home/ishara/fyp/Human_Preffered_Velocity_Prediction/install/smrr_interfaces/include/smrr_interfaces/smrr_interfaces/msg/detail/entities__rosidl_typesupport_introspection_c.h
[10.152s] -- Up-to-date symlink: /home/ishara/fyp/Human_Preffered_Velocity_Prediction/install/smrr_interfaces/include/smrr_interfaces/smrr_interfaces/msg/detail/pref_velocity__rosidl_typesupport_introspection_c.h
[10.152s] -- Up-to-date symlink: /home/ishara/fyp/Human_Preffered_Velocity_Prediction/install/smrr_interfaces/include/smrr_interfaces/smrr_interfaces/msg/detail/velocity_class_data__rosidl_typesupport_introspection_c.h
[10.152s] -- Up-to-date symlink: /home/ishara/fyp/Human_Preffered_Velocity_Prediction/install/smrr_interfaces/include/smrr_interfaces/smrr_interfaces/msg/rosidl_typesupport_introspection_c__visibility_control.h
[10.153s] -- Up-to-date symlink: /home/ishara/fyp/Human_Preffered_Velocity_Prediction/install/smrr_interfaces/include/smrr_interfaces/smrr_interfaces/msg/detail/buffer__rosidl_typesupport_introspection_cpp.hpp
[10.153s] -- Symlinking: /home/ishara/fyp/Human_Preffered_Velocity_Prediction/install/smrr_interfaces/include/smrr_interfaces/smrr_interfaces/msg/detail/data_element_float__rosidl_typesupport_introspection_cpp.hpp
[10.167s] -- Symlinking: /home/ishara/fyp/Human_Preffered_Velocity_Prediction/install/smrr_interfaces/include/smrr_interfaces/smrr_interfaces/msg/detail/data_element_int__rosidl_typesupport_introspection_cpp.hpp
[10.176s] -- Symlinking: /home/ishara/fyp/Human_Preffered_Velocity_Prediction/install/smrr_interfaces/include/smrr_interfaces/smrr_interfaces/msg/detail/data_element_string__rosidl_typesupport_introspection_cpp.hpp
[10.183s] -- Up-to-date symlink: /home/ishara/fyp/Human_Preffered_Velocity_Prediction/install/smrr_interfaces/include/smrr_interfaces/smrr_interfaces/msg/detail/entities__rosidl_typesupport_introspection_cpp.hpp
[10.184s] -- Up-to-date symlink: /home/ishara/fyp/Human_Preffered_Velocity_Prediction/install/smrr_interfaces/include/smrr_interfaces/smrr_interfaces/msg/detail/pref_velocity__rosidl_typesupport_introspection_cpp.hpp
[10.200s] -- Up-to-date symlink: /home/ishara/fyp/Human_Preffered_Velocity_Prediction/install/smrr_interfaces/include/smrr_interfaces/smrr_interfaces/msg/detail/velocity_class_data__rosidl_typesupport_introspection_cpp.hpp
[10.200s] -- Up-to-date symlink: /home/ishara/fyp/Human_Preffered_Velocity_Prediction/install/smrr_interfaces/share/smrr_interfaces/environment/pythonpath.sh
[10.201s] -- Up-to-date symlink: /home/ishara/fyp/Human_Preffered_Velocity_Prediction/install/smrr_interfaces/share/smrr_interfaces/environment/pythonpath.dsv
[10.202s] -- Up-to-date symlink: /home/ishara/fyp/Human_Preffered_Velocity_Prediction/install/smrr_interfaces/local/lib/python3.10/dist-packages/smrr_interfaces-0.0.0-py3.10.egg-info/PKG-INFO
[10.202s] -- Up-to-date symlink: /home/ishara/fyp/Human_Preffered_Velocity_Prediction/install/smrr_interfaces/local/lib/python3.10/dist-packages/smrr_interfaces-0.0.0-py3.10.egg-info/SOURCES.txt
[10.202s] -- Up-to-date symlink: /home/ishara/fyp/Human_Preffered_Velocity_Prediction/install/smrr_interfaces/local/lib/python3.10/dist-packages/smrr_interfaces-0.0.0-py3.10.egg-info/dependency_links.txt
[10.202s] -- Up-to-date symlink: /home/ishara/fyp/Human_Preffered_Velocity_Prediction/install/smrr_interfaces/local/lib/python3.10/dist-packages/smrr_interfaces-0.0.0-py3.10.egg-info/top_level.txt
[10.204s] -- Up-to-date symlink: /home/ishara/fyp/Human_Preffered_Velocity_Prediction/install/smrr_interfaces/local/lib/python3.10/dist-packages/smrr_interfaces/__init__.py
[10.204s] -- Up-to-date symlink: /home/ishara/fyp/Human_Preffered_Velocity_Prediction/install/smrr_interfaces/local/lib/python3.10/dist-packages/smrr_interfaces/_smrr_interfaces_s.ep.rosidl_typesupport_c.c
[10.204s] -- Up-to-date symlink: /home/ishara/fyp/Human_Preffered_Velocity_Prediction/install/smrr_interfaces/local/lib/python3.10/dist-packages/smrr_interfaces/_smrr_interfaces_s.ep.rosidl_typesupport_fastrtps_c.c
[10.205s] -- Up-to-date symlink: /home/ishara/fyp/Human_Preffered_Velocity_Prediction/install/smrr_interfaces/local/lib/python3.10/dist-packages/smrr_interfaces/_smrr_interfaces_s.ep.rosidl_typesupport_introspection_c.c
[10.205s] -- Up-to-date symlink: /home/ishara/fyp/Human_Preffered_Velocity_Prediction/install/smrr_interfaces/local/lib/python3.10/dist-packages/smrr_interfaces/libsmrr_interfaces__rosidl_generator_py.so
[10.205s] -- Up-to-date symlink: /home/ishara/fyp/Human_Preffered_Velocity_Prediction/install/smrr_interfaces/local/lib/python3.10/dist-packages/smrr_interfaces/msg/__init__.py
[10.205s] -- Up-to-date symlink: /home/ishara/fyp/Human_Preffered_Velocity_Prediction/install/smrr_interfaces/local/lib/python3.10/dist-packages/smrr_interfaces/msg/_buffer.py
[10.205s] -- Up-to-date symlink: /home/ishara/fyp/Human_Preffered_Velocity_Prediction/install/smrr_interfaces/local/lib/python3.10/dist-packages/smrr_interfaces/msg/_buffer_s.c
[10.205s] -- Symlinking: /home/ishara/fyp/Human_Preffered_Velocity_Prediction/install/smrr_interfaces/local/lib/python3.10/dist-packages/smrr_interfaces/msg/_data_element_float.py
[10.221s] -- Symlinking: /home/ishara/fyp/Human_Preffered_Velocity_Prediction/install/smrr_interfaces/local/lib/python3.10/dist-packages/smrr_interfaces/msg/_data_element_float_s.c
[10.228s] -- Symlinking: /home/ishara/fyp/Human_Preffered_Velocity_Prediction/install/smrr_interfaces/local/lib/python3.10/dist-packages/smrr_interfaces/msg/_data_element_int.py
[10.236s] -- Symlinking: /home/ishara/fyp/Human_Preffered_Velocity_Prediction/install/smrr_interfaces/local/lib/python3.10/dist-packages/smrr_interfaces/msg/_data_element_int_s.c
[10.244s] -- Symlinking: /home/ishara/fyp/Human_Preffered_Velocity_Prediction/install/smrr_interfaces/local/lib/python3.10/dist-packages/smrr_interfaces/msg/_data_element_string.py
[10.251s] -- Symlinking: /home/ishara/fyp/Human_Preffered_Velocity_Prediction/install/smrr_interfaces/local/lib/python3.10/dist-packages/smrr_interfaces/msg/_data_element_string_s.c
[10.260s] -- Up-to-date symlink: /home/ishara/fyp/Human_Preffered_Velocity_Prediction/install/smrr_interfaces/local/lib/python3.10/dist-packages/smrr_interfaces/msg/_entities.py
[10.260s] -- Up-to-date symlink: /home/ishara/fyp/Human_Preffered_Velocity_Prediction/install/smrr_interfaces/local/lib/python3.10/dist-packages/smrr_interfaces/msg/_entities_s.c
[10.260s] -- Up-to-date symlink: /home/ishara/fyp/Human_Preffered_Velocity_Prediction/install/smrr_interfaces/local/lib/python3.10/dist-packages/smrr_interfaces/msg/_pref_velocity.py
[10.261s] -- Up-to-date symlink: /home/ishara/fyp/Human_Preffered_Velocity_Prediction/install/smrr_interfaces/local/lib/python3.10/dist-packages/smrr_interfaces/msg/_pref_velocity_s.c
[10.261s] -- Up-to-date symlink: /home/ishara/fyp/Human_Preffered_Velocity_Prediction/install/smrr_interfaces/local/lib/python3.10/dist-packages/smrr_interfaces/msg/_velocity_class_data.py
[10.261s] -- Up-to-date symlink: /home/ishara/fyp/Human_Preffered_Velocity_Prediction/install/smrr_interfaces/local/lib/python3.10/dist-packages/smrr_interfaces/msg/_velocity_class_data_s.c
[10.261s] -- Up-to-date symlink: /home/ishara/fyp/Human_Preffered_Velocity_Prediction/install/smrr_interfaces/local/lib/python3.10/dist-packages/smrr_interfaces/smrr_interfaces_s__rosidl_typesupport_c.cpython-310-x86_64-linux-gnu.so
[10.261s] -- Up-to-date symlink: /home/ishara/fyp/Human_Preffered_Velocity_Prediction/install/smrr_interfaces/local/lib/python3.10/dist-packages/smrr_interfaces/smrr_interfaces_s__rosidl_typesupport_fastrtps_c.cpython-310-x86_64-linux-gnu.so
[10.262s] -- Up-to-date symlink: /home/ishara/fyp/Human_Preffered_Velocity_Prediction/install/smrr_interfaces/local/lib/python3.10/dist-packages/smrr_interfaces/smrr_interfaces_s__rosidl_typesupport_introspection_c.cpython-310-x86_64-linux-gnu.so
[10.262s] -- Up-to-date symlink: /home/ishara/fyp/Human_Preffered_Velocity_Prediction/install/smrr_interfaces/local/lib/python3.10/dist-packages/smrr_interfaces/smrr_interfaces_s__rosidl_typesupport_fastrtps_c.cpython-310-x86_64-linux-gnu.so
[10.263s] -- Up-to-date symlink: /home/ishara/fyp/Human_Preffered_Velocity_Prediction/install/smrr_interfaces/local/lib/python3.10/dist-packages/smrr_interfaces/smrr_interfaces_s__rosidl_typesupport_introspection_c.cpython-310-x86_64-linux-gnu.so
[10.264s] -- Up-to-date symlink: /home/ishara/fyp/Human_Preffered_Velocity_Prediction/install/smrr_interfaces/local/lib/python3.10/dist-packages/smrr_interfaces/smrr_interfaces_s__rosidl_typesupport_c.cpython-310-x86_64-linux-gnu.so
[10.264s] -- Up-to-date symlink: /home/ishara/fyp/Human_Preffered_Velocity_Prediction/install/smrr_interfaces/share/smrr_interfaces/msg/Entities.idl
[10.265s] -- Up-to-date symlink: /home/ishara/fyp/Human_Preffered_Velocity_Prediction/install/smrr_interfaces/share/smrr_interfaces/msg/VelocityClassData.idl
[10.265s] -- Up-to-date symlink: /home/ishara/fyp/Human_Preffered_Velocity_Prediction/install/smrr_interfaces/share/smrr_interfaces/msg/Buffer.idl
[10.265s] -- Up-to-date symlink: /home/ishara/fyp/Human_Preffered_Velocity_Prediction/install/smrr_interfaces/share/smrr_interfaces/msg/PrefVelocity.idl
[10.265s] -- Symlinking: /home/ishara/fyp/Human_Preffered_Velocity_Prediction/install/smrr_interfaces/share/smrr_interfaces/msg/DataElementFloat.idl
[10.274s] -- Symlinking: /home/ishara/fyp/Human_Preffered_Velocity_Prediction/install/smrr_interfaces/share/smrr_interfaces/msg/DataElementString.idl
[10.287s] -- Symlinking: /home/ishara/fyp/Human_Preffered_Velocity_Prediction/install/smrr_interfaces/share/smrr_interfaces/msg/DataElementInt.idl
[10.302s] -- Up-to-date symlink: /home/ishara/fyp/Human_Preffered_Velocity_Prediction/install/smrr_interfaces/share/smrr_interfaces/msg/Entities.msg
[10.303s] -- Up-to-date symlink: /home/ishara/fyp/Human_Preffered_Velocity_Prediction/install/smrr_interfaces/share/smrr_interfaces/msg/VelocityClassData.msg
[10.303s] -- Up-to-date symlink: /home/ishara/fyp/Human_Preffered_Velocity_Prediction/install/smrr_interfaces/share/smrr_interfaces/msg/Buffer.msg
[10.303s] -- Up-to-date symlink: /home/ishara/fyp/Human_Preffered_Velocity_Prediction/install/smrr_interfaces/share/smrr_interfaces/msg/PrefVelocity.msg
[10.303s] -- Symlinking: /home/ishara/fyp/Human_Preffered_Velocity_Prediction/install/smrr_interfaces/share/smrr_interfaces/msg/DataElementFloat.msg
[10.311s] -- Symlinking: /home/ishara/fyp/Human_Preffered_Velocity_Prediction/install/smrr_interfaces/share/smrr_interfaces/msg/DataElementString.msg
[10.319s] -- Symlinking: /home/ishara/fyp/Human_Preffered_Velocity_Prediction/install/smrr_interfaces/share/smrr_interfaces/msg/DataElementInt.msg
[10.327s] -- Up-to-date symlink: /home/ishara/fyp/Human_Preffered_Velocity_Prediction/install/smrr_interfaces/share/ament_index/resource_index/package_run_dependencies/smrr_interfaces
[10.327s] -- Up-to-date symlink: /home/ishara/fyp/Human_Preffered_Velocity_Prediction/install/smrr_interfaces/share/ament_index/resource_index/parent_prefix_path/smrr_interfaces
[10.328s] -- Up-to-date symlink: /home/ishara/fyp/Human_Preffered_Velocity_Prediction/install/smrr_interfaces/share/smrr_interfaces/environment/ament_prefix_path.sh
[10.328s] -- Up-to-date symlink: /home/ishara/fyp/Human_Preffered_Velocity_Prediction/install/smrr_interfaces/share/smrr_interfaces/environment/ament_prefix_path.dsv
[10.329s] -- Up-to-date symlink: /home/ishara/fyp/Human_Preffered_Velocity_Prediction/install/smrr_interfaces/share/smrr_interfaces/environment/path.sh
[10.329s] -- Up-to-date symlink: /home/ishara/fyp/Human_Preffered_Velocity_Prediction/install/smrr_interfaces/share/smrr_interfaces/environment/path.dsv
[10.330s] -- Up-to-date symlink: /home/ishara/fyp/Human_Preffered_Velocity_Prediction/install/smrr_interfaces/share/smrr_interfaces/local_setup.bash
[10.344s] -- Up-to-date symlink: /home/ishara/fyp/Human_Preffered_Velocity_Prediction/install/smrr_interfaces/share/smrr_interfaces/local_setup.sh
[10.344s] -- Up-to-date symlink: /home/ishara/fyp/Human_Preffered_Velocity_Prediction/install/smrr_interfaces/share/smrr_interfaces/local_setup.zsh
[10.345s] -- Up-to-date symlink: /home/ishara/fyp/Human_Preffered_Velocity_Prediction/install/smrr_interfaces/share/smrr_interfaces/local_setup.dsv
[10.345s] -- Symlinking: /home/ishara/fyp/Human_Preffered_Velocity_Prediction/install/smrr_interfaces/share/smrr_interfaces/package.dsv
[10.395s] -- Up-to-date symlink: /home/ishara/fyp/Human_Preffered_Velocity_Prediction/install/smrr_interfaces/share/ament_index/resource_index/packages/smrr_interfaces
[10.395s] -- Up-to-date symlink: /home/ishara/fyp/Human_Preffered_Velocity_Prediction/install/smrr_interfaces/share/smrr_interfaces/cmake/rosidl_cmake-extras.cmake
[10.396s] -- Up-to-date symlink: /home/ishara/fyp/Human_Preffered_Velocity_Prediction/install/smrr_interfaces/share/smrr_interfaces/cmake/ament_cmake_export_dependencies-extras.cmake
[10.397s] -- Up-to-date symlink: /home/ishara/fyp/Human_Preffered_Velocity_Prediction/install/smrr_interfaces/share/smrr_interfaces/cmake/ament_cmake_export_include_directories-extras.cmake
[10.398s] -- Up-to-date symlink: /home/ishara/fyp/Human_Preffered_Velocity_Prediction/install/smrr_interfaces/share/smrr_interfaces/cmake/ament_cmake_export_libraries-extras.cmake
[10.398s] -- Up-to-date symlink: /home/ishara/fyp/Human_Preffered_Velocity_Prediction/install/smrr_interfaces/share/smrr_interfaces/cmake/ament_cmake_export_targets-extras.cmake
[10.399s] -- Up-to-date symlink: /home/ishara/fyp/Human_Preffered_Velocity_Prediction/install/smrr_interfaces/share/smrr_interfaces/cmake/rosidl_cmake_export_typesupport_targets-extras.cmake
[10.399s] -- Up-to-date symlink: /home/ishara/fyp/Human_Preffered_Velocity_Prediction/install/smrr_interfaces/share/smrr_interfaces/cmake/rosidl_cmake_export_typesupport_libraries-extras.cmake
[10.400s] -- Up-to-date symlink: /home/ishara/fyp/Human_Preffered_Velocity_Prediction/install/smrr_interfaces/share/smrr_interfaces/cmake/smrr_interfacesConfig.cmake
[10.400s] -- Up-to-date symlink: /home/ishara/fyp/Human_Preffered_Velocity_Prediction/install/smrr_interfaces/share/smrr_interfaces/cmake/smrr_interfacesConfig-version.cmake
[10.401s] -- Up-to-date symlink: /home/ishara/fyp/Human_Preffered_Velocity_Prediction/install/smrr_interfaces/share/smrr_interfaces/package.xml
[10.426s] -- Installing: /home/ishara/fyp/Human_Preffered_Velocity_Prediction/install/smrr_interfaces/lib/libsmrr_interfaces__rosidl_generator_c.so
[10.427s] -- Set runtime path of "/home/ishara/fyp/Human_Preffered_Velocity_Prediction/install/smrr_interfaces/lib/libsmrr_interfaces__rosidl_generator_c.so" to ""
[10.427s] -- Installing: /home/ishara/fyp/Human_Preffered_Velocity_Prediction/install/smrr_interfaces/lib/libsmrr_interfaces__rosidl_typesupport_fastrtps_c.so
[10.428s] -- Set runtime path of "/home/ishara/fyp/Human_Preffered_Velocity_Prediction/install/smrr_interfaces/lib/libsmrr_interfaces__rosidl_typesupport_fastrtps_c.so" to ""
[10.438s] -- Installing: /home/ishara/fyp/Human_Preffered_Velocity_Prediction/install/smrr_interfaces/lib/libsmrr_interfaces__rosidl_typesupport_fastrtps_cpp.so
[10.438s] -- Set runtime path of "/home/ishara/fyp/Human_Preffered_Velocity_Prediction/install/smrr_interfaces/lib/libsmrr_interfaces__rosidl_typesupport_fastrtps_cpp.so" to ""
[10.450s] -- Installing: /home/ishara/fyp/Human_Preffered_Velocity_Prediction/install/smrr_interfaces/lib/libsmrr_interfaces__rosidl_typesupport_introspection_c.so
[10.451s] -- Set runtime path of "/home/ishara/fyp/Human_Preffered_Velocity_Prediction/install/smrr_interfaces/lib/libsmrr_interfaces__rosidl_typesupport_introspection_c.so" to ""
[10.452s] -- Installing: /home/ishara/fyp/Human_Preffered_Velocity_Prediction/install/smrr_interfaces/lib/libsmrr_interfaces__rosidl_typesupport_c.so
[10.452s] -- Set runtime path of "/home/ishara/fyp/Human_Preffered_Velocity_Prediction/install/smrr_interfaces/lib/libsmrr_interfaces__rosidl_typesupport_c.so" to ""
[10.478s] -- Installing: /home/ishara/fyp/Human_Preffered_Velocity_Prediction/install/smrr_interfaces/lib/libsmrr_interfaces__rosidl_typesupport_introspection_cpp.so
[10.479s] -- Set runtime path of "/home/ishara/fyp/Human_Preffered_Velocity_Prediction/install/smrr_interfaces/lib/libsmrr_interfaces__rosidl_typesupport_introspection_cpp.so" to ""
[10.480s] -- Installing: /home/ishara/fyp/Human_Preffered_Velocity_Prediction/install/smrr_interfaces/lib/libsmrr_interfaces__rosidl_typesupport_cpp.so
[10.480s] -- Set runtime path of "/home/ishara/fyp/Human_Preffered_Velocity_Prediction/install/smrr_interfaces/lib/libsmrr_interfaces__rosidl_typesupport_cpp.so" to ""
[10.574s] Listing '/home/ishara/fyp/Human_Preffered_Velocity_Prediction/install/smrr_interfaces/local/lib/python3.10/dist-packages/smrr_interfaces'...
[10.574s] Compiling '/home/ishara/fyp/Human_Preffered_Velocity_Prediction/install/smrr_interfaces/local/lib/python3.10/dist-packages/smrr_interfaces/__init__.py'...
[10.574s] Listing '/home/ishara/fyp/Human_Preffered_Velocity_Prediction/install/smrr_interfaces/local/lib/python3.10/dist-packages/smrr_interfaces/msg'...
[10.574s] Compiling '/home/ishara/fyp/Human_Preffered_Velocity_Prediction/install/smrr_interfaces/local/lib/python3.10/dist-packages/smrr_interfaces/msg/__init__.py'...
[10.575s] Compiling '/home/ishara/fyp/Human_Preffered_Velocity_Prediction/install/smrr_interfaces/local/lib/python3.10/dist-packages/smrr_interfaces/msg/_buffer.py'...
[10.575s] Compiling '/home/ishara/fyp/Human_Preffered_Velocity_Prediction/install/smrr_interfaces/local/lib/python3.10/dist-packages/smrr_interfaces/msg/_data_element_float.py'...
[10.575s] Compiling '/home/ishara/fyp/Human_Preffered_Velocity_Prediction/install/smrr_interfaces/local/lib/python3.10/dist-packages/smrr_interfaces/msg/_data_element_int.py'...
[10.575s] Compiling '/home/ishara/fyp/Human_Preffered_Velocity_Prediction/install/smrr_interfaces/local/lib/python3.10/dist-packages/smrr_interfaces/msg/_data_element_string.py'...
[10.575s] Compiling '/home/ishara/fyp/Human_Preffered_Velocity_Prediction/install/smrr_interfaces/local/lib/python3.10/dist-packages/smrr_interfaces/msg/_entities.py'...
[10.575s] Compiling '/home/ishara/fyp/Human_Preffered_Velocity_Prediction/install/smrr_interfaces/local/lib/python3.10/dist-packages/smrr_interfaces/msg/_pref_velocity.py'...
[10.575s] Compiling '/home/ishara/fyp/Human_Preffered_Velocity_Prediction/install/smrr_interfaces/local/lib/python3.10/dist-packages/smrr_interfaces/msg/_velocity_class_data.py'...
[10.590s] -- Installing: /home/ishara/fyp/Human_Preffered_Velocity_Prediction/install/smrr_interfaces/lib/libsmrr_interfaces__rosidl_generator_py.so
[10.590s] -- Set runtime path of "/home/ishara/fyp/Human_Preffered_Velocity_Prediction/install/smrr_interfaces/lib/libsmrr_interfaces__rosidl_generator_py.so" to ""
[10.616s] -- Up-to-date: /home/ishara/fyp/Human_Preffered_Velocity_Prediction/install/smrr_interfaces/share/smrr_interfaces/cmake/export_smrr_interfaces__rosidl_generator_cExport.cmake
[10.616s] -- Up-to-date: /home/ishara/fyp/Human_Preffered_Velocity_Prediction/install/smrr_interfaces/share/smrr_interfaces/cmake/export_smrr_interfaces__rosidl_generator_cExport-noconfig.cmake
[10.616s] -- Up-to-date: /home/ishara/fyp/Human_Preffered_Velocity_Prediction/install/smrr_interfaces/share/smrr_interfaces/cmake/export_smrr_interfaces__rosidl_typesupport_fastrtps_cExport.cmake
[10.617s] -- Up-to-date: /home/ishara/fyp/Human_Preffered_Velocity_Prediction/install/smrr_interfaces/share/smrr_interfaces/cmake/export_smrr_interfaces__rosidl_typesupport_fastrtps_cExport-noconfig.cmake
[10.617s] -- Up-to-date: /home/ishara/fyp/Human_Preffered_Velocity_Prediction/install/smrr_interfaces/share/smrr_interfaces/cmake/export_smrr_interfaces__rosidl_generator_cppExport.cmake
[10.617s] -- Up-to-date: /home/ishara/fyp/Human_Preffered_Velocity_Prediction/install/smrr_interfaces/share/smrr_interfaces/cmake/export_smrr_interfaces__rosidl_typesupport_fastrtps_cppExport.cmake
[10.617s] -- Up-to-date: /home/ishara/fyp/Human_Preffered_Velocity_Prediction/install/smrr_interfaces/share/smrr_interfaces/cmake/export_smrr_interfaces__rosidl_typesupport_fastrtps_cppExport-noconfig.cmake
[10.618s] -- Up-to-date: /home/ishara/fyp/Human_Preffered_Velocity_Prediction/install/smrr_interfaces/share/smrr_interfaces/cmake/smrr_interfaces__rosidl_typesupport_introspection_cExport.cmake
[10.618s] -- Up-to-date: /home/ishara/fyp/Human_Preffered_Velocity_Prediction/install/smrr_interfaces/share/smrr_interfaces/cmake/smrr_interfaces__rosidl_typesupport_introspection_cExport-noconfig.cmake
[10.618s] -- Up-to-date: /home/ishara/fyp/Human_Preffered_Velocity_Prediction/install/smrr_interfaces/share/smrr_interfaces/cmake/smrr_interfaces__rosidl_typesupport_cExport.cmake
[10.618s] -- Up-to-date: /home/ishara/fyp/Human_Preffered_Velocity_Prediction/install/smrr_interfaces/share/smrr_interfaces/cmake/smrr_interfaces__rosidl_typesupport_cExport-noconfig.cmake
[10.618s] -- Up-to-date: /home/ishara/fyp/Human_Preffered_Velocity_Prediction/install/smrr_interfaces/share/smrr_interfaces/cmake/smrr_interfaces__rosidl_typesupport_introspection_cppExport.cmake
[10.619s] -- Up-to-date: /home/ishara/fyp/Human_Preffered_Velocity_Prediction/install/smrr_interfaces/share/smrr_interfaces/cmake/smrr_interfaces__rosidl_typesupport_introspection_cppExport-noconfig.cmake
[10.619s] -- Up-to-date: /home/ishara/fyp/Human_Preffered_Velocity_Prediction/install/smrr_interfaces/share/smrr_interfaces/cmake/smrr_interfaces__rosidl_typesupport_cppExport.cmake
[10.619s] -- Up-to-date: /home/ishara/fyp/Human_Preffered_Velocity_Prediction/install/smrr_interfaces/share/smrr_interfaces/cmake/smrr_interfaces__rosidl_typesupport_cppExport-noconfig.cmake
[10.619s] -- Up-to-date: /home/ishara/fyp/Human_Preffered_Velocity_Prediction/install/smrr_interfaces/share/smrr_interfaces/cmake/export_smrr_interfaces__rosidl_generator_pyExport.cmake
[10.619s] -- Up-to-date: /home/ishara/fyp/Human_Preffered_Velocity_Prediction/install/smrr_interfaces/share/smrr_interfaces/cmake/export_smrr_interfaces__rosidl_generator_pyExport-noconfig.cmake
[10.622s] Invoked command in '/home/ishara/fyp/Human_Preffered_Velocity_Prediction/build/smrr_interfaces' returned '0': CMAKE_PREFIX_PATH=${CMAKE_PREFIX_PATH}:/home/ishara/fyp/Human_Preffered_Velocity_Prediction/install/preffered_velocity_prediction:/home/ishara/fyp/Human_Preffered_Velocity_Prediction/install/human_data_buffer:/home/ishara/ros2_ws/install/my_robot_controller:/opt/ros/humble /usr/bin/cmake --install /home/ishara/fyp/Human_Preffered_Velocity_Prediction/build/smrr_interfaces
