[0.219s] DEBUG:colcon:Command line arguments: ['/usr/bin/colcon', 'list', '-p', '--base-paths', '/home/ishara/fyp/Human_Preffered_Velocity_Prediction']
[0.219s] DEBUG:colcon:Parsed command line arguments: Namespace(log_base=None, log_level=None, verb_name='list', build_base='build', ignore_user_meta=False, metas=['./colcon.meta'], base_paths=['/home/ishara/fyp/Human_Preffered_Velocity_Prediction'], packages_ignore=None, packages_ignore_regex=None, paths=None, packages_up_to=None, packages_up_to_regex=None, packages_above=None, packages_above_and_dependencies=None, packages_above_depth=None, packages_select_by_dep=None, packages_skip_by_dep=None, packages_skip_up_to=None, packages_select_build_failed=False, packages_skip_build_finished=False, packages_select_test_failures=False, packages_skip_test_passed=False, packages_select=None, packages_skip=None, packages_select_regex=None, packages_skip_regex=None, packages_start=None, packages_end=None, allow_overriding=[], topological_order=False, names_only=False, paths_only=True, topological_graph=False, topological_graph_dot=False, topological_graph_density=False, topological_graph_legend=False, topological_graph_dot_cluster=False, topological_graph_dot_include_skipped=False, mixin_files=None, mixin=None, verb_parser=<colcon_mixin.mixin.mixin_argument.MixinArgumentDecorator object at 0x70318f55d630>, verb_extension=<colcon_package_information.verb.list.ListVerb object at 0x70318f55c310>, main=<bound method ListVerb.main of <colcon_package_information.verb.list.ListVerb object at 0x70318f55c310>>, mixin_verb=('list',))
[0.562s] Level 1:colcon.colcon_core.package_discovery:discover_packages(colcon_meta) check parameters
[0.562s] Level 1:colcon.colcon_core.package_discovery:discover_packages(recursive) check parameters
[0.562s] Level 1:colcon.colcon_core.package_discovery:discover_packages(ignore) check parameters
[0.562s] Level 1:colcon.colcon_core.package_discovery:discover_packages(path) check parameters
[0.562s] Level 1:colcon.colcon_core.package_discovery:discover_packages(recursive) discover
[0.562s] INFO:colcon.colcon_core.package_discovery:Crawling recursively for packages in '/home/ishara/fyp/Human_Preffered_Velocity_Prediction'
[0.562s] Level 1:colcon.colcon_core.package_identification:_identify(/home/ishara/fyp/Human_Preffered_Velocity_Prediction) by extensions ['ignore', 'ignore_ament_install']
[0.562s] Level 1:colcon.colcon_core.package_identification:_identify(/home/ishara/fyp/Human_Preffered_Velocity_Prediction) by extension 'ignore'
[0.562s] Level 1:colcon.colcon_core.package_identification:_identify(/home/ishara/fyp/Human_Preffered_Velocity_Prediction) by extension 'ignore_ament_install'
[0.562s] Level 1:colcon.colcon_core.package_identification:_identify(/home/ishara/fyp/Human_Preffered_Velocity_Prediction) by extensions ['colcon_pkg']
[0.562s] Level 1:colcon.colcon_core.package_identification:_identify(/home/ishara/fyp/Human_Preffered_Velocity_Prediction) by extension 'colcon_pkg'
[0.563s] Level 1:colcon.colcon_core.package_identification:_identify(/home/ishara/fyp/Human_Preffered_Velocity_Prediction) by extensions ['colcon_meta']
[0.563s] Level 1:colcon.colcon_core.package_identification:_identify(/home/ishara/fyp/Human_Preffered_Velocity_Prediction) by extension 'colcon_meta'
[0.563s] Level 1:colcon.colcon_core.package_identification:_identify(/home/ishara/fyp/Human_Preffered_Velocity_Prediction) by extensions ['ros']
[0.563s] Level 1:colcon.colcon_core.package_identification:_identify(/home/ishara/fyp/Human_Preffered_Velocity_Prediction) by extension 'ros'
[0.581s] Level 1:colcon.colcon_core.package_identification:_identify(/home/ishara/fyp/Human_Preffered_Velocity_Prediction) by extensions ['cmake', 'python']
[0.581s] Level 1:colcon.colcon_core.package_identification:_identify(/home/ishara/fyp/Human_Preffered_Velocity_Prediction) by extension 'cmake'
[0.581s] Level 1:colcon.colcon_core.package_identification:_identify(/home/ishara/fyp/Human_Preffered_Velocity_Prediction) by extension 'python'
[0.581s] Level 1:colcon.colcon_core.package_identification:_identify(/home/ishara/fyp/Human_Preffered_Velocity_Prediction) by extensions ['python_setup_py']
[0.581s] Level 1:colcon.colcon_core.package_identification:_identify(/home/ishara/fyp/Human_Preffered_Velocity_Prediction) by extension 'python_setup_py'
[0.582s] Level 1:colcon.colcon_core.package_identification:_identify(/home/ishara/fyp/Human_Preffered_Velocity_Prediction/build) by extensions ['ignore', 'ignore_ament_install']
[0.582s] Level 1:colcon.colcon_core.package_identification:_identify(/home/ishara/fyp/Human_Preffered_Velocity_Prediction/build) by extension 'ignore'
[0.582s] Level 1:colcon.colcon_core.package_identification:_identify(/home/ishara/fyp/Human_Preffered_Velocity_Prediction/build) ignored
[0.582s] Level 1:colcon.colcon_core.package_identification:_identify(/home/ishara/fyp/Human_Preffered_Velocity_Prediction/install) by extensions ['ignore', 'ignore_ament_install']
[0.582s] Level 1:colcon.colcon_core.package_identification:_identify(/home/ishara/fyp/Human_Preffered_Velocity_Prediction/install) by extension 'ignore'
[0.582s] Level 1:colcon.colcon_core.package_identification:_identify(/home/ishara/fyp/Human_Preffered_Velocity_Prediction/install) ignored
[0.582s] Level 1:colcon.colcon_core.package_identification:_identify(/home/ishara/fyp/Human_Preffered_Velocity_Prediction/log) by extensions ['ignore', 'ignore_ament_install']
[0.583s] Level 1:colcon.colcon_core.package_identification:_identify(/home/ishara/fyp/Human_Preffered_Velocity_Prediction/log) by extension 'ignore'
[0.583s] Level 1:colcon.colcon_core.package_identification:_identify(/home/ishara/fyp/Human_Preffered_Velocity_Prediction/log) ignored
[0.583s] Level 1:colcon.colcon_core.package_identification:_identify(/home/ishara/fyp/Human_Preffered_Velocity_Prediction/src) by extensions ['ignore', 'ignore_ament_install']
[0.583s] Level 1:colcon.colcon_core.package_identification:_identify(/home/ishara/fyp/Human_Preffered_Velocity_Prediction/src) by extension 'ignore'
[0.583s] Level 1:colcon.colcon_core.package_identification:_identify(/home/ishara/fyp/Human_Preffered_Velocity_Prediction/src) by extension 'ignore_ament_install'
[0.583s] Level 1:colcon.colcon_core.package_identification:_identify(/home/ishara/fyp/Human_Preffered_Velocity_Prediction/src) by extensions ['colcon_pkg']
[0.583s] Level 1:colcon.colcon_core.package_identification:_identify(/home/ishara/fyp/Human_Preffered_Velocity_Prediction/src) by extension 'colcon_pkg'
[0.583s] Level 1:colcon.colcon_core.package_identification:_identify(/home/ishara/fyp/Human_Preffered_Velocity_Prediction/src) by extensions ['colcon_meta']
[0.583s] Level 1:colcon.colcon_core.package_identification:_identify(/home/ishara/fyp/Human_Preffered_Velocity_Prediction/src) by extension 'colcon_meta'
[0.584s] Level 1:colcon.colcon_core.package_identification:_identify(/home/ishara/fyp/Human_Preffered_Velocity_Prediction/src) by extensions ['ros']
[0.584s] Level 1:colcon.colcon_core.package_identification:_identify(/home/ishara/fyp/Human_Preffered_Velocity_Prediction/src) by extension 'ros'
[0.584s] Level 1:colcon.colcon_core.package_identification:_identify(/home/ishara/fyp/Human_Preffered_Velocity_Prediction/src) by extensions ['cmake', 'python']
[0.584s] Level 1:colcon.colcon_core.package_identification:_identify(/home/ishara/fyp/Human_Preffered_Velocity_Prediction/src) by extension 'cmake'
[0.584s] Level 1:colcon.colcon_core.package_identification:_identify(/home/ishara/fyp/Human_Preffered_Velocity_Prediction/src) by extension 'python'
[0.584s] Level 1:colcon.colcon_core.package_identification:_identify(/home/ishara/fyp/Human_Preffered_Velocity_Prediction/src) by extensions ['python_setup_py']
[0.584s] Level 1:colcon.colcon_core.package_identification:_identify(/home/ishara/fyp/Human_Preffered_Velocity_Prediction/src) by extension 'python_setup_py'
[0.584s] Level 1:colcon.colcon_core.package_identification:_identify(/home/ishara/fyp/Human_Preffered_Velocity_Prediction/src/goal_predictor) by extensions ['ignore', 'ignore_ament_install']
[0.584s] Level 1:colcon.colcon_core.package_identification:_identify(/home/ishara/fyp/Human_Preffered_Velocity_Prediction/src/goal_predictor) by extension 'ignore'
[0.584s] Level 1:colcon.colcon_core.package_identification:_identify(/home/ishara/fyp/Human_Preffered_Velocity_Prediction/src/goal_predictor) by extension 'ignore_ament_install'
[0.584s] Level 1:colcon.colcon_core.package_identification:_identify(/home/ishara/fyp/Human_Preffered_Velocity_Prediction/src/goal_predictor) by extensions ['colcon_pkg']
[0.584s] Level 1:colcon.colcon_core.package_identification:_identify(/home/ishara/fyp/Human_Preffered_Velocity_Prediction/src/goal_predictor) by extension 'colcon_pkg'
[0.584s] Level 1:colcon.colcon_core.package_identification:_identify(/home/ishara/fyp/Human_Preffered_Velocity_Prediction/src/goal_predictor) by extensions ['colcon_meta']
[0.585s] Level 1:colcon.colcon_core.package_identification:_identify(/home/ishara/fyp/Human_Preffered_Velocity_Prediction/src/goal_predictor) by extension 'colcon_meta'
[0.585s] Level 1:colcon.colcon_core.package_identification:_identify(/home/ishara/fyp/Human_Preffered_Velocity_Prediction/src/goal_predictor) by extensions ['ros']
[0.585s] Level 1:colcon.colcon_core.package_identification:_identify(/home/ishara/fyp/Human_Preffered_Velocity_Prediction/src/goal_predictor) by extension 'ros'
[0.590s] DEBUG:colcon.colcon_core.package_identification:Package '/home/ishara/fyp/Human_Preffered_Velocity_Prediction/src/goal_predictor' with type 'ros.ament_python' and name 'goal_predictor'
[0.591s] Level 1:colcon.colcon_core.package_identification:_identify(/home/ishara/fyp/Human_Preffered_Velocity_Prediction/src/human_data_buffer) by extensions ['ignore', 'ignore_ament_install']
[0.591s] Level 1:colcon.colcon_core.package_identification:_identify(/home/ishara/fyp/Human_Preffered_Velocity_Prediction/src/human_data_buffer) by extension 'ignore'
[0.591s] Level 1:colcon.colcon_core.package_identification:_identify(/home/ishara/fyp/Human_Preffered_Velocity_Prediction/src/human_data_buffer) by extension 'ignore_ament_install'
[0.591s] Level 1:colcon.colcon_core.package_identification:_identify(/home/ishara/fyp/Human_Preffered_Velocity_Prediction/src/human_data_buffer) by extensions ['colcon_pkg']
[0.591s] Level 1:colcon.colcon_core.package_identification:_identify(/home/ishara/fyp/Human_Preffered_Velocity_Prediction/src/human_data_buffer) by extension 'colcon_pkg'
[0.591s] Level 1:colcon.colcon_core.package_identification:_identify(/home/ishara/fyp/Human_Preffered_Velocity_Prediction/src/human_data_buffer) by extensions ['colcon_meta']
[0.591s] Level 1:colcon.colcon_core.package_identification:_identify(/home/ishara/fyp/Human_Preffered_Velocity_Prediction/src/human_data_buffer) by extension 'colcon_meta'
[0.592s] Level 1:colcon.colcon_core.package_identification:_identify(/home/ishara/fyp/Human_Preffered_Velocity_Prediction/src/human_data_buffer) by extensions ['ros']
[0.592s] Level 1:colcon.colcon_core.package_identification:_identify(/home/ishara/fyp/Human_Preffered_Velocity_Prediction/src/human_data_buffer) by extension 'ros'
[0.593s] DEBUG:colcon.colcon_core.package_identification:Package '/home/ishara/fyp/Human_Preffered_Velocity_Prediction/src/human_data_buffer' with type 'ros.ament_python' and name 'human_data_buffer'
[0.593s] Level 1:colcon.colcon_core.package_identification:_identify(/home/ishara/fyp/Human_Preffered_Velocity_Prediction/src/mini_project_kf) by extensions ['ignore', 'ignore_ament_install']
[0.594s] Level 1:colcon.colcon_core.package_identification:_identify(/home/ishara/fyp/Human_Preffered_Velocity_Prediction/src/mini_project_kf) by extension 'ignore'
[0.594s] Level 1:colcon.colcon_core.package_identification:_identify(/home/ishara/fyp/Human_Preffered_Velocity_Prediction/src/mini_project_kf) by extension 'ignore_ament_install'
[0.594s] Level 1:colcon.colcon_core.package_identification:_identify(/home/ishara/fyp/Human_Preffered_Velocity_Prediction/src/mini_project_kf) by extensions ['colcon_pkg']
[0.594s] Level 1:colcon.colcon_core.package_identification:_identify(/home/ishara/fyp/Human_Preffered_Velocity_Prediction/src/mini_project_kf) by extension 'colcon_pkg'
[0.594s] Level 1:colcon.colcon_core.package_identification:_identify(/home/ishara/fyp/Human_Preffered_Velocity_Prediction/src/mini_project_kf) by extensions ['colcon_meta']
[0.594s] Level 1:colcon.colcon_core.package_identification:_identify(/home/ishara/fyp/Human_Preffered_Velocity_Prediction/src/mini_project_kf) by extension 'colcon_meta'
[0.594s] Level 1:colcon.colcon_core.package_identification:_identify(/home/ishara/fyp/Human_Preffered_Velocity_Prediction/src/mini_project_kf) by extensions ['ros']
[0.594s] Level 1:colcon.colcon_core.package_identification:_identify(/home/ishara/fyp/Human_Preffered_Velocity_Prediction/src/mini_project_kf) by extension 'ros'
[0.595s] DEBUG:colcon.colcon_core.package_identification:Package '/home/ishara/fyp/Human_Preffered_Velocity_Prediction/src/mini_project_kf' with type 'ros.ament_python' and name 'mini_project_kf'
[0.595s] Level 1:colcon.colcon_core.package_identification:_identify(/home/ishara/fyp/Human_Preffered_Velocity_Prediction/src/preffered_velocity_prediction) by extensions ['ignore', 'ignore_ament_install']
[0.596s] Level 1:colcon.colcon_core.package_identification:_identify(/home/ishara/fyp/Human_Preffered_Velocity_Prediction/src/preffered_velocity_prediction) by extension 'ignore'
[0.596s] Level 1:colcon.colcon_core.package_identification:_identify(/home/ishara/fyp/Human_Preffered_Velocity_Prediction/src/preffered_velocity_prediction) by extension 'ignore_ament_install'
[0.596s] Level 1:colcon.colcon_core.package_identification:_identify(/home/ishara/fyp/Human_Preffered_Velocity_Prediction/src/preffered_velocity_prediction) by extensions ['colcon_pkg']
[0.596s] Level 1:colcon.colcon_core.package_identification:_identify(/home/ishara/fyp/Human_Preffered_Velocity_Prediction/src/preffered_velocity_prediction) by extension 'colcon_pkg'
[0.596s] Level 1:colcon.colcon_core.package_identification:_identify(/home/ishara/fyp/Human_Preffered_Velocity_Prediction/src/preffered_velocity_prediction) by extensions ['colcon_meta']
[0.596s] Level 1:colcon.colcon_core.package_identification:_identify(/home/ishara/fyp/Human_Preffered_Velocity_Prediction/src/preffered_velocity_prediction) by extension 'colcon_meta'
[0.596s] Level 1:colcon.colcon_core.package_identification:_identify(/home/ishara/fyp/Human_Preffered_Velocity_Prediction/src/preffered_velocity_prediction) by extensions ['ros']
[0.596s] Level 1:colcon.colcon_core.package_identification:_identify(/home/ishara/fyp/Human_Preffered_Velocity_Prediction/src/preffered_velocity_prediction) by extension 'ros'
[0.598s] DEBUG:colcon.colcon_core.package_identification:Package '/home/ishara/fyp/Human_Preffered_Velocity_Prediction/src/preffered_velocity_prediction' with type 'ros.ament_python' and name 'preffered_velocity_prediction'
[0.598s] Level 1:colcon.colcon_core.package_identification:_identify(/home/ishara/fyp/Human_Preffered_Velocity_Prediction/src/smrr_interfaces) by extensions ['ignore', 'ignore_ament_install']
[0.598s] Level 1:colcon.colcon_core.package_identification:_identify(/home/ishara/fyp/Human_Preffered_Velocity_Prediction/src/smrr_interfaces) by extension 'ignore'
[0.598s] Level 1:colcon.colcon_core.package_identification:_identify(/home/ishara/fyp/Human_Preffered_Velocity_Prediction/src/smrr_interfaces) by extension 'ignore_ament_install'
[0.598s] Level 1:colcon.colcon_core.package_identification:_identify(/home/ishara/fyp/Human_Preffered_Velocity_Prediction/src/smrr_interfaces) by extensions ['colcon_pkg']
[0.598s] Level 1:colcon.colcon_core.package_identification:_identify(/home/ishara/fyp/Human_Preffered_Velocity_Prediction/src/smrr_interfaces) by extension 'colcon_pkg'
[0.598s] Level 1:colcon.colcon_core.package_identification:_identify(/home/ishara/fyp/Human_Preffered_Velocity_Prediction/src/smrr_interfaces) by extensions ['colcon_meta']
[0.598s] Level 1:colcon.colcon_core.package_identification:_identify(/home/ishara/fyp/Human_Preffered_Velocity_Prediction/src/smrr_interfaces) by extension 'colcon_meta'
[0.598s] Level 1:colcon.colcon_core.package_identification:_identify(/home/ishara/fyp/Human_Preffered_Velocity_Prediction/src/smrr_interfaces) by extensions ['ros']
[0.599s] Level 1:colcon.colcon_core.package_identification:_identify(/home/ishara/fyp/Human_Preffered_Velocity_Prediction/src/smrr_interfaces) by extension 'ros'
[0.600s] DEBUG:colcon.colcon_core.package_identification:Package '/home/ishara/fyp/Human_Preffered_Velocity_Prediction/src/smrr_interfaces' with type 'ros.ament_cmake' and name 'smrr_interfaces'
[0.600s] Level 1:colcon.colcon_core.package_discovery:discover_packages(recursive) using defaults
