[0.542s] Invoking command in '/home/ishara/fyp/Human_Preffered_Velocity_Prediction/build/smrr_interfaces': CMAKE_PREFIX_PATH=${CMAKE_PREFIX_PATH}:/home/ishara/fyp/Human_Preffered_Velocity_Prediction/install/preffered_velocity_prediction:/home/ishara/fyp/Human_Preffered_Velocity_Prediction/install/human_data_buffer:/home/ishara/ros2_ws/install/my_robot_controller:/opt/ros/humble /usr/bin/cmake --build /home/ishara/fyp/Human_Preffered_Velocity_Prediction/build/smrr_interfaces -- -j6 -l6
[1.548s] [  1%] Built target smrr_interfaces__cpp
[1.569s] [  1%] Built target ament_cmake_python_symlink_smrr_interfaces
[1.636s] [ 12%] Built target smrr_interfaces__rosidl_generator_c
[1.674s] [ 23%] Built target smrr_interfaces__rosidl_typesupport_fastrtps_cpp
[1.766s] [ 34%] Built target smrr_interfaces__rosidl_typesupport_introspection_c
[1.795s] running egg_info
[1.796s] writing smrr_interfaces.egg-info/PKG-INFO
[1.796s] writing dependency_links to smrr_interfaces.egg-info/dependency_links.txt
[1.796s] writing top-level names to smrr_interfaces.egg-info/top_level.txt
[1.804s] reading manifest file 'smrr_interfaces.egg-info/SOURCES.txt'
[1.815s] [ 56%] Built target smrr_interfaces__rosidl_typesupport_c
[1.815s] [ 56%] Built target smrr_interfaces__rosidl_typesupport_introspection_cpp
[1.817s] [ 67%] Built target smrr_interfaces__rosidl_typesupport_cpp
[1.818s] writing manifest file 'smrr_interfaces.egg-info/SOURCES.txt'
[1.828s] [ 78%] Built target smrr_interfaces__rosidl_typesupport_fastrtps_c
[1.854s] [ 78%] Built target smrr_interfaces
[1.855s] [ 78%] Built target ament_cmake_python_build_smrr_interfaces_egg
[1.921s] [ 80%] Built target smrr_interfaces__py
[2.013s] [ 89%] Built target smrr_interfaces__rosidl_generator_py
[2.075s] [ 96%] Built target smrr_interfaces__rosidl_typesupport_introspection_c__pyext
[2.075s] [ 96%] Built target smrr_interfaces__rosidl_typesupport_c__pyext
[2.078s] [100%] Built target smrr_interfaces__rosidl_typesupport_fastrtps_c__pyext
[2.100s] Invoked command in '/home/ishara/fyp/Human_Preffered_Velocity_Prediction/build/smrr_interfaces' returned '0': CMAKE_PREFIX_PATH=${CMAKE_PREFIX_PATH}:/home/ishara/fyp/Human_Preffered_Velocity_Prediction/install/preffered_velocity_prediction:/home/ishara/fyp/Human_Preffered_Velocity_Prediction/install/human_data_buffer:/home/ishara/ros2_ws/install/my_robot_controller:/opt/ros/humble /usr/bin/cmake --build /home/ishara/fyp/Human_Preffered_Velocity_Prediction/build/smrr_interfaces -- -j6 -l6
[2.194s] Invoking command in '/home/ishara/fyp/Human_Preffered_Velocity_Prediction/build/smrr_interfaces': CMAKE_PREFIX_PATH=${CMAKE_PREFIX_PATH}:/home/ishara/fyp/Human_Preffered_Velocity_Prediction/install/preffered_velocity_prediction:/home/ishara/fyp/Human_Preffered_Velocity_Prediction/install/human_data_buffer:/home/ishara/ros2_ws/install/my_robot_controller:/opt/ros/humble /usr/bin/cmake --install /home/ishara/fyp/Human_Preffered_Velocity_Prediction/build/smrr_interfaces
[2.212s] -- Install configuration: ""
[2.228s] -- Execute custom install script
[2.258s] -- Up-to-date symlink: /home/ishara/fyp/Human_Preffered_Velocity_Prediction/install/smrr_interfaces/share/ament_index/resource_index/rosidl_interfaces/smrr_interfaces
[2.272s] -- Up-to-date symlink: /home/ishara/fyp/Human_Preffered_Velocity_Prediction/install/smrr_interfaces/include/smrr_interfaces/smrr_interfaces/msg/buffer.h
[2.272s] -- Up-to-date symlink: /home/ishara/fyp/Human_Preffered_Velocity_Prediction/install/smrr_interfaces/include/smrr_interfaces/smrr_interfaces/msg/detail/buffer__functions.h
[2.273s] -- Up-to-date symlink: /home/ishara/fyp/Human_Preffered_Velocity_Prediction/install/smrr_interfaces/include/smrr_interfaces/smrr_interfaces/msg/detail/buffer__struct.h
[2.273s] -- Up-to-date symlink: /home/ishara/fyp/Human_Preffered_Velocity_Prediction/install/smrr_interfaces/include/smrr_interfaces/smrr_interfaces/msg/detail/buffer__type_support.h
[2.273s] -- Up-to-date symlink: /home/ishara/fyp/Human_Preffered_Velocity_Prediction/install/smrr_interfaces/include/smrr_interfaces/smrr_interfaces/msg/detail/entities__functions.h
[2.274s] -- Up-to-date symlink: /home/ishara/fyp/Human_Preffered_Velocity_Prediction/install/smrr_interfaces/include/smrr_interfaces/smrr_interfaces/msg/detail/entities__struct.h
[2.274s] -- Up-to-date symlink: /home/ishara/fyp/Human_Preffered_Velocity_Prediction/install/smrr_interfaces/include/smrr_interfaces/smrr_interfaces/msg/detail/entities__type_support.h
[2.275s] -- Up-to-date symlink: /home/ishara/fyp/Human_Preffered_Velocity_Prediction/install/smrr_interfaces/include/smrr_interfaces/smrr_interfaces/msg/detail/pref_velocity__functions.h
[2.291s] -- Up-to-date symlink: /home/ishara/fyp/Human_Preffered_Velocity_Prediction/install/smrr_interfaces/include/smrr_interfaces/smrr_interfaces/msg/detail/pref_velocity__struct.h
[2.292s] -- Up-to-date symlink: /home/ishara/fyp/Human_Preffered_Velocity_Prediction/install/smrr_interfaces/include/smrr_interfaces/smrr_interfaces/msg/detail/pref_velocity__type_support.h
[2.300s] -- Up-to-date symlink: /home/ishara/fyp/Human_Preffered_Velocity_Prediction/install/smrr_interfaces/include/smrr_interfaces/smrr_interfaces/msg/detail/velocity_class_data__functions.h
[2.300s] -- Up-to-date symlink: /home/ishara/fyp/Human_Preffered_Velocity_Prediction/install/smrr_interfaces/include/smrr_interfaces/smrr_interfaces/msg/detail/velocity_class_data__struct.h
[2.300s] -- Up-to-date symlink: /home/ishara/fyp/Human_Preffered_Velocity_Prediction/install/smrr_interfaces/include/smrr_interfaces/smrr_interfaces/msg/detail/velocity_class_data__type_support.h
[2.301s] -- Up-to-date symlink: /home/ishara/fyp/Human_Preffered_Velocity_Prediction/install/smrr_interfaces/include/smrr_interfaces/smrr_interfaces/msg/entities.h
[2.301s] -- Up-to-date symlink: /home/ishara/fyp/Human_Preffered_Velocity_Prediction/install/smrr_interfaces/include/smrr_interfaces/smrr_interfaces/msg/pref_velocity.h
[2.301s] -- Up-to-date symlink: /home/ishara/fyp/Human_Preffered_Velocity_Prediction/install/smrr_interfaces/include/smrr_interfaces/smrr_interfaces/msg/rosidl_generator_c__visibility_control.h
[2.301s] -- Up-to-date symlink: /home/ishara/fyp/Human_Preffered_Velocity_Prediction/install/smrr_interfaces/include/smrr_interfaces/smrr_interfaces/msg/velocity_class_data.h
[2.302s] -- Up-to-date symlink: /home/ishara/fyp/Human_Preffered_Velocity_Prediction/install/smrr_interfaces/share/smrr_interfaces/environment/library_path.sh
[2.302s] -- Up-to-date symlink: /home/ishara/fyp/Human_Preffered_Velocity_Prediction/install/smrr_interfaces/share/smrr_interfaces/environment/library_path.dsv
[2.302s] -- Up-to-date symlink: /home/ishara/fyp/Human_Preffered_Velocity_Prediction/install/smrr_interfaces/include/smrr_interfaces/smrr_interfaces/msg/detail/buffer__rosidl_typesupport_fastrtps_c.h
[2.303s] -- Up-to-date symlink: /home/ishara/fyp/Human_Preffered_Velocity_Prediction/install/smrr_interfaces/include/smrr_interfaces/smrr_interfaces/msg/detail/entities__rosidl_typesupport_fastrtps_c.h
[2.303s] -- Up-to-date symlink: /home/ishara/fyp/Human_Preffered_Velocity_Prediction/install/smrr_interfaces/include/smrr_interfaces/smrr_interfaces/msg/detail/pref_velocity__rosidl_typesupport_fastrtps_c.h
[2.303s] -- Up-to-date symlink: /home/ishara/fyp/Human_Preffered_Velocity_Prediction/install/smrr_interfaces/include/smrr_interfaces/smrr_interfaces/msg/detail/velocity_class_data__rosidl_typesupport_fastrtps_c.h
[2.303s] -- Up-to-date symlink: /home/ishara/fyp/Human_Preffered_Velocity_Prediction/install/smrr_interfaces/include/smrr_interfaces/smrr_interfaces/msg/rosidl_typesupport_fastrtps_c__visibility_control.h
[2.303s] -- Up-to-date symlink: /home/ishara/fyp/Human_Preffered_Velocity_Prediction/install/smrr_interfaces/include/smrr_interfaces/smrr_interfaces/msg/buffer.hpp
[2.304s] -- Up-to-date symlink: /home/ishara/fyp/Human_Preffered_Velocity_Prediction/install/smrr_interfaces/include/smrr_interfaces/smrr_interfaces/msg/detail/buffer__builder.hpp
[2.304s] -- Up-to-date symlink: /home/ishara/fyp/Human_Preffered_Velocity_Prediction/install/smrr_interfaces/include/smrr_interfaces/smrr_interfaces/msg/detail/buffer__struct.hpp
[2.304s] -- Up-to-date symlink: /home/ishara/fyp/Human_Preffered_Velocity_Prediction/install/smrr_interfaces/include/smrr_interfaces/smrr_interfaces/msg/detail/buffer__traits.hpp
[2.304s] -- Up-to-date symlink: /home/ishara/fyp/Human_Preffered_Velocity_Prediction/install/smrr_interfaces/include/smrr_interfaces/smrr_interfaces/msg/detail/entities__builder.hpp
[2.304s] -- Up-to-date symlink: /home/ishara/fyp/Human_Preffered_Velocity_Prediction/install/smrr_interfaces/include/smrr_interfaces/smrr_interfaces/msg/detail/entities__struct.hpp
[2.305s] -- Up-to-date symlink: /home/ishara/fyp/Human_Preffered_Velocity_Prediction/install/smrr_interfaces/include/smrr_interfaces/smrr_interfaces/msg/detail/entities__traits.hpp
[2.305s] -- Up-to-date symlink: /home/ishara/fyp/Human_Preffered_Velocity_Prediction/install/smrr_interfaces/include/smrr_interfaces/smrr_interfaces/msg/detail/pref_velocity__builder.hpp
[2.305s] -- Up-to-date symlink: /home/ishara/fyp/Human_Preffered_Velocity_Prediction/install/smrr_interfaces/include/smrr_interfaces/smrr_interfaces/msg/detail/pref_velocity__struct.hpp
[2.305s] -- Up-to-date symlink: /home/ishara/fyp/Human_Preffered_Velocity_Prediction/install/smrr_interfaces/include/smrr_interfaces/smrr_interfaces/msg/detail/pref_velocity__traits.hpp
[2.305s] -- Up-to-date symlink: /home/ishara/fyp/Human_Preffered_Velocity_Prediction/install/smrr_interfaces/include/smrr_interfaces/smrr_interfaces/msg/detail/velocity_class_data__builder.hpp
[2.305s] -- Up-to-date symlink: /home/ishara/fyp/Human_Preffered_Velocity_Prediction/install/smrr_interfaces/include/smrr_interfaces/smrr_interfaces/msg/detail/velocity_class_data__struct.hpp
[2.306s] -- Up-to-date symlink: /home/ishara/fyp/Human_Preffered_Velocity_Prediction/install/smrr_interfaces/include/smrr_interfaces/smrr_interfaces/msg/detail/velocity_class_data__traits.hpp
[2.306s] -- Up-to-date symlink: /home/ishara/fyp/Human_Preffered_Velocity_Prediction/install/smrr_interfaces/include/smrr_interfaces/smrr_interfaces/msg/entities.hpp
[2.306s] -- Up-to-date symlink: /home/ishara/fyp/Human_Preffered_Velocity_Prediction/install/smrr_interfaces/include/smrr_interfaces/smrr_interfaces/msg/pref_velocity.hpp
[2.306s] -- Up-to-date symlink: /home/ishara/fyp/Human_Preffered_Velocity_Prediction/install/smrr_interfaces/include/smrr_interfaces/smrr_interfaces/msg/velocity_class_data.hpp
[2.307s] -- Up-to-date symlink: /home/ishara/fyp/Human_Preffered_Velocity_Prediction/install/smrr_interfaces/include/smrr_interfaces/smrr_interfaces/msg/detail/buffer__rosidl_typesupport_fastrtps_cpp.hpp
[2.307s] -- Up-to-date symlink: /home/ishara/fyp/Human_Preffered_Velocity_Prediction/install/smrr_interfaces/include/smrr_interfaces/smrr_interfaces/msg/detail/entities__rosidl_typesupport_fastrtps_cpp.hpp
[2.307s] -- Up-to-date symlink: /home/ishara/fyp/Human_Preffered_Velocity_Prediction/install/smrr_interfaces/include/smrr_interfaces/smrr_interfaces/msg/detail/pref_velocity__rosidl_typesupport_fastrtps_cpp.hpp
[2.307s] -- Up-to-date symlink: /home/ishara/fyp/Human_Preffered_Velocity_Prediction/install/smrr_interfaces/include/smrr_interfaces/smrr_interfaces/msg/detail/velocity_class_data__rosidl_typesupport_fastrtps_cpp.hpp
[2.307s] -- Up-to-date symlink: /home/ishara/fyp/Human_Preffered_Velocity_Prediction/install/smrr_interfaces/include/smrr_interfaces/smrr_interfaces/msg/rosidl_typesupport_fastrtps_cpp__visibility_control.h
[2.308s] -- Up-to-date symlink: /home/ishara/fyp/Human_Preffered_Velocity_Prediction/install/smrr_interfaces/include/smrr_interfaces/smrr_interfaces/msg/detail/buffer__rosidl_typesupport_introspection_c.h
[2.308s] -- Up-to-date symlink: /home/ishara/fyp/Human_Preffered_Velocity_Prediction/install/smrr_interfaces/include/smrr_interfaces/smrr_interfaces/msg/detail/entities__rosidl_typesupport_introspection_c.h
[2.308s] -- Up-to-date symlink: /home/ishara/fyp/Human_Preffered_Velocity_Prediction/install/smrr_interfaces/include/smrr_interfaces/smrr_interfaces/msg/detail/pref_velocity__rosidl_typesupport_introspection_c.h
[2.308s] -- Up-to-date symlink: /home/ishara/fyp/Human_Preffered_Velocity_Prediction/install/smrr_interfaces/include/smrr_interfaces/smrr_interfaces/msg/detail/velocity_class_data__rosidl_typesupport_introspection_c.h
[2.308s] -- Up-to-date symlink: /home/ishara/fyp/Human_Preffered_Velocity_Prediction/install/smrr_interfaces/include/smrr_interfaces/smrr_interfaces/msg/rosidl_typesupport_introspection_c__visibility_control.h
[2.309s] -- Up-to-date symlink: /home/ishara/fyp/Human_Preffered_Velocity_Prediction/install/smrr_interfaces/include/smrr_interfaces/smrr_interfaces/msg/detail/buffer__rosidl_typesupport_introspection_cpp.hpp
[2.309s] -- Up-to-date symlink: /home/ishara/fyp/Human_Preffered_Velocity_Prediction/install/smrr_interfaces/include/smrr_interfaces/smrr_interfaces/msg/detail/entities__rosidl_typesupport_introspection_cpp.hpp
[2.309s] -- Up-to-date symlink: /home/ishara/fyp/Human_Preffered_Velocity_Prediction/install/smrr_interfaces/include/smrr_interfaces/smrr_interfaces/msg/detail/pref_velocity__rosidl_typesupport_introspection_cpp.hpp
[2.309s] -- Up-to-date symlink: /home/ishara/fyp/Human_Preffered_Velocity_Prediction/install/smrr_interfaces/include/smrr_interfaces/smrr_interfaces/msg/detail/velocity_class_data__rosidl_typesupport_introspection_cpp.hpp
[2.309s] -- Up-to-date symlink: /home/ishara/fyp/Human_Preffered_Velocity_Prediction/install/smrr_interfaces/share/smrr_interfaces/environment/pythonpath.sh
[2.310s] -- Up-to-date symlink: /home/ishara/fyp/Human_Preffered_Velocity_Prediction/install/smrr_interfaces/share/smrr_interfaces/environment/pythonpath.dsv
[2.310s] -- Up-to-date symlink: /home/ishara/fyp/Human_Preffered_Velocity_Prediction/install/smrr_interfaces/local/lib/python3.10/dist-packages/smrr_interfaces-0.0.0-py3.10.egg-info/PKG-INFO
[2.310s] -- Up-to-date symlink: /home/ishara/fyp/Human_Preffered_Velocity_Prediction/install/smrr_interfaces/local/lib/python3.10/dist-packages/smrr_interfaces-0.0.0-py3.10.egg-info/SOURCES.txt
[2.310s] -- Up-to-date symlink: /home/ishara/fyp/Human_Preffered_Velocity_Prediction/install/smrr_interfaces/local/lib/python3.10/dist-packages/smrr_interfaces-0.0.0-py3.10.egg-info/dependency_links.txt
[2.310s] -- Up-to-date symlink: /home/ishara/fyp/Human_Preffered_Velocity_Prediction/install/smrr_interfaces/local/lib/python3.10/dist-packages/smrr_interfaces-0.0.0-py3.10.egg-info/top_level.txt
[2.310s] -- Up-to-date symlink: /home/ishara/fyp/Human_Preffered_Velocity_Prediction/install/smrr_interfaces/local/lib/python3.10/dist-packages/smrr_interfaces/__init__.py
[2.310s] -- Up-to-date symlink: /home/ishara/fyp/Human_Preffered_Velocity_Prediction/install/smrr_interfaces/local/lib/python3.10/dist-packages/smrr_interfaces/_smrr_interfaces_s.ep.rosidl_typesupport_c.c
[2.311s] -- Up-to-date symlink: /home/ishara/fyp/Human_Preffered_Velocity_Prediction/install/smrr_interfaces/local/lib/python3.10/dist-packages/smrr_interfaces/_smrr_interfaces_s.ep.rosidl_typesupport_fastrtps_c.c
[2.311s] -- Up-to-date symlink: /home/ishara/fyp/Human_Preffered_Velocity_Prediction/install/smrr_interfaces/local/lib/python3.10/dist-packages/smrr_interfaces/_smrr_interfaces_s.ep.rosidl_typesupport_introspection_c.c
[2.311s] -- Up-to-date symlink: /home/ishara/fyp/Human_Preffered_Velocity_Prediction/install/smrr_interfaces/local/lib/python3.10/dist-packages/smrr_interfaces/libsmrr_interfaces__rosidl_generator_py.so
[2.311s] -- Up-to-date symlink: /home/ishara/fyp/Human_Preffered_Velocity_Prediction/install/smrr_interfaces/local/lib/python3.10/dist-packages/smrr_interfaces/msg/__init__.py
[2.311s] -- Up-to-date symlink: /home/ishara/fyp/Human_Preffered_Velocity_Prediction/install/smrr_interfaces/local/lib/python3.10/dist-packages/smrr_interfaces/msg/_buffer.py
[2.311s] -- Up-to-date symlink: /home/ishara/fyp/Human_Preffered_Velocity_Prediction/install/smrr_interfaces/local/lib/python3.10/dist-packages/smrr_interfaces/msg/_buffer_s.c
[2.311s] -- Up-to-date symlink: /home/ishara/fyp/Human_Preffered_Velocity_Prediction/install/smrr_interfaces/local/lib/python3.10/dist-packages/smrr_interfaces/msg/_entities.py
[2.311s] -- Up-to-date symlink: /home/ishara/fyp/Human_Preffered_Velocity_Prediction/install/smrr_interfaces/local/lib/python3.10/dist-packages/smrr_interfaces/msg/_entities_s.c
[2.312s] -- Up-to-date symlink: /home/ishara/fyp/Human_Preffered_Velocity_Prediction/install/smrr_interfaces/local/lib/python3.10/dist-packages/smrr_interfaces/msg/_pref_velocity.py
[2.312s] -- Up-to-date symlink: /home/ishara/fyp/Human_Preffered_Velocity_Prediction/install/smrr_interfaces/local/lib/python3.10/dist-packages/smrr_interfaces/msg/_pref_velocity_s.c
[2.312s] -- Up-to-date symlink: /home/ishara/fyp/Human_Preffered_Velocity_Prediction/install/smrr_interfaces/local/lib/python3.10/dist-packages/smrr_interfaces/msg/_velocity_class_data.py
[2.312s] -- Up-to-date symlink: /home/ishara/fyp/Human_Preffered_Velocity_Prediction/install/smrr_interfaces/local/lib/python3.10/dist-packages/smrr_interfaces/msg/_velocity_class_data_s.c
[2.312s] -- Up-to-date symlink: /home/ishara/fyp/Human_Preffered_Velocity_Prediction/install/smrr_interfaces/local/lib/python3.10/dist-packages/smrr_interfaces/smrr_interfaces_s__rosidl_typesupport_c.cpython-310-x86_64-linux-gnu.so
[2.312s] -- Up-to-date symlink: /home/ishara/fyp/Human_Preffered_Velocity_Prediction/install/smrr_interfaces/local/lib/python3.10/dist-packages/smrr_interfaces/smrr_interfaces_s__rosidl_typesupport_fastrtps_c.cpython-310-x86_64-linux-gnu.so
[2.312s] -- Up-to-date symlink: /home/ishara/fyp/Human_Preffered_Velocity_Prediction/install/smrr_interfaces/local/lib/python3.10/dist-packages/smrr_interfaces/smrr_interfaces_s__rosidl_typesupport_introspection_c.cpython-310-x86_64-linux-gnu.so
[2.312s] -- Up-to-date symlink: /home/ishara/fyp/Human_Preffered_Velocity_Prediction/install/smrr_interfaces/local/lib/python3.10/dist-packages/smrr_interfaces/smrr_interfaces_s__rosidl_typesupport_fastrtps_c.cpython-310-x86_64-linux-gnu.so
[2.312s] -- Up-to-date symlink: /home/ishara/fyp/Human_Preffered_Velocity_Prediction/install/smrr_interfaces/local/lib/python3.10/dist-packages/smrr_interfaces/smrr_interfaces_s__rosidl_typesupport_introspection_c.cpython-310-x86_64-linux-gnu.so
[2.312s] -- Up-to-date symlink: /home/ishara/fyp/Human_Preffered_Velocity_Prediction/install/smrr_interfaces/local/lib/python3.10/dist-packages/smrr_interfaces/smrr_interfaces_s__rosidl_typesupport_c.cpython-310-x86_64-linux-gnu.so
[2.321s] -- Up-to-date symlink: /home/ishara/fyp/Human_Preffered_Velocity_Prediction/install/smrr_interfaces/share/smrr_interfaces/msg/Entities.idl
[2.322s] -- Up-to-date symlink: /home/ishara/fyp/Human_Preffered_Velocity_Prediction/install/smrr_interfaces/share/smrr_interfaces/msg/VelocityClassData.idl
[2.322s] -- Up-to-date symlink: /home/ishara/fyp/Human_Preffered_Velocity_Prediction/install/smrr_interfaces/share/smrr_interfaces/msg/Buffer.idl
[2.323s] -- Up-to-date symlink: /home/ishara/fyp/Human_Preffered_Velocity_Prediction/install/smrr_interfaces/share/smrr_interfaces/msg/PrefVelocity.idl
[2.323s] -- Up-to-date symlink: /home/ishara/fyp/Human_Preffered_Velocity_Prediction/install/smrr_interfaces/share/smrr_interfaces/msg/Entities.msg
[2.323s] -- Up-to-date symlink: /home/ishara/fyp/Human_Preffered_Velocity_Prediction/install/smrr_interfaces/share/smrr_interfaces/msg/VelocityClassData.msg
[2.323s] -- Up-to-date symlink: /home/ishara/fyp/Human_Preffered_Velocity_Prediction/install/smrr_interfaces/share/smrr_interfaces/msg/Buffer.msg
[2.324s] -- Up-to-date symlink: /home/ishara/fyp/Human_Preffered_Velocity_Prediction/install/smrr_interfaces/share/smrr_interfaces/msg/PrefVelocity.msg
[2.324s] -- Up-to-date symlink: /home/ishara/fyp/Human_Preffered_Velocity_Prediction/install/smrr_interfaces/share/ament_index/resource_index/package_run_dependencies/smrr_interfaces
[2.324s] -- Up-to-date symlink: /home/ishara/fyp/Human_Preffered_Velocity_Prediction/install/smrr_interfaces/share/ament_index/resource_index/parent_prefix_path/smrr_interfaces
[2.324s] -- Up-to-date symlink: /home/ishara/fyp/Human_Preffered_Velocity_Prediction/install/smrr_interfaces/share/smrr_interfaces/environment/ament_prefix_path.sh
[2.324s] -- Up-to-date symlink: /home/ishara/fyp/Human_Preffered_Velocity_Prediction/install/smrr_interfaces/share/smrr_interfaces/environment/ament_prefix_path.dsv
[2.325s] -- Up-to-date symlink: /home/ishara/fyp/Human_Preffered_Velocity_Prediction/install/smrr_interfaces/share/smrr_interfaces/environment/path.sh
[2.325s] -- Up-to-date symlink: /home/ishara/fyp/Human_Preffered_Velocity_Prediction/install/smrr_interfaces/share/smrr_interfaces/environment/path.dsv
[2.325s] -- Up-to-date symlink: /home/ishara/fyp/Human_Preffered_Velocity_Prediction/install/smrr_interfaces/share/smrr_interfaces/local_setup.bash
[2.325s] -- Up-to-date symlink: /home/ishara/fyp/Human_Preffered_Velocity_Prediction/install/smrr_interfaces/share/smrr_interfaces/local_setup.sh
[2.325s] -- Up-to-date symlink: /home/ishara/fyp/Human_Preffered_Velocity_Prediction/install/smrr_interfaces/share/smrr_interfaces/local_setup.zsh
[2.325s] -- Up-to-date symlink: /home/ishara/fyp/Human_Preffered_Velocity_Prediction/install/smrr_interfaces/share/smrr_interfaces/local_setup.dsv
[2.326s] -- Symlinking: /home/ishara/fyp/Human_Preffered_Velocity_Prediction/install/smrr_interfaces/share/smrr_interfaces/package.dsv
[2.335s] -- Up-to-date symlink: /home/ishara/fyp/Human_Preffered_Velocity_Prediction/install/smrr_interfaces/share/ament_index/resource_index/packages/smrr_interfaces
[2.335s] -- Up-to-date symlink: /home/ishara/fyp/Human_Preffered_Velocity_Prediction/install/smrr_interfaces/share/smrr_interfaces/cmake/rosidl_cmake-extras.cmake
[2.336s] -- Up-to-date symlink: /home/ishara/fyp/Human_Preffered_Velocity_Prediction/install/smrr_interfaces/share/smrr_interfaces/cmake/ament_cmake_export_dependencies-extras.cmake
[2.336s] -- Up-to-date symlink: /home/ishara/fyp/Human_Preffered_Velocity_Prediction/install/smrr_interfaces/share/smrr_interfaces/cmake/ament_cmake_export_include_directories-extras.cmake
[2.336s] -- Up-to-date symlink: /home/ishara/fyp/Human_Preffered_Velocity_Prediction/install/smrr_interfaces/share/smrr_interfaces/cmake/ament_cmake_export_libraries-extras.cmake
[2.337s] -- Up-to-date symlink: /home/ishara/fyp/Human_Preffered_Velocity_Prediction/install/smrr_interfaces/share/smrr_interfaces/cmake/ament_cmake_export_targets-extras.cmake
[2.337s] -- Up-to-date symlink: /home/ishara/fyp/Human_Preffered_Velocity_Prediction/install/smrr_interfaces/share/smrr_interfaces/cmake/rosidl_cmake_export_typesupport_targets-extras.cmake
[2.337s] -- Up-to-date symlink: /home/ishara/fyp/Human_Preffered_Velocity_Prediction/install/smrr_interfaces/share/smrr_interfaces/cmake/rosidl_cmake_export_typesupport_libraries-extras.cmake
[2.337s] -- Up-to-date symlink: /home/ishara/fyp/Human_Preffered_Velocity_Prediction/install/smrr_interfaces/share/smrr_interfaces/cmake/smrr_interfacesConfig.cmake
[2.337s] -- Up-to-date symlink: /home/ishara/fyp/Human_Preffered_Velocity_Prediction/install/smrr_interfaces/share/smrr_interfaces/cmake/smrr_interfacesConfig-version.cmake
[2.354s] -- Up-to-date symlink: /home/ishara/fyp/Human_Preffered_Velocity_Prediction/install/smrr_interfaces/share/smrr_interfaces/package.xml
[2.371s] -- Up-to-date: /home/ishara/fyp/Human_Preffered_Velocity_Prediction/install/smrr_interfaces/lib/libsmrr_interfaces__rosidl_generator_c.so
[2.371s] -- Up-to-date: /home/ishara/fyp/Human_Preffered_Velocity_Prediction/install/smrr_interfaces/lib/libsmrr_interfaces__rosidl_typesupport_fastrtps_c.so
[2.404s] -- Up-to-date: /home/ishara/fyp/Human_Preffered_Velocity_Prediction/install/smrr_interfaces/lib/libsmrr_interfaces__rosidl_typesupport_fastrtps_cpp.so
[2.430s] -- Up-to-date: /home/ishara/fyp/Human_Preffered_Velocity_Prediction/install/smrr_interfaces/lib/libsmrr_interfaces__rosidl_typesupport_introspection_c.so
[2.430s] -- Up-to-date: /home/ishara/fyp/Human_Preffered_Velocity_Prediction/install/smrr_interfaces/lib/libsmrr_interfaces__rosidl_typesupport_c.so
[2.454s] -- Up-to-date: /home/ishara/fyp/Human_Preffered_Velocity_Prediction/install/smrr_interfaces/lib/libsmrr_interfaces__rosidl_typesupport_introspection_cpp.so
[2.455s] -- Up-to-date: /home/ishara/fyp/Human_Preffered_Velocity_Prediction/install/smrr_interfaces/lib/libsmrr_interfaces__rosidl_typesupport_cpp.so
[2.539s] Listing '/home/ishara/fyp/Human_Preffered_Velocity_Prediction/install/smrr_interfaces/local/lib/python3.10/dist-packages/smrr_interfaces'...
[2.539s] Listing '/home/ishara/fyp/Human_Preffered_Velocity_Prediction/install/smrr_interfaces/local/lib/python3.10/dist-packages/smrr_interfaces/msg'...
[2.562s] -- Up-to-date: /home/ishara/fyp/Human_Preffered_Velocity_Prediction/install/smrr_interfaces/lib/libsmrr_interfaces__rosidl_generator_py.so
[2.580s] -- Up-to-date: /home/ishara/fyp/Human_Preffered_Velocity_Prediction/install/smrr_interfaces/share/smrr_interfaces/cmake/export_smrr_interfaces__rosidl_generator_cExport.cmake
[2.581s] -- Up-to-date: /home/ishara/fyp/Human_Preffered_Velocity_Prediction/install/smrr_interfaces/share/smrr_interfaces/cmake/export_smrr_interfaces__rosidl_generator_cExport-noconfig.cmake
[2.581s] -- Up-to-date: /home/ishara/fyp/Human_Preffered_Velocity_Prediction/install/smrr_interfaces/share/smrr_interfaces/cmake/export_smrr_interfaces__rosidl_typesupport_fastrtps_cExport.cmake
[2.581s] -- Up-to-date: /home/ishara/fyp/Human_Preffered_Velocity_Prediction/install/smrr_interfaces/share/smrr_interfaces/cmake/export_smrr_interfaces__rosidl_typesupport_fastrtps_cExport-noconfig.cmake
[2.581s] -- Up-to-date: /home/ishara/fyp/Human_Preffered_Velocity_Prediction/install/smrr_interfaces/share/smrr_interfaces/cmake/export_smrr_interfaces__rosidl_generator_cppExport.cmake
[2.582s] -- Up-to-date: /home/ishara/fyp/Human_Preffered_Velocity_Prediction/install/smrr_interfaces/share/smrr_interfaces/cmake/export_smrr_interfaces__rosidl_typesupport_fastrtps_cppExport.cmake
[2.582s] -- Up-to-date: /home/ishara/fyp/Human_Preffered_Velocity_Prediction/install/smrr_interfaces/share/smrr_interfaces/cmake/export_smrr_interfaces__rosidl_typesupport_fastrtps_cppExport-noconfig.cmake
[2.582s] -- Up-to-date: /home/ishara/fyp/Human_Preffered_Velocity_Prediction/install/smrr_interfaces/share/smrr_interfaces/cmake/smrr_interfaces__rosidl_typesupport_introspection_cExport.cmake
[2.583s] -- Up-to-date: /home/ishara/fyp/Human_Preffered_Velocity_Prediction/install/smrr_interfaces/share/smrr_interfaces/cmake/smrr_interfaces__rosidl_typesupport_introspection_cExport-noconfig.cmake
[2.583s] -- Up-to-date: /home/ishara/fyp/Human_Preffered_Velocity_Prediction/install/smrr_interfaces/share/smrr_interfaces/cmake/smrr_interfaces__rosidl_typesupport_cExport.cmake
[2.583s] -- Up-to-date: /home/ishara/fyp/Human_Preffered_Velocity_Prediction/install/smrr_interfaces/share/smrr_interfaces/cmake/smrr_interfaces__rosidl_typesupport_cExport-noconfig.cmake
[2.583s] -- Up-to-date: /home/ishara/fyp/Human_Preffered_Velocity_Prediction/install/smrr_interfaces/share/smrr_interfaces/cmake/smrr_interfaces__rosidl_typesupport_introspection_cppExport.cmake
[2.583s] -- Up-to-date: /home/ishara/fyp/Human_Preffered_Velocity_Prediction/install/smrr_interfaces/share/smrr_interfaces/cmake/smrr_interfaces__rosidl_typesupport_introspection_cppExport-noconfig.cmake
[2.583s] -- Up-to-date: /home/ishara/fyp/Human_Preffered_Velocity_Prediction/install/smrr_interfaces/share/smrr_interfaces/cmake/smrr_interfaces__rosidl_typesupport_cppExport.cmake
[2.583s] -- Up-to-date: /home/ishara/fyp/Human_Preffered_Velocity_Prediction/install/smrr_interfaces/share/smrr_interfaces/cmake/smrr_interfaces__rosidl_typesupport_cppExport-noconfig.cmake
[2.584s] -- Up-to-date: /home/ishara/fyp/Human_Preffered_Velocity_Prediction/install/smrr_interfaces/share/smrr_interfaces/cmake/export_smrr_interfaces__rosidl_generator_pyExport.cmake
[2.584s] -- Up-to-date: /home/ishara/fyp/Human_Preffered_Velocity_Prediction/install/smrr_interfaces/share/smrr_interfaces/cmake/export_smrr_interfaces__rosidl_generator_pyExport-noconfig.cmake
[2.601s] Invoked command in '/home/ishara/fyp/Human_Preffered_Velocity_Prediction/build/smrr_interfaces' returned '0': CMAKE_PREFIX_PATH=${CMAKE_PREFIX_PATH}:/home/ishara/fyp/Human_Preffered_Velocity_Prediction/install/preffered_velocity_prediction:/home/ishara/fyp/Human_Preffered_Velocity_Prediction/install/human_data_buffer:/home/ishara/ros2_ws/install/my_robot_controller:/opt/ros/humble /usr/bin/cmake --install /home/ishara/fyp/Human_Preffered_Velocity_Prediction/build/smrr_interfaces
