[  1%] Built target smrr_interfaces__cpp
[ 12%] Built target smrr_interfaces__rosidl_generator_c
[ 12%] Built target ament_cmake_python_symlink_smrr_interfaces
[ 24%] Built target smrr_interfaces__rosidl_typesupport_cpp
[ 35%] Built target smrr_interfaces__rosidl_typesupport_fastrtps_cpp
[ 46%] Built target smrr_interfaces__rosidl_typesupport_c
[ 58%] Built target smrr_interfaces__rosidl_typesupport_introspection_cpp
[ 69%] Built target smrr_interfaces__rosidl_typesupport_fastrtps_c
[ 81%] Built target smrr_interfaces__rosidl_typesupport_introspection_c
[ 81%] Built target smrr_interfaces
[ 82%] Built target smrr_interfaces__py
[ 92%] Built target smrr_interfaces__rosidl_generator_py
[ 94%] Built target smrr_interfaces__rosidl_typesupport_fastrtps_c__pyext
[ 97%] Built target smrr_interfaces__rosidl_typesupport_introspection_c__pyext
[100%] Built target smrr_interfaces__rosidl_typesupport_c__pyext
running egg_info
writing smrr_interfaces.egg-info/PKG-INFO
writing dependency_links to smrr_interfaces.egg-info/dependency_links.txt
writing top-level names to smrr_interfaces.egg-info/top_level.txt
reading manifest file 'smrr_interfaces.egg-info/SOURCES.txt'
writing manifest file 'smrr_interfaces.egg-info/SOURCES.txt'
[100%] Built target ament_cmake_python_build_smrr_interfaces_egg
