[0.705s] Invoking command in '/home/ishara/fyp/Human_Preffered_Velocity_Prediction/build/smrr_interfaces': CMAKE_PREFIX_PATH=${CMAKE_PREFIX_PATH}:/home/ishara/fyp/Human_Preffered_Velocity_Prediction/install/preffered_velocity_prediction:/home/ishara/fyp/Human_Preffered_Velocity_Prediction/install/human_data_buffer:/home/ishara/ros2_ws/install/my_robot_controller:/opt/ros/humble /usr/bin/cmake --build /home/ishara/fyp/Human_Preffered_Velocity_Prediction/build/smrr_interfaces -- -j6 -l6
[0.760s] [  1%] Built target smrr_interfaces__cpp
[0.763s] [ 12%] Built target smrr_interfaces__rosidl_generator_c
[0.767s] [ 12%] Built target ament_cmake_python_symlink_smrr_interfaces
[0.794s] [ 24%] Built target smrr_interfaces__rosidl_typesupport_cpp
[0.804s] [ 35%] Built target smrr_interfaces__rosidl_typesupport_fastrtps_cpp
[0.804s] [ 46%] Built target smrr_interfaces__rosidl_typesupport_c
[0.808s] [ 58%] Built target smrr_interfaces__rosidl_typesupport_introspection_cpp
[0.819s] [ 69%] Built target smrr_interfaces__rosidl_typesupport_fastrtps_c
[0.820s] [ 81%] Built target smrr_interfaces__rosidl_typesupport_introspection_c
[0.840s] [ 81%] Built target smrr_interfaces
[0.862s] [ 82%] Built target smrr_interfaces__py
[0.887s] [ 92%] Built target smrr_interfaces__rosidl_generator_py
[0.908s] [ 94%] Built target smrr_interfaces__rosidl_typesupport_fastrtps_c__pyext
[0.917s] [ 97%] Built target smrr_interfaces__rosidl_typesupport_introspection_c__pyext
[0.922s] [100%] Built target smrr_interfaces__rosidl_typesupport_c__pyext
[1.028s] running egg_info
[1.029s] writing smrr_interfaces.egg-info/PKG-INFO
[1.029s] writing dependency_links to smrr_interfaces.egg-info/dependency_links.txt
[1.029s] writing top-level names to smrr_interfaces.egg-info/top_level.txt
[1.032s] reading manifest file 'smrr_interfaces.egg-info/SOURCES.txt'
[1.032s] writing manifest file 'smrr_interfaces.egg-info/SOURCES.txt'
[1.082s] [100%] Built target ament_cmake_python_build_smrr_interfaces_egg
[1.109s] Invoked command in '/home/ishara/fyp/Human_Preffered_Velocity_Prediction/build/smrr_interfaces' returned '0': CMAKE_PREFIX_PATH=${CMAKE_PREFIX_PATH}:/home/ishara/fyp/Human_Preffered_Velocity_Prediction/install/preffered_velocity_prediction:/home/ishara/fyp/Human_Preffered_Velocity_Prediction/install/human_data_buffer:/home/ishara/ros2_ws/install/my_robot_controller:/opt/ros/humble /usr/bin/cmake --build /home/ishara/fyp/Human_Preffered_Velocity_Prediction/build/smrr_interfaces -- -j6 -l6
