[4.094s] Invoking command in '/home/ishara/fyp/Human_Preffered_Velocity_Prediction/build/docking_controller': PYTHONPATH=/home/ishara/fyp/Human_Preffered_Velocity_Prediction/build/docking_controller/prefix_override:/usr/lib/python3/dist-packages/colcon_core/task/python/colcon_distutils_commands:/home/ishara/fyp/Human_Preffered_Velocity_Prediction/install/docking_controller/lib/python3.10/site-packages:${PYTHONPATH} /usr/bin/python3 -W ignore:setup.py install is deprecated setup.py develop --editable --build-directory /home/ishara/fyp/Human_Preffered_Velocity_Prediction/build/docking_controller/build --no-deps symlink_data
[4.373s] running develop
[4.399s] /usr/lib/python3/dist-packages/setuptools/command/easy_install.py:158: EasyInstallDeprecationWarning: easy_install command is deprecated. Use build and pip and other standards-based tools.
[4.399s]   warnings.warn(
[4.623s] running egg_info
[4.632s] writing docking_controller.egg-info/PKG-INFO
[4.680s] writing dependency_links to docking_controller.egg-info/dependency_links.txt
[4.682s] writing entry points to docking_controller.egg-info/entry_points.txt
[4.682s] writing requirements to docking_controller.egg-info/requires.txt
[4.682s] writing top-level names to docking_controller.egg-info/top_level.txt
[4.682s] reading manifest file 'docking_controller.egg-info/SOURCES.txt'
[4.702s] writing manifest file 'docking_controller.egg-info/SOURCES.txt'
[4.703s] running build_ext
[4.703s] Creating /home/ishara/fyp/Human_Preffered_Velocity_Prediction/install/docking_controller/lib/python3.10/site-packages/docking-controller.egg-link (link to .)
[4.704s] Installing motor_controller script to /home/ishara/fyp/Human_Preffered_Velocity_Prediction/install/docking_controller/lib/docking_controller
[4.705s] Installing pub_sensor_data script to /home/ishara/fyp/Human_Preffered_Velocity_Prediction/install/docking_controller/lib/docking_controller
[4.705s] 
[4.705s] Installed /home/ishara/fyp/Human_Preffered_Velocity_Prediction/build/docking_controller
[4.705s] running symlink_data
[4.790s] Invoked command in '/home/ishara/fyp/Human_Preffered_Velocity_Prediction/build/docking_controller' returned '0': PYTHONPATH=/home/ishara/fyp/Human_Preffered_Velocity_Prediction/build/docking_controller/prefix_override:/usr/lib/python3/dist-packages/colcon_core/task/python/colcon_distutils_commands:/home/ishara/fyp/Human_Preffered_Velocity_Prediction/install/docking_controller/lib/python3.10/site-packages:${PYTHONPATH} /usr/bin/python3 -W ignore:setup.py install is deprecated setup.py develop --editable --build-directory /home/ishara/fyp/Human_Preffered_Velocity_Prediction/build/docking_controller/build --no-deps symlink_data
