[4.069s] Invoking command in '/home/ishara/fyp/Human_Preffered_Velocity_Prediction/build/human_data_buffer': PYTHONPATH=/home/ishara/fyp/Human_Preffered_Velocity_Prediction/build/human_data_buffer/prefix_override:/usr/lib/python3/dist-packages/colcon_core/task/python/colcon_distutils_commands:/home/ishara/fyp/Human_Preffered_Velocity_Prediction/install/human_data_buffer/lib/python3.10/site-packages:${PYTHONPATH} /usr/bin/python3 -W ignore:setup.py install is deprecated setup.py develop --editable --build-directory /home/ishara/fyp/Human_Preffered_Velocity_Prediction/build/human_data_buffer/build --no-deps symlink_data
[4.346s] running develop
[4.374s] /usr/lib/python3/dist-packages/setuptools/command/easy_install.py:158: EasyInstallDeprecationWarning: easy_install command is deprecated. Use build and pip and other standards-based tools.
[4.374s]   warnings.warn(
[4.608s] running egg_info
[4.608s] writing human_data_buffer.egg-info/PKG-INFO
[4.654s] writing dependency_links to human_data_buffer.egg-info/dependency_links.txt
[4.657s] writing entry points to human_data_buffer.egg-info/entry_points.txt
[4.657s] writing requirements to human_data_buffer.egg-info/requires.txt
[4.657s] writing top-level names to human_data_buffer.egg-info/top_level.txt
[4.658s] reading manifest file 'human_data_buffer.egg-info/SOURCES.txt'
[4.658s] writing manifest file 'human_data_buffer.egg-info/SOURCES.txt'
[4.659s] running build_ext
[4.659s] Creating /home/ishara/fyp/Human_Preffered_Velocity_Prediction/install/human_data_buffer/lib/python3.10/site-packages/human-data-buffer.egg-link (link to .)
[4.660s] Installing human_data_buffer script to /home/ishara/fyp/Human_Preffered_Velocity_Prediction/install/human_data_buffer/lib/human_data_buffer
[4.660s] Installing human_data_extracter script to /home/ishara/fyp/Human_Preffered_Velocity_Prediction/install/human_data_buffer/lib/human_data_buffer
[4.660s] Installing human_data_pub script to /home/ishara/fyp/Human_Preffered_Velocity_Prediction/install/human_data_buffer/lib/human_data_buffer
[4.660s] 
[4.660s] Installed /home/ishara/fyp/Human_Preffered_Velocity_Prediction/build/human_data_buffer
[4.661s] running symlink_data
[4.754s] Invoked command in '/home/ishara/fyp/Human_Preffered_Velocity_Prediction/build/human_data_buffer' returned '0': PYTHONPATH=/home/ishara/fyp/Human_Preffered_Velocity_Prediction/build/human_data_buffer/prefix_override:/usr/lib/python3/dist-packages/colcon_core/task/python/colcon_distutils_commands:/home/ishara/fyp/Human_Preffered_Velocity_Prediction/install/human_data_buffer/lib/python3.10/site-packages:${PYTHONPATH} /usr/bin/python3 -W ignore:setup.py install is deprecated setup.py develop --editable --build-directory /home/ishara/fyp/Human_Preffered_Velocity_Prediction/build/human_data_buffer/build --no-deps symlink_data
