[0.303s] DEBUG:colcon:Command line arguments: ['/usr/bin/colcon', 'build', '--symlink-install']
[0.303s] DEBUG:colcon:Parsed command line arguments: Namespace(log_base=None, log_level=None, verb_name='build', build_base='build', install_base='install', merge_install=False, symlink_install=True, test_result_base=None, continue_on_error=False, executor='parallel', parallel_workers=6, event_handlers=None, ignore_user_meta=False, metas=['./colcon.meta'], base_paths=['.'], packages_ignore=None, packages_ignore_regex=None, paths=None, packages_up_to=None, packages_up_to_regex=None, packages_above=None, packages_above_and_dependencies=None, packages_above_depth=None, packages_select_by_dep=None, packages_skip_by_dep=None, packages_skip_up_to=None, packages_select_build_failed=False, packages_skip_build_finished=False, packages_select_test_failures=False, packages_skip_test_passed=False, packages_select=None, packages_skip=None, packages_select_regex=None, packages_skip_regex=None, packages_start=None, packages_end=None, allow_overriding=[], cmake_args=None, cmake_target=None, cmake_target_skip_unavailable=False, cmake_clean_cache=False, cmake_clean_first=False, cmake_force_configure=False, ament_cmake_args=None, catkin_cmake_args=None, catkin_skip_building_tests=False, mixin_files=None, mixin=None, verb_parser=<colcon_mixin.mixin.mixin_argument.MixinArgumentDecorator object at 0x794510f60400>, verb_extension=<colcon_core.verb.build.BuildVerb object at 0x794510f2feb0>, main=<bound method BuildVerb.main of <colcon_core.verb.build.BuildVerb object at 0x794510f2feb0>>, mixin_verb=('build',))
[0.460s] Level 1:colcon.colcon_core.package_discovery:discover_packages(colcon_meta) check parameters
[0.460s] Level 1:colcon.colcon_core.package_discovery:discover_packages(recursive) check parameters
[0.460s] Level 1:colcon.colcon_core.package_discovery:discover_packages(ignore) check parameters
[0.460s] Level 1:colcon.colcon_core.package_discovery:discover_packages(path) check parameters
[0.460s] Level 1:colcon.colcon_core.package_discovery:discover_packages(colcon_meta) discover
[0.460s] Level 1:colcon.colcon_core.package_discovery:discover_packages(recursive) discover
[0.460s] INFO:colcon.colcon_core.package_discovery:Crawling recursively for packages in '/home/ishara/fyp/Human_Preffered_Velocity_Prediction'
[0.460s] Level 1:colcon.colcon_core.package_identification:_identify(.) by extensions ['ignore', 'ignore_ament_install']
[0.461s] Level 1:colcon.colcon_core.package_identification:_identify(.) by extension 'ignore'
[0.461s] Level 1:colcon.colcon_core.package_identification:_identify(.) by extension 'ignore_ament_install'
[0.461s] Level 1:colcon.colcon_core.package_identification:_identify(.) by extensions ['colcon_pkg']
[0.461s] Level 1:colcon.colcon_core.package_identification:_identify(.) by extension 'colcon_pkg'
[0.461s] Level 1:colcon.colcon_core.package_identification:_identify(.) by extensions ['colcon_meta']
[0.461s] Level 1:colcon.colcon_core.package_identification:_identify(.) by extension 'colcon_meta'
[0.461s] Level 1:colcon.colcon_core.package_identification:_identify(.) by extensions ['ros']
[0.461s] Level 1:colcon.colcon_core.package_identification:_identify(.) by extension 'ros'
[0.469s] Level 1:colcon.colcon_core.package_identification:_identify(.) by extensions ['cmake', 'python']
[0.469s] Level 1:colcon.colcon_core.package_identification:_identify(.) by extension 'cmake'
[0.469s] Level 1:colcon.colcon_core.package_identification:_identify(.) by extension 'python'
[0.469s] Level 1:colcon.colcon_core.package_identification:_identify(.) by extensions ['python_setup_py']
[0.469s] Level 1:colcon.colcon_core.package_identification:_identify(.) by extension 'python_setup_py'
[0.470s] Level 1:colcon.colcon_core.package_identification:_identify(build) by extensions ['ignore', 'ignore_ament_install']
[0.470s] Level 1:colcon.colcon_core.package_identification:_identify(build) by extension 'ignore'
[0.470s] Level 1:colcon.colcon_core.package_identification:_identify(build) ignored
[0.470s] Level 1:colcon.colcon_core.package_identification:_identify(install) by extensions ['ignore', 'ignore_ament_install']
[0.470s] Level 1:colcon.colcon_core.package_identification:_identify(install) by extension 'ignore'
[0.470s] Level 1:colcon.colcon_core.package_identification:_identify(install) ignored
[0.470s] Level 1:colcon.colcon_core.package_identification:_identify(log) by extensions ['ignore', 'ignore_ament_install']
[0.470s] Level 1:colcon.colcon_core.package_identification:_identify(log) by extension 'ignore'
[0.470s] Level 1:colcon.colcon_core.package_identification:_identify(log) ignored
[0.470s] Level 1:colcon.colcon_core.package_identification:_identify(src) by extensions ['ignore', 'ignore_ament_install']
[0.470s] Level 1:colcon.colcon_core.package_identification:_identify(src) by extension 'ignore'
[0.470s] Level 1:colcon.colcon_core.package_identification:_identify(src) by extension 'ignore_ament_install'
[0.470s] Level 1:colcon.colcon_core.package_identification:_identify(src) by extensions ['colcon_pkg']
[0.470s] Level 1:colcon.colcon_core.package_identification:_identify(src) by extension 'colcon_pkg'
[0.470s] Level 1:colcon.colcon_core.package_identification:_identify(src) by extensions ['colcon_meta']
[0.470s] Level 1:colcon.colcon_core.package_identification:_identify(src) by extension 'colcon_meta'
[0.470s] Level 1:colcon.colcon_core.package_identification:_identify(src) by extensions ['ros']
[0.470s] Level 1:colcon.colcon_core.package_identification:_identify(src) by extension 'ros'
[0.470s] Level 1:colcon.colcon_core.package_identification:_identify(src) by extensions ['cmake', 'python']
[0.471s] Level 1:colcon.colcon_core.package_identification:_identify(src) by extension 'cmake'
[0.471s] Level 1:colcon.colcon_core.package_identification:_identify(src) by extension 'python'
[0.471s] Level 1:colcon.colcon_core.package_identification:_identify(src) by extensions ['python_setup_py']
[0.471s] Level 1:colcon.colcon_core.package_identification:_identify(src) by extension 'python_setup_py'
[0.471s] Level 1:colcon.colcon_core.package_identification:_identify(src/goal_predictor) by extensions ['ignore', 'ignore_ament_install']
[0.471s] Level 1:colcon.colcon_core.package_identification:_identify(src/goal_predictor) by extension 'ignore'
[0.471s] Level 1:colcon.colcon_core.package_identification:_identify(src/goal_predictor) by extension 'ignore_ament_install'
[0.471s] Level 1:colcon.colcon_core.package_identification:_identify(src/goal_predictor) by extensions ['colcon_pkg']
[0.471s] Level 1:colcon.colcon_core.package_identification:_identify(src/goal_predictor) by extension 'colcon_pkg'
[0.471s] Level 1:colcon.colcon_core.package_identification:_identify(src/goal_predictor) by extensions ['colcon_meta']
[0.471s] Level 1:colcon.colcon_core.package_identification:_identify(src/goal_predictor) by extension 'colcon_meta'
[0.471s] Level 1:colcon.colcon_core.package_identification:_identify(src/goal_predictor) by extensions ['ros']
[0.471s] Level 1:colcon.colcon_core.package_identification:_identify(src/goal_predictor) by extension 'ros'
[0.471s] Level 1:colcon.colcon_core.package_identification:_identify(src/goal_predictor) by extensions ['cmake', 'python']
[0.471s] Level 1:colcon.colcon_core.package_identification:_identify(src/goal_predictor) by extension 'cmake'
[0.471s] Level 1:colcon.colcon_core.package_identification:_identify(src/goal_predictor) by extension 'python'
[0.471s] Level 1:colcon.colcon_core.package_identification:_identify(src/goal_predictor) by extensions ['python_setup_py']
[0.471s] Level 1:colcon.colcon_core.package_identification:_identify(src/goal_predictor) by extension 'python_setup_py'
[0.471s] Level 1:colcon.colcon_core.package_identification:_identify(src/goal_predictor/goal_predictor) by extensions ['ignore', 'ignore_ament_install']
[0.471s] Level 1:colcon.colcon_core.package_identification:_identify(src/goal_predictor/goal_predictor) by extension 'ignore'
[0.471s] Level 1:colcon.colcon_core.package_identification:_identify(src/goal_predictor/goal_predictor) by extension 'ignore_ament_install'
[0.471s] Level 1:colcon.colcon_core.package_identification:_identify(src/goal_predictor/goal_predictor) by extensions ['colcon_pkg']
[0.471s] Level 1:colcon.colcon_core.package_identification:_identify(src/goal_predictor/goal_predictor) by extension 'colcon_pkg'
[0.471s] Level 1:colcon.colcon_core.package_identification:_identify(src/goal_predictor/goal_predictor) by extensions ['colcon_meta']
[0.471s] Level 1:colcon.colcon_core.package_identification:_identify(src/goal_predictor/goal_predictor) by extension 'colcon_meta'
[0.471s] Level 1:colcon.colcon_core.package_identification:_identify(src/goal_predictor/goal_predictor) by extensions ['ros']
[0.471s] Level 1:colcon.colcon_core.package_identification:_identify(src/goal_predictor/goal_predictor) by extension 'ros'
[0.471s] Level 1:colcon.colcon_core.package_identification:_identify(src/goal_predictor/goal_predictor) by extensions ['cmake', 'python']
[0.472s] Level 1:colcon.colcon_core.package_identification:_identify(src/goal_predictor/goal_predictor) by extension 'cmake'
[0.472s] Level 1:colcon.colcon_core.package_identification:_identify(src/goal_predictor/goal_predictor) by extension 'python'
[0.472s] Level 1:colcon.colcon_core.package_identification:_identify(src/goal_predictor/goal_predictor) by extensions ['python_setup_py']
[0.472s] Level 1:colcon.colcon_core.package_identification:_identify(src/goal_predictor/goal_predictor) by extension 'python_setup_py'
[0.472s] Level 1:colcon.colcon_core.package_identification:_identify(src/human_data_buffer) by extensions ['ignore', 'ignore_ament_install']
[0.472s] Level 1:colcon.colcon_core.package_identification:_identify(src/human_data_buffer) by extension 'ignore'
[0.472s] Level 1:colcon.colcon_core.package_identification:_identify(src/human_data_buffer) by extension 'ignore_ament_install'
[0.472s] Level 1:colcon.colcon_core.package_identification:_identify(src/human_data_buffer) by extensions ['colcon_pkg']
[0.472s] Level 1:colcon.colcon_core.package_identification:_identify(src/human_data_buffer) by extension 'colcon_pkg'
[0.472s] Level 1:colcon.colcon_core.package_identification:_identify(src/human_data_buffer) by extensions ['colcon_meta']
[0.472s] Level 1:colcon.colcon_core.package_identification:_identify(src/human_data_buffer) by extension 'colcon_meta'
[0.472s] Level 1:colcon.colcon_core.package_identification:_identify(src/human_data_buffer) by extensions ['ros']
[0.472s] Level 1:colcon.colcon_core.package_identification:_identify(src/human_data_buffer) by extension 'ros'
[0.474s] DEBUG:colcon.colcon_core.package_identification:Package 'src/human_data_buffer' with type 'ros.ament_python' and name 'human_data_buffer'
[0.475s] Level 1:colcon.colcon_core.package_identification:_identify(src/preffered_velocity_prediction) by extensions ['ignore', 'ignore_ament_install']
[0.475s] Level 1:colcon.colcon_core.package_identification:_identify(src/preffered_velocity_prediction) by extension 'ignore'
[0.475s] Level 1:colcon.colcon_core.package_identification:_identify(src/preffered_velocity_prediction) by extension 'ignore_ament_install'
[0.475s] Level 1:colcon.colcon_core.package_identification:_identify(src/preffered_velocity_prediction) by extensions ['colcon_pkg']
[0.475s] Level 1:colcon.colcon_core.package_identification:_identify(src/preffered_velocity_prediction) by extension 'colcon_pkg'
[0.475s] Level 1:colcon.colcon_core.package_identification:_identify(src/preffered_velocity_prediction) by extensions ['colcon_meta']
[0.475s] Level 1:colcon.colcon_core.package_identification:_identify(src/preffered_velocity_prediction) by extension 'colcon_meta'
[0.475s] Level 1:colcon.colcon_core.package_identification:_identify(src/preffered_velocity_prediction) by extensions ['ros']
[0.475s] Level 1:colcon.colcon_core.package_identification:_identify(src/preffered_velocity_prediction) by extension 'ros'
[0.476s] DEBUG:colcon.colcon_core.package_identification:Package 'src/preffered_velocity_prediction' with type 'ros.ament_python' and name 'preffered_velocity_prediction'
[0.476s] Level 1:colcon.colcon_core.package_identification:_identify(src/smrr_goal_predictor) by extensions ['ignore', 'ignore_ament_install']
[0.476s] Level 1:colcon.colcon_core.package_identification:_identify(src/smrr_goal_predictor) by extension 'ignore'
[0.476s] Level 1:colcon.colcon_core.package_identification:_identify(src/smrr_goal_predictor) by extension 'ignore_ament_install'
[0.476s] Level 1:colcon.colcon_core.package_identification:_identify(src/smrr_goal_predictor) by extensions ['colcon_pkg']
[0.476s] Level 1:colcon.colcon_core.package_identification:_identify(src/smrr_goal_predictor) by extension 'colcon_pkg'
[0.476s] Level 1:colcon.colcon_core.package_identification:_identify(src/smrr_goal_predictor) by extensions ['colcon_meta']
[0.476s] Level 1:colcon.colcon_core.package_identification:_identify(src/smrr_goal_predictor) by extension 'colcon_meta'
[0.476s] Level 1:colcon.colcon_core.package_identification:_identify(src/smrr_goal_predictor) by extensions ['ros']
[0.476s] Level 1:colcon.colcon_core.package_identification:_identify(src/smrr_goal_predictor) by extension 'ros'
[0.476s] DEBUG:colcon.colcon_core.package_identification:Package 'src/smrr_goal_predictor' with type 'ros.ament_python' and name 'smrr_goal_predictor'
[0.477s] Level 1:colcon.colcon_core.package_identification:_identify(src/smrr_interfaces) by extensions ['ignore', 'ignore_ament_install']
[0.477s] Level 1:colcon.colcon_core.package_identification:_identify(src/smrr_interfaces) by extension 'ignore'
[0.477s] Level 1:colcon.colcon_core.package_identification:_identify(src/smrr_interfaces) by extension 'ignore_ament_install'
[0.477s] Level 1:colcon.colcon_core.package_identification:_identify(src/smrr_interfaces) by extensions ['colcon_pkg']
[0.477s] Level 1:colcon.colcon_core.package_identification:_identify(src/smrr_interfaces) by extension 'colcon_pkg'
[0.477s] Level 1:colcon.colcon_core.package_identification:_identify(src/smrr_interfaces) by extensions ['colcon_meta']
[0.477s] Level 1:colcon.colcon_core.package_identification:_identify(src/smrr_interfaces) by extension 'colcon_meta'
[0.477s] Level 1:colcon.colcon_core.package_identification:_identify(src/smrr_interfaces) by extensions ['ros']
[0.477s] Level 1:colcon.colcon_core.package_identification:_identify(src/smrr_interfaces) by extension 'ros'
[0.477s] DEBUG:colcon.colcon_core.package_identification:Package 'src/smrr_interfaces' with type 'ros.ament_cmake' and name 'smrr_interfaces'
[0.477s] Level 1:colcon.colcon_core.package_discovery:discover_packages(recursive) using defaults
[0.477s] Level 1:colcon.colcon_core.package_discovery:discover_packages(ignore) discover
[0.477s] Level 1:colcon.colcon_core.package_discovery:discover_packages(ignore) using defaults
[0.477s] Level 1:colcon.colcon_core.package_discovery:discover_packages(path) discover
[0.477s] Level 1:colcon.colcon_core.package_discovery:discover_packages(path) using defaults
[0.527s] Level 1:colcon.colcon_core.package_discovery:discover_packages(prefix_path) check parameters
[0.527s] Level 1:colcon.colcon_core.package_discovery:discover_packages(prefix_path) discover
[0.564s] DEBUG:colcon.colcon_installed_package_information.package_discovery:Found 4 installed packages in /home/ishara/fyp/Human_Preffered_Velocity_Prediction/install
[0.565s] DEBUG:colcon.colcon_installed_package_information.package_discovery:Found 1 installed packages in /home/ishara/cpp_pubsub/install
[0.565s] DEBUG:colcon.colcon_installed_package_information.package_discovery:Found 1 installed packages in /home/ishara/ros2_ws/install
[0.565s] DEBUG:colcon.colcon_installed_package_information.package_discovery:Found 7 installed packages in /home/ishara/prelab_ros2_ws/install
[0.567s] DEBUG:colcon.colcon_installed_package_information.package_discovery:Found 398 installed packages in /opt/ros/humble
[0.568s] Level 1:colcon.colcon_core.package_discovery:discover_packages(prefix_path) using defaults
[0.911s] Level 5:colcon.colcon_core.verb:set package 'human_data_buffer' build argument 'cmake_args' from command line to 'None'
[0.911s] Level 5:colcon.colcon_core.verb:set package 'human_data_buffer' build argument 'cmake_target' from command line to 'None'
[0.911s] Level 5:colcon.colcon_core.verb:set package 'human_data_buffer' build argument 'cmake_target_skip_unavailable' from command line to 'False'
[0.911s] Level 5:colcon.colcon_core.verb:set package 'human_data_buffer' build argument 'cmake_clean_cache' from command line to 'False'
[0.911s] Level 5:colcon.colcon_core.verb:set package 'human_data_buffer' build argument 'cmake_clean_first' from command line to 'False'
[0.911s] Level 5:colcon.colcon_core.verb:set package 'human_data_buffer' build argument 'cmake_force_configure' from command line to 'False'
[0.911s] Level 5:colcon.colcon_core.verb:set package 'human_data_buffer' build argument 'ament_cmake_args' from command line to 'None'
[0.911s] Level 5:colcon.colcon_core.verb:set package 'human_data_buffer' build argument 'catkin_cmake_args' from command line to 'None'
[0.911s] Level 5:colcon.colcon_core.verb:set package 'human_data_buffer' build argument 'catkin_skip_building_tests' from command line to 'False'
[0.911s] DEBUG:colcon.colcon_core.verb:Building package 'human_data_buffer' with the following arguments: {'ament_cmake_args': None, 'build_base': '/home/ishara/fyp/Human_Preffered_Velocity_Prediction/build/human_data_buffer', 'catkin_cmake_args': None, 'catkin_skip_building_tests': False, 'cmake_args': None, 'cmake_clean_cache': False, 'cmake_clean_first': False, 'cmake_force_configure': False, 'cmake_target': None, 'cmake_target_skip_unavailable': False, 'install_base': '/home/ishara/fyp/Human_Preffered_Velocity_Prediction/install/human_data_buffer', 'merge_install': False, 'path': '/home/ishara/fyp/Human_Preffered_Velocity_Prediction/src/human_data_buffer', 'symlink_install': True, 'test_result_base': None}
[0.911s] Level 5:colcon.colcon_core.verb:set package 'preffered_velocity_prediction' build argument 'cmake_args' from command line to 'None'
[0.911s] Level 5:colcon.colcon_core.verb:set package 'preffered_velocity_prediction' build argument 'cmake_target' from command line to 'None'
[0.912s] Level 5:colcon.colcon_core.verb:set package 'preffered_velocity_prediction' build argument 'cmake_target_skip_unavailable' from command line to 'False'
[0.912s] Level 5:colcon.colcon_core.verb:set package 'preffered_velocity_prediction' build argument 'cmake_clean_cache' from command line to 'False'
[0.912s] Level 5:colcon.colcon_core.verb:set package 'preffered_velocity_prediction' build argument 'cmake_clean_first' from command line to 'False'
[0.912s] Level 5:colcon.colcon_core.verb:set package 'preffered_velocity_prediction' build argument 'cmake_force_configure' from command line to 'False'
[0.912s] Level 5:colcon.colcon_core.verb:set package 'preffered_velocity_prediction' build argument 'ament_cmake_args' from command line to 'None'
[0.912s] Level 5:colcon.colcon_core.verb:set package 'preffered_velocity_prediction' build argument 'catkin_cmake_args' from command line to 'None'
[0.912s] Level 5:colcon.colcon_core.verb:set package 'preffered_velocity_prediction' build argument 'catkin_skip_building_tests' from command line to 'False'
[0.912s] DEBUG:colcon.colcon_core.verb:Building package 'preffered_velocity_prediction' with the following arguments: {'ament_cmake_args': None, 'build_base': '/home/ishara/fyp/Human_Preffered_Velocity_Prediction/build/preffered_velocity_prediction', 'catkin_cmake_args': None, 'catkin_skip_building_tests': False, 'cmake_args': None, 'cmake_clean_cache': False, 'cmake_clean_first': False, 'cmake_force_configure': False, 'cmake_target': None, 'cmake_target_skip_unavailable': False, 'install_base': '/home/ishara/fyp/Human_Preffered_Velocity_Prediction/install/preffered_velocity_prediction', 'merge_install': False, 'path': '/home/ishara/fyp/Human_Preffered_Velocity_Prediction/src/preffered_velocity_prediction', 'symlink_install': True, 'test_result_base': None}
[0.912s] Level 5:colcon.colcon_core.verb:set package 'smrr_goal_predictor' build argument 'cmake_args' from command line to 'None'
[0.912s] Level 5:colcon.colcon_core.verb:set package 'smrr_goal_predictor' build argument 'cmake_target' from command line to 'None'
[0.912s] Level 5:colcon.colcon_core.verb:set package 'smrr_goal_predictor' build argument 'cmake_target_skip_unavailable' from command line to 'False'
[0.912s] Level 5:colcon.colcon_core.verb:set package 'smrr_goal_predictor' build argument 'cmake_clean_cache' from command line to 'False'
[0.912s] Level 5:colcon.colcon_core.verb:set package 'smrr_goal_predictor' build argument 'cmake_clean_first' from command line to 'False'
[0.912s] Level 5:colcon.colcon_core.verb:set package 'smrr_goal_predictor' build argument 'cmake_force_configure' from command line to 'False'
[0.912s] Level 5:colcon.colcon_core.verb:set package 'smrr_goal_predictor' build argument 'ament_cmake_args' from command line to 'None'
[0.912s] Level 5:colcon.colcon_core.verb:set package 'smrr_goal_predictor' build argument 'catkin_cmake_args' from command line to 'None'
[0.912s] Level 5:colcon.colcon_core.verb:set package 'smrr_goal_predictor' build argument 'catkin_skip_building_tests' from command line to 'False'
[0.912s] DEBUG:colcon.colcon_core.verb:Building package 'smrr_goal_predictor' with the following arguments: {'ament_cmake_args': None, 'build_base': '/home/ishara/fyp/Human_Preffered_Velocity_Prediction/build/smrr_goal_predictor', 'catkin_cmake_args': None, 'catkin_skip_building_tests': False, 'cmake_args': None, 'cmake_clean_cache': False, 'cmake_clean_first': False, 'cmake_force_configure': False, 'cmake_target': None, 'cmake_target_skip_unavailable': False, 'install_base': '/home/ishara/fyp/Human_Preffered_Velocity_Prediction/install/smrr_goal_predictor', 'merge_install': False, 'path': '/home/ishara/fyp/Human_Preffered_Velocity_Prediction/src/smrr_goal_predictor', 'symlink_install': True, 'test_result_base': None}
[0.912s] Level 5:colcon.colcon_core.verb:set package 'smrr_interfaces' build argument 'cmake_args' from command line to 'None'
[0.912s] Level 5:colcon.colcon_core.verb:set package 'smrr_interfaces' build argument 'cmake_target' from command line to 'None'
[0.912s] Level 5:colcon.colcon_core.verb:set package 'smrr_interfaces' build argument 'cmake_target_skip_unavailable' from command line to 'False'
[0.912s] Level 5:colcon.colcon_core.verb:set package 'smrr_interfaces' build argument 'cmake_clean_cache' from command line to 'False'
[0.912s] Level 5:colcon.colcon_core.verb:set package 'smrr_interfaces' build argument 'cmake_clean_first' from command line to 'False'
[0.912s] Level 5:colcon.colcon_core.verb:set package 'smrr_interfaces' build argument 'cmake_force_configure' from command line to 'False'
[0.912s] Level 5:colcon.colcon_core.verb:set package 'smrr_interfaces' build argument 'ament_cmake_args' from command line to 'None'
[0.912s] Level 5:colcon.colcon_core.verb:set package 'smrr_interfaces' build argument 'catkin_cmake_args' from command line to 'None'
[0.912s] Level 5:colcon.colcon_core.verb:set package 'smrr_interfaces' build argument 'catkin_skip_building_tests' from command line to 'False'
[0.912s] DEBUG:colcon.colcon_core.verb:Building package 'smrr_interfaces' with the following arguments: {'ament_cmake_args': None, 'build_base': '/home/ishara/fyp/Human_Preffered_Velocity_Prediction/build/smrr_interfaces', 'catkin_cmake_args': None, 'catkin_skip_building_tests': False, 'cmake_args': None, 'cmake_clean_cache': False, 'cmake_clean_first': False, 'cmake_force_configure': False, 'cmake_target': None, 'cmake_target_skip_unavailable': False, 'install_base': '/home/ishara/fyp/Human_Preffered_Velocity_Prediction/install/smrr_interfaces', 'merge_install': False, 'path': '/home/ishara/fyp/Human_Preffered_Velocity_Prediction/src/smrr_interfaces', 'symlink_install': True, 'test_result_base': None}
[0.913s] INFO:colcon.colcon_core.executor:Executing jobs using 'parallel' executor
[0.913s] DEBUG:colcon.colcon_parallel_executor.executor.parallel:run_until_complete
[0.914s] INFO:colcon.colcon_ros.task.ament_python.build:Building ROS package in '/home/ishara/fyp/Human_Preffered_Velocity_Prediction/src/human_data_buffer' with build type 'ament_python'
[0.914s] Level 1:colcon.colcon_core.shell:create_environment_hook('human_data_buffer', 'ament_prefix_path')
[0.938s] INFO:colcon.colcon_core.plugin_system:Skipping extension 'colcon_core.shell.bat': Not used on non-Windows systems
[0.938s] INFO:colcon.colcon_core.shell:Creating environment hook '/home/ishara/fyp/Human_Preffered_Velocity_Prediction/install/human_data_buffer/share/human_data_buffer/hook/ament_prefix_path.ps1'
[0.951s] INFO:colcon.colcon_core.shell:Creating environment descriptor '/home/ishara/fyp/Human_Preffered_Velocity_Prediction/install/human_data_buffer/share/human_data_buffer/hook/ament_prefix_path.dsv'
[0.966s] INFO:colcon.colcon_core.shell:Creating environment hook '/home/ishara/fyp/Human_Preffered_Velocity_Prediction/install/human_data_buffer/share/human_data_buffer/hook/ament_prefix_path.sh'
[0.968s] INFO:colcon.colcon_core.shell:Skip shell extension 'powershell' for command environment: Not usable outside of PowerShell
[0.968s] DEBUG:colcon.colcon_core.shell:Skip shell extension 'dsv' for command environment
[0.980s] INFO:colcon.colcon_ros.task.ament_python.build:Building ROS package in '/home/ishara/fyp/Human_Preffered_Velocity_Prediction/src/preffered_velocity_prediction' with build type 'ament_python'
[0.981s] Level 1:colcon.colcon_core.shell:create_environment_hook('preffered_velocity_prediction', 'ament_prefix_path')
[0.981s] INFO:colcon.colcon_core.shell:Creating environment hook '/home/ishara/fyp/Human_Preffered_Velocity_Prediction/install/preffered_velocity_prediction/share/preffered_velocity_prediction/hook/ament_prefix_path.ps1'
[0.981s] INFO:colcon.colcon_core.shell:Creating environment descriptor '/home/ishara/fyp/Human_Preffered_Velocity_Prediction/install/preffered_velocity_prediction/share/preffered_velocity_prediction/hook/ament_prefix_path.dsv'
[0.982s] INFO:colcon.colcon_core.shell:Creating environment hook '/home/ishara/fyp/Human_Preffered_Velocity_Prediction/install/preffered_velocity_prediction/share/preffered_velocity_prediction/hook/ament_prefix_path.sh'
[0.982s] INFO:colcon.colcon_core.shell:Skip shell extension 'powershell' for command environment: Not usable outside of PowerShell
[0.982s] DEBUG:colcon.colcon_core.shell:Skip shell extension 'dsv' for command environment
[1.000s] INFO:colcon.colcon_ros.task.ament_python.build:Building ROS package in '/home/ishara/fyp/Human_Preffered_Velocity_Prediction/src/smrr_goal_predictor' with build type 'ament_python'
[1.000s] Level 1:colcon.colcon_core.shell:create_environment_hook('smrr_goal_predictor', 'ament_prefix_path')
[1.001s] INFO:colcon.colcon_core.shell:Creating environment hook '/home/ishara/fyp/Human_Preffered_Velocity_Prediction/install/smrr_goal_predictor/share/smrr_goal_predictor/hook/ament_prefix_path.ps1'
[1.002s] INFO:colcon.colcon_core.shell:Creating environment descriptor '/home/ishara/fyp/Human_Preffered_Velocity_Prediction/install/smrr_goal_predictor/share/smrr_goal_predictor/hook/ament_prefix_path.dsv'
[1.002s] INFO:colcon.colcon_core.shell:Creating environment hook '/home/ishara/fyp/Human_Preffered_Velocity_Prediction/install/smrr_goal_predictor/share/smrr_goal_predictor/hook/ament_prefix_path.sh'
[1.003s] INFO:colcon.colcon_core.shell:Skip shell extension 'powershell' for command environment: Not usable outside of PowerShell
[1.003s] DEBUG:colcon.colcon_core.shell:Skip shell extension 'dsv' for command environment
[1.008s] INFO:colcon.colcon_ros.task.ament_cmake.build:Building ROS package in '/home/ishara/fyp/Human_Preffered_Velocity_Prediction/src/smrr_interfaces' with build type 'ament_cmake'
[1.009s] INFO:colcon.colcon_cmake.task.cmake.build:Building CMake package in '/home/ishara/fyp/Human_Preffered_Velocity_Prediction/src/smrr_interfaces'
[1.009s] INFO:colcon.colcon_core.shell:Skip shell extension 'powershell' for command environment: Not usable outside of PowerShell
[1.009s] DEBUG:colcon.colcon_core.shell:Skip shell extension 'dsv' for command environment
[1.302s] INFO:colcon.colcon_core.task.python.build:Building Python package in '/home/ishara/fyp/Human_Preffered_Velocity_Prediction/src/human_data_buffer'
[1.303s] INFO:colcon.colcon_core.shell:Skip shell extension 'powershell' for command environment: Not usable outside of PowerShell
[1.303s] DEBUG:colcon.colcon_core.shell:Skip shell extension 'dsv' for command environment
[1.541s] INFO:colcon.colcon_core.task.python.build:Building Python package in '/home/ishara/fyp/Human_Preffered_Velocity_Prediction/src/preffered_velocity_prediction'
[1.542s] INFO:colcon.colcon_core.shell:Skip shell extension 'powershell' for command environment: Not usable outside of PowerShell
[1.542s] DEBUG:colcon.colcon_core.shell:Skip shell extension 'dsv' for command environment
[1.808s] INFO:colcon.colcon_core.task.python.build:Building Python package in '/home/ishara/fyp/Human_Preffered_Velocity_Prediction/src/smrr_goal_predictor'
[1.809s] INFO:colcon.colcon_core.shell:Skip shell extension 'powershell' for command environment: Not usable outside of PowerShell
[1.809s] DEBUG:colcon.colcon_core.shell:Skip shell extension 'dsv' for command environment
[1.855s] DEBUG:colcon.colcon_core.event_handler.log_command:Invoking command in '/home/ishara/fyp/Human_Preffered_Velocity_Prediction/build/smrr_interfaces': CMAKE_PREFIX_PATH=${CMAKE_PREFIX_PATH}:/home/ishara/fyp/Human_Preffered_Velocity_Prediction/install/smrr_goal_predictor:/home/ishara/fyp/Human_Preffered_Velocity_Prediction/install/preffered_velocity_prediction:/home/ishara/fyp/Human_Preffered_Velocity_Prediction/install/human_data_buffer:/home/ishara/ros2_ws/install/my_robot_controller:/opt/ros/humble /usr/bin/cmake --build /home/ishara/fyp/Human_Preffered_Velocity_Prediction/build/smrr_interfaces -- -j6 -l6
[3.206s] DEBUG:colcon.colcon_core.event_handler.log_command:Invoked command in '/home/ishara/fyp/Human_Preffered_Velocity_Prediction/build/smrr_interfaces' returned '0': CMAKE_PREFIX_PATH=${CMAKE_PREFIX_PATH}:/home/ishara/fyp/Human_Preffered_Velocity_Prediction/install/smrr_goal_predictor:/home/ishara/fyp/Human_Preffered_Velocity_Prediction/install/preffered_velocity_prediction:/home/ishara/fyp/Human_Preffered_Velocity_Prediction/install/human_data_buffer:/home/ishara/ros2_ws/install/my_robot_controller:/opt/ros/humble /usr/bin/cmake --build /home/ishara/fyp/Human_Preffered_Velocity_Prediction/build/smrr_interfaces -- -j6 -l6
[3.367s] DEBUG:colcon.colcon_core.event_handler.log_command:Invoking command in '/home/ishara/fyp/Human_Preffered_Velocity_Prediction/build/smrr_interfaces': CMAKE_PREFIX_PATH=${CMAKE_PREFIX_PATH}:/home/ishara/fyp/Human_Preffered_Velocity_Prediction/install/smrr_goal_predictor:/home/ishara/fyp/Human_Preffered_Velocity_Prediction/install/preffered_velocity_prediction:/home/ishara/fyp/Human_Preffered_Velocity_Prediction/install/human_data_buffer:/home/ishara/ros2_ws/install/my_robot_controller:/opt/ros/humble /usr/bin/cmake --install /home/ishara/fyp/Human_Preffered_Velocity_Prediction/build/smrr_interfaces
[3.598s] DEBUG:colcon.colcon_core.event_handler.log_command:Invoking command in '/home/ishara/fyp/Human_Preffered_Velocity_Prediction/build/human_data_buffer': PYTHONPATH=/home/ishara/fyp/Human_Preffered_Velocity_Prediction/build/human_data_buffer/prefix_override:/usr/lib/python3/dist-packages/colcon_core/task/python/colcon_distutils_commands:/home/ishara/fyp/Human_Preffered_Velocity_Prediction/install/human_data_buffer/lib/python3.10/site-packages:${PYTHONPATH} /usr/bin/python3 -W ignore:setup.py install is deprecated setup.py develop --editable --build-directory /home/ishara/fyp/Human_Preffered_Velocity_Prediction/build/human_data_buffer/build --no-deps symlink_data
[3.608s] DEBUG:colcon.colcon_core.event_handler.log_command:Invoking command in '/home/ishara/fyp/Human_Preffered_Velocity_Prediction/build/preffered_velocity_prediction': PYTHONPATH=/home/ishara/fyp/Human_Preffered_Velocity_Prediction/build/preffered_velocity_prediction/prefix_override:/usr/lib/python3/dist-packages/colcon_core/task/python/colcon_distutils_commands:/home/ishara/fyp/Human_Preffered_Velocity_Prediction/install/preffered_velocity_prediction/lib/python3.10/site-packages:${PYTHONPATH} /usr/bin/python3 -W ignore:setup.py install is deprecated setup.py develop --editable --build-directory /home/ishara/fyp/Human_Preffered_Velocity_Prediction/build/preffered_velocity_prediction/build --no-deps symlink_data
[3.613s] DEBUG:colcon.colcon_core.event_handler.log_command:Invoking command in '/home/ishara/fyp/Human_Preffered_Velocity_Prediction/build/smrr_goal_predictor': PYTHONPATH=/home/ishara/fyp/Human_Preffered_Velocity_Prediction/build/smrr_goal_predictor/prefix_override:/usr/lib/python3/dist-packages/colcon_core/task/python/colcon_distutils_commands:/home/ishara/fyp/Human_Preffered_Velocity_Prediction/install/smrr_goal_predictor/lib/python3.10/site-packages:${PYTHONPATH} /usr/bin/python3 -W ignore:setup.py install is deprecated setup.py develop --editable --build-directory /home/ishara/fyp/Human_Preffered_Velocity_Prediction/build/smrr_goal_predictor/build --no-deps symlink_data
[3.790s] Level 1:colcon.colcon_core.environment:create_environment_scripts_only(smrr_interfaces)
[3.794s] DEBUG:colcon.colcon_core.event_handler.log_command:Invoked command in '/home/ishara/fyp/Human_Preffered_Velocity_Prediction/build/smrr_interfaces' returned '0': CMAKE_PREFIX_PATH=${CMAKE_PREFIX_PATH}:/home/ishara/fyp/Human_Preffered_Velocity_Prediction/install/smrr_goal_predictor:/home/ishara/fyp/Human_Preffered_Velocity_Prediction/install/preffered_velocity_prediction:/home/ishara/fyp/Human_Preffered_Velocity_Prediction/install/human_data_buffer:/home/ishara/ros2_ws/install/my_robot_controller:/opt/ros/humble /usr/bin/cmake --install /home/ishara/fyp/Human_Preffered_Velocity_Prediction/build/smrr_interfaces
[3.811s] Level 1:colcon.colcon_core.environment:checking '/home/ishara/fyp/Human_Preffered_Velocity_Prediction/install/smrr_interfaces' for CMake module files
[3.812s] Level 1:colcon.colcon_core.environment:checking '/home/ishara/fyp/Human_Preffered_Velocity_Prediction/install/smrr_interfaces' for CMake config files
[3.813s] Level 1:colcon.colcon_core.shell:create_environment_hook('smrr_interfaces', 'cmake_prefix_path')
[3.813s] INFO:colcon.colcon_core.shell:Creating environment hook '/home/ishara/fyp/Human_Preffered_Velocity_Prediction/install/smrr_interfaces/share/smrr_interfaces/hook/cmake_prefix_path.ps1'
[3.813s] INFO:colcon.colcon_core.shell:Creating environment descriptor '/home/ishara/fyp/Human_Preffered_Velocity_Prediction/install/smrr_interfaces/share/smrr_interfaces/hook/cmake_prefix_path.dsv'
[3.817s] INFO:colcon.colcon_core.shell:Creating environment hook '/home/ishara/fyp/Human_Preffered_Velocity_Prediction/install/smrr_interfaces/share/smrr_interfaces/hook/cmake_prefix_path.sh'
[3.818s] Level 1:colcon.colcon_core.environment:checking '/home/ishara/fyp/Human_Preffered_Velocity_Prediction/install/smrr_interfaces/lib'
[3.818s] Level 1:colcon.colcon_core.shell:create_environment_hook('smrr_interfaces', 'ld_library_path_lib')
[3.819s] INFO:colcon.colcon_core.shell:Creating environment hook '/home/ishara/fyp/Human_Preffered_Velocity_Prediction/install/smrr_interfaces/share/smrr_interfaces/hook/ld_library_path_lib.ps1'
[3.819s] INFO:colcon.colcon_core.shell:Creating environment descriptor '/home/ishara/fyp/Human_Preffered_Velocity_Prediction/install/smrr_interfaces/share/smrr_interfaces/hook/ld_library_path_lib.dsv'
[3.819s] INFO:colcon.colcon_core.shell:Creating environment hook '/home/ishara/fyp/Human_Preffered_Velocity_Prediction/install/smrr_interfaces/share/smrr_interfaces/hook/ld_library_path_lib.sh'
[3.820s] Level 1:colcon.colcon_core.environment:checking '/home/ishara/fyp/Human_Preffered_Velocity_Prediction/install/smrr_interfaces/bin'
[3.820s] Level 1:colcon.colcon_core.environment:checking '/home/ishara/fyp/Human_Preffered_Velocity_Prediction/install/smrr_interfaces/lib/pkgconfig/smrr_interfaces.pc'
[3.825s] Level 1:colcon.colcon_core.environment:checking '/home/ishara/fyp/Human_Preffered_Velocity_Prediction/install/smrr_interfaces/lib/python3.10/site-packages'
[3.825s] Level 1:colcon.colcon_core.shell:create_environment_hook('smrr_interfaces', 'pythonpath')
[3.825s] INFO:colcon.colcon_core.shell:Creating environment hook '/home/ishara/fyp/Human_Preffered_Velocity_Prediction/install/smrr_interfaces/share/smrr_interfaces/hook/pythonpath.ps1'
[3.826s] INFO:colcon.colcon_core.shell:Creating environment descriptor '/home/ishara/fyp/Human_Preffered_Velocity_Prediction/install/smrr_interfaces/share/smrr_interfaces/hook/pythonpath.dsv'
[3.827s] INFO:colcon.colcon_core.shell:Creating environment hook '/home/ishara/fyp/Human_Preffered_Velocity_Prediction/install/smrr_interfaces/share/smrr_interfaces/hook/pythonpath.sh'
[3.829s] Level 1:colcon.colcon_core.environment:checking '/home/ishara/fyp/Human_Preffered_Velocity_Prediction/install/smrr_interfaces/bin'
[3.829s] INFO:colcon.colcon_core.shell:Creating package script '/home/ishara/fyp/Human_Preffered_Velocity_Prediction/install/smrr_interfaces/share/smrr_interfaces/package.ps1'
[3.832s] INFO:colcon.colcon_core.shell:Creating package descriptor '/home/ishara/fyp/Human_Preffered_Velocity_Prediction/install/smrr_interfaces/share/smrr_interfaces/package.dsv'
[3.834s] INFO:colcon.colcon_core.shell:Creating package script '/home/ishara/fyp/Human_Preffered_Velocity_Prediction/install/smrr_interfaces/share/smrr_interfaces/package.sh'
[3.835s] INFO:colcon.colcon_core.shell:Creating package script '/home/ishara/fyp/Human_Preffered_Velocity_Prediction/install/smrr_interfaces/share/smrr_interfaces/package.bash'
[3.849s] INFO:colcon.colcon_core.shell:Creating package script '/home/ishara/fyp/Human_Preffered_Velocity_Prediction/install/smrr_interfaces/share/smrr_interfaces/package.zsh'
[3.869s] Level 1:colcon.colcon_core.environment:create_file_with_runtime_dependencies(/home/ishara/fyp/Human_Preffered_Velocity_Prediction/install/smrr_interfaces/share/colcon-core/packages/smrr_interfaces)
[4.039s] Level 1:colcon.colcon_core.environment:create_environment_scripts_only(smrr_interfaces)
[4.040s] Level 1:colcon.colcon_core.environment:checking '/home/ishara/fyp/Human_Preffered_Velocity_Prediction/install/smrr_interfaces' for CMake module files
[4.041s] Level 1:colcon.colcon_core.environment:checking '/home/ishara/fyp/Human_Preffered_Velocity_Prediction/install/smrr_interfaces' for CMake config files
[4.042s] Level 1:colcon.colcon_core.shell:create_environment_hook('smrr_interfaces', 'cmake_prefix_path')
[4.043s] INFO:colcon.colcon_core.shell:Creating environment hook '/home/ishara/fyp/Human_Preffered_Velocity_Prediction/install/smrr_interfaces/share/smrr_interfaces/hook/cmake_prefix_path.ps1'
[4.043s] INFO:colcon.colcon_core.shell:Creating environment descriptor '/home/ishara/fyp/Human_Preffered_Velocity_Prediction/install/smrr_interfaces/share/smrr_interfaces/hook/cmake_prefix_path.dsv'
[4.044s] INFO:colcon.colcon_core.shell:Creating environment hook '/home/ishara/fyp/Human_Preffered_Velocity_Prediction/install/smrr_interfaces/share/smrr_interfaces/hook/cmake_prefix_path.sh'
[4.044s] Level 1:colcon.colcon_core.environment:checking '/home/ishara/fyp/Human_Preffered_Velocity_Prediction/install/smrr_interfaces/lib'
[4.044s] Level 1:colcon.colcon_core.shell:create_environment_hook('smrr_interfaces', 'ld_library_path_lib')
[4.044s] INFO:colcon.colcon_core.shell:Creating environment hook '/home/ishara/fyp/Human_Preffered_Velocity_Prediction/install/smrr_interfaces/share/smrr_interfaces/hook/ld_library_path_lib.ps1'
[4.045s] INFO:colcon.colcon_core.shell:Creating environment descriptor '/home/ishara/fyp/Human_Preffered_Velocity_Prediction/install/smrr_interfaces/share/smrr_interfaces/hook/ld_library_path_lib.dsv'
[4.045s] INFO:colcon.colcon_core.shell:Creating environment hook '/home/ishara/fyp/Human_Preffered_Velocity_Prediction/install/smrr_interfaces/share/smrr_interfaces/hook/ld_library_path_lib.sh'
[4.045s] Level 1:colcon.colcon_core.environment:checking '/home/ishara/fyp/Human_Preffered_Velocity_Prediction/install/smrr_interfaces/bin'
[4.046s] Level 1:colcon.colcon_core.environment:checking '/home/ishara/fyp/Human_Preffered_Velocity_Prediction/install/smrr_interfaces/lib/pkgconfig/smrr_interfaces.pc'
[4.046s] Level 1:colcon.colcon_core.environment:checking '/home/ishara/fyp/Human_Preffered_Velocity_Prediction/install/smrr_interfaces/lib/python3.10/site-packages'
[4.046s] Level 1:colcon.colcon_core.shell:create_environment_hook('smrr_interfaces', 'pythonpath')
[4.046s] INFO:colcon.colcon_core.shell:Creating environment hook '/home/ishara/fyp/Human_Preffered_Velocity_Prediction/install/smrr_interfaces/share/smrr_interfaces/hook/pythonpath.ps1'
[4.047s] INFO:colcon.colcon_core.shell:Creating environment descriptor '/home/ishara/fyp/Human_Preffered_Velocity_Prediction/install/smrr_interfaces/share/smrr_interfaces/hook/pythonpath.dsv'
[4.047s] INFO:colcon.colcon_core.shell:Creating environment hook '/home/ishara/fyp/Human_Preffered_Velocity_Prediction/install/smrr_interfaces/share/smrr_interfaces/hook/pythonpath.sh'
[4.047s] Level 1:colcon.colcon_core.environment:checking '/home/ishara/fyp/Human_Preffered_Velocity_Prediction/install/smrr_interfaces/bin'
[4.048s] INFO:colcon.colcon_core.shell:Creating package script '/home/ishara/fyp/Human_Preffered_Velocity_Prediction/install/smrr_interfaces/share/smrr_interfaces/package.ps1'
[4.048s] INFO:colcon.colcon_core.shell:Creating package descriptor '/home/ishara/fyp/Human_Preffered_Velocity_Prediction/install/smrr_interfaces/share/smrr_interfaces/package.dsv'
[4.049s] INFO:colcon.colcon_core.shell:Creating package script '/home/ishara/fyp/Human_Preffered_Velocity_Prediction/install/smrr_interfaces/share/smrr_interfaces/package.sh'
[4.049s] INFO:colcon.colcon_core.shell:Creating package script '/home/ishara/fyp/Human_Preffered_Velocity_Prediction/install/smrr_interfaces/share/smrr_interfaces/package.bash'
[4.050s] INFO:colcon.colcon_core.shell:Creating package script '/home/ishara/fyp/Human_Preffered_Velocity_Prediction/install/smrr_interfaces/share/smrr_interfaces/package.zsh'
[4.050s] Level 1:colcon.colcon_core.environment:create_file_with_runtime_dependencies(/home/ishara/fyp/Human_Preffered_Velocity_Prediction/install/smrr_interfaces/share/colcon-core/packages/smrr_interfaces)
[4.148s] Level 1:colcon.colcon_core.shell:create_environment_hook('human_data_buffer', 'pythonpath_develop')
[4.149s] INFO:colcon.colcon_core.shell:Creating environment hook '/home/ishara/fyp/Human_Preffered_Velocity_Prediction/build/human_data_buffer/share/human_data_buffer/hook/pythonpath_develop.ps1'
[4.150s] DEBUG:colcon.colcon_core.event_handler.log_command:Invoked command in '/home/ishara/fyp/Human_Preffered_Velocity_Prediction/build/human_data_buffer' returned '0': PYTHONPATH=/home/ishara/fyp/Human_Preffered_Velocity_Prediction/build/human_data_buffer/prefix_override:/usr/lib/python3/dist-packages/colcon_core/task/python/colcon_distutils_commands:/home/ishara/fyp/Human_Preffered_Velocity_Prediction/install/human_data_buffer/lib/python3.10/site-packages:${PYTHONPATH} /usr/bin/python3 -W ignore:setup.py install is deprecated setup.py develop --editable --build-directory /home/ishara/fyp/Human_Preffered_Velocity_Prediction/build/human_data_buffer/build --no-deps symlink_data
[4.150s] INFO:colcon.colcon_core.shell:Creating environment descriptor '/home/ishara/fyp/Human_Preffered_Velocity_Prediction/build/human_data_buffer/share/human_data_buffer/hook/pythonpath_develop.dsv'
[4.151s] INFO:colcon.colcon_core.shell:Creating environment hook '/home/ishara/fyp/Human_Preffered_Velocity_Prediction/build/human_data_buffer/share/human_data_buffer/hook/pythonpath_develop.sh'
[4.152s] Level 1:colcon.colcon_core.environment:checking '/home/ishara/fyp/Human_Preffered_Velocity_Prediction/install/human_data_buffer' for CMake module files
[4.152s] Level 1:colcon.colcon_core.environment:checking '/home/ishara/fyp/Human_Preffered_Velocity_Prediction/install/human_data_buffer' for CMake config files
[4.153s] Level 1:colcon.colcon_core.environment:checking '/home/ishara/fyp/Human_Preffered_Velocity_Prediction/install/human_data_buffer/lib'
[4.153s] Level 1:colcon.colcon_core.environment:checking '/home/ishara/fyp/Human_Preffered_Velocity_Prediction/install/human_data_buffer/bin'
[4.153s] Level 1:colcon.colcon_core.environment:checking '/home/ishara/fyp/Human_Preffered_Velocity_Prediction/install/human_data_buffer/lib/pkgconfig/human_data_buffer.pc'
[4.154s] Level 1:colcon.colcon_core.environment:checking '/home/ishara/fyp/Human_Preffered_Velocity_Prediction/install/human_data_buffer/lib/python3.10/site-packages'
[4.154s] Level 1:colcon.colcon_core.shell:create_environment_hook('human_data_buffer', 'pythonpath')
[4.154s] INFO:colcon.colcon_core.shell:Creating environment hook '/home/ishara/fyp/Human_Preffered_Velocity_Prediction/install/human_data_buffer/share/human_data_buffer/hook/pythonpath.ps1'
[4.155s] INFO:colcon.colcon_core.shell:Creating environment descriptor '/home/ishara/fyp/Human_Preffered_Velocity_Prediction/install/human_data_buffer/share/human_data_buffer/hook/pythonpath.dsv'
[4.156s] INFO:colcon.colcon_core.shell:Creating environment hook '/home/ishara/fyp/Human_Preffered_Velocity_Prediction/install/human_data_buffer/share/human_data_buffer/hook/pythonpath.sh'
[4.158s] Level 1:colcon.colcon_core.environment:checking '/home/ishara/fyp/Human_Preffered_Velocity_Prediction/install/human_data_buffer/bin'
[4.158s] Level 1:colcon.colcon_core.environment:create_environment_scripts_only(human_data_buffer)
[4.159s] INFO:colcon.colcon_core.shell:Creating package script '/home/ishara/fyp/Human_Preffered_Velocity_Prediction/install/human_data_buffer/share/human_data_buffer/package.ps1'
[4.159s] INFO:colcon.colcon_core.shell:Creating package descriptor '/home/ishara/fyp/Human_Preffered_Velocity_Prediction/install/human_data_buffer/share/human_data_buffer/package.dsv'
[4.160s] INFO:colcon.colcon_core.shell:Creating package script '/home/ishara/fyp/Human_Preffered_Velocity_Prediction/install/human_data_buffer/share/human_data_buffer/package.sh'
[4.161s] INFO:colcon.colcon_core.shell:Creating package script '/home/ishara/fyp/Human_Preffered_Velocity_Prediction/install/human_data_buffer/share/human_data_buffer/package.bash'
[4.162s] INFO:colcon.colcon_core.shell:Creating package script '/home/ishara/fyp/Human_Preffered_Velocity_Prediction/install/human_data_buffer/share/human_data_buffer/package.zsh'
[4.163s] Level 1:colcon.colcon_core.environment:create_file_with_runtime_dependencies(/home/ishara/fyp/Human_Preffered_Velocity_Prediction/install/human_data_buffer/share/colcon-core/packages/human_data_buffer)
[4.165s] Level 1:colcon.colcon_core.shell:create_environment_hook('preffered_velocity_prediction', 'pythonpath_develop')
[4.165s] INFO:colcon.colcon_core.shell:Creating environment hook '/home/ishara/fyp/Human_Preffered_Velocity_Prediction/build/preffered_velocity_prediction/share/preffered_velocity_prediction/hook/pythonpath_develop.ps1'
[4.167s] DEBUG:colcon.colcon_core.event_handler.log_command:Invoked command in '/home/ishara/fyp/Human_Preffered_Velocity_Prediction/build/preffered_velocity_prediction' returned '0': PYTHONPATH=/home/ishara/fyp/Human_Preffered_Velocity_Prediction/build/preffered_velocity_prediction/prefix_override:/usr/lib/python3/dist-packages/colcon_core/task/python/colcon_distutils_commands:/home/ishara/fyp/Human_Preffered_Velocity_Prediction/install/preffered_velocity_prediction/lib/python3.10/site-packages:${PYTHONPATH} /usr/bin/python3 -W ignore:setup.py install is deprecated setup.py develop --editable --build-directory /home/ishara/fyp/Human_Preffered_Velocity_Prediction/build/preffered_velocity_prediction/build --no-deps symlink_data
[4.168s] INFO:colcon.colcon_core.shell:Creating environment descriptor '/home/ishara/fyp/Human_Preffered_Velocity_Prediction/build/preffered_velocity_prediction/share/preffered_velocity_prediction/hook/pythonpath_develop.dsv'
[4.168s] INFO:colcon.colcon_core.shell:Creating environment hook '/home/ishara/fyp/Human_Preffered_Velocity_Prediction/build/preffered_velocity_prediction/share/preffered_velocity_prediction/hook/pythonpath_develop.sh'
[4.169s] Level 1:colcon.colcon_core.environment:checking '/home/ishara/fyp/Human_Preffered_Velocity_Prediction/install/preffered_velocity_prediction' for CMake module files
[4.170s] Level 1:colcon.colcon_core.environment:checking '/home/ishara/fyp/Human_Preffered_Velocity_Prediction/install/preffered_velocity_prediction' for CMake config files
[4.171s] Level 1:colcon.colcon_core.environment:checking '/home/ishara/fyp/Human_Preffered_Velocity_Prediction/install/preffered_velocity_prediction/lib'
[4.171s] Level 1:colcon.colcon_core.environment:checking '/home/ishara/fyp/Human_Preffered_Velocity_Prediction/install/preffered_velocity_prediction/bin'
[4.171s] Level 1:colcon.colcon_core.environment:checking '/home/ishara/fyp/Human_Preffered_Velocity_Prediction/install/preffered_velocity_prediction/lib/pkgconfig/preffered_velocity_prediction.pc'
[4.171s] Level 1:colcon.colcon_core.environment:checking '/home/ishara/fyp/Human_Preffered_Velocity_Prediction/install/preffered_velocity_prediction/lib/python3.10/site-packages'
[4.172s] Level 1:colcon.colcon_core.shell:create_environment_hook('preffered_velocity_prediction', 'pythonpath')
[4.172s] INFO:colcon.colcon_core.shell:Creating environment hook '/home/ishara/fyp/Human_Preffered_Velocity_Prediction/install/preffered_velocity_prediction/share/preffered_velocity_prediction/hook/pythonpath.ps1'
[4.173s] INFO:colcon.colcon_core.shell:Creating environment descriptor '/home/ishara/fyp/Human_Preffered_Velocity_Prediction/install/preffered_velocity_prediction/share/preffered_velocity_prediction/hook/pythonpath.dsv'
[4.174s] INFO:colcon.colcon_core.shell:Creating environment hook '/home/ishara/fyp/Human_Preffered_Velocity_Prediction/install/preffered_velocity_prediction/share/preffered_velocity_prediction/hook/pythonpath.sh'
[4.175s] Level 1:colcon.colcon_core.environment:checking '/home/ishara/fyp/Human_Preffered_Velocity_Prediction/install/preffered_velocity_prediction/bin'
[4.175s] Level 1:colcon.colcon_core.environment:create_environment_scripts_only(preffered_velocity_prediction)
[4.175s] INFO:colcon.colcon_core.shell:Creating package script '/home/ishara/fyp/Human_Preffered_Velocity_Prediction/install/preffered_velocity_prediction/share/preffered_velocity_prediction/package.ps1'
[4.176s] INFO:colcon.colcon_core.shell:Creating package descriptor '/home/ishara/fyp/Human_Preffered_Velocity_Prediction/install/preffered_velocity_prediction/share/preffered_velocity_prediction/package.dsv'
[4.177s] INFO:colcon.colcon_core.shell:Creating package script '/home/ishara/fyp/Human_Preffered_Velocity_Prediction/install/preffered_velocity_prediction/share/preffered_velocity_prediction/package.sh'
[4.178s] INFO:colcon.colcon_core.shell:Creating package script '/home/ishara/fyp/Human_Preffered_Velocity_Prediction/install/preffered_velocity_prediction/share/preffered_velocity_prediction/package.bash'
[4.179s] INFO:colcon.colcon_core.shell:Creating package script '/home/ishara/fyp/Human_Preffered_Velocity_Prediction/install/preffered_velocity_prediction/share/preffered_velocity_prediction/package.zsh'
[4.180s] Level 1:colcon.colcon_core.environment:create_file_with_runtime_dependencies(/home/ishara/fyp/Human_Preffered_Velocity_Prediction/install/preffered_velocity_prediction/share/colcon-core/packages/preffered_velocity_prediction)
[4.181s] Level 1:colcon.colcon_core.shell:create_environment_hook('smrr_goal_predictor', 'pythonpath_develop')
[4.181s] INFO:colcon.colcon_core.shell:Creating environment hook '/home/ishara/fyp/Human_Preffered_Velocity_Prediction/build/smrr_goal_predictor/share/smrr_goal_predictor/hook/pythonpath_develop.ps1'
[4.182s] DEBUG:colcon.colcon_core.event_handler.log_command:Invoked command in '/home/ishara/fyp/Human_Preffered_Velocity_Prediction/build/smrr_goal_predictor' returned '0': PYTHONPATH=/home/ishara/fyp/Human_Preffered_Velocity_Prediction/build/smrr_goal_predictor/prefix_override:/usr/lib/python3/dist-packages/colcon_core/task/python/colcon_distutils_commands:/home/ishara/fyp/Human_Preffered_Velocity_Prediction/install/smrr_goal_predictor/lib/python3.10/site-packages:${PYTHONPATH} /usr/bin/python3 -W ignore:setup.py install is deprecated setup.py develop --editable --build-directory /home/ishara/fyp/Human_Preffered_Velocity_Prediction/build/smrr_goal_predictor/build --no-deps symlink_data
[4.182s] INFO:colcon.colcon_core.shell:Creating environment descriptor '/home/ishara/fyp/Human_Preffered_Velocity_Prediction/build/smrr_goal_predictor/share/smrr_goal_predictor/hook/pythonpath_develop.dsv'
[4.183s] INFO:colcon.colcon_core.shell:Creating environment hook '/home/ishara/fyp/Human_Preffered_Velocity_Prediction/build/smrr_goal_predictor/share/smrr_goal_predictor/hook/pythonpath_develop.sh'
[4.184s] Level 1:colcon.colcon_core.environment:checking '/home/ishara/fyp/Human_Preffered_Velocity_Prediction/install/smrr_goal_predictor' for CMake module files
[4.185s] Level 1:colcon.colcon_core.environment:checking '/home/ishara/fyp/Human_Preffered_Velocity_Prediction/install/smrr_goal_predictor' for CMake config files
[4.186s] Level 1:colcon.colcon_core.environment:checking '/home/ishara/fyp/Human_Preffered_Velocity_Prediction/install/smrr_goal_predictor/lib'
[4.186s] Level 1:colcon.colcon_core.environment:checking '/home/ishara/fyp/Human_Preffered_Velocity_Prediction/install/smrr_goal_predictor/bin'
[4.186s] Level 1:colcon.colcon_core.environment:checking '/home/ishara/fyp/Human_Preffered_Velocity_Prediction/install/smrr_goal_predictor/lib/pkgconfig/smrr_goal_predictor.pc'
[4.187s] Level 1:colcon.colcon_core.environment:checking '/home/ishara/fyp/Human_Preffered_Velocity_Prediction/install/smrr_goal_predictor/lib/python3.10/site-packages'
[4.187s] Level 1:colcon.colcon_core.shell:create_environment_hook('smrr_goal_predictor', 'pythonpath')
[4.187s] INFO:colcon.colcon_core.shell:Creating environment hook '/home/ishara/fyp/Human_Preffered_Velocity_Prediction/install/smrr_goal_predictor/share/smrr_goal_predictor/hook/pythonpath.ps1'
[4.189s] INFO:colcon.colcon_core.shell:Creating environment descriptor '/home/ishara/fyp/Human_Preffered_Velocity_Prediction/install/smrr_goal_predictor/share/smrr_goal_predictor/hook/pythonpath.dsv'
[4.190s] INFO:colcon.colcon_core.shell:Creating environment hook '/home/ishara/fyp/Human_Preffered_Velocity_Prediction/install/smrr_goal_predictor/share/smrr_goal_predictor/hook/pythonpath.sh'
[4.191s] Level 1:colcon.colcon_core.environment:checking '/home/ishara/fyp/Human_Preffered_Velocity_Prediction/install/smrr_goal_predictor/bin'
[4.191s] Level 1:colcon.colcon_core.environment:create_environment_scripts_only(smrr_goal_predictor)
[4.192s] INFO:colcon.colcon_core.shell:Creating package script '/home/ishara/fyp/Human_Preffered_Velocity_Prediction/install/smrr_goal_predictor/share/smrr_goal_predictor/package.ps1'
[4.193s] INFO:colcon.colcon_core.shell:Creating package descriptor '/home/ishara/fyp/Human_Preffered_Velocity_Prediction/install/smrr_goal_predictor/share/smrr_goal_predictor/package.dsv'
[4.194s] INFO:colcon.colcon_core.shell:Creating package script '/home/ishara/fyp/Human_Preffered_Velocity_Prediction/install/smrr_goal_predictor/share/smrr_goal_predictor/package.sh'
[4.194s] INFO:colcon.colcon_core.shell:Creating package script '/home/ishara/fyp/Human_Preffered_Velocity_Prediction/install/smrr_goal_predictor/share/smrr_goal_predictor/package.bash'
[4.194s] INFO:colcon.colcon_core.shell:Creating package script '/home/ishara/fyp/Human_Preffered_Velocity_Prediction/install/smrr_goal_predictor/share/smrr_goal_predictor/package.zsh'
[4.195s] Level 1:colcon.colcon_core.environment:create_file_with_runtime_dependencies(/home/ishara/fyp/Human_Preffered_Velocity_Prediction/install/smrr_goal_predictor/share/colcon-core/packages/smrr_goal_predictor)
[4.195s] DEBUG:colcon.colcon_parallel_executor.executor.parallel:closing loop
[4.195s] DEBUG:colcon.colcon_parallel_executor.executor.parallel:loop closed
[4.195s] DEBUG:colcon.colcon_parallel_executor.executor.parallel:run_until_complete finished with '0'
[4.195s] DEBUG:colcon.colcon_core.event_reactor:joining thread
[4.226s] INFO:colcon.colcon_core.plugin_system:Skipping extension 'colcon_notification.desktop_notification.terminal_notifier': Not used on non-Darwin systems
[4.226s] INFO:colcon.colcon_core.plugin_system:Skipping extension 'colcon_notification.desktop_notification.win32': Not used on non-Windows systems
[4.226s] INFO:colcon.colcon_notification.desktop_notification:Sending desktop notification using 'notify2'
[4.248s] DEBUG:colcon.colcon_core.event_reactor:joined thread
[4.249s] INFO:colcon.colcon_core.shell:Creating prefix script '/home/ishara/fyp/Human_Preffered_Velocity_Prediction/install/local_setup.ps1'
[4.251s] INFO:colcon.colcon_core.shell:Creating prefix util module '/home/ishara/fyp/Human_Preffered_Velocity_Prediction/install/_local_setup_util_ps1.py'
[4.254s] INFO:colcon.colcon_core.shell:Creating prefix chain script '/home/ishara/fyp/Human_Preffered_Velocity_Prediction/install/setup.ps1'
[4.256s] INFO:colcon.colcon_core.shell:Creating prefix script '/home/ishara/fyp/Human_Preffered_Velocity_Prediction/install/local_setup.sh'
[4.257s] INFO:colcon.colcon_core.shell:Creating prefix util module '/home/ishara/fyp/Human_Preffered_Velocity_Prediction/install/_local_setup_util_sh.py'
[4.258s] INFO:colcon.colcon_core.shell:Creating prefix chain script '/home/ishara/fyp/Human_Preffered_Velocity_Prediction/install/setup.sh'
[4.261s] INFO:colcon.colcon_core.shell:Creating prefix script '/home/ishara/fyp/Human_Preffered_Velocity_Prediction/install/local_setup.bash'
[4.262s] INFO:colcon.colcon_core.shell:Creating prefix chain script '/home/ishara/fyp/Human_Preffered_Velocity_Prediction/install/setup.bash'
[4.272s] INFO:colcon.colcon_core.shell:Creating prefix script '/home/ishara/fyp/Human_Preffered_Velocity_Prediction/install/local_setup.zsh'
[4.273s] INFO:colcon.colcon_core.shell:Creating prefix chain script '/home/ishara/fyp/Human_Preffered_Velocity_Prediction/install/setup.zsh'
