running develop
/usr/lib/python3/dist-packages/setuptools/command/easy_install.py:158: EasyInstallDeprecationWarning: easy_install command is deprecated. Use build and pip and other standards-based tools.
  warnings.warn(
running egg_info
creating human_data_buffer.egg-info
writing human_data_buffer.egg-info/PKG-INFO
writing dependency_links to human_data_buffer.egg-info/dependency_links.txt
writing entry points to human_data_buffer.egg-info/entry_points.txt
writing requirements to human_data_buffer.egg-info/requires.txt
writing top-level names to human_data_buffer.egg-info/top_level.txt
writing manifest file 'human_data_buffer.egg-info/SOURCES.txt'
reading manifest file 'human_data_buffer.egg-info/SOURCES.txt'
writing manifest file 'human_data_buffer.egg-info/SOURCES.txt'
running build_ext
Creating /home/ishara/fyp/Human_Preffered_Velocity_Prediction/install/human_data_buffer/lib/python3.10/site-packages/human-data-buffer.egg-link (link to .)

Installed /home/ishara/fyp/Human_Preffered_Velocity_Prediction/build/human_data_buffer
running symlink_data
creating /home/ishara/fyp/Human_Preffered_Velocity_Prediction/install/human_data_buffer/share/ament_index
creating /home/ishara/fyp/Human_Preffered_Velocity_Prediction/install/human_data_buffer/share/ament_index/resource_index
creating /home/ishara/fyp/Human_Preffered_Velocity_Prediction/install/human_data_buffer/share/ament_index/resource_index/packages
symbolically linking /home/ishara/fyp/Human_Preffered_Velocity_Prediction/build/human_data_buffer/resource/human_data_buffer -> /home/ishara/fyp/Human_Preffered_Velocity_Prediction/install/human_data_buffer/share/ament_index/resource_index/packages
symbolically linking /home/ishara/fyp/Human_Preffered_Velocity_Prediction/build/human_data_buffer/package.xml -> /home/ishara/fyp/Human_Preffered_Velocity_Prediction/install/human_data_buffer/share/human_data_buffer
