running develop
running egg_info
creating smrr_goal_predictor.egg-info
writing smrr_goal_predictor.egg-info/PKG-INFO
writing dependency_links to smrr_goal_predictor.egg-info/dependency_links.txt
writing entry points to smrr_goal_predictor.egg-info/entry_points.txt
writing requirements to smrr_goal_predictor.egg-info/requires.txt
writing top-level names to smrr_goal_predictor.egg-info/top_level.txt
writing manifest file 'smrr_goal_predictor.egg-info/SOURCES.txt'
reading manifest file 'smrr_goal_predictor.egg-info/SOURCES.txt'
writing manifest file 'smrr_goal_predictor.egg-info/SOURCES.txt'
running build_ext
Creating /home/ishara/fyp/Human_Preffered_Velocity_Prediction/install/smrr_goal_predictor/lib/python3.10/site-packages/smrr-goal-predictor.egg-link (link to .)
Installing crowd_flow_publisher script to /home/ishara/fyp/Human_Preffered_Velocity_Prediction/install/smrr_goal_predictor/lib/smrr_goal_predictor
Installing goal_predictor script to /home/ishara/fyp/Human_Preffered_Velocity_Prediction/install/smrr_goal_predictor/lib/smrr_goal_predictor

Installed /home/ishara/fyp/Human_Preffered_Velocity_Prediction/build/smrr_goal_predictor
running symlink_data
creating /home/ishara/fyp/Human_Preffered_Velocity_Prediction/install/smrr_goal_predictor/share
creating /home/ishara/fyp/Human_Preffered_Velocity_Prediction/install/smrr_goal_predictor/share/ament_index
creating /home/ishara/fyp/Human_Preffered_Velocity_Prediction/install/smrr_goal_predictor/share/ament_index/resource_index
creating /home/ishara/fyp/Human_Preffered_Velocity_Prediction/install/smrr_goal_predictor/share/ament_index/resource_index/packages
symbolically linking /home/ishara/fyp/Human_Preffered_Velocity_Prediction/build/smrr_goal_predictor/resource/smrr_goal_predictor -> /home/ishara/fyp/Human_Preffered_Velocity_Prediction/install/smrr_goal_predictor/share/ament_index/resource_index/packages
creating /home/ishara/fyp/Human_Preffered_Velocity_Prediction/install/smrr_goal_predictor/share/smrr_goal_predictor
symbolically linking /home/ishara/fyp/Human_Preffered_Velocity_Prediction/build/smrr_goal_predictor/package.xml -> /home/ishara/fyp/Human_Preffered_Velocity_Prediction/install/smrr_goal_predictor/share/smrr_goal_predictor
