[1.078s] Invoking command in '/home/ishara/fyp/Human_Preffered_Velocity_Prediction/build/smrr_goal_predictor': PYTHONPATH=/home/ishara/fyp/Human_Preffered_Velocity_Prediction/build/smrr_goal_predictor/prefix_override:/usr/lib/python3/dist-packages/colcon_core/task/python/colcon_distutils_commands:/home/ishara/fyp/Human_Preffered_Velocity_Prediction/install/smrr_goal_predictor/lib/python3.10/site-packages:${PYTHONPATH} /usr/bin/python3 -W ignore:setup.py install is deprecated setup.py develop --editable --build-directory /home/ishara/fyp/Human_Preffered_Velocity_Prediction/build/smrr_goal_predictor/build --no-deps symlink_data
[1.316s] running develop
[1.316s] /usr/lib/python3/dist-packages/setuptools/command/easy_install.py:158: EasyInstallDeprecationWarning: easy_install command is deprecated. Use build and pip and other standards-based tools.
[1.317s]   warnings.warn(
[1.452s] running egg_info
[1.452s] creating smrr_goal_predictor.egg-info
[1.453s] writing smrr_goal_predictor.egg-info/PKG-INFO
[1.453s] writing dependency_links to smrr_goal_predictor.egg-info/dependency_links.txt
[1.453s] writing entry points to smrr_goal_predictor.egg-info/entry_points.txt
[1.453s] writing requirements to smrr_goal_predictor.egg-info/requires.txt
[1.453s] writing top-level names to smrr_goal_predictor.egg-info/top_level.txt
[1.453s] writing manifest file 'smrr_goal_predictor.egg-info/SOURCES.txt'
[1.455s] reading manifest file 'smrr_goal_predictor.egg-info/SOURCES.txt'
[1.455s] writing manifest file 'smrr_goal_predictor.egg-info/SOURCES.txt'
[1.456s] running build_ext
[1.457s] Creating /home/ishara/fyp/Human_Preffered_Velocity_Prediction/install/smrr_goal_predictor/lib/python3.10/site-packages/smrr-goal-predictor.egg-link (link to .)
[1.457s] Installing crowd_flow_publisher script to /home/ishara/fyp/Human_Preffered_Velocity_Prediction/install/smrr_goal_predictor/lib/smrr_goal_predictor
[1.457s] Installing goal_predictor script to /home/ishara/fyp/Human_Preffered_Velocity_Prediction/install/smrr_goal_predictor/lib/smrr_goal_predictor
[1.458s] 
[1.458s] Installed /home/ishara/fyp/Human_Preffered_Velocity_Prediction/build/smrr_goal_predictor
[1.458s] running symlink_data
[1.458s] creating /home/ishara/fyp/Human_Preffered_Velocity_Prediction/install/smrr_goal_predictor/share
[1.458s] creating /home/ishara/fyp/Human_Preffered_Velocity_Prediction/install/smrr_goal_predictor/share/ament_index
[1.458s] creating /home/ishara/fyp/Human_Preffered_Velocity_Prediction/install/smrr_goal_predictor/share/ament_index/resource_index
[1.458s] creating /home/ishara/fyp/Human_Preffered_Velocity_Prediction/install/smrr_goal_predictor/share/ament_index/resource_index/packages
[1.458s] symbolically linking /home/ishara/fyp/Human_Preffered_Velocity_Prediction/build/smrr_goal_predictor/resource/smrr_goal_predictor -> /home/ishara/fyp/Human_Preffered_Velocity_Prediction/install/smrr_goal_predictor/share/ament_index/resource_index/packages
[1.459s] creating /home/ishara/fyp/Human_Preffered_Velocity_Prediction/install/smrr_goal_predictor/share/smrr_goal_predictor
[1.459s] symbolically linking /home/ishara/fyp/Human_Preffered_Velocity_Prediction/build/smrr_goal_predictor/package.xml -> /home/ishara/fyp/Human_Preffered_Velocity_Prediction/install/smrr_goal_predictor/share/smrr_goal_predictor
[1.517s] Invoked command in '/home/ishara/fyp/Human_Preffered_Velocity_Prediction/build/smrr_goal_predictor' returned '0': PYTHONPATH=/home/ishara/fyp/Human_Preffered_Velocity_Prediction/build/smrr_goal_predictor/prefix_override:/usr/lib/python3/dist-packages/colcon_core/task/python/colcon_distutils_commands:/home/ishara/fyp/Human_Preffered_Velocity_Prediction/install/smrr_goal_predictor/lib/python3.10/site-packages:${PYTHONPATH} /usr/bin/python3 -W ignore:setup.py install is deprecated setup.py develop --editable --build-directory /home/ishara/fyp/Human_Preffered_Velocity_Prediction/build/smrr_goal_predictor/build --no-deps symlink_data
