[1.685s] Invoking command in '/home/ishara/fyp/Human_Preffered_Velocity_Prediction/build/goal_predictor': PYTHONPATH=/home/ishara/fyp/Human_Preffered_Velocity_Prediction/build/goal_predictor/prefix_override:/usr/lib/python3/dist-packages/colcon_core/task/python/colcon_distutils_commands:/home/ishara/fyp/Human_Preffered_Velocity_Prediction/install/goal_predictor/lib/python3.10/site-packages:${PYTHONPATH} /usr/bin/python3 -W ignore:setup.py install is deprecated setup.py develop --editable --build-directory /home/ishara/fyp/Human_Preffered_Velocity_Prediction/build/goal_predictor/build --no-deps symlink_data
[1.906s] running develop
[1.906s] /usr/lib/python3/dist-packages/setuptools/command/easy_install.py:158: EasyInstallDeprecationWarning: easy_install command is deprecated. Use build and pip and other standards-based tools.
[1.906s]   warnings.warn(
[2.067s] running egg_info
[2.067s] writing goal_predictor.egg-info/PKG-INFO
[2.067s] writing dependency_links to goal_predictor.egg-info/dependency_links.txt
[2.067s] writing entry points to goal_predictor.egg-info/entry_points.txt
[2.067s] writing requirements to goal_predictor.egg-info/requires.txt
[2.068s] writing top-level names to goal_predictor.egg-info/top_level.txt
[2.068s] reading manifest file 'goal_predictor.egg-info/SOURCES.txt'
[2.069s] writing manifest file 'goal_predictor.egg-info/SOURCES.txt'
[2.070s] running build_ext
[2.070s] Creating /home/ishara/fyp/Human_Preffered_Velocity_Prediction/install/goal_predictor/lib/python3.10/site-packages/goal-predictor.egg-link (link to .)
[2.071s] Installing crowd_flow_publisher script to /home/ishara/fyp/Human_Preffered_Velocity_Prediction/install/goal_predictor/lib/goal_predictor
[2.071s] Installing goal_predictor script to /home/ishara/fyp/Human_Preffered_Velocity_Prediction/install/goal_predictor/lib/goal_predictor
[2.072s] 
[2.072s] Installed /home/ishara/fyp/Human_Preffered_Velocity_Prediction/build/goal_predictor
[2.072s] running symlink_data
[2.072s] symbolically linking /home/ishara/fyp/Human_Preffered_Velocity_Prediction/build/goal_predictor/resource/goal_predictor -> /home/ishara/fyp/Human_Preffered_Velocity_Prediction/install/goal_predictor/share/ament_index/resource_index/packages
[2.072s] symbolically linking /home/ishara/fyp/Human_Preffered_Velocity_Prediction/build/goal_predictor/package.xml -> /home/ishara/fyp/Human_Preffered_Velocity_Prediction/install/goal_predictor/share/goal_predictor
[2.197s] Invoked command in '/home/ishara/fyp/Human_Preffered_Velocity_Prediction/build/goal_predictor' returned '0': PYTHONPATH=/home/ishara/fyp/Human_Preffered_Velocity_Prediction/build/goal_predictor/prefix_override:/usr/lib/python3/dist-packages/colcon_core/task/python/colcon_distutils_commands:/home/ishara/fyp/Human_Preffered_Velocity_Prediction/install/goal_predictor/lib/python3.10/site-packages:${PYTHONPATH} /usr/bin/python3 -W ignore:setup.py install is deprecated setup.py develop --editable --build-directory /home/ishara/fyp/Human_Preffered_Velocity_Prediction/build/goal_predictor/build --no-deps symlink_data
