[0.508s] DEBUG:colcon:Command line arguments: ['/usr/bin/colcon', 'build', '--symlink-install']
[0.508s] DEBUG:colcon:Parsed command line arguments: Namespace(log_base=None, log_level=None, verb_name='build', build_base='build', install_base='install', merge_install=False, symlink_install=True, test_result_base=None, continue_on_error=False, executor='parallel', parallel_workers=6, event_handlers=None, ignore_user_meta=False, metas=['./colcon.meta'], base_paths=['.'], packages_ignore=None, packages_ignore_regex=None, paths=None, packages_up_to=None, packages_up_to_regex=None, packages_above=None, packages_above_and_dependencies=None, packages_above_depth=None, packages_select_by_dep=None, packages_skip_by_dep=None, packages_skip_up_to=None, packages_select_build_failed=False, packages_skip_build_finished=False, packages_select_test_failures=False, packages_skip_test_passed=False, packages_select=None, packages_skip=None, packages_select_regex=None, packages_skip_regex=None, packages_start=None, packages_end=None, allow_overriding=[], cmake_args=None, cmake_target=None, cmake_target_skip_unavailable=False, cmake_clean_cache=False, cmake_clean_first=False, cmake_force_configure=False, ament_cmake_args=None, catkin_cmake_args=None, catkin_skip_building_tests=False, mixin_files=None, mixin=None, verb_parser=<colcon_mixin.mixin.mixin_argument.MixinArgumentDecorator object at 0x78bbaef603d0>, verb_extension=<colcon_core.verb.build.BuildVerb object at 0x78bbaef2fe80>, main=<bound method BuildVerb.main of <colcon_core.verb.build.BuildVerb object at 0x78bbaef2fe80>>, mixin_verb=('build',))
[1.120s] Level 1:colcon.colcon_core.package_discovery:discover_packages(colcon_meta) check parameters
[1.120s] Level 1:colcon.colcon_core.package_discovery:discover_packages(recursive) check parameters
[1.120s] Level 1:colcon.colcon_core.package_discovery:discover_packages(ignore) check parameters
[1.120s] Level 1:colcon.colcon_core.package_discovery:discover_packages(path) check parameters
[1.120s] Level 1:colcon.colcon_core.package_discovery:discover_packages(colcon_meta) discover
[1.120s] Level 1:colcon.colcon_core.package_discovery:discover_packages(recursive) discover
[1.120s] INFO:colcon.colcon_core.package_discovery:Crawling recursively for packages in '/home/ishara/fyp/Human_Preffered_Velocity_Prediction'
[1.120s] Level 1:colcon.colcon_core.package_identification:_identify(.) by extensions ['ignore', 'ignore_ament_install']
[1.120s] Level 1:colcon.colcon_core.package_identification:_identify(.) by extension 'ignore'
[1.120s] Level 1:colcon.colcon_core.package_identification:_identify(.) by extension 'ignore_ament_install'
[1.121s] Level 1:colcon.colcon_core.package_identification:_identify(.) by extensions ['colcon_pkg']
[1.121s] Level 1:colcon.colcon_core.package_identification:_identify(.) by extension 'colcon_pkg'
[1.121s] Level 1:colcon.colcon_core.package_identification:_identify(.) by extensions ['colcon_meta']
[1.121s] Level 1:colcon.colcon_core.package_identification:_identify(.) by extension 'colcon_meta'
[1.121s] Level 1:colcon.colcon_core.package_identification:_identify(.) by extensions ['ros']
[1.121s] Level 1:colcon.colcon_core.package_identification:_identify(.) by extension 'ros'
[1.131s] Level 1:colcon.colcon_core.package_identification:_identify(.) by extensions ['cmake', 'python']
[1.131s] Level 1:colcon.colcon_core.package_identification:_identify(.) by extension 'cmake'
[1.131s] Level 1:colcon.colcon_core.package_identification:_identify(.) by extension 'python'
[1.131s] Level 1:colcon.colcon_core.package_identification:_identify(.) by extensions ['python_setup_py']
[1.131s] Level 1:colcon.colcon_core.package_identification:_identify(.) by extension 'python_setup_py'
[1.131s] Level 1:colcon.colcon_core.package_identification:_identify(build) by extensions ['ignore', 'ignore_ament_install']
[1.131s] Level 1:colcon.colcon_core.package_identification:_identify(build) by extension 'ignore'
[1.131s] Level 1:colcon.colcon_core.package_identification:_identify(build) ignored
[1.131s] Level 1:colcon.colcon_core.package_identification:_identify(install) by extensions ['ignore', 'ignore_ament_install']
[1.132s] Level 1:colcon.colcon_core.package_identification:_identify(install) by extension 'ignore'
[1.132s] Level 1:colcon.colcon_core.package_identification:_identify(install) ignored
[1.132s] Level 1:colcon.colcon_core.package_identification:_identify(log) by extensions ['ignore', 'ignore_ament_install']
[1.132s] Level 1:colcon.colcon_core.package_identification:_identify(log) by extension 'ignore'
[1.132s] Level 1:colcon.colcon_core.package_identification:_identify(log) ignored
[1.132s] Level 1:colcon.colcon_core.package_identification:_identify(src) by extensions ['ignore', 'ignore_ament_install']
[1.132s] Level 1:colcon.colcon_core.package_identification:_identify(src) by extension 'ignore'
[1.132s] Level 1:colcon.colcon_core.package_identification:_identify(src) by extension 'ignore_ament_install'
[1.132s] Level 1:colcon.colcon_core.package_identification:_identify(src) by extensions ['colcon_pkg']
[1.132s] Level 1:colcon.colcon_core.package_identification:_identify(src) by extension 'colcon_pkg'
[1.132s] Level 1:colcon.colcon_core.package_identification:_identify(src) by extensions ['colcon_meta']
[1.132s] Level 1:colcon.colcon_core.package_identification:_identify(src) by extension 'colcon_meta'
[1.132s] Level 1:colcon.colcon_core.package_identification:_identify(src) by extensions ['ros']
[1.132s] Level 1:colcon.colcon_core.package_identification:_identify(src) by extension 'ros'
[1.132s] Level 1:colcon.colcon_core.package_identification:_identify(src) by extensions ['cmake', 'python']
[1.132s] Level 1:colcon.colcon_core.package_identification:_identify(src) by extension 'cmake'
[1.132s] Level 1:colcon.colcon_core.package_identification:_identify(src) by extension 'python'
[1.132s] Level 1:colcon.colcon_core.package_identification:_identify(src) by extensions ['python_setup_py']
[1.132s] Level 1:colcon.colcon_core.package_identification:_identify(src) by extension 'python_setup_py'
[1.132s] Level 1:colcon.colcon_core.package_identification:_identify(src/docking_controller) by extensions ['ignore', 'ignore_ament_install']
[1.133s] Level 1:colcon.colcon_core.package_identification:_identify(src/docking_controller) by extension 'ignore'
[1.133s] Level 1:colcon.colcon_core.package_identification:_identify(src/docking_controller) by extension 'ignore_ament_install'
[1.133s] Level 1:colcon.colcon_core.package_identification:_identify(src/docking_controller) by extensions ['colcon_pkg']
[1.133s] Level 1:colcon.colcon_core.package_identification:_identify(src/docking_controller) by extension 'colcon_pkg'
[1.133s] Level 1:colcon.colcon_core.package_identification:_identify(src/docking_controller) by extensions ['colcon_meta']
[1.133s] Level 1:colcon.colcon_core.package_identification:_identify(src/docking_controller) by extension 'colcon_meta'
[1.133s] Level 1:colcon.colcon_core.package_identification:_identify(src/docking_controller) by extensions ['ros']
[1.133s] Level 1:colcon.colcon_core.package_identification:_identify(src/docking_controller) by extension 'ros'
[1.151s] DEBUG:colcon.colcon_core.package_identification:Package 'src/docking_controller' with type 'ros.ament_python' and name 'docking_controller'
[1.152s] Level 1:colcon.colcon_core.package_identification:_identify(src/goal_predictor) by extensions ['ignore', 'ignore_ament_install']
[1.152s] Level 1:colcon.colcon_core.package_identification:_identify(src/goal_predictor) by extension 'ignore'
[1.152s] Level 1:colcon.colcon_core.package_identification:_identify(src/goal_predictor) by extension 'ignore_ament_install'
[1.152s] Level 1:colcon.colcon_core.package_identification:_identify(src/goal_predictor) by extensions ['colcon_pkg']
[1.152s] Level 1:colcon.colcon_core.package_identification:_identify(src/goal_predictor) by extension 'colcon_pkg'
[1.152s] Level 1:colcon.colcon_core.package_identification:_identify(src/goal_predictor) by extensions ['colcon_meta']
[1.152s] Level 1:colcon.colcon_core.package_identification:_identify(src/goal_predictor) by extension 'colcon_meta'
[1.152s] Level 1:colcon.colcon_core.package_identification:_identify(src/goal_predictor) by extensions ['ros']
[1.152s] Level 1:colcon.colcon_core.package_identification:_identify(src/goal_predictor) by extension 'ros'
[1.152s] Level 1:colcon.colcon_core.package_identification:_identify(src/goal_predictor) by extensions ['cmake', 'python']
[1.152s] Level 1:colcon.colcon_core.package_identification:_identify(src/goal_predictor) by extension 'cmake'
[1.152s] Level 1:colcon.colcon_core.package_identification:_identify(src/goal_predictor) by extension 'python'
[1.152s] Level 1:colcon.colcon_core.package_identification:_identify(src/goal_predictor) by extensions ['python_setup_py']
[1.153s] Level 1:colcon.colcon_core.package_identification:_identify(src/goal_predictor) by extension 'python_setup_py'
[1.153s] Level 1:colcon.colcon_core.package_identification:_identify(src/goal_predictor/goal_predictor) by extensions ['ignore', 'ignore_ament_install']
[1.153s] Level 1:colcon.colcon_core.package_identification:_identify(src/goal_predictor/goal_predictor) by extension 'ignore'
[1.153s] Level 1:colcon.colcon_core.package_identification:_identify(src/goal_predictor/goal_predictor) by extension 'ignore_ament_install'
[1.153s] Level 1:colcon.colcon_core.package_identification:_identify(src/goal_predictor/goal_predictor) by extensions ['colcon_pkg']
[1.153s] Level 1:colcon.colcon_core.package_identification:_identify(src/goal_predictor/goal_predictor) by extension 'colcon_pkg'
[1.153s] Level 1:colcon.colcon_core.package_identification:_identify(src/goal_predictor/goal_predictor) by extensions ['colcon_meta']
[1.153s] Level 1:colcon.colcon_core.package_identification:_identify(src/goal_predictor/goal_predictor) by extension 'colcon_meta'
[1.153s] Level 1:colcon.colcon_core.package_identification:_identify(src/goal_predictor/goal_predictor) by extensions ['ros']
[1.153s] Level 1:colcon.colcon_core.package_identification:_identify(src/goal_predictor/goal_predictor) by extension 'ros'
[1.153s] Level 1:colcon.colcon_core.package_identification:_identify(src/goal_predictor/goal_predictor) by extensions ['cmake', 'python']
[1.153s] Level 1:colcon.colcon_core.package_identification:_identify(src/goal_predictor/goal_predictor) by extension 'cmake'
[1.153s] Level 1:colcon.colcon_core.package_identification:_identify(src/goal_predictor/goal_predictor) by extension 'python'
[1.153s] Level 1:colcon.colcon_core.package_identification:_identify(src/goal_predictor/goal_predictor) by extensions ['python_setup_py']
[1.153s] Level 1:colcon.colcon_core.package_identification:_identify(src/goal_predictor/goal_predictor) by extension 'python_setup_py'
[1.153s] Level 1:colcon.colcon_core.package_identification:_identify(src/human_data_buffer) by extensions ['ignore', 'ignore_ament_install']
[1.153s] Level 1:colcon.colcon_core.package_identification:_identify(src/human_data_buffer) by extension 'ignore'
[1.153s] Level 1:colcon.colcon_core.package_identification:_identify(src/human_data_buffer) by extension 'ignore_ament_install'
[1.153s] Level 1:colcon.colcon_core.package_identification:_identify(src/human_data_buffer) by extensions ['colcon_pkg']
[1.153s] Level 1:colcon.colcon_core.package_identification:_identify(src/human_data_buffer) by extension 'colcon_pkg'
[1.153s] Level 1:colcon.colcon_core.package_identification:_identify(src/human_data_buffer) by extensions ['colcon_meta']
[1.153s] Level 1:colcon.colcon_core.package_identification:_identify(src/human_data_buffer) by extension 'colcon_meta'
[1.153s] Level 1:colcon.colcon_core.package_identification:_identify(src/human_data_buffer) by extensions ['ros']
[1.154s] Level 1:colcon.colcon_core.package_identification:_identify(src/human_data_buffer) by extension 'ros'
[1.164s] DEBUG:colcon.colcon_core.package_identification:Package 'src/human_data_buffer' with type 'ros.ament_python' and name 'human_data_buffer'
[1.165s] Level 1:colcon.colcon_core.package_identification:_identify(src/preffered_velocity_prediction) by extensions ['ignore', 'ignore_ament_install']
[1.165s] Level 1:colcon.colcon_core.package_identification:_identify(src/preffered_velocity_prediction) by extension 'ignore'
[1.165s] Level 1:colcon.colcon_core.package_identification:_identify(src/preffered_velocity_prediction) by extension 'ignore_ament_install'
[1.165s] Level 1:colcon.colcon_core.package_identification:_identify(src/preffered_velocity_prediction) by extensions ['colcon_pkg']
[1.165s] Level 1:colcon.colcon_core.package_identification:_identify(src/preffered_velocity_prediction) by extension 'colcon_pkg'
[1.165s] Level 1:colcon.colcon_core.package_identification:_identify(src/preffered_velocity_prediction) by extensions ['colcon_meta']
[1.165s] Level 1:colcon.colcon_core.package_identification:_identify(src/preffered_velocity_prediction) by extension 'colcon_meta'
[1.165s] Level 1:colcon.colcon_core.package_identification:_identify(src/preffered_velocity_prediction) by extensions ['ros']
[1.165s] Level 1:colcon.colcon_core.package_identification:_identify(src/preffered_velocity_prediction) by extension 'ros'
[1.166s] DEBUG:colcon.colcon_core.package_identification:Package 'src/preffered_velocity_prediction' with type 'ros.ament_python' and name 'preffered_velocity_prediction'
[1.166s] Level 1:colcon.colcon_core.package_identification:_identify(src/smrr_goal_predictor) by extensions ['ignore', 'ignore_ament_install']
[1.167s] Level 1:colcon.colcon_core.package_identification:_identify(src/smrr_goal_predictor) by extension 'ignore'
[1.167s] Level 1:colcon.colcon_core.package_identification:_identify(src/smrr_goal_predictor) by extension 'ignore_ament_install'
[1.167s] Level 1:colcon.colcon_core.package_identification:_identify(src/smrr_goal_predictor) by extensions ['colcon_pkg']
[1.167s] Level 1:colcon.colcon_core.package_identification:_identify(src/smrr_goal_predictor) by extension 'colcon_pkg'
[1.167s] Level 1:colcon.colcon_core.package_identification:_identify(src/smrr_goal_predictor) by extensions ['colcon_meta']
[1.167s] Level 1:colcon.colcon_core.package_identification:_identify(src/smrr_goal_predictor) by extension 'colcon_meta'
[1.167s] Level 1:colcon.colcon_core.package_identification:_identify(src/smrr_goal_predictor) by extensions ['ros']
[1.167s] Level 1:colcon.colcon_core.package_identification:_identify(src/smrr_goal_predictor) by extension 'ros'
[1.167s] DEBUG:colcon.colcon_core.package_identification:Package 'src/smrr_goal_predictor' with type 'ros.ament_python' and name 'smrr_goal_predictor'
[1.167s] Level 1:colcon.colcon_core.package_identification:_identify(src/smrr_interfaces) by extensions ['ignore', 'ignore_ament_install']
[1.167s] Level 1:colcon.colcon_core.package_identification:_identify(src/smrr_interfaces) by extension 'ignore'
[1.167s] Level 1:colcon.colcon_core.package_identification:_identify(src/smrr_interfaces) by extension 'ignore_ament_install'
[1.167s] Level 1:colcon.colcon_core.package_identification:_identify(src/smrr_interfaces) by extensions ['colcon_pkg']
[1.167s] Level 1:colcon.colcon_core.package_identification:_identify(src/smrr_interfaces) by extension 'colcon_pkg'
[1.168s] Level 1:colcon.colcon_core.package_identification:_identify(src/smrr_interfaces) by extensions ['colcon_meta']
[1.168s] Level 1:colcon.colcon_core.package_identification:_identify(src/smrr_interfaces) by extension 'colcon_meta'
[1.168s] Level 1:colcon.colcon_core.package_identification:_identify(src/smrr_interfaces) by extensions ['ros']
[1.168s] Level 1:colcon.colcon_core.package_identification:_identify(src/smrr_interfaces) by extension 'ros'
[1.168s] DEBUG:colcon.colcon_core.package_identification:Package 'src/smrr_interfaces' with type 'ros.ament_cmake' and name 'smrr_interfaces'
[1.168s] Level 1:colcon.colcon_core.package_discovery:discover_packages(recursive) using defaults
[1.168s] Level 1:colcon.colcon_core.package_discovery:discover_packages(ignore) discover
[1.168s] Level 1:colcon.colcon_core.package_discovery:discover_packages(ignore) using defaults
[1.168s] Level 1:colcon.colcon_core.package_discovery:discover_packages(path) discover
[1.168s] Level 1:colcon.colcon_core.package_discovery:discover_packages(path) using defaults
[1.245s] Level 1:colcon.colcon_core.package_discovery:discover_packages(prefix_path) check parameters
[1.245s] Level 1:colcon.colcon_core.package_discovery:discover_packages(prefix_path) discover
[1.248s] DEBUG:colcon.colcon_installed_package_information.package_discovery:Found 5 installed packages in /home/ishara/fyp/Human_Preffered_Velocity_Prediction/install
[1.266s] DEBUG:colcon.colcon_installed_package_information.package_discovery:Found 1 installed packages in /home/ishara/cpp_pubsub/install
[1.274s] DEBUG:colcon.colcon_installed_package_information.package_discovery:Found 1 installed packages in /home/ishara/ros2_ws/install
[1.334s] DEBUG:colcon.colcon_installed_package_information.package_discovery:Found 7 installed packages in /home/ishara/prelab_ros2_ws/install
[1.338s] DEBUG:colcon.colcon_installed_package_information.package_discovery:Found 398 installed packages in /opt/ros/humble
[1.341s] Level 1:colcon.colcon_core.package_discovery:discover_packages(prefix_path) using defaults
[1.701s] Level 5:colcon.colcon_core.verb:set package 'docking_controller' build argument 'cmake_args' from command line to 'None'
[1.701s] Level 5:colcon.colcon_core.verb:set package 'docking_controller' build argument 'cmake_target' from command line to 'None'
[1.701s] Level 5:colcon.colcon_core.verb:set package 'docking_controller' build argument 'cmake_target_skip_unavailable' from command line to 'False'
[1.701s] Level 5:colcon.colcon_core.verb:set package 'docking_controller' build argument 'cmake_clean_cache' from command line to 'False'
[1.701s] Level 5:colcon.colcon_core.verb:set package 'docking_controller' build argument 'cmake_clean_first' from command line to 'False'
[1.701s] Level 5:colcon.colcon_core.verb:set package 'docking_controller' build argument 'cmake_force_configure' from command line to 'False'
[1.701s] Level 5:colcon.colcon_core.verb:set package 'docking_controller' build argument 'ament_cmake_args' from command line to 'None'
[1.701s] Level 5:colcon.colcon_core.verb:set package 'docking_controller' build argument 'catkin_cmake_args' from command line to 'None'
[1.701s] Level 5:colcon.colcon_core.verb:set package 'docking_controller' build argument 'catkin_skip_building_tests' from command line to 'False'
[1.701s] DEBUG:colcon.colcon_core.verb:Building package 'docking_controller' with the following arguments: {'ament_cmake_args': None, 'build_base': '/home/ishara/fyp/Human_Preffered_Velocity_Prediction/build/docking_controller', 'catkin_cmake_args': None, 'catkin_skip_building_tests': False, 'cmake_args': None, 'cmake_clean_cache': False, 'cmake_clean_first': False, 'cmake_force_configure': False, 'cmake_target': None, 'cmake_target_skip_unavailable': False, 'install_base': '/home/ishara/fyp/Human_Preffered_Velocity_Prediction/install/docking_controller', 'merge_install': False, 'path': '/home/ishara/fyp/Human_Preffered_Velocity_Prediction/src/docking_controller', 'symlink_install': True, 'test_result_base': None}
[1.701s] Level 5:colcon.colcon_core.verb:set package 'human_data_buffer' build argument 'cmake_args' from command line to 'None'
[1.701s] Level 5:colcon.colcon_core.verb:set package 'human_data_buffer' build argument 'cmake_target' from command line to 'None'
[1.701s] Level 5:colcon.colcon_core.verb:set package 'human_data_buffer' build argument 'cmake_target_skip_unavailable' from command line to 'False'
[1.701s] Level 5:colcon.colcon_core.verb:set package 'human_data_buffer' build argument 'cmake_clean_cache' from command line to 'False'
[1.701s] Level 5:colcon.colcon_core.verb:set package 'human_data_buffer' build argument 'cmake_clean_first' from command line to 'False'
[1.701s] Level 5:colcon.colcon_core.verb:set package 'human_data_buffer' build argument 'cmake_force_configure' from command line to 'False'
[1.701s] Level 5:colcon.colcon_core.verb:set package 'human_data_buffer' build argument 'ament_cmake_args' from command line to 'None'
[1.701s] Level 5:colcon.colcon_core.verb:set package 'human_data_buffer' build argument 'catkin_cmake_args' from command line to 'None'
[1.701s] Level 5:colcon.colcon_core.verb:set package 'human_data_buffer' build argument 'catkin_skip_building_tests' from command line to 'False'
[1.701s] DEBUG:colcon.colcon_core.verb:Building package 'human_data_buffer' with the following arguments: {'ament_cmake_args': None, 'build_base': '/home/ishara/fyp/Human_Preffered_Velocity_Prediction/build/human_data_buffer', 'catkin_cmake_args': None, 'catkin_skip_building_tests': False, 'cmake_args': None, 'cmake_clean_cache': False, 'cmake_clean_first': False, 'cmake_force_configure': False, 'cmake_target': None, 'cmake_target_skip_unavailable': False, 'install_base': '/home/ishara/fyp/Human_Preffered_Velocity_Prediction/install/human_data_buffer', 'merge_install': False, 'path': '/home/ishara/fyp/Human_Preffered_Velocity_Prediction/src/human_data_buffer', 'symlink_install': True, 'test_result_base': None}
[1.702s] Level 5:colcon.colcon_core.verb:set package 'preffered_velocity_prediction' build argument 'cmake_args' from command line to 'None'
[1.702s] Level 5:colcon.colcon_core.verb:set package 'preffered_velocity_prediction' build argument 'cmake_target' from command line to 'None'
[1.702s] Level 5:colcon.colcon_core.verb:set package 'preffered_velocity_prediction' build argument 'cmake_target_skip_unavailable' from command line to 'False'
[1.702s] Level 5:colcon.colcon_core.verb:set package 'preffered_velocity_prediction' build argument 'cmake_clean_cache' from command line to 'False'
[1.702s] Level 5:colcon.colcon_core.verb:set package 'preffered_velocity_prediction' build argument 'cmake_clean_first' from command line to 'False'
[1.702s] Level 5:colcon.colcon_core.verb:set package 'preffered_velocity_prediction' build argument 'cmake_force_configure' from command line to 'False'
[1.702s] Level 5:colcon.colcon_core.verb:set package 'preffered_velocity_prediction' build argument 'ament_cmake_args' from command line to 'None'
[1.702s] Level 5:colcon.colcon_core.verb:set package 'preffered_velocity_prediction' build argument 'catkin_cmake_args' from command line to 'None'
[1.702s] Level 5:colcon.colcon_core.verb:set package 'preffered_velocity_prediction' build argument 'catkin_skip_building_tests' from command line to 'False'
[1.702s] DEBUG:colcon.colcon_core.verb:Building package 'preffered_velocity_prediction' with the following arguments: {'ament_cmake_args': None, 'build_base': '/home/ishara/fyp/Human_Preffered_Velocity_Prediction/build/preffered_velocity_prediction', 'catkin_cmake_args': None, 'catkin_skip_building_tests': False, 'cmake_args': None, 'cmake_clean_cache': False, 'cmake_clean_first': False, 'cmake_force_configure': False, 'cmake_target': None, 'cmake_target_skip_unavailable': False, 'install_base': '/home/ishara/fyp/Human_Preffered_Velocity_Prediction/install/preffered_velocity_prediction', 'merge_install': False, 'path': '/home/ishara/fyp/Human_Preffered_Velocity_Prediction/src/preffered_velocity_prediction', 'symlink_install': True, 'test_result_base': None}
[1.702s] Level 5:colcon.colcon_core.verb:set package 'smrr_goal_predictor' build argument 'cmake_args' from command line to 'None'
[1.702s] Level 5:colcon.colcon_core.verb:set package 'smrr_goal_predictor' build argument 'cmake_target' from command line to 'None'
[1.702s] Level 5:colcon.colcon_core.verb:set package 'smrr_goal_predictor' build argument 'cmake_target_skip_unavailable' from command line to 'False'
[1.702s] Level 5:colcon.colcon_core.verb:set package 'smrr_goal_predictor' build argument 'cmake_clean_cache' from command line to 'False'
[1.702s] Level 5:colcon.colcon_core.verb:set package 'smrr_goal_predictor' build argument 'cmake_clean_first' from command line to 'False'
[1.702s] Level 5:colcon.colcon_core.verb:set package 'smrr_goal_predictor' build argument 'cmake_force_configure' from command line to 'False'
[1.702s] Level 5:colcon.colcon_core.verb:set package 'smrr_goal_predictor' build argument 'ament_cmake_args' from command line to 'None'
[1.702s] Level 5:colcon.colcon_core.verb:set package 'smrr_goal_predictor' build argument 'catkin_cmake_args' from command line to 'None'
[1.702s] Level 5:colcon.colcon_core.verb:set package 'smrr_goal_predictor' build argument 'catkin_skip_building_tests' from command line to 'False'
[1.702s] DEBUG:colcon.colcon_core.verb:Building package 'smrr_goal_predictor' with the following arguments: {'ament_cmake_args': None, 'build_base': '/home/ishara/fyp/Human_Preffered_Velocity_Prediction/build/smrr_goal_predictor', 'catkin_cmake_args': None, 'catkin_skip_building_tests': False, 'cmake_args': None, 'cmake_clean_cache': False, 'cmake_clean_first': False, 'cmake_force_configure': False, 'cmake_target': None, 'cmake_target_skip_unavailable': False, 'install_base': '/home/ishara/fyp/Human_Preffered_Velocity_Prediction/install/smrr_goal_predictor', 'merge_install': False, 'path': '/home/ishara/fyp/Human_Preffered_Velocity_Prediction/src/smrr_goal_predictor', 'symlink_install': True, 'test_result_base': None}
[1.703s] Level 5:colcon.colcon_core.verb:set package 'smrr_interfaces' build argument 'cmake_args' from command line to 'None'
[1.703s] Level 5:colcon.colcon_core.verb:set package 'smrr_interfaces' build argument 'cmake_target' from command line to 'None'
[1.703s] Level 5:colcon.colcon_core.verb:set package 'smrr_interfaces' build argument 'cmake_target_skip_unavailable' from command line to 'False'
[1.703s] Level 5:colcon.colcon_core.verb:set package 'smrr_interfaces' build argument 'cmake_clean_cache' from command line to 'False'
[1.703s] Level 5:colcon.colcon_core.verb:set package 'smrr_interfaces' build argument 'cmake_clean_first' from command line to 'False'
[1.703s] Level 5:colcon.colcon_core.verb:set package 'smrr_interfaces' build argument 'cmake_force_configure' from command line to 'False'
[1.703s] Level 5:colcon.colcon_core.verb:set package 'smrr_interfaces' build argument 'ament_cmake_args' from command line to 'None'
[1.703s] Level 5:colcon.colcon_core.verb:set package 'smrr_interfaces' build argument 'catkin_cmake_args' from command line to 'None'
[1.703s] Level 5:colcon.colcon_core.verb:set package 'smrr_interfaces' build argument 'catkin_skip_building_tests' from command line to 'False'
[1.703s] DEBUG:colcon.colcon_core.verb:Building package 'smrr_interfaces' with the following arguments: {'ament_cmake_args': None, 'build_base': '/home/ishara/fyp/Human_Preffered_Velocity_Prediction/build/smrr_interfaces', 'catkin_cmake_args': None, 'catkin_skip_building_tests': False, 'cmake_args': None, 'cmake_clean_cache': False, 'cmake_clean_first': False, 'cmake_force_configure': False, 'cmake_target': None, 'cmake_target_skip_unavailable': False, 'install_base': '/home/ishara/fyp/Human_Preffered_Velocity_Prediction/install/smrr_interfaces', 'merge_install': False, 'path': '/home/ishara/fyp/Human_Preffered_Velocity_Prediction/src/smrr_interfaces', 'symlink_install': True, 'test_result_base': None}
[1.703s] INFO:colcon.colcon_core.executor:Executing jobs using 'parallel' executor
[1.704s] DEBUG:colcon.colcon_parallel_executor.executor.parallel:run_until_complete
[1.704s] INFO:colcon.colcon_ros.task.ament_python.build:Building ROS package in '/home/ishara/fyp/Human_Preffered_Velocity_Prediction/src/docking_controller' with build type 'ament_python'
[1.704s] Level 1:colcon.colcon_core.shell:create_environment_hook('docking_controller', 'ament_prefix_path')
[1.725s] INFO:colcon.colcon_core.plugin_system:Skipping extension 'colcon_core.shell.bat': Not used on non-Windows systems
[1.725s] INFO:colcon.colcon_core.shell:Creating environment hook '/home/ishara/fyp/Human_Preffered_Velocity_Prediction/install/docking_controller/share/docking_controller/hook/ament_prefix_path.ps1'
[1.726s] INFO:colcon.colcon_core.shell:Creating environment descriptor '/home/ishara/fyp/Human_Preffered_Velocity_Prediction/install/docking_controller/share/docking_controller/hook/ament_prefix_path.dsv'
[1.726s] INFO:colcon.colcon_core.shell:Creating environment hook '/home/ishara/fyp/Human_Preffered_Velocity_Prediction/install/docking_controller/share/docking_controller/hook/ament_prefix_path.sh'
[1.727s] INFO:colcon.colcon_core.shell:Skip shell extension 'powershell' for command environment: Not usable outside of PowerShell
[1.727s] DEBUG:colcon.colcon_core.shell:Skip shell extension 'dsv' for command environment
[1.731s] INFO:colcon.colcon_ros.task.ament_python.build:Building ROS package in '/home/ishara/fyp/Human_Preffered_Velocity_Prediction/src/human_data_buffer' with build type 'ament_python'
[1.731s] Level 1:colcon.colcon_core.shell:create_environment_hook('human_data_buffer', 'ament_prefix_path')
[1.732s] INFO:colcon.colcon_core.shell:Creating environment hook '/home/ishara/fyp/Human_Preffered_Velocity_Prediction/install/human_data_buffer/share/human_data_buffer/hook/ament_prefix_path.ps1'
[1.763s] INFO:colcon.colcon_core.shell:Creating environment descriptor '/home/ishara/fyp/Human_Preffered_Velocity_Prediction/install/human_data_buffer/share/human_data_buffer/hook/ament_prefix_path.dsv'
[1.764s] INFO:colcon.colcon_core.shell:Creating environment hook '/home/ishara/fyp/Human_Preffered_Velocity_Prediction/install/human_data_buffer/share/human_data_buffer/hook/ament_prefix_path.sh'
[1.765s] INFO:colcon.colcon_core.shell:Skip shell extension 'powershell' for command environment: Not usable outside of PowerShell
[1.765s] DEBUG:colcon.colcon_core.shell:Skip shell extension 'dsv' for command environment
[1.775s] INFO:colcon.colcon_ros.task.ament_python.build:Building ROS package in '/home/ishara/fyp/Human_Preffered_Velocity_Prediction/src/preffered_velocity_prediction' with build type 'ament_python'
[1.775s] Level 1:colcon.colcon_core.shell:create_environment_hook('preffered_velocity_prediction', 'ament_prefix_path')
[1.776s] INFO:colcon.colcon_core.shell:Creating environment hook '/home/ishara/fyp/Human_Preffered_Velocity_Prediction/install/preffered_velocity_prediction/share/preffered_velocity_prediction/hook/ament_prefix_path.ps1'
[1.778s] INFO:colcon.colcon_core.shell:Creating environment descriptor '/home/ishara/fyp/Human_Preffered_Velocity_Prediction/install/preffered_velocity_prediction/share/preffered_velocity_prediction/hook/ament_prefix_path.dsv'
[1.785s] INFO:colcon.colcon_core.shell:Creating environment hook '/home/ishara/fyp/Human_Preffered_Velocity_Prediction/install/preffered_velocity_prediction/share/preffered_velocity_prediction/hook/ament_prefix_path.sh'
[1.786s] INFO:colcon.colcon_core.shell:Skip shell extension 'powershell' for command environment: Not usable outside of PowerShell
[1.786s] DEBUG:colcon.colcon_core.shell:Skip shell extension 'dsv' for command environment
[1.790s] INFO:colcon.colcon_ros.task.ament_python.build:Building ROS package in '/home/ishara/fyp/Human_Preffered_Velocity_Prediction/src/smrr_goal_predictor' with build type 'ament_python'
[1.791s] Level 1:colcon.colcon_core.shell:create_environment_hook('smrr_goal_predictor', 'ament_prefix_path')
[1.791s] INFO:colcon.colcon_core.shell:Creating environment hook '/home/ishara/fyp/Human_Preffered_Velocity_Prediction/install/smrr_goal_predictor/share/smrr_goal_predictor/hook/ament_prefix_path.ps1'
[1.792s] INFO:colcon.colcon_core.shell:Creating environment descriptor '/home/ishara/fyp/Human_Preffered_Velocity_Prediction/install/smrr_goal_predictor/share/smrr_goal_predictor/hook/ament_prefix_path.dsv'
[1.793s] INFO:colcon.colcon_core.shell:Creating environment hook '/home/ishara/fyp/Human_Preffered_Velocity_Prediction/install/smrr_goal_predictor/share/smrr_goal_predictor/hook/ament_prefix_path.sh'
[1.793s] INFO:colcon.colcon_core.shell:Skip shell extension 'powershell' for command environment: Not usable outside of PowerShell
[1.793s] DEBUG:colcon.colcon_core.shell:Skip shell extension 'dsv' for command environment
[1.798s] INFO:colcon.colcon_ros.task.ament_cmake.build:Building ROS package in '/home/ishara/fyp/Human_Preffered_Velocity_Prediction/src/smrr_interfaces' with build type 'ament_cmake'
[1.798s] INFO:colcon.colcon_cmake.task.cmake.build:Building CMake package in '/home/ishara/fyp/Human_Preffered_Velocity_Prediction/src/smrr_interfaces'
[1.799s] INFO:colcon.colcon_core.shell:Skip shell extension 'powershell' for command environment: Not usable outside of PowerShell
[1.799s] DEBUG:colcon.colcon_core.shell:Skip shell extension 'dsv' for command environment
[2.079s] INFO:colcon.colcon_core.task.python.build:Building Python package in '/home/ishara/fyp/Human_Preffered_Velocity_Prediction/src/docking_controller'
[2.079s] INFO:colcon.colcon_core.shell:Skip shell extension 'powershell' for command environment: Not usable outside of PowerShell
[2.080s] DEBUG:colcon.colcon_core.shell:Skip shell extension 'dsv' for command environment
[2.330s] INFO:colcon.colcon_core.task.python.build:Building Python package in '/home/ishara/fyp/Human_Preffered_Velocity_Prediction/src/human_data_buffer'
[2.330s] INFO:colcon.colcon_core.shell:Skip shell extension 'powershell' for command environment: Not usable outside of PowerShell
[2.330s] DEBUG:colcon.colcon_core.shell:Skip shell extension 'dsv' for command environment
[2.562s] INFO:colcon.colcon_core.task.python.build:Building Python package in '/home/ishara/fyp/Human_Preffered_Velocity_Prediction/src/preffered_velocity_prediction'
[2.563s] INFO:colcon.colcon_core.shell:Skip shell extension 'powershell' for command environment: Not usable outside of PowerShell
[2.563s] DEBUG:colcon.colcon_core.shell:Skip shell extension 'dsv' for command environment
[2.799s] INFO:colcon.colcon_core.task.python.build:Building Python package in '/home/ishara/fyp/Human_Preffered_Velocity_Prediction/src/smrr_goal_predictor'
[2.799s] INFO:colcon.colcon_core.shell:Skip shell extension 'powershell' for command environment: Not usable outside of PowerShell
[2.799s] DEBUG:colcon.colcon_core.shell:Skip shell extension 'dsv' for command environment
[2.832s] DEBUG:colcon.colcon_core.event_handler.log_command:Invoking command in '/home/ishara/fyp/Human_Preffered_Velocity_Prediction/build/smrr_interfaces': CMAKE_PREFIX_PATH=${CMAKE_PREFIX_PATH}:/home/ishara/fyp/Human_Preffered_Velocity_Prediction/install/smrr_goal_predictor:/home/ishara/fyp/Human_Preffered_Velocity_Prediction/install/preffered_velocity_prediction:/home/ishara/fyp/Human_Preffered_Velocity_Prediction/install/human_data_buffer:/home/ishara/ros2_ws/install/my_robot_controller:/opt/ros/humble /usr/bin/cmake --build /home/ishara/fyp/Human_Preffered_Velocity_Prediction/build/smrr_interfaces -- -j6 -l6
[4.897s] DEBUG:colcon.colcon_core.event_handler.log_command:Invoked command in '/home/ishara/fyp/Human_Preffered_Velocity_Prediction/build/smrr_interfaces' returned '0': CMAKE_PREFIX_PATH=${CMAKE_PREFIX_PATH}:/home/ishara/fyp/Human_Preffered_Velocity_Prediction/install/smrr_goal_predictor:/home/ishara/fyp/Human_Preffered_Velocity_Prediction/install/preffered_velocity_prediction:/home/ishara/fyp/Human_Preffered_Velocity_Prediction/install/human_data_buffer:/home/ishara/ros2_ws/install/my_robot_controller:/opt/ros/humble /usr/bin/cmake --build /home/ishara/fyp/Human_Preffered_Velocity_Prediction/build/smrr_interfaces -- -j6 -l6
[5.082s] DEBUG:colcon.colcon_core.event_handler.log_command:Invoking command in '/home/ishara/fyp/Human_Preffered_Velocity_Prediction/build/smrr_interfaces': CMAKE_PREFIX_PATH=${CMAKE_PREFIX_PATH}:/home/ishara/fyp/Human_Preffered_Velocity_Prediction/install/smrr_goal_predictor:/home/ishara/fyp/Human_Preffered_Velocity_Prediction/install/preffered_velocity_prediction:/home/ishara/fyp/Human_Preffered_Velocity_Prediction/install/human_data_buffer:/home/ishara/ros2_ws/install/my_robot_controller:/opt/ros/humble /usr/bin/cmake --install /home/ishara/fyp/Human_Preffered_Velocity_Prediction/build/smrr_interfaces
[5.799s] DEBUG:colcon.colcon_core.event_handler.log_command:Invoking command in '/home/ishara/fyp/Human_Preffered_Velocity_Prediction/build/docking_controller': PYTHONPATH=/home/ishara/fyp/Human_Preffered_Velocity_Prediction/build/docking_controller/prefix_override:/usr/lib/python3/dist-packages/colcon_core/task/python/colcon_distutils_commands:/home/ishara/fyp/Human_Preffered_Velocity_Prediction/install/docking_controller/lib/python3.10/site-packages:${PYTHONPATH} /usr/bin/python3 -W ignore:setup.py install is deprecated setup.py develop --editable --build-directory /home/ishara/fyp/Human_Preffered_Velocity_Prediction/build/docking_controller/build --no-deps symlink_data
[5.800s] DEBUG:colcon.colcon_core.event_handler.log_command:Invoking command in '/home/ishara/fyp/Human_Preffered_Velocity_Prediction/build/human_data_buffer': PYTHONPATH=/home/ishara/fyp/Human_Preffered_Velocity_Prediction/build/human_data_buffer/prefix_override:/usr/lib/python3/dist-packages/colcon_core/task/python/colcon_distutils_commands:/home/ishara/fyp/Human_Preffered_Velocity_Prediction/install/human_data_buffer/lib/python3.10/site-packages:${PYTHONPATH} /usr/bin/python3 -W ignore:setup.py install is deprecated setup.py develop --editable --build-directory /home/ishara/fyp/Human_Preffered_Velocity_Prediction/build/human_data_buffer/build --no-deps symlink_data
[5.804s] DEBUG:colcon.colcon_core.event_handler.log_command:Invoking command in '/home/ishara/fyp/Human_Preffered_Velocity_Prediction/build/smrr_goal_predictor': PYTHONPATH=/home/ishara/fyp/Human_Preffered_Velocity_Prediction/build/smrr_goal_predictor/prefix_override:/usr/lib/python3/dist-packages/colcon_core/task/python/colcon_distutils_commands:/home/ishara/fyp/Human_Preffered_Velocity_Prediction/install/smrr_goal_predictor/lib/python3.10/site-packages:${PYTHONPATH} /usr/bin/python3 -W ignore:setup.py install is deprecated setup.py develop --editable --build-directory /home/ishara/fyp/Human_Preffered_Velocity_Prediction/build/smrr_goal_predictor/build --no-deps symlink_data
[5.806s] DEBUG:colcon.colcon_core.event_handler.log_command:Invoking command in '/home/ishara/fyp/Human_Preffered_Velocity_Prediction/build/preffered_velocity_prediction': PYTHONPATH=/home/ishara/fyp/Human_Preffered_Velocity_Prediction/build/preffered_velocity_prediction/prefix_override:/usr/lib/python3/dist-packages/colcon_core/task/python/colcon_distutils_commands:/home/ishara/fyp/Human_Preffered_Velocity_Prediction/install/preffered_velocity_prediction/lib/python3.10/site-packages:${PYTHONPATH} /usr/bin/python3 -W ignore:setup.py install is deprecated setup.py develop --editable --build-directory /home/ishara/fyp/Human_Preffered_Velocity_Prediction/build/preffered_velocity_prediction/build --no-deps symlink_data
[5.938s] Level 1:colcon.colcon_core.environment:create_environment_scripts_only(smrr_interfaces)
[5.939s] DEBUG:colcon.colcon_core.event_handler.log_command:Invoked command in '/home/ishara/fyp/Human_Preffered_Velocity_Prediction/build/smrr_interfaces' returned '0': CMAKE_PREFIX_PATH=${CMAKE_PREFIX_PATH}:/home/ishara/fyp/Human_Preffered_Velocity_Prediction/install/smrr_goal_predictor:/home/ishara/fyp/Human_Preffered_Velocity_Prediction/install/preffered_velocity_prediction:/home/ishara/fyp/Human_Preffered_Velocity_Prediction/install/human_data_buffer:/home/ishara/ros2_ws/install/my_robot_controller:/opt/ros/humble /usr/bin/cmake --install /home/ishara/fyp/Human_Preffered_Velocity_Prediction/build/smrr_interfaces
[6.017s] Level 1:colcon.colcon_core.environment:checking '/home/ishara/fyp/Human_Preffered_Velocity_Prediction/install/smrr_interfaces' for CMake module files
[6.018s] Level 1:colcon.colcon_core.environment:checking '/home/ishara/fyp/Human_Preffered_Velocity_Prediction/install/smrr_interfaces' for CMake config files
[6.020s] Level 1:colcon.colcon_core.shell:create_environment_hook('smrr_interfaces', 'cmake_prefix_path')
[6.020s] INFO:colcon.colcon_core.shell:Creating environment hook '/home/ishara/fyp/Human_Preffered_Velocity_Prediction/install/smrr_interfaces/share/smrr_interfaces/hook/cmake_prefix_path.ps1'
[6.021s] INFO:colcon.colcon_core.shell:Creating environment descriptor '/home/ishara/fyp/Human_Preffered_Velocity_Prediction/install/smrr_interfaces/share/smrr_interfaces/hook/cmake_prefix_path.dsv'
[6.022s] INFO:colcon.colcon_core.shell:Creating environment hook '/home/ishara/fyp/Human_Preffered_Velocity_Prediction/install/smrr_interfaces/share/smrr_interfaces/hook/cmake_prefix_path.sh'
[6.023s] Level 1:colcon.colcon_core.environment:checking '/home/ishara/fyp/Human_Preffered_Velocity_Prediction/install/smrr_interfaces/lib'
[6.024s] Level 1:colcon.colcon_core.shell:create_environment_hook('smrr_interfaces', 'ld_library_path_lib')
[6.024s] INFO:colcon.colcon_core.shell:Creating environment hook '/home/ishara/fyp/Human_Preffered_Velocity_Prediction/install/smrr_interfaces/share/smrr_interfaces/hook/ld_library_path_lib.ps1'
[6.025s] INFO:colcon.colcon_core.shell:Creating environment descriptor '/home/ishara/fyp/Human_Preffered_Velocity_Prediction/install/smrr_interfaces/share/smrr_interfaces/hook/ld_library_path_lib.dsv'
[6.026s] INFO:colcon.colcon_core.shell:Creating environment hook '/home/ishara/fyp/Human_Preffered_Velocity_Prediction/install/smrr_interfaces/share/smrr_interfaces/hook/ld_library_path_lib.sh'
[6.026s] Level 1:colcon.colcon_core.environment:checking '/home/ishara/fyp/Human_Preffered_Velocity_Prediction/install/smrr_interfaces/bin'
[6.027s] Level 1:colcon.colcon_core.environment:checking '/home/ishara/fyp/Human_Preffered_Velocity_Prediction/install/smrr_interfaces/lib/pkgconfig/smrr_interfaces.pc'
[6.027s] Level 1:colcon.colcon_core.environment:checking '/home/ishara/fyp/Human_Preffered_Velocity_Prediction/install/smrr_interfaces/lib/python3.10/site-packages'
[6.027s] Level 1:colcon.colcon_core.shell:create_environment_hook('smrr_interfaces', 'pythonpath')
[6.027s] INFO:colcon.colcon_core.shell:Creating environment hook '/home/ishara/fyp/Human_Preffered_Velocity_Prediction/install/smrr_interfaces/share/smrr_interfaces/hook/pythonpath.ps1'
[6.028s] INFO:colcon.colcon_core.shell:Creating environment descriptor '/home/ishara/fyp/Human_Preffered_Velocity_Prediction/install/smrr_interfaces/share/smrr_interfaces/hook/pythonpath.dsv'
[6.029s] INFO:colcon.colcon_core.shell:Creating environment hook '/home/ishara/fyp/Human_Preffered_Velocity_Prediction/install/smrr_interfaces/share/smrr_interfaces/hook/pythonpath.sh'
[6.029s] Level 1:colcon.colcon_core.environment:checking '/home/ishara/fyp/Human_Preffered_Velocity_Prediction/install/smrr_interfaces/bin'
[6.030s] INFO:colcon.colcon_core.shell:Creating package script '/home/ishara/fyp/Human_Preffered_Velocity_Prediction/install/smrr_interfaces/share/smrr_interfaces/package.ps1'
[6.031s] INFO:colcon.colcon_core.shell:Creating package descriptor '/home/ishara/fyp/Human_Preffered_Velocity_Prediction/install/smrr_interfaces/share/smrr_interfaces/package.dsv'
[6.031s] INFO:colcon.colcon_core.shell:Creating package script '/home/ishara/fyp/Human_Preffered_Velocity_Prediction/install/smrr_interfaces/share/smrr_interfaces/package.sh'
[6.032s] INFO:colcon.colcon_core.shell:Creating package script '/home/ishara/fyp/Human_Preffered_Velocity_Prediction/install/smrr_interfaces/share/smrr_interfaces/package.bash'
[6.034s] INFO:colcon.colcon_core.shell:Creating package script '/home/ishara/fyp/Human_Preffered_Velocity_Prediction/install/smrr_interfaces/share/smrr_interfaces/package.zsh'
[6.035s] Level 1:colcon.colcon_core.environment:create_file_with_runtime_dependencies(/home/ishara/fyp/Human_Preffered_Velocity_Prediction/install/smrr_interfaces/share/colcon-core/packages/smrr_interfaces)
[6.205s] Level 1:colcon.colcon_core.environment:create_environment_scripts_only(smrr_interfaces)
[6.205s] Level 1:colcon.colcon_core.environment:checking '/home/ishara/fyp/Human_Preffered_Velocity_Prediction/install/smrr_interfaces' for CMake module files
[6.206s] Level 1:colcon.colcon_core.environment:checking '/home/ishara/fyp/Human_Preffered_Velocity_Prediction/install/smrr_interfaces' for CMake config files
[6.208s] Level 1:colcon.colcon_core.shell:create_environment_hook('smrr_interfaces', 'cmake_prefix_path')
[6.208s] INFO:colcon.colcon_core.shell:Creating environment hook '/home/ishara/fyp/Human_Preffered_Velocity_Prediction/install/smrr_interfaces/share/smrr_interfaces/hook/cmake_prefix_path.ps1'
[6.210s] INFO:colcon.colcon_core.shell:Creating environment descriptor '/home/ishara/fyp/Human_Preffered_Velocity_Prediction/install/smrr_interfaces/share/smrr_interfaces/hook/cmake_prefix_path.dsv'
[6.210s] INFO:colcon.colcon_core.shell:Creating environment hook '/home/ishara/fyp/Human_Preffered_Velocity_Prediction/install/smrr_interfaces/share/smrr_interfaces/hook/cmake_prefix_path.sh'
[6.211s] Level 1:colcon.colcon_core.environment:checking '/home/ishara/fyp/Human_Preffered_Velocity_Prediction/install/smrr_interfaces/lib'
[6.212s] Level 1:colcon.colcon_core.shell:create_environment_hook('smrr_interfaces', 'ld_library_path_lib')
[6.212s] INFO:colcon.colcon_core.shell:Creating environment hook '/home/ishara/fyp/Human_Preffered_Velocity_Prediction/install/smrr_interfaces/share/smrr_interfaces/hook/ld_library_path_lib.ps1'
[6.213s] INFO:colcon.colcon_core.shell:Creating environment descriptor '/home/ishara/fyp/Human_Preffered_Velocity_Prediction/install/smrr_interfaces/share/smrr_interfaces/hook/ld_library_path_lib.dsv'
[6.213s] INFO:colcon.colcon_core.shell:Creating environment hook '/home/ishara/fyp/Human_Preffered_Velocity_Prediction/install/smrr_interfaces/share/smrr_interfaces/hook/ld_library_path_lib.sh'
[6.214s] Level 1:colcon.colcon_core.environment:checking '/home/ishara/fyp/Human_Preffered_Velocity_Prediction/install/smrr_interfaces/bin'
[6.214s] Level 1:colcon.colcon_core.environment:checking '/home/ishara/fyp/Human_Preffered_Velocity_Prediction/install/smrr_interfaces/lib/pkgconfig/smrr_interfaces.pc'
[6.214s] Level 1:colcon.colcon_core.environment:checking '/home/ishara/fyp/Human_Preffered_Velocity_Prediction/install/smrr_interfaces/lib/python3.10/site-packages'
[6.215s] Level 1:colcon.colcon_core.shell:create_environment_hook('smrr_interfaces', 'pythonpath')
[6.215s] INFO:colcon.colcon_core.shell:Creating environment hook '/home/ishara/fyp/Human_Preffered_Velocity_Prediction/install/smrr_interfaces/share/smrr_interfaces/hook/pythonpath.ps1'
[6.216s] INFO:colcon.colcon_core.shell:Creating environment descriptor '/home/ishara/fyp/Human_Preffered_Velocity_Prediction/install/smrr_interfaces/share/smrr_interfaces/hook/pythonpath.dsv'
[6.216s] INFO:colcon.colcon_core.shell:Creating environment hook '/home/ishara/fyp/Human_Preffered_Velocity_Prediction/install/smrr_interfaces/share/smrr_interfaces/hook/pythonpath.sh'
[6.221s] Level 1:colcon.colcon_core.environment:checking '/home/ishara/fyp/Human_Preffered_Velocity_Prediction/install/smrr_interfaces/bin'
[6.222s] INFO:colcon.colcon_core.shell:Creating package script '/home/ishara/fyp/Human_Preffered_Velocity_Prediction/install/smrr_interfaces/share/smrr_interfaces/package.ps1'
[6.226s] INFO:colcon.colcon_core.shell:Creating package descriptor '/home/ishara/fyp/Human_Preffered_Velocity_Prediction/install/smrr_interfaces/share/smrr_interfaces/package.dsv'
[6.229s] INFO:colcon.colcon_core.shell:Creating package script '/home/ishara/fyp/Human_Preffered_Velocity_Prediction/install/smrr_interfaces/share/smrr_interfaces/package.sh'
[6.231s] INFO:colcon.colcon_core.shell:Creating package script '/home/ishara/fyp/Human_Preffered_Velocity_Prediction/install/smrr_interfaces/share/smrr_interfaces/package.bash'
[6.232s] INFO:colcon.colcon_core.shell:Creating package script '/home/ishara/fyp/Human_Preffered_Velocity_Prediction/install/smrr_interfaces/share/smrr_interfaces/package.zsh'
[6.233s] Level 1:colcon.colcon_core.environment:create_file_with_runtime_dependencies(/home/ishara/fyp/Human_Preffered_Velocity_Prediction/install/smrr_interfaces/share/colcon-core/packages/smrr_interfaces)
[6.445s] Level 1:colcon.colcon_core.shell:create_environment_hook('smrr_goal_predictor', 'pythonpath_develop')
[6.445s] DEBUG:colcon.colcon_core.event_handler.log_command:Invoked command in '/home/ishara/fyp/Human_Preffered_Velocity_Prediction/build/smrr_goal_predictor' returned '0': PYTHONPATH=/home/ishara/fyp/Human_Preffered_Velocity_Prediction/build/smrr_goal_predictor/prefix_override:/usr/lib/python3/dist-packages/colcon_core/task/python/colcon_distutils_commands:/home/ishara/fyp/Human_Preffered_Velocity_Prediction/install/smrr_goal_predictor/lib/python3.10/site-packages:${PYTHONPATH} /usr/bin/python3 -W ignore:setup.py install is deprecated setup.py develop --editable --build-directory /home/ishara/fyp/Human_Preffered_Velocity_Prediction/build/smrr_goal_predictor/build --no-deps symlink_data
[6.446s] INFO:colcon.colcon_core.shell:Creating environment hook '/home/ishara/fyp/Human_Preffered_Velocity_Prediction/build/smrr_goal_predictor/share/smrr_goal_predictor/hook/pythonpath_develop.ps1'
[6.447s] INFO:colcon.colcon_core.shell:Creating environment descriptor '/home/ishara/fyp/Human_Preffered_Velocity_Prediction/build/smrr_goal_predictor/share/smrr_goal_predictor/hook/pythonpath_develop.dsv'
[6.447s] INFO:colcon.colcon_core.shell:Creating environment hook '/home/ishara/fyp/Human_Preffered_Velocity_Prediction/build/smrr_goal_predictor/share/smrr_goal_predictor/hook/pythonpath_develop.sh'
[6.449s] Level 1:colcon.colcon_core.environment:checking '/home/ishara/fyp/Human_Preffered_Velocity_Prediction/install/smrr_goal_predictor' for CMake module files
[6.450s] Level 1:colcon.colcon_core.environment:checking '/home/ishara/fyp/Human_Preffered_Velocity_Prediction/install/smrr_goal_predictor' for CMake config files
[6.453s] Level 1:colcon.colcon_core.environment:checking '/home/ishara/fyp/Human_Preffered_Velocity_Prediction/install/smrr_goal_predictor/lib'
[6.453s] Level 1:colcon.colcon_core.environment:checking '/home/ishara/fyp/Human_Preffered_Velocity_Prediction/install/smrr_goal_predictor/bin'
[6.453s] Level 1:colcon.colcon_core.environment:checking '/home/ishara/fyp/Human_Preffered_Velocity_Prediction/install/smrr_goal_predictor/lib/pkgconfig/smrr_goal_predictor.pc'
[6.453s] Level 1:colcon.colcon_core.environment:checking '/home/ishara/fyp/Human_Preffered_Velocity_Prediction/install/smrr_goal_predictor/lib/python3.10/site-packages'
[6.453s] Level 1:colcon.colcon_core.shell:create_environment_hook('smrr_goal_predictor', 'pythonpath')
[6.454s] INFO:colcon.colcon_core.shell:Creating environment hook '/home/ishara/fyp/Human_Preffered_Velocity_Prediction/install/smrr_goal_predictor/share/smrr_goal_predictor/hook/pythonpath.ps1'
[6.455s] INFO:colcon.colcon_core.shell:Creating environment descriptor '/home/ishara/fyp/Human_Preffered_Velocity_Prediction/install/smrr_goal_predictor/share/smrr_goal_predictor/hook/pythonpath.dsv'
[6.457s] INFO:colcon.colcon_core.shell:Creating environment hook '/home/ishara/fyp/Human_Preffered_Velocity_Prediction/install/smrr_goal_predictor/share/smrr_goal_predictor/hook/pythonpath.sh'
[6.457s] Level 1:colcon.colcon_core.environment:checking '/home/ishara/fyp/Human_Preffered_Velocity_Prediction/install/smrr_goal_predictor/bin'
[6.458s] Level 1:colcon.colcon_core.environment:create_environment_scripts_only(smrr_goal_predictor)
[6.458s] INFO:colcon.colcon_core.shell:Creating package script '/home/ishara/fyp/Human_Preffered_Velocity_Prediction/install/smrr_goal_predictor/share/smrr_goal_predictor/package.ps1'
[6.459s] INFO:colcon.colcon_core.shell:Creating package descriptor '/home/ishara/fyp/Human_Preffered_Velocity_Prediction/install/smrr_goal_predictor/share/smrr_goal_predictor/package.dsv'
[6.459s] INFO:colcon.colcon_core.shell:Creating package script '/home/ishara/fyp/Human_Preffered_Velocity_Prediction/install/smrr_goal_predictor/share/smrr_goal_predictor/package.sh'
[6.460s] INFO:colcon.colcon_core.shell:Creating package script '/home/ishara/fyp/Human_Preffered_Velocity_Prediction/install/smrr_goal_predictor/share/smrr_goal_predictor/package.bash'
[6.460s] INFO:colcon.colcon_core.shell:Creating package script '/home/ishara/fyp/Human_Preffered_Velocity_Prediction/install/smrr_goal_predictor/share/smrr_goal_predictor/package.zsh'
[6.461s] Level 1:colcon.colcon_core.environment:create_file_with_runtime_dependencies(/home/ishara/fyp/Human_Preffered_Velocity_Prediction/install/smrr_goal_predictor/share/colcon-core/packages/smrr_goal_predictor)
[6.483s] Level 1:colcon.colcon_core.shell:create_environment_hook('human_data_buffer', 'pythonpath_develop')
[6.484s] INFO:colcon.colcon_core.shell:Creating environment hook '/home/ishara/fyp/Human_Preffered_Velocity_Prediction/build/human_data_buffer/share/human_data_buffer/hook/pythonpath_develop.ps1'
[6.485s] INFO:colcon.colcon_core.shell:Creating environment descriptor '/home/ishara/fyp/Human_Preffered_Velocity_Prediction/build/human_data_buffer/share/human_data_buffer/hook/pythonpath_develop.dsv'
[6.486s] DEBUG:colcon.colcon_core.event_handler.log_command:Invoked command in '/home/ishara/fyp/Human_Preffered_Velocity_Prediction/build/human_data_buffer' returned '0': PYTHONPATH=/home/ishara/fyp/Human_Preffered_Velocity_Prediction/build/human_data_buffer/prefix_override:/usr/lib/python3/dist-packages/colcon_core/task/python/colcon_distutils_commands:/home/ishara/fyp/Human_Preffered_Velocity_Prediction/install/human_data_buffer/lib/python3.10/site-packages:${PYTHONPATH} /usr/bin/python3 -W ignore:setup.py install is deprecated setup.py develop --editable --build-directory /home/ishara/fyp/Human_Preffered_Velocity_Prediction/build/human_data_buffer/build --no-deps symlink_data
[6.487s] INFO:colcon.colcon_core.shell:Creating environment hook '/home/ishara/fyp/Human_Preffered_Velocity_Prediction/build/human_data_buffer/share/human_data_buffer/hook/pythonpath_develop.sh'
[6.488s] Level 1:colcon.colcon_core.environment:checking '/home/ishara/fyp/Human_Preffered_Velocity_Prediction/install/human_data_buffer' for CMake module files
[6.489s] Level 1:colcon.colcon_core.environment:checking '/home/ishara/fyp/Human_Preffered_Velocity_Prediction/install/human_data_buffer' for CMake config files
[6.489s] Level 1:colcon.colcon_core.environment:checking '/home/ishara/fyp/Human_Preffered_Velocity_Prediction/install/human_data_buffer/lib'
[6.489s] Level 1:colcon.colcon_core.environment:checking '/home/ishara/fyp/Human_Preffered_Velocity_Prediction/install/human_data_buffer/bin'
[6.489s] Level 1:colcon.colcon_core.environment:checking '/home/ishara/fyp/Human_Preffered_Velocity_Prediction/install/human_data_buffer/lib/pkgconfig/human_data_buffer.pc'
[6.489s] Level 1:colcon.colcon_core.environment:checking '/home/ishara/fyp/Human_Preffered_Velocity_Prediction/install/human_data_buffer/lib/python3.10/site-packages'
[6.489s] Level 1:colcon.colcon_core.shell:create_environment_hook('human_data_buffer', 'pythonpath')
[6.490s] INFO:colcon.colcon_core.shell:Creating environment hook '/home/ishara/fyp/Human_Preffered_Velocity_Prediction/install/human_data_buffer/share/human_data_buffer/hook/pythonpath.ps1'
[6.490s] INFO:colcon.colcon_core.shell:Creating environment descriptor '/home/ishara/fyp/Human_Preffered_Velocity_Prediction/install/human_data_buffer/share/human_data_buffer/hook/pythonpath.dsv'
[6.490s] INFO:colcon.colcon_core.shell:Creating environment hook '/home/ishara/fyp/Human_Preffered_Velocity_Prediction/install/human_data_buffer/share/human_data_buffer/hook/pythonpath.sh'
[6.491s] Level 1:colcon.colcon_core.environment:checking '/home/ishara/fyp/Human_Preffered_Velocity_Prediction/install/human_data_buffer/bin'
[6.491s] Level 1:colcon.colcon_core.environment:create_environment_scripts_only(human_data_buffer)
[6.491s] INFO:colcon.colcon_core.shell:Creating package script '/home/ishara/fyp/Human_Preffered_Velocity_Prediction/install/human_data_buffer/share/human_data_buffer/package.ps1'
[6.492s] INFO:colcon.colcon_core.shell:Creating package descriptor '/home/ishara/fyp/Human_Preffered_Velocity_Prediction/install/human_data_buffer/share/human_data_buffer/package.dsv'
[6.492s] INFO:colcon.colcon_core.shell:Creating package script '/home/ishara/fyp/Human_Preffered_Velocity_Prediction/install/human_data_buffer/share/human_data_buffer/package.sh'
[6.492s] INFO:colcon.colcon_core.shell:Creating package script '/home/ishara/fyp/Human_Preffered_Velocity_Prediction/install/human_data_buffer/share/human_data_buffer/package.bash'
[6.493s] INFO:colcon.colcon_core.shell:Creating package script '/home/ishara/fyp/Human_Preffered_Velocity_Prediction/install/human_data_buffer/share/human_data_buffer/package.zsh'
[6.493s] Level 1:colcon.colcon_core.environment:create_file_with_runtime_dependencies(/home/ishara/fyp/Human_Preffered_Velocity_Prediction/install/human_data_buffer/share/colcon-core/packages/human_data_buffer)
[6.494s] Level 1:colcon.colcon_core.shell:create_environment_hook('docking_controller', 'pythonpath_develop')
[6.495s] INFO:colcon.colcon_core.shell:Creating environment hook '/home/ishara/fyp/Human_Preffered_Velocity_Prediction/build/docking_controller/share/docking_controller/hook/pythonpath_develop.ps1'
[6.496s] DEBUG:colcon.colcon_core.event_handler.log_command:Invoked command in '/home/ishara/fyp/Human_Preffered_Velocity_Prediction/build/docking_controller' returned '0': PYTHONPATH=/home/ishara/fyp/Human_Preffered_Velocity_Prediction/build/docking_controller/prefix_override:/usr/lib/python3/dist-packages/colcon_core/task/python/colcon_distutils_commands:/home/ishara/fyp/Human_Preffered_Velocity_Prediction/install/docking_controller/lib/python3.10/site-packages:${PYTHONPATH} /usr/bin/python3 -W ignore:setup.py install is deprecated setup.py develop --editable --build-directory /home/ishara/fyp/Human_Preffered_Velocity_Prediction/build/docking_controller/build --no-deps symlink_data
[6.496s] INFO:colcon.colcon_core.shell:Creating environment descriptor '/home/ishara/fyp/Human_Preffered_Velocity_Prediction/build/docking_controller/share/docking_controller/hook/pythonpath_develop.dsv'
[6.496s] INFO:colcon.colcon_core.shell:Creating environment hook '/home/ishara/fyp/Human_Preffered_Velocity_Prediction/build/docking_controller/share/docking_controller/hook/pythonpath_develop.sh'
[6.497s] Level 1:colcon.colcon_core.environment:checking '/home/ishara/fyp/Human_Preffered_Velocity_Prediction/install/docking_controller' for CMake module files
[6.497s] Level 1:colcon.colcon_core.environment:checking '/home/ishara/fyp/Human_Preffered_Velocity_Prediction/install/docking_controller' for CMake config files
[6.497s] Level 1:colcon.colcon_core.environment:checking '/home/ishara/fyp/Human_Preffered_Velocity_Prediction/install/docking_controller/lib'
[6.497s] Level 1:colcon.colcon_core.environment:checking '/home/ishara/fyp/Human_Preffered_Velocity_Prediction/install/docking_controller/bin'
[6.497s] Level 1:colcon.colcon_core.environment:checking '/home/ishara/fyp/Human_Preffered_Velocity_Prediction/install/docking_controller/lib/pkgconfig/docking_controller.pc'
[6.498s] Level 1:colcon.colcon_core.environment:checking '/home/ishara/fyp/Human_Preffered_Velocity_Prediction/install/docking_controller/lib/python3.10/site-packages'
[6.498s] Level 1:colcon.colcon_core.shell:create_environment_hook('docking_controller', 'pythonpath')
[6.498s] INFO:colcon.colcon_core.shell:Creating environment hook '/home/ishara/fyp/Human_Preffered_Velocity_Prediction/install/docking_controller/share/docking_controller/hook/pythonpath.ps1'
[6.498s] INFO:colcon.colcon_core.shell:Creating environment descriptor '/home/ishara/fyp/Human_Preffered_Velocity_Prediction/install/docking_controller/share/docking_controller/hook/pythonpath.dsv'
[6.499s] INFO:colcon.colcon_core.shell:Creating environment hook '/home/ishara/fyp/Human_Preffered_Velocity_Prediction/install/docking_controller/share/docking_controller/hook/pythonpath.sh'
[6.500s] Level 1:colcon.colcon_core.environment:checking '/home/ishara/fyp/Human_Preffered_Velocity_Prediction/install/docking_controller/bin'
[6.500s] Level 1:colcon.colcon_core.environment:create_environment_scripts_only(docking_controller)
[6.500s] INFO:colcon.colcon_core.shell:Creating package script '/home/ishara/fyp/Human_Preffered_Velocity_Prediction/install/docking_controller/share/docking_controller/package.ps1'
[6.501s] INFO:colcon.colcon_core.shell:Creating package descriptor '/home/ishara/fyp/Human_Preffered_Velocity_Prediction/install/docking_controller/share/docking_controller/package.dsv'
[6.501s] INFO:colcon.colcon_core.shell:Creating package script '/home/ishara/fyp/Human_Preffered_Velocity_Prediction/install/docking_controller/share/docking_controller/package.sh'
[6.502s] INFO:colcon.colcon_core.shell:Creating package script '/home/ishara/fyp/Human_Preffered_Velocity_Prediction/install/docking_controller/share/docking_controller/package.bash'
[6.502s] INFO:colcon.colcon_core.shell:Creating package script '/home/ishara/fyp/Human_Preffered_Velocity_Prediction/install/docking_controller/share/docking_controller/package.zsh'
[6.502s] Level 1:colcon.colcon_core.environment:create_file_with_runtime_dependencies(/home/ishara/fyp/Human_Preffered_Velocity_Prediction/install/docking_controller/share/colcon-core/packages/docking_controller)
[6.502s] Level 1:colcon.colcon_core.shell:create_environment_hook('preffered_velocity_prediction', 'pythonpath_develop')
[6.503s] INFO:colcon.colcon_core.shell:Creating environment hook '/home/ishara/fyp/Human_Preffered_Velocity_Prediction/build/preffered_velocity_prediction/share/preffered_velocity_prediction/hook/pythonpath_develop.ps1'
[6.503s] INFO:colcon.colcon_core.shell:Creating environment descriptor '/home/ishara/fyp/Human_Preffered_Velocity_Prediction/build/preffered_velocity_prediction/share/preffered_velocity_prediction/hook/pythonpath_develop.dsv'
[6.504s] DEBUG:colcon.colcon_core.event_handler.log_command:Invoked command in '/home/ishara/fyp/Human_Preffered_Velocity_Prediction/build/preffered_velocity_prediction' returned '0': PYTHONPATH=/home/ishara/fyp/Human_Preffered_Velocity_Prediction/build/preffered_velocity_prediction/prefix_override:/usr/lib/python3/dist-packages/colcon_core/task/python/colcon_distutils_commands:/home/ishara/fyp/Human_Preffered_Velocity_Prediction/install/preffered_velocity_prediction/lib/python3.10/site-packages:${PYTHONPATH} /usr/bin/python3 -W ignore:setup.py install is deprecated setup.py develop --editable --build-directory /home/ishara/fyp/Human_Preffered_Velocity_Prediction/build/preffered_velocity_prediction/build --no-deps symlink_data
[6.504s] INFO:colcon.colcon_core.shell:Creating environment hook '/home/ishara/fyp/Human_Preffered_Velocity_Prediction/build/preffered_velocity_prediction/share/preffered_velocity_prediction/hook/pythonpath_develop.sh'
[6.504s] Level 1:colcon.colcon_core.environment:checking '/home/ishara/fyp/Human_Preffered_Velocity_Prediction/install/preffered_velocity_prediction' for CMake module files
[6.505s] Level 1:colcon.colcon_core.environment:checking '/home/ishara/fyp/Human_Preffered_Velocity_Prediction/install/preffered_velocity_prediction' for CMake config files
[6.505s] Level 1:colcon.colcon_core.environment:checking '/home/ishara/fyp/Human_Preffered_Velocity_Prediction/install/preffered_velocity_prediction/lib'
[6.505s] Level 1:colcon.colcon_core.environment:checking '/home/ishara/fyp/Human_Preffered_Velocity_Prediction/install/preffered_velocity_prediction/bin'
[6.505s] Level 1:colcon.colcon_core.environment:checking '/home/ishara/fyp/Human_Preffered_Velocity_Prediction/install/preffered_velocity_prediction/lib/pkgconfig/preffered_velocity_prediction.pc'
[6.505s] Level 1:colcon.colcon_core.environment:checking '/home/ishara/fyp/Human_Preffered_Velocity_Prediction/install/preffered_velocity_prediction/lib/python3.10/site-packages'
[6.505s] Level 1:colcon.colcon_core.shell:create_environment_hook('preffered_velocity_prediction', 'pythonpath')
[6.506s] INFO:colcon.colcon_core.shell:Creating environment hook '/home/ishara/fyp/Human_Preffered_Velocity_Prediction/install/preffered_velocity_prediction/share/preffered_velocity_prediction/hook/pythonpath.ps1'
[6.506s] INFO:colcon.colcon_core.shell:Creating environment descriptor '/home/ishara/fyp/Human_Preffered_Velocity_Prediction/install/preffered_velocity_prediction/share/preffered_velocity_prediction/hook/pythonpath.dsv'
[6.506s] INFO:colcon.colcon_core.shell:Creating environment hook '/home/ishara/fyp/Human_Preffered_Velocity_Prediction/install/preffered_velocity_prediction/share/preffered_velocity_prediction/hook/pythonpath.sh'
[6.507s] Level 1:colcon.colcon_core.environment:checking '/home/ishara/fyp/Human_Preffered_Velocity_Prediction/install/preffered_velocity_prediction/bin'
[6.507s] Level 1:colcon.colcon_core.environment:create_environment_scripts_only(preffered_velocity_prediction)
[6.507s] INFO:colcon.colcon_core.shell:Creating package script '/home/ishara/fyp/Human_Preffered_Velocity_Prediction/install/preffered_velocity_prediction/share/preffered_velocity_prediction/package.ps1'
[6.507s] INFO:colcon.colcon_core.shell:Creating package descriptor '/home/ishara/fyp/Human_Preffered_Velocity_Prediction/install/preffered_velocity_prediction/share/preffered_velocity_prediction/package.dsv'
[6.508s] INFO:colcon.colcon_core.shell:Creating package script '/home/ishara/fyp/Human_Preffered_Velocity_Prediction/install/preffered_velocity_prediction/share/preffered_velocity_prediction/package.sh'
[6.508s] INFO:colcon.colcon_core.shell:Creating package script '/home/ishara/fyp/Human_Preffered_Velocity_Prediction/install/preffered_velocity_prediction/share/preffered_velocity_prediction/package.bash'
[6.509s] INFO:colcon.colcon_core.shell:Creating package script '/home/ishara/fyp/Human_Preffered_Velocity_Prediction/install/preffered_velocity_prediction/share/preffered_velocity_prediction/package.zsh'
[6.509s] Level 1:colcon.colcon_core.environment:create_file_with_runtime_dependencies(/home/ishara/fyp/Human_Preffered_Velocity_Prediction/install/preffered_velocity_prediction/share/colcon-core/packages/preffered_velocity_prediction)
[6.509s] DEBUG:colcon.colcon_parallel_executor.executor.parallel:closing loop
[6.509s] DEBUG:colcon.colcon_parallel_executor.executor.parallel:loop closed
[6.509s] DEBUG:colcon.colcon_parallel_executor.executor.parallel:run_until_complete finished with '0'
[6.509s] DEBUG:colcon.colcon_core.event_reactor:joining thread
[6.576s] INFO:colcon.colcon_core.plugin_system:Skipping extension 'colcon_notification.desktop_notification.terminal_notifier': Not used on non-Darwin systems
[6.576s] INFO:colcon.colcon_core.plugin_system:Skipping extension 'colcon_notification.desktop_notification.win32': Not used on non-Windows systems
[6.577s] INFO:colcon.colcon_notification.desktop_notification:Sending desktop notification using 'notify2'
[6.664s] DEBUG:colcon.colcon_core.event_reactor:joined thread
[6.665s] INFO:colcon.colcon_core.shell:Creating prefix script '/home/ishara/fyp/Human_Preffered_Velocity_Prediction/install/local_setup.ps1'
[6.677s] INFO:colcon.colcon_core.shell:Creating prefix util module '/home/ishara/fyp/Human_Preffered_Velocity_Prediction/install/_local_setup_util_ps1.py'
[6.680s] INFO:colcon.colcon_core.shell:Creating prefix chain script '/home/ishara/fyp/Human_Preffered_Velocity_Prediction/install/setup.ps1'
[6.683s] INFO:colcon.colcon_core.shell:Creating prefix script '/home/ishara/fyp/Human_Preffered_Velocity_Prediction/install/local_setup.sh'
[6.684s] INFO:colcon.colcon_core.shell:Creating prefix util module '/home/ishara/fyp/Human_Preffered_Velocity_Prediction/install/_local_setup_util_sh.py'
[6.685s] INFO:colcon.colcon_core.shell:Creating prefix chain script '/home/ishara/fyp/Human_Preffered_Velocity_Prediction/install/setup.sh'
[6.687s] INFO:colcon.colcon_core.shell:Creating prefix script '/home/ishara/fyp/Human_Preffered_Velocity_Prediction/install/local_setup.bash'
[6.706s] INFO:colcon.colcon_core.shell:Creating prefix chain script '/home/ishara/fyp/Human_Preffered_Velocity_Prediction/install/setup.bash'
[6.709s] INFO:colcon.colcon_core.shell:Creating prefix script '/home/ishara/fyp/Human_Preffered_Velocity_Prediction/install/local_setup.zsh'
[6.718s] INFO:colcon.colcon_core.shell:Creating prefix chain script '/home/ishara/fyp/Human_Preffered_Velocity_Prediction/install/setup.zsh'
