[0.146s] DEBUG:colcon:Command line arguments: ['/usr/bin/colcon', 'build', '--symlink-install']
[0.147s] DEBUG:colcon:Parsed command line arguments: Namespace(log_base=None, log_level=None, verb_name='build', build_base='build', install_base='install', merge_install=False, symlink_install=True, test_result_base=None, continue_on_error=False, executor='parallel', parallel_workers=6, event_handlers=None, ignore_user_meta=False, metas=['./colcon.meta'], base_paths=['.'], packages_ignore=None, packages_ignore_regex=None, paths=None, packages_up_to=None, packages_up_to_regex=None, packages_above=None, packages_above_and_dependencies=None, packages_above_depth=None, packages_select_by_dep=None, packages_skip_by_dep=None, packages_skip_up_to=None, packages_select_build_failed=False, packages_skip_build_finished=False, packages_select_test_failures=False, packages_skip_test_passed=False, packages_select=None, packages_skip=None, packages_select_regex=None, packages_skip_regex=None, packages_start=None, packages_end=None, allow_overriding=[], cmake_args=None, cmake_target=None, cmake_target_skip_unavailable=False, cmake_clean_cache=False, cmake_clean_first=False, cmake_force_configure=False, ament_cmake_args=None, catkin_cmake_args=None, catkin_skip_building_tests=False, mixin_files=None, mixin=None, verb_parser=<colcon_mixin.mixin.mixin_argument.MixinArgumentDecorator object at 0x7990ec4643a0>, verb_extension=<colcon_core.verb.build.BuildVerb object at 0x7990ec437e50>, main=<bound method BuildVerb.main of <colcon_core.verb.build.BuildVerb object at 0x7990ec437e50>>, mixin_verb=('build',))
[0.370s] Level 1:colcon.colcon_core.package_discovery:discover_packages(colcon_meta) check parameters
[0.370s] Level 1:colcon.colcon_core.package_discovery:discover_packages(recursive) check parameters
[0.370s] Level 1:colcon.colcon_core.package_discovery:discover_packages(ignore) check parameters
[0.370s] Level 1:colcon.colcon_core.package_discovery:discover_packages(path) check parameters
[0.370s] Level 1:colcon.colcon_core.package_discovery:discover_packages(colcon_meta) discover
[0.370s] Level 1:colcon.colcon_core.package_discovery:discover_packages(recursive) discover
[0.370s] INFO:colcon.colcon_core.package_discovery:Crawling recursively for packages in '/home/ishara/fyp/Human_Preffered_Velocity_Prediction'
[0.371s] Level 1:colcon.colcon_core.package_identification:_identify(.) by extensions ['ignore', 'ignore_ament_install']
[0.371s] Level 1:colcon.colcon_core.package_identification:_identify(.) by extension 'ignore'
[0.371s] Level 1:colcon.colcon_core.package_identification:_identify(.) by extension 'ignore_ament_install'
[0.371s] Level 1:colcon.colcon_core.package_identification:_identify(.) by extensions ['colcon_pkg']
[0.371s] Level 1:colcon.colcon_core.package_identification:_identify(.) by extension 'colcon_pkg'
[0.371s] Level 1:colcon.colcon_core.package_identification:_identify(.) by extensions ['colcon_meta']
[0.371s] Level 1:colcon.colcon_core.package_identification:_identify(.) by extension 'colcon_meta'
[0.371s] Level 1:colcon.colcon_core.package_identification:_identify(.) by extensions ['ros']
[0.371s] Level 1:colcon.colcon_core.package_identification:_identify(.) by extension 'ros'
[0.385s] Level 1:colcon.colcon_core.package_identification:_identify(.) by extensions ['cmake', 'python']
[0.385s] Level 1:colcon.colcon_core.package_identification:_identify(.) by extension 'cmake'
[0.385s] Level 1:colcon.colcon_core.package_identification:_identify(.) by extension 'python'
[0.385s] Level 1:colcon.colcon_core.package_identification:_identify(.) by extensions ['python_setup_py']
[0.386s] Level 1:colcon.colcon_core.package_identification:_identify(.) by extension 'python_setup_py'
[0.386s] Level 1:colcon.colcon_core.package_identification:_identify(build) by extensions ['ignore', 'ignore_ament_install']
[0.386s] Level 1:colcon.colcon_core.package_identification:_identify(build) by extension 'ignore'
[0.386s] Level 1:colcon.colcon_core.package_identification:_identify(build) ignored
[0.386s] Level 1:colcon.colcon_core.package_identification:_identify(install) by extensions ['ignore', 'ignore_ament_install']
[0.386s] Level 1:colcon.colcon_core.package_identification:_identify(install) by extension 'ignore'
[0.386s] Level 1:colcon.colcon_core.package_identification:_identify(install) ignored
[0.386s] Level 1:colcon.colcon_core.package_identification:_identify(log) by extensions ['ignore', 'ignore_ament_install']
[0.387s] Level 1:colcon.colcon_core.package_identification:_identify(log) by extension 'ignore'
[0.387s] Level 1:colcon.colcon_core.package_identification:_identify(log) ignored
[0.387s] Level 1:colcon.colcon_core.package_identification:_identify(src) by extensions ['ignore', 'ignore_ament_install']
[0.387s] Level 1:colcon.colcon_core.package_identification:_identify(src) by extension 'ignore'
[0.387s] Level 1:colcon.colcon_core.package_identification:_identify(src) by extension 'ignore_ament_install'
[0.387s] Level 1:colcon.colcon_core.package_identification:_identify(src) by extensions ['colcon_pkg']
[0.387s] Level 1:colcon.colcon_core.package_identification:_identify(src) by extension 'colcon_pkg'
[0.387s] Level 1:colcon.colcon_core.package_identification:_identify(src) by extensions ['colcon_meta']
[0.387s] Level 1:colcon.colcon_core.package_identification:_identify(src) by extension 'colcon_meta'
[0.387s] Level 1:colcon.colcon_core.package_identification:_identify(src) by extensions ['ros']
[0.387s] Level 1:colcon.colcon_core.package_identification:_identify(src) by extension 'ros'
[0.387s] Level 1:colcon.colcon_core.package_identification:_identify(src) by extensions ['cmake', 'python']
[0.387s] Level 1:colcon.colcon_core.package_identification:_identify(src) by extension 'cmake'
[0.387s] Level 1:colcon.colcon_core.package_identification:_identify(src) by extension 'python'
[0.387s] Level 1:colcon.colcon_core.package_identification:_identify(src) by extensions ['python_setup_py']
[0.387s] Level 1:colcon.colcon_core.package_identification:_identify(src) by extension 'python_setup_py'
[0.388s] Level 1:colcon.colcon_core.package_identification:_identify(src/goal_predictor) by extensions ['ignore', 'ignore_ament_install']
[0.388s] Level 1:colcon.colcon_core.package_identification:_identify(src/goal_predictor) by extension 'ignore'
[0.388s] Level 1:colcon.colcon_core.package_identification:_identify(src/goal_predictor) by extension 'ignore_ament_install'
[0.388s] Level 1:colcon.colcon_core.package_identification:_identify(src/goal_predictor) by extensions ['colcon_pkg']
[0.388s] Level 1:colcon.colcon_core.package_identification:_identify(src/goal_predictor) by extension 'colcon_pkg'
[0.388s] Level 1:colcon.colcon_core.package_identification:_identify(src/goal_predictor) by extensions ['colcon_meta']
[0.388s] Level 1:colcon.colcon_core.package_identification:_identify(src/goal_predictor) by extension 'colcon_meta'
[0.388s] Level 1:colcon.colcon_core.package_identification:_identify(src/goal_predictor) by extensions ['ros']
[0.388s] Level 1:colcon.colcon_core.package_identification:_identify(src/goal_predictor) by extension 'ros'
[0.388s] Level 1:colcon.colcon_core.package_identification:_identify(src/goal_predictor) by extensions ['cmake', 'python']
[0.388s] Level 1:colcon.colcon_core.package_identification:_identify(src/goal_predictor) by extension 'cmake'
[0.388s] Level 1:colcon.colcon_core.package_identification:_identify(src/goal_predictor) by extension 'python'
[0.388s] Level 1:colcon.colcon_core.package_identification:_identify(src/goal_predictor) by extensions ['python_setup_py']
[0.388s] Level 1:colcon.colcon_core.package_identification:_identify(src/goal_predictor) by extension 'python_setup_py'
[0.388s] Level 1:colcon.colcon_core.package_identification:_identify(src/goal_predictor/goal_predictor) by extensions ['ignore', 'ignore_ament_install']
[0.388s] Level 1:colcon.colcon_core.package_identification:_identify(src/goal_predictor/goal_predictor) by extension 'ignore'
[0.388s] Level 1:colcon.colcon_core.package_identification:_identify(src/goal_predictor/goal_predictor) by extension 'ignore_ament_install'
[0.389s] Level 1:colcon.colcon_core.package_identification:_identify(src/goal_predictor/goal_predictor) by extensions ['colcon_pkg']
[0.389s] Level 1:colcon.colcon_core.package_identification:_identify(src/goal_predictor/goal_predictor) by extension 'colcon_pkg'
[0.389s] Level 1:colcon.colcon_core.package_identification:_identify(src/goal_predictor/goal_predictor) by extensions ['colcon_meta']
[0.389s] Level 1:colcon.colcon_core.package_identification:_identify(src/goal_predictor/goal_predictor) by extension 'colcon_meta'
[0.389s] Level 1:colcon.colcon_core.package_identification:_identify(src/goal_predictor/goal_predictor) by extensions ['ros']
[0.389s] Level 1:colcon.colcon_core.package_identification:_identify(src/goal_predictor/goal_predictor) by extension 'ros'
[0.389s] Level 1:colcon.colcon_core.package_identification:_identify(src/goal_predictor/goal_predictor) by extensions ['cmake', 'python']
[0.389s] Level 1:colcon.colcon_core.package_identification:_identify(src/goal_predictor/goal_predictor) by extension 'cmake'
[0.389s] Level 1:colcon.colcon_core.package_identification:_identify(src/goal_predictor/goal_predictor) by extension 'python'
[0.389s] Level 1:colcon.colcon_core.package_identification:_identify(src/goal_predictor/goal_predictor) by extensions ['python_setup_py']
[0.389s] Level 1:colcon.colcon_core.package_identification:_identify(src/goal_predictor/goal_predictor) by extension 'python_setup_py'
[0.389s] Level 1:colcon.colcon_core.package_identification:_identify(src/human_data_buffer) by extensions ['ignore', 'ignore_ament_install']
[0.389s] Level 1:colcon.colcon_core.package_identification:_identify(src/human_data_buffer) by extension 'ignore'
[0.389s] Level 1:colcon.colcon_core.package_identification:_identify(src/human_data_buffer) by extension 'ignore_ament_install'
[0.389s] Level 1:colcon.colcon_core.package_identification:_identify(src/human_data_buffer) by extensions ['colcon_pkg']
[0.389s] Level 1:colcon.colcon_core.package_identification:_identify(src/human_data_buffer) by extension 'colcon_pkg'
[0.389s] Level 1:colcon.colcon_core.package_identification:_identify(src/human_data_buffer) by extensions ['colcon_meta']
[0.389s] Level 1:colcon.colcon_core.package_identification:_identify(src/human_data_buffer) by extension 'colcon_meta'
[0.389s] Level 1:colcon.colcon_core.package_identification:_identify(src/human_data_buffer) by extensions ['ros']
[0.390s] Level 1:colcon.colcon_core.package_identification:_identify(src/human_data_buffer) by extension 'ros'
[0.394s] DEBUG:colcon.colcon_core.package_identification:Package 'src/human_data_buffer' with type 'ros.ament_python' and name 'human_data_buffer'
[0.394s] Level 1:colcon.colcon_core.package_identification:_identify(src/preffered_velocity_prediction) by extensions ['ignore', 'ignore_ament_install']
[0.394s] Level 1:colcon.colcon_core.package_identification:_identify(src/preffered_velocity_prediction) by extension 'ignore'
[0.394s] Level 1:colcon.colcon_core.package_identification:_identify(src/preffered_velocity_prediction) by extension 'ignore_ament_install'
[0.394s] Level 1:colcon.colcon_core.package_identification:_identify(src/preffered_velocity_prediction) by extensions ['colcon_pkg']
[0.394s] Level 1:colcon.colcon_core.package_identification:_identify(src/preffered_velocity_prediction) by extension 'colcon_pkg'
[0.394s] Level 1:colcon.colcon_core.package_identification:_identify(src/preffered_velocity_prediction) by extensions ['colcon_meta']
[0.394s] Level 1:colcon.colcon_core.package_identification:_identify(src/preffered_velocity_prediction) by extension 'colcon_meta'
[0.394s] Level 1:colcon.colcon_core.package_identification:_identify(src/preffered_velocity_prediction) by extensions ['ros']
[0.394s] Level 1:colcon.colcon_core.package_identification:_identify(src/preffered_velocity_prediction) by extension 'ros'
[0.396s] DEBUG:colcon.colcon_core.package_identification:Package 'src/preffered_velocity_prediction' with type 'ros.ament_python' and name 'preffered_velocity_prediction'
[0.396s] Level 1:colcon.colcon_core.package_identification:_identify(src/smrr_goal_predictor) by extensions ['ignore', 'ignore_ament_install']
[0.396s] Level 1:colcon.colcon_core.package_identification:_identify(src/smrr_goal_predictor) by extension 'ignore'
[0.396s] Level 1:colcon.colcon_core.package_identification:_identify(src/smrr_goal_predictor) by extension 'ignore_ament_install'
[0.396s] Level 1:colcon.colcon_core.package_identification:_identify(src/smrr_goal_predictor) by extensions ['colcon_pkg']
[0.396s] Level 1:colcon.colcon_core.package_identification:_identify(src/smrr_goal_predictor) by extension 'colcon_pkg'
[0.396s] Level 1:colcon.colcon_core.package_identification:_identify(src/smrr_goal_predictor) by extensions ['colcon_meta']
[0.396s] Level 1:colcon.colcon_core.package_identification:_identify(src/smrr_goal_predictor) by extension 'colcon_meta'
[0.396s] Level 1:colcon.colcon_core.package_identification:_identify(src/smrr_goal_predictor) by extensions ['ros']
[0.396s] Level 1:colcon.colcon_core.package_identification:_identify(src/smrr_goal_predictor) by extension 'ros'
[0.397s] DEBUG:colcon.colcon_core.package_identification:Package 'src/smrr_goal_predictor' with type 'ros.ament_python' and name 'smrr_goal_predictor'
[0.397s] Level 1:colcon.colcon_core.package_identification:_identify(src/smrr_interfaces) by extensions ['ignore', 'ignore_ament_install']
[0.397s] Level 1:colcon.colcon_core.package_identification:_identify(src/smrr_interfaces) by extension 'ignore'
[0.397s] Level 1:colcon.colcon_core.package_identification:_identify(src/smrr_interfaces) by extension 'ignore_ament_install'
[0.397s] Level 1:colcon.colcon_core.package_identification:_identify(src/smrr_interfaces) by extensions ['colcon_pkg']
[0.397s] Level 1:colcon.colcon_core.package_identification:_identify(src/smrr_interfaces) by extension 'colcon_pkg'
[0.397s] Level 1:colcon.colcon_core.package_identification:_identify(src/smrr_interfaces) by extensions ['colcon_meta']
[0.397s] Level 1:colcon.colcon_core.package_identification:_identify(src/smrr_interfaces) by extension 'colcon_meta'
[0.398s] Level 1:colcon.colcon_core.package_identification:_identify(src/smrr_interfaces) by extensions ['ros']
[0.398s] Level 1:colcon.colcon_core.package_identification:_identify(src/smrr_interfaces) by extension 'ros'
[0.398s] DEBUG:colcon.colcon_core.package_identification:Package 'src/smrr_interfaces' with type 'ros.ament_cmake' and name 'smrr_interfaces'
[0.398s] Level 1:colcon.colcon_core.package_discovery:discover_packages(recursive) using defaults
[0.398s] Level 1:colcon.colcon_core.package_discovery:discover_packages(ignore) discover
[0.398s] Level 1:colcon.colcon_core.package_discovery:discover_packages(ignore) using defaults
[0.398s] Level 1:colcon.colcon_core.package_discovery:discover_packages(path) discover
[0.398s] Level 1:colcon.colcon_core.package_discovery:discover_packages(path) using defaults
[0.455s] Level 1:colcon.colcon_core.package_discovery:discover_packages(prefix_path) check parameters
[0.455s] Level 1:colcon.colcon_core.package_discovery:discover_packages(prefix_path) discover
[0.458s] DEBUG:colcon.colcon_installed_package_information.package_discovery:Found 4 installed packages in /home/ishara/fyp/Human_Preffered_Velocity_Prediction/install
[0.458s] DEBUG:colcon.colcon_installed_package_information.package_discovery:Found 1 installed packages in /home/ishara/cpp_pubsub/install
[0.459s] DEBUG:colcon.colcon_installed_package_information.package_discovery:Found 1 installed packages in /home/ishara/ros2_ws/install
[0.459s] DEBUG:colcon.colcon_installed_package_information.package_discovery:Found 7 installed packages in /home/ishara/prelab_ros2_ws/install
[0.462s] DEBUG:colcon.colcon_installed_package_information.package_discovery:Found 398 installed packages in /opt/ros/humble
[0.464s] Level 1:colcon.colcon_core.package_discovery:discover_packages(prefix_path) using defaults
[0.526s] Level 5:colcon.colcon_core.verb:set package 'human_data_buffer' build argument 'cmake_args' from command line to 'None'
[0.526s] Level 5:colcon.colcon_core.verb:set package 'human_data_buffer' build argument 'cmake_target' from command line to 'None'
[0.527s] Level 5:colcon.colcon_core.verb:set package 'human_data_buffer' build argument 'cmake_target_skip_unavailable' from command line to 'False'
[0.527s] Level 5:colcon.colcon_core.verb:set package 'human_data_buffer' build argument 'cmake_clean_cache' from command line to 'False'
[0.527s] Level 5:colcon.colcon_core.verb:set package 'human_data_buffer' build argument 'cmake_clean_first' from command line to 'False'
[0.527s] Level 5:colcon.colcon_core.verb:set package 'human_data_buffer' build argument 'cmake_force_configure' from command line to 'False'
[0.527s] Level 5:colcon.colcon_core.verb:set package 'human_data_buffer' build argument 'ament_cmake_args' from command line to 'None'
[0.527s] Level 5:colcon.colcon_core.verb:set package 'human_data_buffer' build argument 'catkin_cmake_args' from command line to 'None'
[0.527s] Level 5:colcon.colcon_core.verb:set package 'human_data_buffer' build argument 'catkin_skip_building_tests' from command line to 'False'
[0.527s] DEBUG:colcon.colcon_core.verb:Building package 'human_data_buffer' with the following arguments: {'ament_cmake_args': None, 'build_base': '/home/ishara/fyp/Human_Preffered_Velocity_Prediction/build/human_data_buffer', 'catkin_cmake_args': None, 'catkin_skip_building_tests': False, 'cmake_args': None, 'cmake_clean_cache': False, 'cmake_clean_first': False, 'cmake_force_configure': False, 'cmake_target': None, 'cmake_target_skip_unavailable': False, 'install_base': '/home/ishara/fyp/Human_Preffered_Velocity_Prediction/install/human_data_buffer', 'merge_install': False, 'path': '/home/ishara/fyp/Human_Preffered_Velocity_Prediction/src/human_data_buffer', 'symlink_install': True, 'test_result_base': None}
[0.527s] Level 5:colcon.colcon_core.verb:set package 'preffered_velocity_prediction' build argument 'cmake_args' from command line to 'None'
[0.527s] Level 5:colcon.colcon_core.verb:set package 'preffered_velocity_prediction' build argument 'cmake_target' from command line to 'None'
[0.527s] Level 5:colcon.colcon_core.verb:set package 'preffered_velocity_prediction' build argument 'cmake_target_skip_unavailable' from command line to 'False'
[0.527s] Level 5:colcon.colcon_core.verb:set package 'preffered_velocity_prediction' build argument 'cmake_clean_cache' from command line to 'False'
[0.527s] Level 5:colcon.colcon_core.verb:set package 'preffered_velocity_prediction' build argument 'cmake_clean_first' from command line to 'False'
[0.527s] Level 5:colcon.colcon_core.verb:set package 'preffered_velocity_prediction' build argument 'cmake_force_configure' from command line to 'False'
[0.527s] Level 5:colcon.colcon_core.verb:set package 'preffered_velocity_prediction' build argument 'ament_cmake_args' from command line to 'None'
[0.527s] Level 5:colcon.colcon_core.verb:set package 'preffered_velocity_prediction' build argument 'catkin_cmake_args' from command line to 'None'
[0.527s] Level 5:colcon.colcon_core.verb:set package 'preffered_velocity_prediction' build argument 'catkin_skip_building_tests' from command line to 'False'
[0.527s] DEBUG:colcon.colcon_core.verb:Building package 'preffered_velocity_prediction' with the following arguments: {'ament_cmake_args': None, 'build_base': '/home/ishara/fyp/Human_Preffered_Velocity_Prediction/build/preffered_velocity_prediction', 'catkin_cmake_args': None, 'catkin_skip_building_tests': False, 'cmake_args': None, 'cmake_clean_cache': False, 'cmake_clean_first': False, 'cmake_force_configure': False, 'cmake_target': None, 'cmake_target_skip_unavailable': False, 'install_base': '/home/ishara/fyp/Human_Preffered_Velocity_Prediction/install/preffered_velocity_prediction', 'merge_install': False, 'path': '/home/ishara/fyp/Human_Preffered_Velocity_Prediction/src/preffered_velocity_prediction', 'symlink_install': True, 'test_result_base': None}
[0.528s] Level 5:colcon.colcon_core.verb:set package 'smrr_goal_predictor' build argument 'cmake_args' from command line to 'None'
[0.528s] Level 5:colcon.colcon_core.verb:set package 'smrr_goal_predictor' build argument 'cmake_target' from command line to 'None'
[0.528s] Level 5:colcon.colcon_core.verb:set package 'smrr_goal_predictor' build argument 'cmake_target_skip_unavailable' from command line to 'False'
[0.528s] Level 5:colcon.colcon_core.verb:set package 'smrr_goal_predictor' build argument 'cmake_clean_cache' from command line to 'False'
[0.528s] Level 5:colcon.colcon_core.verb:set package 'smrr_goal_predictor' build argument 'cmake_clean_first' from command line to 'False'
[0.528s] Level 5:colcon.colcon_core.verb:set package 'smrr_goal_predictor' build argument 'cmake_force_configure' from command line to 'False'
[0.528s] Level 5:colcon.colcon_core.verb:set package 'smrr_goal_predictor' build argument 'ament_cmake_args' from command line to 'None'
[0.528s] Level 5:colcon.colcon_core.verb:set package 'smrr_goal_predictor' build argument 'catkin_cmake_args' from command line to 'None'
[0.528s] Level 5:colcon.colcon_core.verb:set package 'smrr_goal_predictor' build argument 'catkin_skip_building_tests' from command line to 'False'
[0.528s] DEBUG:colcon.colcon_core.verb:Building package 'smrr_goal_predictor' with the following arguments: {'ament_cmake_args': None, 'build_base': '/home/ishara/fyp/Human_Preffered_Velocity_Prediction/build/smrr_goal_predictor', 'catkin_cmake_args': None, 'catkin_skip_building_tests': False, 'cmake_args': None, 'cmake_clean_cache': False, 'cmake_clean_first': False, 'cmake_force_configure': False, 'cmake_target': None, 'cmake_target_skip_unavailable': False, 'install_base': '/home/ishara/fyp/Human_Preffered_Velocity_Prediction/install/smrr_goal_predictor', 'merge_install': False, 'path': '/home/ishara/fyp/Human_Preffered_Velocity_Prediction/src/smrr_goal_predictor', 'symlink_install': True, 'test_result_base': None}
[0.528s] Level 5:colcon.colcon_core.verb:set package 'smrr_interfaces' build argument 'cmake_args' from command line to 'None'
[0.529s] Level 5:colcon.colcon_core.verb:set package 'smrr_interfaces' build argument 'cmake_target' from command line to 'None'
[0.529s] Level 5:colcon.colcon_core.verb:set package 'smrr_interfaces' build argument 'cmake_target_skip_unavailable' from command line to 'False'
[0.529s] Level 5:colcon.colcon_core.verb:set package 'smrr_interfaces' build argument 'cmake_clean_cache' from command line to 'False'
[0.529s] Level 5:colcon.colcon_core.verb:set package 'smrr_interfaces' build argument 'cmake_clean_first' from command line to 'False'
[0.529s] Level 5:colcon.colcon_core.verb:set package 'smrr_interfaces' build argument 'cmake_force_configure' from command line to 'False'
[0.529s] Level 5:colcon.colcon_core.verb:set package 'smrr_interfaces' build argument 'ament_cmake_args' from command line to 'None'
[0.529s] Level 5:colcon.colcon_core.verb:set package 'smrr_interfaces' build argument 'catkin_cmake_args' from command line to 'None'
[0.529s] Level 5:colcon.colcon_core.verb:set package 'smrr_interfaces' build argument 'catkin_skip_building_tests' from command line to 'False'
[0.529s] DEBUG:colcon.colcon_core.verb:Building package 'smrr_interfaces' with the following arguments: {'ament_cmake_args': None, 'build_base': '/home/ishara/fyp/Human_Preffered_Velocity_Prediction/build/smrr_interfaces', 'catkin_cmake_args': None, 'catkin_skip_building_tests': False, 'cmake_args': None, 'cmake_clean_cache': False, 'cmake_clean_first': False, 'cmake_force_configure': False, 'cmake_target': None, 'cmake_target_skip_unavailable': False, 'install_base': '/home/ishara/fyp/Human_Preffered_Velocity_Prediction/install/smrr_interfaces', 'merge_install': False, 'path': '/home/ishara/fyp/Human_Preffered_Velocity_Prediction/src/smrr_interfaces', 'symlink_install': True, 'test_result_base': None}
[0.529s] INFO:colcon.colcon_core.executor:Executing jobs using 'parallel' executor
[0.531s] DEBUG:colcon.colcon_parallel_executor.executor.parallel:run_until_complete
[0.531s] INFO:colcon.colcon_ros.task.ament_python.build:Building ROS package in '/home/ishara/fyp/Human_Preffered_Velocity_Prediction/src/human_data_buffer' with build type 'ament_python'
[0.531s] Level 1:colcon.colcon_core.shell:create_environment_hook('human_data_buffer', 'ament_prefix_path')
[0.534s] INFO:colcon.colcon_core.plugin_system:Skipping extension 'colcon_core.shell.bat': Not used on non-Windows systems
[0.535s] INFO:colcon.colcon_core.shell:Creating environment hook '/home/ishara/fyp/Human_Preffered_Velocity_Prediction/install/human_data_buffer/share/human_data_buffer/hook/ament_prefix_path.ps1'
[0.536s] INFO:colcon.colcon_core.shell:Creating environment descriptor '/home/ishara/fyp/Human_Preffered_Velocity_Prediction/install/human_data_buffer/share/human_data_buffer/hook/ament_prefix_path.dsv'
[0.536s] INFO:colcon.colcon_core.shell:Creating environment hook '/home/ishara/fyp/Human_Preffered_Velocity_Prediction/install/human_data_buffer/share/human_data_buffer/hook/ament_prefix_path.sh'
[0.537s] INFO:colcon.colcon_core.shell:Skip shell extension 'powershell' for command environment: Not usable outside of PowerShell
[0.537s] DEBUG:colcon.colcon_core.shell:Skip shell extension 'dsv' for command environment
[0.544s] INFO:colcon.colcon_ros.task.ament_python.build:Building ROS package in '/home/ishara/fyp/Human_Preffered_Velocity_Prediction/src/preffered_velocity_prediction' with build type 'ament_python'
[0.544s] Level 1:colcon.colcon_core.shell:create_environment_hook('preffered_velocity_prediction', 'ament_prefix_path')
[0.544s] INFO:colcon.colcon_core.shell:Creating environment hook '/home/ishara/fyp/Human_Preffered_Velocity_Prediction/install/preffered_velocity_prediction/share/preffered_velocity_prediction/hook/ament_prefix_path.ps1'
[0.546s] INFO:colcon.colcon_core.shell:Creating environment descriptor '/home/ishara/fyp/Human_Preffered_Velocity_Prediction/install/preffered_velocity_prediction/share/preffered_velocity_prediction/hook/ament_prefix_path.dsv'
[0.547s] INFO:colcon.colcon_core.shell:Creating environment hook '/home/ishara/fyp/Human_Preffered_Velocity_Prediction/install/preffered_velocity_prediction/share/preffered_velocity_prediction/hook/ament_prefix_path.sh'
[0.548s] INFO:colcon.colcon_core.shell:Skip shell extension 'powershell' for command environment: Not usable outside of PowerShell
[0.548s] DEBUG:colcon.colcon_core.shell:Skip shell extension 'dsv' for command environment
[0.555s] INFO:colcon.colcon_ros.task.ament_python.build:Building ROS package in '/home/ishara/fyp/Human_Preffered_Velocity_Prediction/src/smrr_goal_predictor' with build type 'ament_python'
[0.555s] Level 1:colcon.colcon_core.shell:create_environment_hook('smrr_goal_predictor', 'ament_prefix_path')
[0.555s] INFO:colcon.colcon_core.shell:Creating environment hook '/home/ishara/fyp/Human_Preffered_Velocity_Prediction/install/smrr_goal_predictor/share/smrr_goal_predictor/hook/ament_prefix_path.ps1'
[0.556s] INFO:colcon.colcon_core.shell:Creating environment descriptor '/home/ishara/fyp/Human_Preffered_Velocity_Prediction/install/smrr_goal_predictor/share/smrr_goal_predictor/hook/ament_prefix_path.dsv'
[0.557s] INFO:colcon.colcon_core.shell:Creating environment hook '/home/ishara/fyp/Human_Preffered_Velocity_Prediction/install/smrr_goal_predictor/share/smrr_goal_predictor/hook/ament_prefix_path.sh'
[0.558s] INFO:colcon.colcon_core.shell:Skip shell extension 'powershell' for command environment: Not usable outside of PowerShell
[0.558s] DEBUG:colcon.colcon_core.shell:Skip shell extension 'dsv' for command environment
[0.564s] INFO:colcon.colcon_ros.task.ament_cmake.build:Building ROS package in '/home/ishara/fyp/Human_Preffered_Velocity_Prediction/src/smrr_interfaces' with build type 'ament_cmake'
[0.564s] INFO:colcon.colcon_cmake.task.cmake.build:Building CMake package in '/home/ishara/fyp/Human_Preffered_Velocity_Prediction/src/smrr_interfaces'
[0.565s] INFO:colcon.colcon_core.shell:Skip shell extension 'powershell' for command environment: Not usable outside of PowerShell
[0.565s] DEBUG:colcon.colcon_core.shell:Skip shell extension 'dsv' for command environment
[0.942s] INFO:colcon.colcon_core.task.python.build:Building Python package in '/home/ishara/fyp/Human_Preffered_Velocity_Prediction/src/human_data_buffer'
[0.943s] INFO:colcon.colcon_core.shell:Skip shell extension 'powershell' for command environment: Not usable outside of PowerShell
[0.943s] DEBUG:colcon.colcon_core.shell:Skip shell extension 'dsv' for command environment
[1.317s] INFO:colcon.colcon_core.task.python.build:Building Python package in '/home/ishara/fyp/Human_Preffered_Velocity_Prediction/src/preffered_velocity_prediction'
[1.318s] INFO:colcon.colcon_core.shell:Skip shell extension 'powershell' for command environment: Not usable outside of PowerShell
[1.318s] DEBUG:colcon.colcon_core.shell:Skip shell extension 'dsv' for command environment
[1.700s] INFO:colcon.colcon_core.task.python.build:Building Python package in '/home/ishara/fyp/Human_Preffered_Velocity_Prediction/src/smrr_goal_predictor'
[1.701s] INFO:colcon.colcon_core.shell:Skip shell extension 'powershell' for command environment: Not usable outside of PowerShell
[1.701s] DEBUG:colcon.colcon_core.shell:Skip shell extension 'dsv' for command environment
[1.719s] DEBUG:colcon.colcon_core.event_handler.log_command:Invoking command in '/home/ishara/fyp/Human_Preffered_Velocity_Prediction/build/smrr_interfaces': CMAKE_PREFIX_PATH=${CMAKE_PREFIX_PATH}:/home/ishara/fyp/Human_Preffered_Velocity_Prediction/install/smrr_goal_predictor:/home/ishara/fyp/Human_Preffered_Velocity_Prediction/install/preffered_velocity_prediction:/home/ishara/fyp/Human_Preffered_Velocity_Prediction/install/human_data_buffer:/home/ishara/ros2_ws/install/my_robot_controller:/opt/ros/humble /usr/bin/cmake --build /home/ishara/fyp/Human_Preffered_Velocity_Prediction/build/smrr_interfaces -- -j6 -l6
[2.321s] DEBUG:colcon.colcon_core.event_handler.log_command:Invoking command in '/home/ishara/fyp/Human_Preffered_Velocity_Prediction/build/preffered_velocity_prediction': PYTHONPATH=/home/ishara/fyp/Human_Preffered_Velocity_Prediction/build/preffered_velocity_prediction/prefix_override:/usr/lib/python3/dist-packages/colcon_core/task/python/colcon_distutils_commands:/home/ishara/fyp/Human_Preffered_Velocity_Prediction/install/preffered_velocity_prediction/lib/python3.10/site-packages:${PYTHONPATH} /usr/bin/python3 -W ignore:setup.py install is deprecated setup.py develop --editable --build-directory /home/ishara/fyp/Human_Preffered_Velocity_Prediction/build/preffered_velocity_prediction/build --no-deps symlink_data
[2.333s] DEBUG:colcon.colcon_core.event_handler.log_command:Invoking command in '/home/ishara/fyp/Human_Preffered_Velocity_Prediction/build/human_data_buffer': PYTHONPATH=/home/ishara/fyp/Human_Preffered_Velocity_Prediction/build/human_data_buffer/prefix_override:/usr/lib/python3/dist-packages/colcon_core/task/python/colcon_distutils_commands:/home/ishara/fyp/Human_Preffered_Velocity_Prediction/install/human_data_buffer/lib/python3.10/site-packages:${PYTHONPATH} /usr/bin/python3 -W ignore:setup.py install is deprecated setup.py develop --editable --build-directory /home/ishara/fyp/Human_Preffered_Velocity_Prediction/build/human_data_buffer/build --no-deps symlink_data
[2.346s] DEBUG:colcon.colcon_core.event_handler.log_command:Invoking command in '/home/ishara/fyp/Human_Preffered_Velocity_Prediction/build/smrr_goal_predictor': PYTHONPATH=/home/ishara/fyp/Human_Preffered_Velocity_Prediction/build/smrr_goal_predictor/prefix_override:/usr/lib/python3/dist-packages/colcon_core/task/python/colcon_distutils_commands:/home/ishara/fyp/Human_Preffered_Velocity_Prediction/install/smrr_goal_predictor/lib/python3.10/site-packages:${PYTHONPATH} /usr/bin/python3 -W ignore:setup.py install is deprecated setup.py develop --editable --build-directory /home/ishara/fyp/Human_Preffered_Velocity_Prediction/build/smrr_goal_predictor/build --no-deps symlink_data
[2.351s] DEBUG:colcon.colcon_core.event_handler.log_command:Invoked command in '/home/ishara/fyp/Human_Preffered_Velocity_Prediction/build/smrr_interfaces' returned '0': CMAKE_PREFIX_PATH=${CMAKE_PREFIX_PATH}:/home/ishara/fyp/Human_Preffered_Velocity_Prediction/install/smrr_goal_predictor:/home/ishara/fyp/Human_Preffered_Velocity_Prediction/install/preffered_velocity_prediction:/home/ishara/fyp/Human_Preffered_Velocity_Prediction/install/human_data_buffer:/home/ishara/ros2_ws/install/my_robot_controller:/opt/ros/humble /usr/bin/cmake --build /home/ishara/fyp/Human_Preffered_Velocity_Prediction/build/smrr_interfaces -- -j6 -l6
[2.583s] DEBUG:colcon.colcon_core.event_handler.log_command:Invoking command in '/home/ishara/fyp/Human_Preffered_Velocity_Prediction/build/smrr_interfaces': CMAKE_PREFIX_PATH=${CMAKE_PREFIX_PATH}:/home/ishara/fyp/Human_Preffered_Velocity_Prediction/install/smrr_goal_predictor:/home/ishara/fyp/Human_Preffered_Velocity_Prediction/install/preffered_velocity_prediction:/home/ishara/fyp/Human_Preffered_Velocity_Prediction/install/human_data_buffer:/home/ishara/ros2_ws/install/my_robot_controller:/opt/ros/humble /usr/bin/cmake --install /home/ishara/fyp/Human_Preffered_Velocity_Prediction/build/smrr_interfaces
[2.700s] Level 1:colcon.colcon_core.environment:create_environment_scripts_only(smrr_interfaces)
[2.701s] DEBUG:colcon.colcon_core.event_handler.log_command:Invoked command in '/home/ishara/fyp/Human_Preffered_Velocity_Prediction/build/smrr_interfaces' returned '0': CMAKE_PREFIX_PATH=${CMAKE_PREFIX_PATH}:/home/ishara/fyp/Human_Preffered_Velocity_Prediction/install/smrr_goal_predictor:/home/ishara/fyp/Human_Preffered_Velocity_Prediction/install/preffered_velocity_prediction:/home/ishara/fyp/Human_Preffered_Velocity_Prediction/install/human_data_buffer:/home/ishara/ros2_ws/install/my_robot_controller:/opt/ros/humble /usr/bin/cmake --install /home/ishara/fyp/Human_Preffered_Velocity_Prediction/build/smrr_interfaces
[2.703s] Level 1:colcon.colcon_core.environment:checking '/home/ishara/fyp/Human_Preffered_Velocity_Prediction/install/smrr_interfaces' for CMake module files
[2.704s] Level 1:colcon.colcon_core.environment:checking '/home/ishara/fyp/Human_Preffered_Velocity_Prediction/install/smrr_interfaces' for CMake config files
[2.706s] Level 1:colcon.colcon_core.shell:create_environment_hook('smrr_interfaces', 'cmake_prefix_path')
[2.706s] INFO:colcon.colcon_core.shell:Creating environment hook '/home/ishara/fyp/Human_Preffered_Velocity_Prediction/install/smrr_interfaces/share/smrr_interfaces/hook/cmake_prefix_path.ps1'
[2.707s] INFO:colcon.colcon_core.shell:Creating environment descriptor '/home/ishara/fyp/Human_Preffered_Velocity_Prediction/install/smrr_interfaces/share/smrr_interfaces/hook/cmake_prefix_path.dsv'
[2.707s] INFO:colcon.colcon_core.shell:Creating environment hook '/home/ishara/fyp/Human_Preffered_Velocity_Prediction/install/smrr_interfaces/share/smrr_interfaces/hook/cmake_prefix_path.sh'
[2.708s] Level 1:colcon.colcon_core.environment:checking '/home/ishara/fyp/Human_Preffered_Velocity_Prediction/install/smrr_interfaces/lib'
[2.709s] Level 1:colcon.colcon_core.shell:create_environment_hook('smrr_interfaces', 'ld_library_path_lib')
[2.709s] INFO:colcon.colcon_core.shell:Creating environment hook '/home/ishara/fyp/Human_Preffered_Velocity_Prediction/install/smrr_interfaces/share/smrr_interfaces/hook/ld_library_path_lib.ps1'
[2.709s] INFO:colcon.colcon_core.shell:Creating environment descriptor '/home/ishara/fyp/Human_Preffered_Velocity_Prediction/install/smrr_interfaces/share/smrr_interfaces/hook/ld_library_path_lib.dsv'
[2.710s] INFO:colcon.colcon_core.shell:Creating environment hook '/home/ishara/fyp/Human_Preffered_Velocity_Prediction/install/smrr_interfaces/share/smrr_interfaces/hook/ld_library_path_lib.sh'
[2.710s] Level 1:colcon.colcon_core.environment:checking '/home/ishara/fyp/Human_Preffered_Velocity_Prediction/install/smrr_interfaces/bin'
[2.710s] Level 1:colcon.colcon_core.environment:checking '/home/ishara/fyp/Human_Preffered_Velocity_Prediction/install/smrr_interfaces/lib/pkgconfig/smrr_interfaces.pc'
[2.711s] Level 1:colcon.colcon_core.environment:checking '/home/ishara/fyp/Human_Preffered_Velocity_Prediction/install/smrr_interfaces/lib/python3.10/site-packages'
[2.711s] Level 1:colcon.colcon_core.shell:create_environment_hook('smrr_interfaces', 'pythonpath')
[2.711s] INFO:colcon.colcon_core.shell:Creating environment hook '/home/ishara/fyp/Human_Preffered_Velocity_Prediction/install/smrr_interfaces/share/smrr_interfaces/hook/pythonpath.ps1'
[2.712s] INFO:colcon.colcon_core.shell:Creating environment descriptor '/home/ishara/fyp/Human_Preffered_Velocity_Prediction/install/smrr_interfaces/share/smrr_interfaces/hook/pythonpath.dsv'
[2.712s] INFO:colcon.colcon_core.shell:Creating environment hook '/home/ishara/fyp/Human_Preffered_Velocity_Prediction/install/smrr_interfaces/share/smrr_interfaces/hook/pythonpath.sh'
[2.713s] Level 1:colcon.colcon_core.environment:checking '/home/ishara/fyp/Human_Preffered_Velocity_Prediction/install/smrr_interfaces/bin'
[2.713s] INFO:colcon.colcon_core.shell:Creating package script '/home/ishara/fyp/Human_Preffered_Velocity_Prediction/install/smrr_interfaces/share/smrr_interfaces/package.ps1'
[2.714s] INFO:colcon.colcon_core.shell:Creating package descriptor '/home/ishara/fyp/Human_Preffered_Velocity_Prediction/install/smrr_interfaces/share/smrr_interfaces/package.dsv'
[2.715s] INFO:colcon.colcon_core.shell:Creating package script '/home/ishara/fyp/Human_Preffered_Velocity_Prediction/install/smrr_interfaces/share/smrr_interfaces/package.sh'
[2.716s] INFO:colcon.colcon_core.shell:Creating package script '/home/ishara/fyp/Human_Preffered_Velocity_Prediction/install/smrr_interfaces/share/smrr_interfaces/package.bash'
[2.717s] INFO:colcon.colcon_core.shell:Creating package script '/home/ishara/fyp/Human_Preffered_Velocity_Prediction/install/smrr_interfaces/share/smrr_interfaces/package.zsh'
[2.718s] Level 1:colcon.colcon_core.environment:create_file_with_runtime_dependencies(/home/ishara/fyp/Human_Preffered_Velocity_Prediction/install/smrr_interfaces/share/colcon-core/packages/smrr_interfaces)
[2.925s] Level 1:colcon.colcon_core.environment:create_environment_scripts_only(smrr_interfaces)
[2.925s] Level 1:colcon.colcon_core.environment:checking '/home/ishara/fyp/Human_Preffered_Velocity_Prediction/install/smrr_interfaces' for CMake module files
[2.926s] Level 1:colcon.colcon_core.environment:checking '/home/ishara/fyp/Human_Preffered_Velocity_Prediction/install/smrr_interfaces' for CMake config files
[2.928s] Level 1:colcon.colcon_core.shell:create_environment_hook('smrr_interfaces', 'cmake_prefix_path')
[2.928s] INFO:colcon.colcon_core.shell:Creating environment hook '/home/ishara/fyp/Human_Preffered_Velocity_Prediction/install/smrr_interfaces/share/smrr_interfaces/hook/cmake_prefix_path.ps1'
[2.930s] INFO:colcon.colcon_core.shell:Creating environment descriptor '/home/ishara/fyp/Human_Preffered_Velocity_Prediction/install/smrr_interfaces/share/smrr_interfaces/hook/cmake_prefix_path.dsv'
[2.931s] INFO:colcon.colcon_core.shell:Creating environment hook '/home/ishara/fyp/Human_Preffered_Velocity_Prediction/install/smrr_interfaces/share/smrr_interfaces/hook/cmake_prefix_path.sh'
[2.932s] Level 1:colcon.colcon_core.environment:checking '/home/ishara/fyp/Human_Preffered_Velocity_Prediction/install/smrr_interfaces/lib'
[2.933s] Level 1:colcon.colcon_core.shell:create_environment_hook('smrr_interfaces', 'ld_library_path_lib')
[2.933s] INFO:colcon.colcon_core.shell:Creating environment hook '/home/ishara/fyp/Human_Preffered_Velocity_Prediction/install/smrr_interfaces/share/smrr_interfaces/hook/ld_library_path_lib.ps1'
[2.933s] INFO:colcon.colcon_core.shell:Creating environment descriptor '/home/ishara/fyp/Human_Preffered_Velocity_Prediction/install/smrr_interfaces/share/smrr_interfaces/hook/ld_library_path_lib.dsv'
[2.934s] INFO:colcon.colcon_core.shell:Creating environment hook '/home/ishara/fyp/Human_Preffered_Velocity_Prediction/install/smrr_interfaces/share/smrr_interfaces/hook/ld_library_path_lib.sh'
[2.934s] Level 1:colcon.colcon_core.environment:checking '/home/ishara/fyp/Human_Preffered_Velocity_Prediction/install/smrr_interfaces/bin'
[2.935s] Level 1:colcon.colcon_core.environment:checking '/home/ishara/fyp/Human_Preffered_Velocity_Prediction/install/smrr_interfaces/lib/pkgconfig/smrr_interfaces.pc'
[2.935s] Level 1:colcon.colcon_core.environment:checking '/home/ishara/fyp/Human_Preffered_Velocity_Prediction/install/smrr_interfaces/lib/python3.10/site-packages'
[2.935s] Level 1:colcon.colcon_core.shell:create_environment_hook('smrr_interfaces', 'pythonpath')
[2.935s] INFO:colcon.colcon_core.shell:Creating environment hook '/home/ishara/fyp/Human_Preffered_Velocity_Prediction/install/smrr_interfaces/share/smrr_interfaces/hook/pythonpath.ps1'
[2.936s] INFO:colcon.colcon_core.shell:Creating environment descriptor '/home/ishara/fyp/Human_Preffered_Velocity_Prediction/install/smrr_interfaces/share/smrr_interfaces/hook/pythonpath.dsv'
[2.936s] INFO:colcon.colcon_core.shell:Creating environment hook '/home/ishara/fyp/Human_Preffered_Velocity_Prediction/install/smrr_interfaces/share/smrr_interfaces/hook/pythonpath.sh'
[2.937s] Level 1:colcon.colcon_core.environment:checking '/home/ishara/fyp/Human_Preffered_Velocity_Prediction/install/smrr_interfaces/bin'
[2.937s] INFO:colcon.colcon_core.shell:Creating package script '/home/ishara/fyp/Human_Preffered_Velocity_Prediction/install/smrr_interfaces/share/smrr_interfaces/package.ps1'
[2.938s] INFO:colcon.colcon_core.shell:Creating package descriptor '/home/ishara/fyp/Human_Preffered_Velocity_Prediction/install/smrr_interfaces/share/smrr_interfaces/package.dsv'
[2.939s] INFO:colcon.colcon_core.shell:Creating package script '/home/ishara/fyp/Human_Preffered_Velocity_Prediction/install/smrr_interfaces/share/smrr_interfaces/package.sh'
[2.939s] INFO:colcon.colcon_core.shell:Creating package script '/home/ishara/fyp/Human_Preffered_Velocity_Prediction/install/smrr_interfaces/share/smrr_interfaces/package.bash'
[2.940s] INFO:colcon.colcon_core.shell:Creating package script '/home/ishara/fyp/Human_Preffered_Velocity_Prediction/install/smrr_interfaces/share/smrr_interfaces/package.zsh'
[2.941s] Level 1:colcon.colcon_core.environment:create_file_with_runtime_dependencies(/home/ishara/fyp/Human_Preffered_Velocity_Prediction/install/smrr_interfaces/share/colcon-core/packages/smrr_interfaces)
[2.988s] Level 1:colcon.colcon_core.shell:create_environment_hook('preffered_velocity_prediction', 'pythonpath_develop')
[2.989s] INFO:colcon.colcon_core.shell:Creating environment hook '/home/ishara/fyp/Human_Preffered_Velocity_Prediction/build/preffered_velocity_prediction/share/preffered_velocity_prediction/hook/pythonpath_develop.ps1'
[2.990s] DEBUG:colcon.colcon_core.event_handler.log_command:Invoked command in '/home/ishara/fyp/Human_Preffered_Velocity_Prediction/build/preffered_velocity_prediction' returned '0': PYTHONPATH=/home/ishara/fyp/Human_Preffered_Velocity_Prediction/build/preffered_velocity_prediction/prefix_override:/usr/lib/python3/dist-packages/colcon_core/task/python/colcon_distutils_commands:/home/ishara/fyp/Human_Preffered_Velocity_Prediction/install/preffered_velocity_prediction/lib/python3.10/site-packages:${PYTHONPATH} /usr/bin/python3 -W ignore:setup.py install is deprecated setup.py develop --editable --build-directory /home/ishara/fyp/Human_Preffered_Velocity_Prediction/build/preffered_velocity_prediction/build --no-deps symlink_data
[2.991s] INFO:colcon.colcon_core.shell:Creating environment descriptor '/home/ishara/fyp/Human_Preffered_Velocity_Prediction/build/preffered_velocity_prediction/share/preffered_velocity_prediction/hook/pythonpath_develop.dsv'
[2.992s] INFO:colcon.colcon_core.shell:Creating environment hook '/home/ishara/fyp/Human_Preffered_Velocity_Prediction/build/preffered_velocity_prediction/share/preffered_velocity_prediction/hook/pythonpath_develop.sh'
[2.993s] Level 1:colcon.colcon_core.environment:checking '/home/ishara/fyp/Human_Preffered_Velocity_Prediction/install/preffered_velocity_prediction' for CMake module files
[2.994s] Level 1:colcon.colcon_core.environment:checking '/home/ishara/fyp/Human_Preffered_Velocity_Prediction/install/preffered_velocity_prediction' for CMake config files
[2.995s] Level 1:colcon.colcon_core.environment:checking '/home/ishara/fyp/Human_Preffered_Velocity_Prediction/install/preffered_velocity_prediction/lib'
[2.995s] Level 1:colcon.colcon_core.environment:checking '/home/ishara/fyp/Human_Preffered_Velocity_Prediction/install/preffered_velocity_prediction/bin'
[2.995s] Level 1:colcon.colcon_core.environment:checking '/home/ishara/fyp/Human_Preffered_Velocity_Prediction/install/preffered_velocity_prediction/lib/pkgconfig/preffered_velocity_prediction.pc'
[2.995s] Level 1:colcon.colcon_core.environment:checking '/home/ishara/fyp/Human_Preffered_Velocity_Prediction/install/preffered_velocity_prediction/lib/python3.10/site-packages'
[2.996s] Level 1:colcon.colcon_core.shell:create_environment_hook('preffered_velocity_prediction', 'pythonpath')
[2.996s] INFO:colcon.colcon_core.shell:Creating environment hook '/home/ishara/fyp/Human_Preffered_Velocity_Prediction/install/preffered_velocity_prediction/share/preffered_velocity_prediction/hook/pythonpath.ps1'
[2.997s] INFO:colcon.colcon_core.shell:Creating environment descriptor '/home/ishara/fyp/Human_Preffered_Velocity_Prediction/install/preffered_velocity_prediction/share/preffered_velocity_prediction/hook/pythonpath.dsv'
[2.998s] INFO:colcon.colcon_core.shell:Creating environment hook '/home/ishara/fyp/Human_Preffered_Velocity_Prediction/install/preffered_velocity_prediction/share/preffered_velocity_prediction/hook/pythonpath.sh'
[2.999s] Level 1:colcon.colcon_core.environment:checking '/home/ishara/fyp/Human_Preffered_Velocity_Prediction/install/preffered_velocity_prediction/bin'
[2.999s] Level 1:colcon.colcon_core.environment:create_environment_scripts_only(preffered_velocity_prediction)
[3.000s] INFO:colcon.colcon_core.shell:Creating package script '/home/ishara/fyp/Human_Preffered_Velocity_Prediction/install/preffered_velocity_prediction/share/preffered_velocity_prediction/package.ps1'
[3.001s] INFO:colcon.colcon_core.shell:Creating package descriptor '/home/ishara/fyp/Human_Preffered_Velocity_Prediction/install/preffered_velocity_prediction/share/preffered_velocity_prediction/package.dsv'
[3.002s] INFO:colcon.colcon_core.shell:Creating package script '/home/ishara/fyp/Human_Preffered_Velocity_Prediction/install/preffered_velocity_prediction/share/preffered_velocity_prediction/package.sh'
[3.003s] INFO:colcon.colcon_core.shell:Creating package script '/home/ishara/fyp/Human_Preffered_Velocity_Prediction/install/preffered_velocity_prediction/share/preffered_velocity_prediction/package.bash'
[3.004s] INFO:colcon.colcon_core.shell:Creating package script '/home/ishara/fyp/Human_Preffered_Velocity_Prediction/install/preffered_velocity_prediction/share/preffered_velocity_prediction/package.zsh'
[3.005s] Level 1:colcon.colcon_core.environment:create_file_with_runtime_dependencies(/home/ishara/fyp/Human_Preffered_Velocity_Prediction/install/preffered_velocity_prediction/share/colcon-core/packages/preffered_velocity_prediction)
[3.014s] Level 1:colcon.colcon_core.shell:create_environment_hook('smrr_goal_predictor', 'pythonpath_develop')
[3.015s] INFO:colcon.colcon_core.shell:Creating environment hook '/home/ishara/fyp/Human_Preffered_Velocity_Prediction/build/smrr_goal_predictor/share/smrr_goal_predictor/hook/pythonpath_develop.ps1'
[3.016s] DEBUG:colcon.colcon_core.event_handler.log_command:Invoked command in '/home/ishara/fyp/Human_Preffered_Velocity_Prediction/build/smrr_goal_predictor' returned '0': PYTHONPATH=/home/ishara/fyp/Human_Preffered_Velocity_Prediction/build/smrr_goal_predictor/prefix_override:/usr/lib/python3/dist-packages/colcon_core/task/python/colcon_distutils_commands:/home/ishara/fyp/Human_Preffered_Velocity_Prediction/install/smrr_goal_predictor/lib/python3.10/site-packages:${PYTHONPATH} /usr/bin/python3 -W ignore:setup.py install is deprecated setup.py develop --editable --build-directory /home/ishara/fyp/Human_Preffered_Velocity_Prediction/build/smrr_goal_predictor/build --no-deps symlink_data
[3.017s] INFO:colcon.colcon_core.shell:Creating environment descriptor '/home/ishara/fyp/Human_Preffered_Velocity_Prediction/build/smrr_goal_predictor/share/smrr_goal_predictor/hook/pythonpath_develop.dsv'
[3.018s] INFO:colcon.colcon_core.shell:Creating environment hook '/home/ishara/fyp/Human_Preffered_Velocity_Prediction/build/smrr_goal_predictor/share/smrr_goal_predictor/hook/pythonpath_develop.sh'
[3.019s] Level 1:colcon.colcon_core.environment:checking '/home/ishara/fyp/Human_Preffered_Velocity_Prediction/install/smrr_goal_predictor' for CMake module files
[3.020s] Level 1:colcon.colcon_core.environment:checking '/home/ishara/fyp/Human_Preffered_Velocity_Prediction/install/smrr_goal_predictor' for CMake config files
[3.020s] Level 1:colcon.colcon_core.environment:checking '/home/ishara/fyp/Human_Preffered_Velocity_Prediction/install/smrr_goal_predictor/lib'
[3.021s] Level 1:colcon.colcon_core.environment:checking '/home/ishara/fyp/Human_Preffered_Velocity_Prediction/install/smrr_goal_predictor/bin'
[3.021s] Level 1:colcon.colcon_core.environment:checking '/home/ishara/fyp/Human_Preffered_Velocity_Prediction/install/smrr_goal_predictor/lib/pkgconfig/smrr_goal_predictor.pc'
[3.021s] Level 1:colcon.colcon_core.environment:checking '/home/ishara/fyp/Human_Preffered_Velocity_Prediction/install/smrr_goal_predictor/lib/python3.10/site-packages'
[3.021s] Level 1:colcon.colcon_core.shell:create_environment_hook('smrr_goal_predictor', 'pythonpath')
[3.022s] INFO:colcon.colcon_core.shell:Creating environment hook '/home/ishara/fyp/Human_Preffered_Velocity_Prediction/install/smrr_goal_predictor/share/smrr_goal_predictor/hook/pythonpath.ps1'
[3.022s] INFO:colcon.colcon_core.shell:Creating environment descriptor '/home/ishara/fyp/Human_Preffered_Velocity_Prediction/install/smrr_goal_predictor/share/smrr_goal_predictor/hook/pythonpath.dsv'
[3.023s] INFO:colcon.colcon_core.shell:Creating environment hook '/home/ishara/fyp/Human_Preffered_Velocity_Prediction/install/smrr_goal_predictor/share/smrr_goal_predictor/hook/pythonpath.sh'
[3.024s] Level 1:colcon.colcon_core.environment:checking '/home/ishara/fyp/Human_Preffered_Velocity_Prediction/install/smrr_goal_predictor/bin'
[3.024s] Level 1:colcon.colcon_core.environment:create_environment_scripts_only(smrr_goal_predictor)
[3.025s] INFO:colcon.colcon_core.shell:Creating package script '/home/ishara/fyp/Human_Preffered_Velocity_Prediction/install/smrr_goal_predictor/share/smrr_goal_predictor/package.ps1'
[3.026s] INFO:colcon.colcon_core.shell:Creating package descriptor '/home/ishara/fyp/Human_Preffered_Velocity_Prediction/install/smrr_goal_predictor/share/smrr_goal_predictor/package.dsv'
[3.027s] INFO:colcon.colcon_core.shell:Creating package script '/home/ishara/fyp/Human_Preffered_Velocity_Prediction/install/smrr_goal_predictor/share/smrr_goal_predictor/package.sh'
[3.028s] INFO:colcon.colcon_core.shell:Creating package script '/home/ishara/fyp/Human_Preffered_Velocity_Prediction/install/smrr_goal_predictor/share/smrr_goal_predictor/package.bash'
[3.028s] INFO:colcon.colcon_core.shell:Creating package script '/home/ishara/fyp/Human_Preffered_Velocity_Prediction/install/smrr_goal_predictor/share/smrr_goal_predictor/package.zsh'
[3.029s] Level 1:colcon.colcon_core.environment:create_file_with_runtime_dependencies(/home/ishara/fyp/Human_Preffered_Velocity_Prediction/install/smrr_goal_predictor/share/colcon-core/packages/smrr_goal_predictor)
[3.031s] Level 1:colcon.colcon_core.shell:create_environment_hook('human_data_buffer', 'pythonpath_develop')
[3.032s] INFO:colcon.colcon_core.shell:Creating environment hook '/home/ishara/fyp/Human_Preffered_Velocity_Prediction/build/human_data_buffer/share/human_data_buffer/hook/pythonpath_develop.ps1'
[3.033s] INFO:colcon.colcon_core.shell:Creating environment descriptor '/home/ishara/fyp/Human_Preffered_Velocity_Prediction/build/human_data_buffer/share/human_data_buffer/hook/pythonpath_develop.dsv'
[3.034s] DEBUG:colcon.colcon_core.event_handler.log_command:Invoked command in '/home/ishara/fyp/Human_Preffered_Velocity_Prediction/build/human_data_buffer' returned '0': PYTHONPATH=/home/ishara/fyp/Human_Preffered_Velocity_Prediction/build/human_data_buffer/prefix_override:/usr/lib/python3/dist-packages/colcon_core/task/python/colcon_distutils_commands:/home/ishara/fyp/Human_Preffered_Velocity_Prediction/install/human_data_buffer/lib/python3.10/site-packages:${PYTHONPATH} /usr/bin/python3 -W ignore:setup.py install is deprecated setup.py develop --editable --build-directory /home/ishara/fyp/Human_Preffered_Velocity_Prediction/build/human_data_buffer/build --no-deps symlink_data
[3.035s] INFO:colcon.colcon_core.shell:Creating environment hook '/home/ishara/fyp/Human_Preffered_Velocity_Prediction/build/human_data_buffer/share/human_data_buffer/hook/pythonpath_develop.sh'
[3.036s] Level 1:colcon.colcon_core.environment:checking '/home/ishara/fyp/Human_Preffered_Velocity_Prediction/install/human_data_buffer' for CMake module files
[3.037s] Level 1:colcon.colcon_core.environment:checking '/home/ishara/fyp/Human_Preffered_Velocity_Prediction/install/human_data_buffer' for CMake config files
[3.037s] Level 1:colcon.colcon_core.environment:checking '/home/ishara/fyp/Human_Preffered_Velocity_Prediction/install/human_data_buffer/lib'
[3.038s] Level 1:colcon.colcon_core.environment:checking '/home/ishara/fyp/Human_Preffered_Velocity_Prediction/install/human_data_buffer/bin'
[3.038s] Level 1:colcon.colcon_core.environment:checking '/home/ishara/fyp/Human_Preffered_Velocity_Prediction/install/human_data_buffer/lib/pkgconfig/human_data_buffer.pc'
[3.038s] Level 1:colcon.colcon_core.environment:checking '/home/ishara/fyp/Human_Preffered_Velocity_Prediction/install/human_data_buffer/lib/python3.10/site-packages'
[3.038s] Level 1:colcon.colcon_core.shell:create_environment_hook('human_data_buffer', 'pythonpath')
[3.039s] INFO:colcon.colcon_core.shell:Creating environment hook '/home/ishara/fyp/Human_Preffered_Velocity_Prediction/install/human_data_buffer/share/human_data_buffer/hook/pythonpath.ps1'
[3.040s] INFO:colcon.colcon_core.shell:Creating environment descriptor '/home/ishara/fyp/Human_Preffered_Velocity_Prediction/install/human_data_buffer/share/human_data_buffer/hook/pythonpath.dsv'
[3.041s] INFO:colcon.colcon_core.shell:Creating environment hook '/home/ishara/fyp/Human_Preffered_Velocity_Prediction/install/human_data_buffer/share/human_data_buffer/hook/pythonpath.sh'
[3.042s] Level 1:colcon.colcon_core.environment:checking '/home/ishara/fyp/Human_Preffered_Velocity_Prediction/install/human_data_buffer/bin'
[3.042s] Level 1:colcon.colcon_core.environment:create_environment_scripts_only(human_data_buffer)
[3.043s] INFO:colcon.colcon_core.shell:Creating package script '/home/ishara/fyp/Human_Preffered_Velocity_Prediction/install/human_data_buffer/share/human_data_buffer/package.ps1'
[3.044s] INFO:colcon.colcon_core.shell:Creating package descriptor '/home/ishara/fyp/Human_Preffered_Velocity_Prediction/install/human_data_buffer/share/human_data_buffer/package.dsv'
[3.045s] INFO:colcon.colcon_core.shell:Creating package script '/home/ishara/fyp/Human_Preffered_Velocity_Prediction/install/human_data_buffer/share/human_data_buffer/package.sh'
[3.045s] INFO:colcon.colcon_core.shell:Creating package script '/home/ishara/fyp/Human_Preffered_Velocity_Prediction/install/human_data_buffer/share/human_data_buffer/package.bash'
[3.046s] INFO:colcon.colcon_core.shell:Creating package script '/home/ishara/fyp/Human_Preffered_Velocity_Prediction/install/human_data_buffer/share/human_data_buffer/package.zsh'
[3.047s] Level 1:colcon.colcon_core.environment:create_file_with_runtime_dependencies(/home/ishara/fyp/Human_Preffered_Velocity_Prediction/install/human_data_buffer/share/colcon-core/packages/human_data_buffer)
[3.048s] DEBUG:colcon.colcon_parallel_executor.executor.parallel:closing loop
[3.048s] DEBUG:colcon.colcon_parallel_executor.executor.parallel:loop closed
[3.048s] DEBUG:colcon.colcon_parallel_executor.executor.parallel:run_until_complete finished with '0'
[3.048s] DEBUG:colcon.colcon_core.event_reactor:joining thread
[3.058s] INFO:colcon.colcon_core.plugin_system:Skipping extension 'colcon_notification.desktop_notification.terminal_notifier': Not used on non-Darwin systems
[3.059s] INFO:colcon.colcon_core.plugin_system:Skipping extension 'colcon_notification.desktop_notification.win32': Not used on non-Windows systems
[3.059s] INFO:colcon.colcon_notification.desktop_notification:Sending desktop notification using 'notify2'
[3.081s] DEBUG:colcon.colcon_core.event_reactor:joined thread
[3.082s] INFO:colcon.colcon_core.shell:Creating prefix script '/home/ishara/fyp/Human_Preffered_Velocity_Prediction/install/local_setup.ps1'
[3.084s] INFO:colcon.colcon_core.shell:Creating prefix util module '/home/ishara/fyp/Human_Preffered_Velocity_Prediction/install/_local_setup_util_ps1.py'
[3.086s] INFO:colcon.colcon_core.shell:Creating prefix chain script '/home/ishara/fyp/Human_Preffered_Velocity_Prediction/install/setup.ps1'
[3.089s] INFO:colcon.colcon_core.shell:Creating prefix script '/home/ishara/fyp/Human_Preffered_Velocity_Prediction/install/local_setup.sh'
[3.090s] INFO:colcon.colcon_core.shell:Creating prefix util module '/home/ishara/fyp/Human_Preffered_Velocity_Prediction/install/_local_setup_util_sh.py'
[3.091s] INFO:colcon.colcon_core.shell:Creating prefix chain script '/home/ishara/fyp/Human_Preffered_Velocity_Prediction/install/setup.sh'
[3.094s] INFO:colcon.colcon_core.shell:Creating prefix script '/home/ishara/fyp/Human_Preffered_Velocity_Prediction/install/local_setup.bash'
[3.095s] INFO:colcon.colcon_core.shell:Creating prefix chain script '/home/ishara/fyp/Human_Preffered_Velocity_Prediction/install/setup.bash'
[3.098s] INFO:colcon.colcon_core.shell:Creating prefix script '/home/ishara/fyp/Human_Preffered_Velocity_Prediction/install/local_setup.zsh'
[3.099s] INFO:colcon.colcon_core.shell:Creating prefix chain script '/home/ishara/fyp/Human_Preffered_Velocity_Prediction/install/setup.zsh'
