[3.547s] Invoking command in '/home/ishara/fyp/Human_Preffered_Velocity_Prediction/build/docking_controller': PYTHONPATH=/home/ishara/fyp/Human_Preffered_Velocity_Prediction/build/docking_controller/prefix_override:/usr/lib/python3/dist-packages/colcon_core/task/python/colcon_distutils_commands:/home/ishara/fyp/Human_Preffered_Velocity_Prediction/install/docking_controller/lib/python3.10/site-packages:${PYTHONPATH} /usr/bin/python3 -W ignore:setup.py install is deprecated setup.py develop --editable --build-directory /home/ishara/fyp/Human_Preffered_Velocity_Prediction/build/docking_controller/build --no-deps symlink_data
[3.815s] running develop
[3.815s] /usr/lib/python3/dist-packages/setuptools/command/easy_install.py:158: EasyInstallDeprecationWarning: easy_install command is deprecated. Use build and pip and other standards-based tools.
[3.815s]   warnings.warn(
[4.021s] running egg_info
[4.021s] creating docking_controller.egg-info
[4.021s] writing docking_controller.egg-info/PKG-INFO
[4.021s] writing dependency_links to docking_controller.egg-info/dependency_links.txt
[4.021s] writing entry points to docking_controller.egg-info/entry_points.txt
[4.021s] writing requirements to docking_controller.egg-info/requires.txt
[4.021s] writing top-level names to docking_controller.egg-info/top_level.txt
[4.021s] writing manifest file 'docking_controller.egg-info/SOURCES.txt'
[4.022s] reading manifest file 'docking_controller.egg-info/SOURCES.txt'
[4.022s] writing manifest file 'docking_controller.egg-info/SOURCES.txt'
[4.031s] running build_ext
[4.031s] Creating /home/ishara/fyp/Human_Preffered_Velocity_Prediction/install/docking_controller/lib/python3.10/site-packages/docking-controller.egg-link (link to .)
[4.031s] 
[4.031s] Installed /home/ishara/fyp/Human_Preffered_Velocity_Prediction/build/docking_controller
[4.033s] running symlink_data
[4.033s] creating /home/ishara/fyp/Human_Preffered_Velocity_Prediction/install/docking_controller/share/ament_index
[4.033s] creating /home/ishara/fyp/Human_Preffered_Velocity_Prediction/install/docking_controller/share/ament_index/resource_index
[4.033s] creating /home/ishara/fyp/Human_Preffered_Velocity_Prediction/install/docking_controller/share/ament_index/resource_index/packages
[4.033s] symbolically linking /home/ishara/fyp/Human_Preffered_Velocity_Prediction/build/docking_controller/resource/docking_controller -> /home/ishara/fyp/Human_Preffered_Velocity_Prediction/install/docking_controller/share/ament_index/resource_index/packages
[4.033s] symbolically linking /home/ishara/fyp/Human_Preffered_Velocity_Prediction/build/docking_controller/package.xml -> /home/ishara/fyp/Human_Preffered_Velocity_Prediction/install/docking_controller/share/docking_controller
[4.071s] Invoked command in '/home/ishara/fyp/Human_Preffered_Velocity_Prediction/build/docking_controller' returned '0': PYTHONPATH=/home/ishara/fyp/Human_Preffered_Velocity_Prediction/build/docking_controller/prefix_override:/usr/lib/python3/dist-packages/colcon_core/task/python/colcon_distutils_commands:/home/ishara/fyp/Human_Preffered_Velocity_Prediction/install/docking_controller/lib/python3.10/site-packages:${PYTHONPATH} /usr/bin/python3 -W ignore:setup.py install is deprecated setup.py develop --editable --build-directory /home/ishara/fyp/Human_Preffered_Velocity_Prediction/build/docking_controller/build --no-deps symlink_data
