[1.405s] Invoking command in '/home/ishara/fyp/Human_Preffered_Velocity_Prediction/build/goal_predictor': PYTHONPATH=/home/ishara/fyp/Human_Preffered_Velocity_Prediction/build/goal_predictor/prefix_override:/usr/lib/python3/dist-packages/colcon_core/task/python/colcon_distutils_commands:/home/ishara/fyp/Human_Preffered_Velocity_Prediction/install/goal_predictor/lib/python3.10/site-packages:${PYTHONPATH} /usr/bin/python3 -W ignore:setup.py install is deprecated setup.py develop --editable --build-directory /home/ishara/fyp/Human_Preffered_Velocity_Prediction/build/goal_predictor/build --no-deps symlink_data
[1.653s] /usr/lib/python3/dist-packages/setuptools/command/easy_install.py:158: EasyInstallDeprecationWarning: easy_install command is deprecated. Use build and pip and other standards-based tools.
[1.654s]   warnings.warn(
[1.654s] running develop
[1.796s] running egg_info
[1.796s] writing goal_predictor.egg-info/PKG-INFO
[1.796s] writing dependency_links to goal_predictor.egg-info/dependency_links.txt
[1.797s] writing entry points to goal_predictor.egg-info/entry_points.txt
[1.797s] writing requirements to goal_predictor.egg-info/requires.txt
[1.797s] writing top-level names to goal_predictor.egg-info/top_level.txt
[1.798s] reading manifest file 'goal_predictor.egg-info/SOURCES.txt'
[1.799s] writing manifest file 'goal_predictor.egg-info/SOURCES.txt'
[1.801s] running build_ext
[1.801s] Creating /home/ishara/fyp/Human_Preffered_Velocity_Prediction/install/goal_predictor/lib/python3.10/site-packages/goal-predictor.egg-link (link to .)
[1.802s] Installing crowd_flow_publisher script to /home/ishara/fyp/Human_Preffered_Velocity_Prediction/install/goal_predictor/lib/goal_predictor
[1.802s] Installing goal_predictor script to /home/ishara/fyp/Human_Preffered_Velocity_Prediction/install/goal_predictor/lib/goal_predictor
[1.802s] 
[1.802s] Installed /home/ishara/fyp/Human_Preffered_Velocity_Prediction/build/goal_predictor
[1.803s] running symlink_data
[1.865s] Invoked command in '/home/ishara/fyp/Human_Preffered_Velocity_Prediction/build/goal_predictor' returned '0': PYTHONPATH=/home/ishara/fyp/Human_Preffered_Velocity_Prediction/build/goal_predictor/prefix_override:/usr/lib/python3/dist-packages/colcon_core/task/python/colcon_distutils_commands:/home/ishara/fyp/Human_Preffered_Velocity_Prediction/install/goal_predictor/lib/python3.10/site-packages:${PYTHONPATH} /usr/bin/python3 -W ignore:setup.py install is deprecated setup.py develop --editable --build-directory /home/ishara/fyp/Human_Preffered_Velocity_Prediction/build/goal_predictor/build --no-deps symlink_data
