[0.202s] DEBUG:colcon:Command line arguments: ['/usr/bin/colcon', 'build', '--symlink-install']
[0.203s] DEBUG:colcon:Parsed command line arguments: Namespace(log_base=None, log_level=None, verb_name='build', build_base='build', install_base='install', merge_install=False, symlink_install=True, test_result_base=None, continue_on_error=False, executor='parallel', parallel_workers=6, event_handlers=None, ignore_user_meta=False, metas=['./colcon.meta'], base_paths=['.'], packages_ignore=None, packages_ignore_regex=None, paths=None, packages_up_to=None, packages_up_to_regex=None, packages_above=None, packages_above_and_dependencies=None, packages_above_depth=None, packages_select_by_dep=None, packages_skip_by_dep=None, packages_skip_up_to=None, packages_select_build_failed=False, packages_skip_build_finished=False, packages_select_test_failures=False, packages_skip_test_passed=False, packages_select=None, packages_skip=None, packages_select_regex=None, packages_skip_regex=None, packages_start=None, packages_end=None, allow_overriding=[], cmake_args=None, cmake_target=None, cmake_target_skip_unavailable=False, cmake_clean_cache=False, cmake_clean_first=False, cmake_force_configure=False, ament_cmake_args=None, catkin_cmake_args=None, catkin_skip_building_tests=False, mixin_files=None, mixin=None, verb_parser=<colcon_mixin.mixin.mixin_argument.MixinArgumentDecorator object at 0x77dfb63603d0>, verb_extension=<colcon_core.verb.build.BuildVerb object at 0x77dfb632fe80>, main=<bound method BuildVerb.main of <colcon_core.verb.build.BuildVerb object at 0x77dfb632fe80>>, mixin_verb=('build',))
[0.363s] Level 1:colcon.colcon_core.package_discovery:discover_packages(colcon_meta) check parameters
[0.363s] Level 1:colcon.colcon_core.package_discovery:discover_packages(recursive) check parameters
[0.363s] Level 1:colcon.colcon_core.package_discovery:discover_packages(ignore) check parameters
[0.363s] Level 1:colcon.colcon_core.package_discovery:discover_packages(path) check parameters
[0.363s] Level 1:colcon.colcon_core.package_discovery:discover_packages(colcon_meta) discover
[0.363s] Level 1:colcon.colcon_core.package_discovery:discover_packages(recursive) discover
[0.363s] INFO:colcon.colcon_core.package_discovery:Crawling recursively for packages in '/home/ishara/fyp/Human_Preffered_Velocity_Prediction'
[0.363s] Level 1:colcon.colcon_core.package_identification:_identify(.) by extensions ['ignore', 'ignore_ament_install']
[0.363s] Level 1:colcon.colcon_core.package_identification:_identify(.) by extension 'ignore'
[0.363s] Level 1:colcon.colcon_core.package_identification:_identify(.) by extension 'ignore_ament_install'
[0.363s] Level 1:colcon.colcon_core.package_identification:_identify(.) by extensions ['colcon_pkg']
[0.363s] Level 1:colcon.colcon_core.package_identification:_identify(.) by extension 'colcon_pkg'
[0.363s] Level 1:colcon.colcon_core.package_identification:_identify(.) by extensions ['colcon_meta']
[0.363s] Level 1:colcon.colcon_core.package_identification:_identify(.) by extension 'colcon_meta'
[0.363s] Level 1:colcon.colcon_core.package_identification:_identify(.) by extensions ['ros']
[0.363s] Level 1:colcon.colcon_core.package_identification:_identify(.) by extension 'ros'
[0.372s] Level 1:colcon.colcon_core.package_identification:_identify(.) by extensions ['cmake', 'python']
[0.372s] Level 1:colcon.colcon_core.package_identification:_identify(.) by extension 'cmake'
[0.372s] Level 1:colcon.colcon_core.package_identification:_identify(.) by extension 'python'
[0.372s] Level 1:colcon.colcon_core.package_identification:_identify(.) by extensions ['python_setup_py']
[0.372s] Level 1:colcon.colcon_core.package_identification:_identify(.) by extension 'python_setup_py'
[0.372s] Level 1:colcon.colcon_core.package_identification:_identify(build) by extensions ['ignore', 'ignore_ament_install']
[0.372s] Level 1:colcon.colcon_core.package_identification:_identify(build) by extension 'ignore'
[0.372s] Level 1:colcon.colcon_core.package_identification:_identify(build) ignored
[0.372s] Level 1:colcon.colcon_core.package_identification:_identify(install) by extensions ['ignore', 'ignore_ament_install']
[0.372s] Level 1:colcon.colcon_core.package_identification:_identify(install) by extension 'ignore'
[0.372s] Level 1:colcon.colcon_core.package_identification:_identify(install) ignored
[0.373s] Level 1:colcon.colcon_core.package_identification:_identify(log) by extensions ['ignore', 'ignore_ament_install']
[0.373s] Level 1:colcon.colcon_core.package_identification:_identify(log) by extension 'ignore'
[0.373s] Level 1:colcon.colcon_core.package_identification:_identify(log) ignored
[0.373s] Level 1:colcon.colcon_core.package_identification:_identify(src) by extensions ['ignore', 'ignore_ament_install']
[0.373s] Level 1:colcon.colcon_core.package_identification:_identify(src) by extension 'ignore'
[0.373s] Level 1:colcon.colcon_core.package_identification:_identify(src) by extension 'ignore_ament_install'
[0.373s] Level 1:colcon.colcon_core.package_identification:_identify(src) by extensions ['colcon_pkg']
[0.373s] Level 1:colcon.colcon_core.package_identification:_identify(src) by extension 'colcon_pkg'
[0.373s] Level 1:colcon.colcon_core.package_identification:_identify(src) by extensions ['colcon_meta']
[0.373s] Level 1:colcon.colcon_core.package_identification:_identify(src) by extension 'colcon_meta'
[0.373s] Level 1:colcon.colcon_core.package_identification:_identify(src) by extensions ['ros']
[0.373s] Level 1:colcon.colcon_core.package_identification:_identify(src) by extension 'ros'
[0.373s] Level 1:colcon.colcon_core.package_identification:_identify(src) by extensions ['cmake', 'python']
[0.373s] Level 1:colcon.colcon_core.package_identification:_identify(src) by extension 'cmake'
[0.373s] Level 1:colcon.colcon_core.package_identification:_identify(src) by extension 'python'
[0.373s] Level 1:colcon.colcon_core.package_identification:_identify(src) by extensions ['python_setup_py']
[0.373s] Level 1:colcon.colcon_core.package_identification:_identify(src) by extension 'python_setup_py'
[0.373s] Level 1:colcon.colcon_core.package_identification:_identify(src/human_data_buffer) by extensions ['ignore', 'ignore_ament_install']
[0.373s] Level 1:colcon.colcon_core.package_identification:_identify(src/human_data_buffer) by extension 'ignore'
[0.373s] Level 1:colcon.colcon_core.package_identification:_identify(src/human_data_buffer) by extension 'ignore_ament_install'
[0.373s] Level 1:colcon.colcon_core.package_identification:_identify(src/human_data_buffer) by extensions ['colcon_pkg']
[0.373s] Level 1:colcon.colcon_core.package_identification:_identify(src/human_data_buffer) by extension 'colcon_pkg'
[0.373s] Level 1:colcon.colcon_core.package_identification:_identify(src/human_data_buffer) by extensions ['colcon_meta']
[0.373s] Level 1:colcon.colcon_core.package_identification:_identify(src/human_data_buffer) by extension 'colcon_meta'
[0.373s] Level 1:colcon.colcon_core.package_identification:_identify(src/human_data_buffer) by extensions ['ros']
[0.373s] Level 1:colcon.colcon_core.package_identification:_identify(src/human_data_buffer) by extension 'ros'
[0.376s] DEBUG:colcon.colcon_core.package_identification:Package 'src/human_data_buffer' with type 'ros.ament_python' and name 'human_data_buffer'
[0.376s] Level 1:colcon.colcon_core.package_identification:_identify(src/preffered_velocity_prediction) by extensions ['ignore', 'ignore_ament_install']
[0.376s] Level 1:colcon.colcon_core.package_identification:_identify(src/preffered_velocity_prediction) by extension 'ignore'
[0.376s] Level 1:colcon.colcon_core.package_identification:_identify(src/preffered_velocity_prediction) by extension 'ignore_ament_install'
[0.376s] Level 1:colcon.colcon_core.package_identification:_identify(src/preffered_velocity_prediction) by extensions ['colcon_pkg']
[0.376s] Level 1:colcon.colcon_core.package_identification:_identify(src/preffered_velocity_prediction) by extension 'colcon_pkg'
[0.376s] Level 1:colcon.colcon_core.package_identification:_identify(src/preffered_velocity_prediction) by extensions ['colcon_meta']
[0.376s] Level 1:colcon.colcon_core.package_identification:_identify(src/preffered_velocity_prediction) by extension 'colcon_meta'
[0.376s] Level 1:colcon.colcon_core.package_identification:_identify(src/preffered_velocity_prediction) by extensions ['ros']
[0.376s] Level 1:colcon.colcon_core.package_identification:_identify(src/preffered_velocity_prediction) by extension 'ros'
[0.377s] DEBUG:colcon.colcon_core.package_identification:Package 'src/preffered_velocity_prediction' with type 'ros.ament_python' and name 'preffered_velocity_prediction'
[0.377s] Level 1:colcon.colcon_core.package_identification:_identify(src/smrr_goal_predictor) by extensions ['ignore', 'ignore_ament_install']
[0.377s] Level 1:colcon.colcon_core.package_identification:_identify(src/smrr_goal_predictor) by extension 'ignore'
[0.377s] Level 1:colcon.colcon_core.package_identification:_identify(src/smrr_goal_predictor) by extension 'ignore_ament_install'
[0.377s] Level 1:colcon.colcon_core.package_identification:_identify(src/smrr_goal_predictor) by extensions ['colcon_pkg']
[0.377s] Level 1:colcon.colcon_core.package_identification:_identify(src/smrr_goal_predictor) by extension 'colcon_pkg'
[0.377s] Level 1:colcon.colcon_core.package_identification:_identify(src/smrr_goal_predictor) by extensions ['colcon_meta']
[0.377s] Level 1:colcon.colcon_core.package_identification:_identify(src/smrr_goal_predictor) by extension 'colcon_meta'
[0.377s] Level 1:colcon.colcon_core.package_identification:_identify(src/smrr_goal_predictor) by extensions ['ros']
[0.377s] Level 1:colcon.colcon_core.package_identification:_identify(src/smrr_goal_predictor) by extension 'ros'
[0.378s] DEBUG:colcon.colcon_core.package_identification:Found ROS schema reference in package manifest in 'src/smrr_goal_predictor'
[0.378s] WARNING:colcon.colcon_core.package_identification:Failed to parse ROS package manifest in 'src/smrr_goal_predictor': Error(s) in package 'src/smrr_goal_predictor/package.xml':
Error(s):
- The generic dependency on 'rclpy' is redundant with: exec_depend
[0.378s] Level 1:colcon.colcon_core.package_identification:_identify(src/smrr_goal_predictor) by extensions ['cmake', 'python']
[0.378s] Level 1:colcon.colcon_core.package_identification:_identify(src/smrr_goal_predictor) by extension 'cmake'
[0.378s] Level 1:colcon.colcon_core.package_identification:_identify(src/smrr_goal_predictor) by extension 'python'
[0.378s] DEBUG:colcon.colcon_core.package_identification:Python package in 'src/smrr_goal_predictor' passes arguments to the setup() function which requires a different identification extension than 'python'
[0.378s] Level 1:colcon.colcon_core.package_identification:_identify(src/smrr_goal_predictor) by extensions ['python_setup_py']
[0.378s] Level 1:colcon.colcon_core.package_identification:_identify(src/smrr_goal_predictor) by extension 'python_setup_py'
[0.600s] DEBUG:colcon.colcon_core.package_identification:Package 'src/smrr_goal_predictor' with type 'python' and name 'smrr_goal_predictor'
[0.600s] Level 1:colcon.colcon_core.package_identification:_identify(src/smrr_interfaces) by extensions ['ignore', 'ignore_ament_install']
[0.600s] Level 1:colcon.colcon_core.package_identification:_identify(src/smrr_interfaces) by extension 'ignore'
[0.600s] Level 1:colcon.colcon_core.package_identification:_identify(src/smrr_interfaces) by extension 'ignore_ament_install'
[0.600s] Level 1:colcon.colcon_core.package_identification:_identify(src/smrr_interfaces) by extensions ['colcon_pkg']
[0.601s] Level 1:colcon.colcon_core.package_identification:_identify(src/smrr_interfaces) by extension 'colcon_pkg'
[0.601s] Level 1:colcon.colcon_core.package_identification:_identify(src/smrr_interfaces) by extensions ['colcon_meta']
[0.601s] Level 1:colcon.colcon_core.package_identification:_identify(src/smrr_interfaces) by extension 'colcon_meta'
[0.601s] Level 1:colcon.colcon_core.package_identification:_identify(src/smrr_interfaces) by extensions ['ros']
[0.601s] Level 1:colcon.colcon_core.package_identification:_identify(src/smrr_interfaces) by extension 'ros'
[0.602s] DEBUG:colcon.colcon_core.package_identification:Package 'src/smrr_interfaces' with type 'ros.ament_cmake' and name 'smrr_interfaces'
[0.602s] Level 1:colcon.colcon_core.package_discovery:discover_packages(recursive) using defaults
[0.602s] Level 1:colcon.colcon_core.package_discovery:discover_packages(ignore) discover
[0.602s] Level 1:colcon.colcon_core.package_discovery:discover_packages(ignore) using defaults
[0.602s] Level 1:colcon.colcon_core.package_discovery:discover_packages(path) discover
[0.602s] Level 1:colcon.colcon_core.package_discovery:discover_packages(path) using defaults
[0.642s] Level 1:colcon.colcon_core.package_discovery:discover_packages(prefix_path) check parameters
[0.642s] Level 1:colcon.colcon_core.package_discovery:discover_packages(prefix_path) discover
[0.684s] DEBUG:colcon.colcon_installed_package_information.package_discovery:Found 4 installed packages in /home/ishara/fyp/Human_Preffered_Velocity_Prediction/install
[0.684s] DEBUG:colcon.colcon_installed_package_information.package_discovery:Found 1 installed packages in /home/ishara/cpp_pubsub/install
[0.685s] DEBUG:colcon.colcon_installed_package_information.package_discovery:Found 1 installed packages in /home/ishara/ros2_ws/install
[0.686s] DEBUG:colcon.colcon_installed_package_information.package_discovery:Found 7 installed packages in /home/ishara/prelab_ros2_ws/install
[0.690s] DEBUG:colcon.colcon_installed_package_information.package_discovery:Found 398 installed packages in /opt/ros/humble
[0.694s] Level 1:colcon.colcon_core.package_discovery:discover_packages(prefix_path) using defaults
[0.946s] Level 5:colcon.colcon_core.verb:set package 'human_data_buffer' build argument 'cmake_args' from command line to 'None'
[0.946s] Level 5:colcon.colcon_core.verb:set package 'human_data_buffer' build argument 'cmake_target' from command line to 'None'
[0.946s] Level 5:colcon.colcon_core.verb:set package 'human_data_buffer' build argument 'cmake_target_skip_unavailable' from command line to 'False'
[0.946s] Level 5:colcon.colcon_core.verb:set package 'human_data_buffer' build argument 'cmake_clean_cache' from command line to 'False'
[0.946s] Level 5:colcon.colcon_core.verb:set package 'human_data_buffer' build argument 'cmake_clean_first' from command line to 'False'
[0.946s] Level 5:colcon.colcon_core.verb:set package 'human_data_buffer' build argument 'cmake_force_configure' from command line to 'False'
[0.946s] Level 5:colcon.colcon_core.verb:set package 'human_data_buffer' build argument 'ament_cmake_args' from command line to 'None'
[0.946s] Level 5:colcon.colcon_core.verb:set package 'human_data_buffer' build argument 'catkin_cmake_args' from command line to 'None'
[0.946s] Level 5:colcon.colcon_core.verb:set package 'human_data_buffer' build argument 'catkin_skip_building_tests' from command line to 'False'
[0.946s] DEBUG:colcon.colcon_core.verb:Building package 'human_data_buffer' with the following arguments: {'ament_cmake_args': None, 'build_base': '/home/ishara/fyp/Human_Preffered_Velocity_Prediction/build/human_data_buffer', 'catkin_cmake_args': None, 'catkin_skip_building_tests': False, 'cmake_args': None, 'cmake_clean_cache': False, 'cmake_clean_first': False, 'cmake_force_configure': False, 'cmake_target': None, 'cmake_target_skip_unavailable': False, 'install_base': '/home/ishara/fyp/Human_Preffered_Velocity_Prediction/install/human_data_buffer', 'merge_install': False, 'path': '/home/ishara/fyp/Human_Preffered_Velocity_Prediction/src/human_data_buffer', 'symlink_install': True, 'test_result_base': None}
[0.946s] Level 5:colcon.colcon_core.verb:set package 'preffered_velocity_prediction' build argument 'cmake_args' from command line to 'None'
[0.946s] Level 5:colcon.colcon_core.verb:set package 'preffered_velocity_prediction' build argument 'cmake_target' from command line to 'None'
[0.946s] Level 5:colcon.colcon_core.verb:set package 'preffered_velocity_prediction' build argument 'cmake_target_skip_unavailable' from command line to 'False'
[0.946s] Level 5:colcon.colcon_core.verb:set package 'preffered_velocity_prediction' build argument 'cmake_clean_cache' from command line to 'False'
[0.946s] Level 5:colcon.colcon_core.verb:set package 'preffered_velocity_prediction' build argument 'cmake_clean_first' from command line to 'False'
[0.946s] Level 5:colcon.colcon_core.verb:set package 'preffered_velocity_prediction' build argument 'cmake_force_configure' from command line to 'False'
[0.946s] Level 5:colcon.colcon_core.verb:set package 'preffered_velocity_prediction' build argument 'ament_cmake_args' from command line to 'None'
[0.946s] Level 5:colcon.colcon_core.verb:set package 'preffered_velocity_prediction' build argument 'catkin_cmake_args' from command line to 'None'
[0.946s] Level 5:colcon.colcon_core.verb:set package 'preffered_velocity_prediction' build argument 'catkin_skip_building_tests' from command line to 'False'
[0.946s] DEBUG:colcon.colcon_core.verb:Building package 'preffered_velocity_prediction' with the following arguments: {'ament_cmake_args': None, 'build_base': '/home/ishara/fyp/Human_Preffered_Velocity_Prediction/build/preffered_velocity_prediction', 'catkin_cmake_args': None, 'catkin_skip_building_tests': False, 'cmake_args': None, 'cmake_clean_cache': False, 'cmake_clean_first': False, 'cmake_force_configure': False, 'cmake_target': None, 'cmake_target_skip_unavailable': False, 'install_base': '/home/ishara/fyp/Human_Preffered_Velocity_Prediction/install/preffered_velocity_prediction', 'merge_install': False, 'path': '/home/ishara/fyp/Human_Preffered_Velocity_Prediction/src/preffered_velocity_prediction', 'symlink_install': True, 'test_result_base': None}
[0.947s] Level 5:colcon.colcon_core.verb:set package 'smrr_goal_predictor' build argument 'cmake_args' from command line to 'None'
[0.947s] Level 5:colcon.colcon_core.verb:set package 'smrr_goal_predictor' build argument 'cmake_target' from command line to 'None'
[0.947s] Level 5:colcon.colcon_core.verb:set package 'smrr_goal_predictor' build argument 'cmake_target_skip_unavailable' from command line to 'False'
[0.947s] Level 5:colcon.colcon_core.verb:set package 'smrr_goal_predictor' build argument 'cmake_clean_cache' from command line to 'False'
[0.947s] Level 5:colcon.colcon_core.verb:set package 'smrr_goal_predictor' build argument 'cmake_clean_first' from command line to 'False'
[0.947s] Level 5:colcon.colcon_core.verb:set package 'smrr_goal_predictor' build argument 'cmake_force_configure' from command line to 'False'
[0.947s] Level 5:colcon.colcon_core.verb:set package 'smrr_goal_predictor' build argument 'ament_cmake_args' from command line to 'None'
[0.947s] Level 5:colcon.colcon_core.verb:set package 'smrr_goal_predictor' build argument 'catkin_cmake_args' from command line to 'None'
[0.947s] Level 5:colcon.colcon_core.verb:set package 'smrr_goal_predictor' build argument 'catkin_skip_building_tests' from command line to 'False'
[0.947s] DEBUG:colcon.colcon_core.verb:Building package 'smrr_goal_predictor' with the following arguments: {'ament_cmake_args': None, 'build_base': '/home/ishara/fyp/Human_Preffered_Velocity_Prediction/build/smrr_goal_predictor', 'catkin_cmake_args': None, 'catkin_skip_building_tests': False, 'cmake_args': None, 'cmake_clean_cache': False, 'cmake_clean_first': False, 'cmake_force_configure': False, 'cmake_target': None, 'cmake_target_skip_unavailable': False, 'install_base': '/home/ishara/fyp/Human_Preffered_Velocity_Prediction/install/smrr_goal_predictor', 'merge_install': False, 'path': '/home/ishara/fyp/Human_Preffered_Velocity_Prediction/src/smrr_goal_predictor', 'symlink_install': True, 'test_result_base': None}
[0.947s] Level 5:colcon.colcon_core.verb:set package 'smrr_interfaces' build argument 'cmake_args' from command line to 'None'
[0.947s] Level 5:colcon.colcon_core.verb:set package 'smrr_interfaces' build argument 'cmake_target' from command line to 'None'
[0.947s] Level 5:colcon.colcon_core.verb:set package 'smrr_interfaces' build argument 'cmake_target_skip_unavailable' from command line to 'False'
[0.947s] Level 5:colcon.colcon_core.verb:set package 'smrr_interfaces' build argument 'cmake_clean_cache' from command line to 'False'
[0.947s] Level 5:colcon.colcon_core.verb:set package 'smrr_interfaces' build argument 'cmake_clean_first' from command line to 'False'
[0.947s] Level 5:colcon.colcon_core.verb:set package 'smrr_interfaces' build argument 'cmake_force_configure' from command line to 'False'
[0.947s] Level 5:colcon.colcon_core.verb:set package 'smrr_interfaces' build argument 'ament_cmake_args' from command line to 'None'
[0.947s] Level 5:colcon.colcon_core.verb:set package 'smrr_interfaces' build argument 'catkin_cmake_args' from command line to 'None'
[0.947s] Level 5:colcon.colcon_core.verb:set package 'smrr_interfaces' build argument 'catkin_skip_building_tests' from command line to 'False'
[0.947s] DEBUG:colcon.colcon_core.verb:Building package 'smrr_interfaces' with the following arguments: {'ament_cmake_args': None, 'build_base': '/home/ishara/fyp/Human_Preffered_Velocity_Prediction/build/smrr_interfaces', 'catkin_cmake_args': None, 'catkin_skip_building_tests': False, 'cmake_args': None, 'cmake_clean_cache': False, 'cmake_clean_first': False, 'cmake_force_configure': False, 'cmake_target': None, 'cmake_target_skip_unavailable': False, 'install_base': '/home/ishara/fyp/Human_Preffered_Velocity_Prediction/install/smrr_interfaces', 'merge_install': False, 'path': '/home/ishara/fyp/Human_Preffered_Velocity_Prediction/src/smrr_interfaces', 'symlink_install': True, 'test_result_base': None}
[0.947s] INFO:colcon.colcon_core.executor:Executing jobs using 'parallel' executor
[0.948s] DEBUG:colcon.colcon_parallel_executor.executor.parallel:run_until_complete
[0.948s] INFO:colcon.colcon_ros.task.ament_python.build:Building ROS package in '/home/ishara/fyp/Human_Preffered_Velocity_Prediction/src/human_data_buffer' with build type 'ament_python'
[0.949s] Level 1:colcon.colcon_core.shell:create_environment_hook('human_data_buffer', 'ament_prefix_path')
[0.969s] INFO:colcon.colcon_core.plugin_system:Skipping extension 'colcon_core.shell.bat': Not used on non-Windows systems
[0.969s] INFO:colcon.colcon_core.shell:Creating environment hook '/home/ishara/fyp/Human_Preffered_Velocity_Prediction/install/human_data_buffer/share/human_data_buffer/hook/ament_prefix_path.ps1'
[0.976s] INFO:colcon.colcon_core.shell:Creating environment descriptor '/home/ishara/fyp/Human_Preffered_Velocity_Prediction/install/human_data_buffer/share/human_data_buffer/hook/ament_prefix_path.dsv'
[0.996s] INFO:colcon.colcon_core.shell:Creating environment hook '/home/ishara/fyp/Human_Preffered_Velocity_Prediction/install/human_data_buffer/share/human_data_buffer/hook/ament_prefix_path.sh'
[0.997s] INFO:colcon.colcon_core.shell:Skip shell extension 'powershell' for command environment: Not usable outside of PowerShell
[0.998s] DEBUG:colcon.colcon_core.shell:Skip shell extension 'dsv' for command environment
[1.008s] INFO:colcon.colcon_ros.task.ament_python.build:Building ROS package in '/home/ishara/fyp/Human_Preffered_Velocity_Prediction/src/preffered_velocity_prediction' with build type 'ament_python'
[1.009s] Level 1:colcon.colcon_core.shell:create_environment_hook('preffered_velocity_prediction', 'ament_prefix_path')
[1.009s] INFO:colcon.colcon_core.shell:Creating environment hook '/home/ishara/fyp/Human_Preffered_Velocity_Prediction/install/preffered_velocity_prediction/share/preffered_velocity_prediction/hook/ament_prefix_path.ps1'
[1.010s] INFO:colcon.colcon_core.shell:Creating environment descriptor '/home/ishara/fyp/Human_Preffered_Velocity_Prediction/install/preffered_velocity_prediction/share/preffered_velocity_prediction/hook/ament_prefix_path.dsv'
[1.011s] INFO:colcon.colcon_core.shell:Creating environment hook '/home/ishara/fyp/Human_Preffered_Velocity_Prediction/install/preffered_velocity_prediction/share/preffered_velocity_prediction/hook/ament_prefix_path.sh'
[1.012s] INFO:colcon.colcon_core.shell:Skip shell extension 'powershell' for command environment: Not usable outside of PowerShell
[1.012s] DEBUG:colcon.colcon_core.shell:Skip shell extension 'dsv' for command environment
[1.022s] INFO:colcon.colcon_core.task.python.build:Building Python package in '/home/ishara/fyp/Human_Preffered_Velocity_Prediction/src/smrr_goal_predictor'
[1.022s] INFO:colcon.colcon_core.shell:Skip shell extension 'powershell' for command environment: Not usable outside of PowerShell
[1.022s] DEBUG:colcon.colcon_core.shell:Skip shell extension 'dsv' for command environment
[1.031s] INFO:colcon.colcon_ros.task.ament_cmake.build:Building ROS package in '/home/ishara/fyp/Human_Preffered_Velocity_Prediction/src/smrr_interfaces' with build type 'ament_cmake'
[1.031s] INFO:colcon.colcon_cmake.task.cmake.build:Building CMake package in '/home/ishara/fyp/Human_Preffered_Velocity_Prediction/src/smrr_interfaces'
[1.031s] INFO:colcon.colcon_core.shell:Skip shell extension 'powershell' for command environment: Not usable outside of PowerShell
[1.031s] DEBUG:colcon.colcon_core.shell:Skip shell extension 'dsv' for command environment
[1.299s] INFO:colcon.colcon_core.task.python.build:Building Python package in '/home/ishara/fyp/Human_Preffered_Velocity_Prediction/src/human_data_buffer'
[1.299s] INFO:colcon.colcon_core.shell:Skip shell extension 'powershell' for command environment: Not usable outside of PowerShell
[1.299s] DEBUG:colcon.colcon_core.shell:Skip shell extension 'dsv' for command environment
[1.563s] INFO:colcon.colcon_core.task.python.build:Building Python package in '/home/ishara/fyp/Human_Preffered_Velocity_Prediction/src/preffered_velocity_prediction'
[1.563s] INFO:colcon.colcon_core.shell:Skip shell extension 'powershell' for command environment: Not usable outside of PowerShell
[1.563s] DEBUG:colcon.colcon_core.shell:Skip shell extension 'dsv' for command environment
[1.834s] DEBUG:colcon.colcon_core.event_handler.log_command:Invoking command in '/home/ishara/fyp/Human_Preffered_Velocity_Prediction/build/smrr_interfaces': CMAKE_PREFIX_PATH=${CMAKE_PREFIX_PATH}:/home/ishara/fyp/Human_Preffered_Velocity_Prediction/install/preffered_velocity_prediction:/home/ishara/fyp/Human_Preffered_Velocity_Prediction/install/human_data_buffer:/home/ishara/ros2_ws/install/my_robot_controller:/opt/ros/humble /usr/bin/cmake --build /home/ishara/fyp/Human_Preffered_Velocity_Prediction/build/smrr_interfaces -- -j6 -l6
[2.827s] DEBUG:colcon.colcon_core.event_handler.log_command:Invoking command in '/home/ishara/fyp/Human_Preffered_Velocity_Prediction/build/preffered_velocity_prediction': PYTHONPATH=/home/ishara/fyp/Human_Preffered_Velocity_Prediction/build/preffered_velocity_prediction/prefix_override:/usr/lib/python3/dist-packages/colcon_core/task/python/colcon_distutils_commands:/home/ishara/fyp/Human_Preffered_Velocity_Prediction/install/preffered_velocity_prediction/lib/python3.10/site-packages:${PYTHONPATH} /usr/bin/python3 -W ignore:setup.py install is deprecated setup.py develop --editable --build-directory /home/ishara/fyp/Human_Preffered_Velocity_Prediction/build/preffered_velocity_prediction/build --no-deps symlink_data
[2.830s] DEBUG:colcon.colcon_core.event_handler.log_command:Invoking command in '/home/ishara/fyp/Human_Preffered_Velocity_Prediction/build/smrr_goal_predictor': PYTHONPATH=/home/ishara/fyp/Human_Preffered_Velocity_Prediction/build/smrr_goal_predictor/prefix_override:/usr/lib/python3/dist-packages/colcon_core/task/python/colcon_distutils_commands:/home/ishara/fyp/Human_Preffered_Velocity_Prediction/install/smrr_goal_predictor/lib/python3.10/site-packages:${PYTHONPATH} /usr/bin/python3 -W ignore:setup.py install is deprecated setup.py develop --editable --build-directory /home/ishara/fyp/Human_Preffered_Velocity_Prediction/build/smrr_goal_predictor/build --no-deps symlink_data
[2.832s] DEBUG:colcon.colcon_core.event_handler.log_command:Invoking command in '/home/ishara/fyp/Human_Preffered_Velocity_Prediction/build/human_data_buffer': PYTHONPATH=/home/ishara/fyp/Human_Preffered_Velocity_Prediction/build/human_data_buffer/prefix_override:/usr/lib/python3/dist-packages/colcon_core/task/python/colcon_distutils_commands:/home/ishara/fyp/Human_Preffered_Velocity_Prediction/install/human_data_buffer/lib/python3.10/site-packages:${PYTHONPATH} /usr/bin/python3 -W ignore:setup.py install is deprecated setup.py develop --editable --build-directory /home/ishara/fyp/Human_Preffered_Velocity_Prediction/build/human_data_buffer/build --no-deps symlink_data
[3.416s] Level 1:colcon.colcon_core.shell:create_environment_hook('preffered_velocity_prediction', 'pythonpath_develop')
[3.417s] INFO:colcon.colcon_core.shell:Creating environment hook '/home/ishara/fyp/Human_Preffered_Velocity_Prediction/build/preffered_velocity_prediction/share/preffered_velocity_prediction/hook/pythonpath_develop.ps1'
[3.418s] DEBUG:colcon.colcon_core.event_handler.log_command:Invoked command in '/home/ishara/fyp/Human_Preffered_Velocity_Prediction/build/preffered_velocity_prediction' returned '0': PYTHONPATH=/home/ishara/fyp/Human_Preffered_Velocity_Prediction/build/preffered_velocity_prediction/prefix_override:/usr/lib/python3/dist-packages/colcon_core/task/python/colcon_distutils_commands:/home/ishara/fyp/Human_Preffered_Velocity_Prediction/install/preffered_velocity_prediction/lib/python3.10/site-packages:${PYTHONPATH} /usr/bin/python3 -W ignore:setup.py install is deprecated setup.py develop --editable --build-directory /home/ishara/fyp/Human_Preffered_Velocity_Prediction/build/preffered_velocity_prediction/build --no-deps symlink_data
[3.419s] INFO:colcon.colcon_core.shell:Creating environment descriptor '/home/ishara/fyp/Human_Preffered_Velocity_Prediction/build/preffered_velocity_prediction/share/preffered_velocity_prediction/hook/pythonpath_develop.dsv'
[3.419s] INFO:colcon.colcon_core.shell:Creating environment hook '/home/ishara/fyp/Human_Preffered_Velocity_Prediction/build/preffered_velocity_prediction/share/preffered_velocity_prediction/hook/pythonpath_develop.sh'
[3.487s] Level 1:colcon.colcon_core.environment:checking '/home/ishara/fyp/Human_Preffered_Velocity_Prediction/install/preffered_velocity_prediction' for CMake module files
[3.488s] Level 1:colcon.colcon_core.environment:checking '/home/ishara/fyp/Human_Preffered_Velocity_Prediction/install/preffered_velocity_prediction' for CMake config files
[3.490s] Level 1:colcon.colcon_core.environment:checking '/home/ishara/fyp/Human_Preffered_Velocity_Prediction/install/preffered_velocity_prediction/lib'
[3.490s] Level 1:colcon.colcon_core.environment:checking '/home/ishara/fyp/Human_Preffered_Velocity_Prediction/install/preffered_velocity_prediction/bin'
[3.490s] Level 1:colcon.colcon_core.environment:checking '/home/ishara/fyp/Human_Preffered_Velocity_Prediction/install/preffered_velocity_prediction/lib/pkgconfig/preffered_velocity_prediction.pc'
[3.491s] Level 1:colcon.colcon_core.environment:checking '/home/ishara/fyp/Human_Preffered_Velocity_Prediction/install/preffered_velocity_prediction/lib/python3.10/site-packages'
[3.491s] Level 1:colcon.colcon_core.shell:create_environment_hook('preffered_velocity_prediction', 'pythonpath')
[3.491s] INFO:colcon.colcon_core.shell:Creating environment hook '/home/ishara/fyp/Human_Preffered_Velocity_Prediction/install/preffered_velocity_prediction/share/preffered_velocity_prediction/hook/pythonpath.ps1'
[3.492s] INFO:colcon.colcon_core.shell:Creating environment descriptor '/home/ishara/fyp/Human_Preffered_Velocity_Prediction/install/preffered_velocity_prediction/share/preffered_velocity_prediction/hook/pythonpath.dsv'
[3.493s] INFO:colcon.colcon_core.shell:Creating environment hook '/home/ishara/fyp/Human_Preffered_Velocity_Prediction/install/preffered_velocity_prediction/share/preffered_velocity_prediction/hook/pythonpath.sh'
[3.494s] Level 1:colcon.colcon_core.environment:checking '/home/ishara/fyp/Human_Preffered_Velocity_Prediction/install/preffered_velocity_prediction/bin'
[3.494s] Level 1:colcon.colcon_core.environment:create_environment_scripts_only(preffered_velocity_prediction)
[3.495s] INFO:colcon.colcon_core.shell:Creating package script '/home/ishara/fyp/Human_Preffered_Velocity_Prediction/install/preffered_velocity_prediction/share/preffered_velocity_prediction/package.ps1'
[3.504s] INFO:colcon.colcon_core.shell:Creating package descriptor '/home/ishara/fyp/Human_Preffered_Velocity_Prediction/install/preffered_velocity_prediction/share/preffered_velocity_prediction/package.dsv'
[3.505s] INFO:colcon.colcon_core.shell:Creating package script '/home/ishara/fyp/Human_Preffered_Velocity_Prediction/install/preffered_velocity_prediction/share/preffered_velocity_prediction/package.sh'
[3.507s] INFO:colcon.colcon_core.shell:Creating package script '/home/ishara/fyp/Human_Preffered_Velocity_Prediction/install/preffered_velocity_prediction/share/preffered_velocity_prediction/package.bash'
[3.521s] INFO:colcon.colcon_core.shell:Creating package script '/home/ishara/fyp/Human_Preffered_Velocity_Prediction/install/preffered_velocity_prediction/share/preffered_velocity_prediction/package.zsh'
[3.527s] Level 1:colcon.colcon_core.environment:create_file_with_runtime_dependencies(/home/ishara/fyp/Human_Preffered_Velocity_Prediction/install/preffered_velocity_prediction/share/colcon-core/packages/preffered_velocity_prediction)
[3.530s] Level 1:colcon.colcon_core.shell:create_environment_hook('human_data_buffer', 'pythonpath_develop')
[3.531s] INFO:colcon.colcon_core.shell:Creating environment hook '/home/ishara/fyp/Human_Preffered_Velocity_Prediction/build/human_data_buffer/share/human_data_buffer/hook/pythonpath_develop.ps1'
[3.531s] DEBUG:colcon.colcon_core.event_handler.log_command:Invoked command in '/home/ishara/fyp/Human_Preffered_Velocity_Prediction/build/human_data_buffer' returned '0': PYTHONPATH=/home/ishara/fyp/Human_Preffered_Velocity_Prediction/build/human_data_buffer/prefix_override:/usr/lib/python3/dist-packages/colcon_core/task/python/colcon_distutils_commands:/home/ishara/fyp/Human_Preffered_Velocity_Prediction/install/human_data_buffer/lib/python3.10/site-packages:${PYTHONPATH} /usr/bin/python3 -W ignore:setup.py install is deprecated setup.py develop --editable --build-directory /home/ishara/fyp/Human_Preffered_Velocity_Prediction/build/human_data_buffer/build --no-deps symlink_data
[3.532s] INFO:colcon.colcon_core.shell:Creating environment descriptor '/home/ishara/fyp/Human_Preffered_Velocity_Prediction/build/human_data_buffer/share/human_data_buffer/hook/pythonpath_develop.dsv'
[3.533s] INFO:colcon.colcon_core.shell:Creating environment hook '/home/ishara/fyp/Human_Preffered_Velocity_Prediction/build/human_data_buffer/share/human_data_buffer/hook/pythonpath_develop.sh'
[3.535s] Level 1:colcon.colcon_core.environment:checking '/home/ishara/fyp/Human_Preffered_Velocity_Prediction/install/human_data_buffer' for CMake module files
[3.535s] Level 1:colcon.colcon_core.environment:checking '/home/ishara/fyp/Human_Preffered_Velocity_Prediction/install/human_data_buffer' for CMake config files
[3.536s] Level 1:colcon.colcon_core.environment:checking '/home/ishara/fyp/Human_Preffered_Velocity_Prediction/install/human_data_buffer/lib'
[3.537s] Level 1:colcon.colcon_core.environment:checking '/home/ishara/fyp/Human_Preffered_Velocity_Prediction/install/human_data_buffer/bin'
[3.537s] Level 1:colcon.colcon_core.environment:checking '/home/ishara/fyp/Human_Preffered_Velocity_Prediction/install/human_data_buffer/lib/pkgconfig/human_data_buffer.pc'
[3.537s] Level 1:colcon.colcon_core.environment:checking '/home/ishara/fyp/Human_Preffered_Velocity_Prediction/install/human_data_buffer/lib/python3.10/site-packages'
[3.537s] Level 1:colcon.colcon_core.shell:create_environment_hook('human_data_buffer', 'pythonpath')
[3.538s] INFO:colcon.colcon_core.shell:Creating environment hook '/home/ishara/fyp/Human_Preffered_Velocity_Prediction/install/human_data_buffer/share/human_data_buffer/hook/pythonpath.ps1'
[3.539s] INFO:colcon.colcon_core.shell:Creating environment descriptor '/home/ishara/fyp/Human_Preffered_Velocity_Prediction/install/human_data_buffer/share/human_data_buffer/hook/pythonpath.dsv'
[3.540s] INFO:colcon.colcon_core.shell:Creating environment hook '/home/ishara/fyp/Human_Preffered_Velocity_Prediction/install/human_data_buffer/share/human_data_buffer/hook/pythonpath.sh'
[3.541s] Level 1:colcon.colcon_core.environment:checking '/home/ishara/fyp/Human_Preffered_Velocity_Prediction/install/human_data_buffer/bin'
[3.541s] Level 1:colcon.colcon_core.environment:create_environment_scripts_only(human_data_buffer)
[3.542s] INFO:colcon.colcon_core.shell:Creating package script '/home/ishara/fyp/Human_Preffered_Velocity_Prediction/install/human_data_buffer/share/human_data_buffer/package.ps1'
[3.543s] INFO:colcon.colcon_core.shell:Creating package descriptor '/home/ishara/fyp/Human_Preffered_Velocity_Prediction/install/human_data_buffer/share/human_data_buffer/package.dsv'
[3.544s] INFO:colcon.colcon_core.shell:Creating package script '/home/ishara/fyp/Human_Preffered_Velocity_Prediction/install/human_data_buffer/share/human_data_buffer/package.sh'
[3.545s] INFO:colcon.colcon_core.shell:Creating package script '/home/ishara/fyp/Human_Preffered_Velocity_Prediction/install/human_data_buffer/share/human_data_buffer/package.bash'
[3.545s] INFO:colcon.colcon_core.shell:Creating package script '/home/ishara/fyp/Human_Preffered_Velocity_Prediction/install/human_data_buffer/share/human_data_buffer/package.zsh'
[3.546s] Level 1:colcon.colcon_core.environment:create_file_with_runtime_dependencies(/home/ishara/fyp/Human_Preffered_Velocity_Prediction/install/human_data_buffer/share/colcon-core/packages/human_data_buffer)
[3.547s] Level 1:colcon.colcon_core.shell:create_environment_hook('smrr_goal_predictor', 'pythonpath_develop')
[3.547s] INFO:colcon.colcon_core.shell:Creating environment hook '/home/ishara/fyp/Human_Preffered_Velocity_Prediction/build/smrr_goal_predictor/share/smrr_goal_predictor/hook/pythonpath_develop.ps1'
[3.549s] DEBUG:colcon.colcon_core.event_handler.log_command:Invoked command in '/home/ishara/fyp/Human_Preffered_Velocity_Prediction/build/smrr_goal_predictor' returned '0': PYTHONPATH=/home/ishara/fyp/Human_Preffered_Velocity_Prediction/build/smrr_goal_predictor/prefix_override:/usr/lib/python3/dist-packages/colcon_core/task/python/colcon_distutils_commands:/home/ishara/fyp/Human_Preffered_Velocity_Prediction/install/smrr_goal_predictor/lib/python3.10/site-packages:${PYTHONPATH} /usr/bin/python3 -W ignore:setup.py install is deprecated setup.py develop --editable --build-directory /home/ishara/fyp/Human_Preffered_Velocity_Prediction/build/smrr_goal_predictor/build --no-deps symlink_data
[3.550s] INFO:colcon.colcon_core.shell:Creating environment descriptor '/home/ishara/fyp/Human_Preffered_Velocity_Prediction/build/smrr_goal_predictor/share/smrr_goal_predictor/hook/pythonpath_develop.dsv'
[3.551s] INFO:colcon.colcon_core.shell:Creating environment hook '/home/ishara/fyp/Human_Preffered_Velocity_Prediction/build/smrr_goal_predictor/share/smrr_goal_predictor/hook/pythonpath_develop.sh'
[3.552s] Level 1:colcon.colcon_core.environment:checking '/home/ishara/fyp/Human_Preffered_Velocity_Prediction/install/smrr_goal_predictor' for CMake module files
[3.553s] Level 1:colcon.colcon_core.environment:checking '/home/ishara/fyp/Human_Preffered_Velocity_Prediction/install/smrr_goal_predictor' for CMake config files
[3.554s] Level 1:colcon.colcon_core.environment:checking '/home/ishara/fyp/Human_Preffered_Velocity_Prediction/install/smrr_goal_predictor/lib'
[3.554s] Level 1:colcon.colcon_core.environment:checking '/home/ishara/fyp/Human_Preffered_Velocity_Prediction/install/smrr_goal_predictor/bin'
[3.555s] Level 1:colcon.colcon_core.environment:checking '/home/ishara/fyp/Human_Preffered_Velocity_Prediction/install/smrr_goal_predictor/lib/pkgconfig/smrr_goal_predictor.pc'
[3.555s] Level 1:colcon.colcon_core.environment:checking '/home/ishara/fyp/Human_Preffered_Velocity_Prediction/install/smrr_goal_predictor/lib/python3.10/site-packages'
[3.555s] Level 1:colcon.colcon_core.shell:create_environment_hook('smrr_goal_predictor', 'pythonpath')
[3.556s] INFO:colcon.colcon_core.shell:Creating environment hook '/home/ishara/fyp/Human_Preffered_Velocity_Prediction/install/smrr_goal_predictor/share/smrr_goal_predictor/hook/pythonpath.ps1'
[3.557s] INFO:colcon.colcon_core.shell:Creating environment descriptor '/home/ishara/fyp/Human_Preffered_Velocity_Prediction/install/smrr_goal_predictor/share/smrr_goal_predictor/hook/pythonpath.dsv'
[3.558s] INFO:colcon.colcon_core.shell:Creating environment hook '/home/ishara/fyp/Human_Preffered_Velocity_Prediction/install/smrr_goal_predictor/share/smrr_goal_predictor/hook/pythonpath.sh'
[3.559s] Level 1:colcon.colcon_core.environment:checking '/home/ishara/fyp/Human_Preffered_Velocity_Prediction/install/smrr_goal_predictor/bin'
[3.560s] Level 1:colcon.colcon_core.environment:create_environment_scripts_only(smrr_goal_predictor)
[3.560s] INFO:colcon.colcon_core.shell:Creating package script '/home/ishara/fyp/Human_Preffered_Velocity_Prediction/install/smrr_goal_predictor/share/smrr_goal_predictor/package.ps1'
[3.561s] INFO:colcon.colcon_core.shell:Creating package descriptor '/home/ishara/fyp/Human_Preffered_Velocity_Prediction/install/smrr_goal_predictor/share/smrr_goal_predictor/package.dsv'
[3.562s] INFO:colcon.colcon_core.shell:Creating package script '/home/ishara/fyp/Human_Preffered_Velocity_Prediction/install/smrr_goal_predictor/share/smrr_goal_predictor/package.sh'
[3.563s] INFO:colcon.colcon_core.shell:Creating package script '/home/ishara/fyp/Human_Preffered_Velocity_Prediction/install/smrr_goal_predictor/share/smrr_goal_predictor/package.bash'
[3.563s] INFO:colcon.colcon_core.shell:Creating package script '/home/ishara/fyp/Human_Preffered_Velocity_Prediction/install/smrr_goal_predictor/share/smrr_goal_predictor/package.zsh'
[3.564s] Level 1:colcon.colcon_core.environment:create_file_with_runtime_dependencies(/home/ishara/fyp/Human_Preffered_Velocity_Prediction/install/smrr_goal_predictor/share/colcon-core/packages/smrr_goal_predictor)
[10.404s] DEBUG:colcon.colcon_core.event_handler.log_command:Invoked command in '/home/ishara/fyp/Human_Preffered_Velocity_Prediction/build/smrr_interfaces' returned '0': CMAKE_PREFIX_PATH=${CMAKE_PREFIX_PATH}:/home/ishara/fyp/Human_Preffered_Velocity_Prediction/install/preffered_velocity_prediction:/home/ishara/fyp/Human_Preffered_Velocity_Prediction/install/human_data_buffer:/home/ishara/ros2_ws/install/my_robot_controller:/opt/ros/humble /usr/bin/cmake --build /home/ishara/fyp/Human_Preffered_Velocity_Prediction/build/smrr_interfaces -- -j6 -l6
[10.557s] DEBUG:colcon.colcon_core.event_handler.log_command:Invoking command in '/home/ishara/fyp/Human_Preffered_Velocity_Prediction/build/smrr_interfaces': CMAKE_PREFIX_PATH=${CMAKE_PREFIX_PATH}:/home/ishara/fyp/Human_Preffered_Velocity_Prediction/install/preffered_velocity_prediction:/home/ishara/fyp/Human_Preffered_Velocity_Prediction/install/human_data_buffer:/home/ishara/ros2_ws/install/my_robot_controller:/opt/ros/humble /usr/bin/cmake --install /home/ishara/fyp/Human_Preffered_Velocity_Prediction/build/smrr_interfaces
[11.381s] Level 1:colcon.colcon_core.environment:create_environment_scripts_only(smrr_interfaces)
[11.381s] Level 1:colcon.colcon_core.environment:checking '/home/ishara/fyp/Human_Preffered_Velocity_Prediction/install/smrr_interfaces' for CMake module files
[11.382s] DEBUG:colcon.colcon_core.event_handler.log_command:Invoked command in '/home/ishara/fyp/Human_Preffered_Velocity_Prediction/build/smrr_interfaces' returned '0': CMAKE_PREFIX_PATH=${CMAKE_PREFIX_PATH}:/home/ishara/fyp/Human_Preffered_Velocity_Prediction/install/preffered_velocity_prediction:/home/ishara/fyp/Human_Preffered_Velocity_Prediction/install/human_data_buffer:/home/ishara/ros2_ws/install/my_robot_controller:/opt/ros/humble /usr/bin/cmake --install /home/ishara/fyp/Human_Preffered_Velocity_Prediction/build/smrr_interfaces
[11.414s] Level 1:colcon.colcon_core.environment:checking '/home/ishara/fyp/Human_Preffered_Velocity_Prediction/install/smrr_interfaces' for CMake config files
[11.417s] Level 1:colcon.colcon_core.shell:create_environment_hook('smrr_interfaces', 'cmake_prefix_path')
[11.417s] INFO:colcon.colcon_core.shell:Creating environment hook '/home/ishara/fyp/Human_Preffered_Velocity_Prediction/install/smrr_interfaces/share/smrr_interfaces/hook/cmake_prefix_path.ps1'
[11.418s] INFO:colcon.colcon_core.shell:Creating environment descriptor '/home/ishara/fyp/Human_Preffered_Velocity_Prediction/install/smrr_interfaces/share/smrr_interfaces/hook/cmake_prefix_path.dsv'
[11.419s] INFO:colcon.colcon_core.shell:Creating environment hook '/home/ishara/fyp/Human_Preffered_Velocity_Prediction/install/smrr_interfaces/share/smrr_interfaces/hook/cmake_prefix_path.sh'
[11.420s] Level 1:colcon.colcon_core.environment:checking '/home/ishara/fyp/Human_Preffered_Velocity_Prediction/install/smrr_interfaces/lib'
[11.420s] Level 1:colcon.colcon_core.shell:create_environment_hook('smrr_interfaces', 'ld_library_path_lib')
[11.421s] INFO:colcon.colcon_core.shell:Creating environment hook '/home/ishara/fyp/Human_Preffered_Velocity_Prediction/install/smrr_interfaces/share/smrr_interfaces/hook/ld_library_path_lib.ps1'
[11.421s] INFO:colcon.colcon_core.shell:Creating environment descriptor '/home/ishara/fyp/Human_Preffered_Velocity_Prediction/install/smrr_interfaces/share/smrr_interfaces/hook/ld_library_path_lib.dsv'
[11.422s] INFO:colcon.colcon_core.shell:Creating environment hook '/home/ishara/fyp/Human_Preffered_Velocity_Prediction/install/smrr_interfaces/share/smrr_interfaces/hook/ld_library_path_lib.sh'
[11.423s] Level 1:colcon.colcon_core.environment:checking '/home/ishara/fyp/Human_Preffered_Velocity_Prediction/install/smrr_interfaces/bin'
[11.423s] Level 1:colcon.colcon_core.environment:checking '/home/ishara/fyp/Human_Preffered_Velocity_Prediction/install/smrr_interfaces/lib/pkgconfig/smrr_interfaces.pc'
[11.423s] Level 1:colcon.colcon_core.environment:checking '/home/ishara/fyp/Human_Preffered_Velocity_Prediction/install/smrr_interfaces/lib/python3.10/site-packages'
[11.423s] Level 1:colcon.colcon_core.shell:create_environment_hook('smrr_interfaces', 'pythonpath')
[11.424s] INFO:colcon.colcon_core.shell:Creating environment hook '/home/ishara/fyp/Human_Preffered_Velocity_Prediction/install/smrr_interfaces/share/smrr_interfaces/hook/pythonpath.ps1'
[11.424s] INFO:colcon.colcon_core.shell:Creating environment descriptor '/home/ishara/fyp/Human_Preffered_Velocity_Prediction/install/smrr_interfaces/share/smrr_interfaces/hook/pythonpath.dsv'
[11.425s] INFO:colcon.colcon_core.shell:Creating environment hook '/home/ishara/fyp/Human_Preffered_Velocity_Prediction/install/smrr_interfaces/share/smrr_interfaces/hook/pythonpath.sh'
[11.426s] Level 1:colcon.colcon_core.environment:checking '/home/ishara/fyp/Human_Preffered_Velocity_Prediction/install/smrr_interfaces/bin'
[11.427s] INFO:colcon.colcon_core.shell:Creating package script '/home/ishara/fyp/Human_Preffered_Velocity_Prediction/install/smrr_interfaces/share/smrr_interfaces/package.ps1'
[11.428s] INFO:colcon.colcon_core.shell:Creating package descriptor '/home/ishara/fyp/Human_Preffered_Velocity_Prediction/install/smrr_interfaces/share/smrr_interfaces/package.dsv'
[11.429s] INFO:colcon.colcon_core.shell:Creating package script '/home/ishara/fyp/Human_Preffered_Velocity_Prediction/install/smrr_interfaces/share/smrr_interfaces/package.sh'
[11.430s] INFO:colcon.colcon_core.shell:Creating package script '/home/ishara/fyp/Human_Preffered_Velocity_Prediction/install/smrr_interfaces/share/smrr_interfaces/package.bash'
[11.431s] INFO:colcon.colcon_core.shell:Creating package script '/home/ishara/fyp/Human_Preffered_Velocity_Prediction/install/smrr_interfaces/share/smrr_interfaces/package.zsh'
[11.431s] Level 1:colcon.colcon_core.environment:create_file_with_runtime_dependencies(/home/ishara/fyp/Human_Preffered_Velocity_Prediction/install/smrr_interfaces/share/colcon-core/packages/smrr_interfaces)
[11.619s] Level 1:colcon.colcon_core.environment:create_environment_scripts_only(smrr_interfaces)
[11.620s] Level 1:colcon.colcon_core.environment:checking '/home/ishara/fyp/Human_Preffered_Velocity_Prediction/install/smrr_interfaces' for CMake module files
[11.621s] Level 1:colcon.colcon_core.environment:checking '/home/ishara/fyp/Human_Preffered_Velocity_Prediction/install/smrr_interfaces' for CMake config files
[11.623s] Level 1:colcon.colcon_core.shell:create_environment_hook('smrr_interfaces', 'cmake_prefix_path')
[11.624s] INFO:colcon.colcon_core.shell:Creating environment hook '/home/ishara/fyp/Human_Preffered_Velocity_Prediction/install/smrr_interfaces/share/smrr_interfaces/hook/cmake_prefix_path.ps1'
[11.624s] INFO:colcon.colcon_core.shell:Creating environment descriptor '/home/ishara/fyp/Human_Preffered_Velocity_Prediction/install/smrr_interfaces/share/smrr_interfaces/hook/cmake_prefix_path.dsv'
[11.625s] INFO:colcon.colcon_core.shell:Creating environment hook '/home/ishara/fyp/Human_Preffered_Velocity_Prediction/install/smrr_interfaces/share/smrr_interfaces/hook/cmake_prefix_path.sh'
[11.626s] Level 1:colcon.colcon_core.environment:checking '/home/ishara/fyp/Human_Preffered_Velocity_Prediction/install/smrr_interfaces/lib'
[11.626s] Level 1:colcon.colcon_core.shell:create_environment_hook('smrr_interfaces', 'ld_library_path_lib')
[11.627s] INFO:colcon.colcon_core.shell:Creating environment hook '/home/ishara/fyp/Human_Preffered_Velocity_Prediction/install/smrr_interfaces/share/smrr_interfaces/hook/ld_library_path_lib.ps1'
[11.628s] INFO:colcon.colcon_core.shell:Creating environment descriptor '/home/ishara/fyp/Human_Preffered_Velocity_Prediction/install/smrr_interfaces/share/smrr_interfaces/hook/ld_library_path_lib.dsv'
[11.629s] INFO:colcon.colcon_core.shell:Creating environment hook '/home/ishara/fyp/Human_Preffered_Velocity_Prediction/install/smrr_interfaces/share/smrr_interfaces/hook/ld_library_path_lib.sh'
[11.630s] Level 1:colcon.colcon_core.environment:checking '/home/ishara/fyp/Human_Preffered_Velocity_Prediction/install/smrr_interfaces/bin'
[11.630s] Level 1:colcon.colcon_core.environment:checking '/home/ishara/fyp/Human_Preffered_Velocity_Prediction/install/smrr_interfaces/lib/pkgconfig/smrr_interfaces.pc'
[11.630s] Level 1:colcon.colcon_core.environment:checking '/home/ishara/fyp/Human_Preffered_Velocity_Prediction/install/smrr_interfaces/lib/python3.10/site-packages'
[11.630s] Level 1:colcon.colcon_core.shell:create_environment_hook('smrr_interfaces', 'pythonpath')
[11.631s] INFO:colcon.colcon_core.shell:Creating environment hook '/home/ishara/fyp/Human_Preffered_Velocity_Prediction/install/smrr_interfaces/share/smrr_interfaces/hook/pythonpath.ps1'
[11.632s] INFO:colcon.colcon_core.shell:Creating environment descriptor '/home/ishara/fyp/Human_Preffered_Velocity_Prediction/install/smrr_interfaces/share/smrr_interfaces/hook/pythonpath.dsv'
[11.632s] INFO:colcon.colcon_core.shell:Creating environment hook '/home/ishara/fyp/Human_Preffered_Velocity_Prediction/install/smrr_interfaces/share/smrr_interfaces/hook/pythonpath.sh'
[11.633s] Level 1:colcon.colcon_core.environment:checking '/home/ishara/fyp/Human_Preffered_Velocity_Prediction/install/smrr_interfaces/bin'
[11.634s] INFO:colcon.colcon_core.shell:Creating package script '/home/ishara/fyp/Human_Preffered_Velocity_Prediction/install/smrr_interfaces/share/smrr_interfaces/package.ps1'
[11.635s] INFO:colcon.colcon_core.shell:Creating package descriptor '/home/ishara/fyp/Human_Preffered_Velocity_Prediction/install/smrr_interfaces/share/smrr_interfaces/package.dsv'
[11.636s] INFO:colcon.colcon_core.shell:Creating package script '/home/ishara/fyp/Human_Preffered_Velocity_Prediction/install/smrr_interfaces/share/smrr_interfaces/package.sh'
[11.637s] INFO:colcon.colcon_core.shell:Creating package script '/home/ishara/fyp/Human_Preffered_Velocity_Prediction/install/smrr_interfaces/share/smrr_interfaces/package.bash'
[11.638s] INFO:colcon.colcon_core.shell:Creating package script '/home/ishara/fyp/Human_Preffered_Velocity_Prediction/install/smrr_interfaces/share/smrr_interfaces/package.zsh'
[11.639s] Level 1:colcon.colcon_core.environment:create_file_with_runtime_dependencies(/home/ishara/fyp/Human_Preffered_Velocity_Prediction/install/smrr_interfaces/share/colcon-core/packages/smrr_interfaces)
[11.639s] DEBUG:colcon.colcon_parallel_executor.executor.parallel:closing loop
[11.640s] DEBUG:colcon.colcon_parallel_executor.executor.parallel:loop closed
[11.640s] DEBUG:colcon.colcon_parallel_executor.executor.parallel:run_until_complete finished with '0'
[11.640s] DEBUG:colcon.colcon_core.event_reactor:joining thread
[11.683s] INFO:colcon.colcon_core.plugin_system:Skipping extension 'colcon_notification.desktop_notification.terminal_notifier': Not used on non-Darwin systems
[11.684s] INFO:colcon.colcon_core.plugin_system:Skipping extension 'colcon_notification.desktop_notification.win32': Not used on non-Windows systems
[11.684s] INFO:colcon.colcon_notification.desktop_notification:Sending desktop notification using 'notify2'
[11.730s] DEBUG:colcon.colcon_core.event_reactor:joined thread
[11.730s] INFO:colcon.colcon_core.shell:Creating prefix script '/home/ishara/fyp/Human_Preffered_Velocity_Prediction/install/local_setup.ps1'
[11.754s] INFO:colcon.colcon_core.shell:Creating prefix util module '/home/ishara/fyp/Human_Preffered_Velocity_Prediction/install/_local_setup_util_ps1.py'
[11.787s] INFO:colcon.colcon_core.shell:Creating prefix chain script '/home/ishara/fyp/Human_Preffered_Velocity_Prediction/install/setup.ps1'
[11.798s] INFO:colcon.colcon_core.shell:Creating prefix script '/home/ishara/fyp/Human_Preffered_Velocity_Prediction/install/local_setup.sh'
[11.816s] INFO:colcon.colcon_core.shell:Creating prefix util module '/home/ishara/fyp/Human_Preffered_Velocity_Prediction/install/_local_setup_util_sh.py'
[11.818s] INFO:colcon.colcon_core.shell:Creating prefix chain script '/home/ishara/fyp/Human_Preffered_Velocity_Prediction/install/setup.sh'
[11.821s] INFO:colcon.colcon_core.shell:Creating prefix script '/home/ishara/fyp/Human_Preffered_Velocity_Prediction/install/local_setup.bash'
[11.831s] INFO:colcon.colcon_core.shell:Creating prefix chain script '/home/ishara/fyp/Human_Preffered_Velocity_Prediction/install/setup.bash'
[11.835s] INFO:colcon.colcon_core.shell:Creating prefix script '/home/ishara/fyp/Human_Preffered_Velocity_Prediction/install/local_setup.zsh'
[11.849s] INFO:colcon.colcon_core.shell:Creating prefix chain script '/home/ishara/fyp/Human_Preffered_Velocity_Prediction/install/setup.zsh'
