[0.710s] Invoking command in '/home/ishara/fyp/Human_Preffered_Velocity_Prediction/build/smrr_interfaces': CMAKE_PREFIX_PATH=${CMAKE_PREFIX_PATH}:/home/ishara/fyp/Human_Preffered_Velocity_Prediction/install/preffered_velocity_prediction:/home/ishara/fyp/Human_Preffered_Velocity_Prediction/install/human_data_buffer:/home/ishara/ros2_ws/install/my_robot_controller:/opt/ros/humble /usr/bin/cmake --build /home/ishara/fyp/Human_Preffered_Velocity_Prediction/build/smrr_interfaces -- -j6 -l6
[0.772s] [ 10%] Built target smrr_interfaces__rosidl_generator_c
[0.776s] [ 12%] Built target smrr_interfaces__cpp
[0.779s] [ 12%] Built target ament_cmake_python_symlink_smrr_interfaces
[0.798s] [ 23%] Built target smrr_interfaces__rosidl_typesupport_c
[0.808s] [ 34%] Built target smrr_interfaces__rosidl_typesupport_introspection_c
[0.819s] [ 45%] Built target smrr_interfaces__rosidl_typesupport_fastrtps_c
[0.819s] [ 56%] Built target smrr_interfaces__rosidl_typesupport_fastrtps_cpp
[0.824s] [ 67%] Built target smrr_interfaces__rosidl_typesupport_introspection_cpp
[0.826s] [ 78%] Built target smrr_interfaces__rosidl_typesupport_cpp
[0.844s] [ 78%] Built target smrr_interfaces
[0.867s] [ 80%] Built target smrr_interfaces__py
[0.888s] [ 89%] Built target smrr_interfaces__rosidl_generator_py
[0.915s] [ 92%] Built target smrr_interfaces__rosidl_typesupport_c__pyext
[0.918s] [ 96%] Built target smrr_interfaces__rosidl_typesupport_fastrtps_c__pyext
[0.923s] [100%] Built target smrr_interfaces__rosidl_typesupport_introspection_c__pyext
[1.031s] running egg_info
[1.031s] writing smrr_interfaces.egg-info/PKG-INFO
[1.032s] writing dependency_links to smrr_interfaces.egg-info/dependency_links.txt
[1.032s] writing top-level names to smrr_interfaces.egg-info/top_level.txt
[1.035s] reading manifest file 'smrr_interfaces.egg-info/SOURCES.txt'
[1.035s] writing manifest file 'smrr_interfaces.egg-info/SOURCES.txt'
[1.085s] [100%] Built target ament_cmake_python_build_smrr_interfaces_egg
[1.097s] Invoked command in '/home/ishara/fyp/Human_Preffered_Velocity_Prediction/build/smrr_interfaces' returned '0': CMAKE_PREFIX_PATH=${CMAKE_PREFIX_PATH}:/home/ishara/fyp/Human_Preffered_Velocity_Prediction/install/preffered_velocity_prediction:/home/ishara/fyp/Human_Preffered_Velocity_Prediction/install/human_data_buffer:/home/ishara/ros2_ws/install/my_robot_controller:/opt/ros/humble /usr/bin/cmake --build /home/ishara/fyp/Human_Preffered_Velocity_Prediction/build/smrr_interfaces -- -j6 -l6
[1.191s] Invoking command in '/home/ishara/fyp/Human_Preffered_Velocity_Prediction/build/smrr_interfaces': CMAKE_PREFIX_PATH=${CMAKE_PREFIX_PATH}:/home/ishara/fyp/Human_Preffered_Velocity_Prediction/install/preffered_velocity_prediction:/home/ishara/fyp/Human_Preffered_Velocity_Prediction/install/human_data_buffer:/home/ishara/ros2_ws/install/my_robot_controller:/opt/ros/humble /usr/bin/cmake --install /home/ishara/fyp/Human_Preffered_Velocity_Prediction/build/smrr_interfaces
[1.197s] -- Install configuration: ""
[1.197s] -- Execute custom install script
[1.198s] -- Up-to-date symlink: /home/ishara/fyp/Human_Preffered_Velocity_Prediction/install/smrr_interfaces/share/ament_index/resource_index/rosidl_interfaces/smrr_interfaces
[1.198s] -- Up-to-date symlink: /home/ishara/fyp/Human_Preffered_Velocity_Prediction/install/smrr_interfaces/include/smrr_interfaces/smrr_interfaces/msg/buffer.h
[1.198s] -- Up-to-date symlink: /home/ishara/fyp/Human_Preffered_Velocity_Prediction/install/smrr_interfaces/include/smrr_interfaces/smrr_interfaces/msg/detail/buffer__functions.h
[1.198s] -- Up-to-date symlink: /home/ishara/fyp/Human_Preffered_Velocity_Prediction/install/smrr_interfaces/include/smrr_interfaces/smrr_interfaces/msg/detail/buffer__struct.h
[1.198s] -- Up-to-date symlink: /home/ishara/fyp/Human_Preffered_Velocity_Prediction/install/smrr_interfaces/include/smrr_interfaces/smrr_interfaces/msg/detail/buffer__type_support.h
[1.198s] -- Up-to-date symlink: /home/ishara/fyp/Human_Preffered_Velocity_Prediction/install/smrr_interfaces/include/smrr_interfaces/smrr_interfaces/msg/detail/entities__functions.h
[1.199s] -- Up-to-date symlink: /home/ishara/fyp/Human_Preffered_Velocity_Prediction/install/smrr_interfaces/include/smrr_interfaces/smrr_interfaces/msg/detail/entities__struct.h
[1.199s] -- Up-to-date symlink: /home/ishara/fyp/Human_Preffered_Velocity_Prediction/install/smrr_interfaces/include/smrr_interfaces/smrr_interfaces/msg/detail/entities__type_support.h
[1.199s] -- Up-to-date symlink: /home/ishara/fyp/Human_Preffered_Velocity_Prediction/install/smrr_interfaces/include/smrr_interfaces/smrr_interfaces/msg/detail/pref_velocity__functions.h
[1.199s] -- Up-to-date symlink: /home/ishara/fyp/Human_Preffered_Velocity_Prediction/install/smrr_interfaces/include/smrr_interfaces/smrr_interfaces/msg/detail/pref_velocity__struct.h
[1.199s] -- Up-to-date symlink: /home/ishara/fyp/Human_Preffered_Velocity_Prediction/install/smrr_interfaces/include/smrr_interfaces/smrr_interfaces/msg/detail/pref_velocity__type_support.h
[1.199s] -- Up-to-date symlink: /home/ishara/fyp/Human_Preffered_Velocity_Prediction/install/smrr_interfaces/include/smrr_interfaces/smrr_interfaces/msg/detail/velocity_class_data__functions.h
[1.199s] -- Up-to-date symlink: /home/ishara/fyp/Human_Preffered_Velocity_Prediction/install/smrr_interfaces/include/smrr_interfaces/smrr_interfaces/msg/detail/velocity_class_data__struct.h
[1.199s] -- Up-to-date symlink: /home/ishara/fyp/Human_Preffered_Velocity_Prediction/install/smrr_interfaces/include/smrr_interfaces/smrr_interfaces/msg/detail/velocity_class_data__type_support.h
[1.199s] -- Up-to-date symlink: /home/ishara/fyp/Human_Preffered_Velocity_Prediction/install/smrr_interfaces/include/smrr_interfaces/smrr_interfaces/msg/entities.h
[1.199s] -- Up-to-date symlink: /home/ishara/fyp/Human_Preffered_Velocity_Prediction/install/smrr_interfaces/include/smrr_interfaces/smrr_interfaces/msg/pref_velocity.h
[1.199s] -- Up-to-date symlink: /home/ishara/fyp/Human_Preffered_Velocity_Prediction/install/smrr_interfaces/include/smrr_interfaces/smrr_interfaces/msg/rosidl_generator_c__visibility_control.h
[1.199s] -- Up-to-date symlink: /home/ishara/fyp/Human_Preffered_Velocity_Prediction/install/smrr_interfaces/include/smrr_interfaces/smrr_interfaces/msg/velocity_class_data.h
[1.199s] -- Up-to-date symlink: /home/ishara/fyp/Human_Preffered_Velocity_Prediction/install/smrr_interfaces/share/smrr_interfaces/environment/library_path.sh
[1.199s] -- Up-to-date symlink: /home/ishara/fyp/Human_Preffered_Velocity_Prediction/install/smrr_interfaces/share/smrr_interfaces/environment/library_path.dsv
[1.200s] -- Up-to-date symlink: /home/ishara/fyp/Human_Preffered_Velocity_Prediction/install/smrr_interfaces/include/smrr_interfaces/smrr_interfaces/msg/detail/buffer__rosidl_typesupport_fastrtps_c.h
[1.200s] -- Up-to-date symlink: /home/ishara/fyp/Human_Preffered_Velocity_Prediction/install/smrr_interfaces/include/smrr_interfaces/smrr_interfaces/msg/detail/entities__rosidl_typesupport_fastrtps_c.h
[1.200s] -- Up-to-date symlink: /home/ishara/fyp/Human_Preffered_Velocity_Prediction/install/smrr_interfaces/include/smrr_interfaces/smrr_interfaces/msg/detail/pref_velocity__rosidl_typesupport_fastrtps_c.h
[1.200s] -- Up-to-date symlink: /home/ishara/fyp/Human_Preffered_Velocity_Prediction/install/smrr_interfaces/include/smrr_interfaces/smrr_interfaces/msg/detail/velocity_class_data__rosidl_typesupport_fastrtps_c.h
[1.200s] -- Up-to-date symlink: /home/ishara/fyp/Human_Preffered_Velocity_Prediction/install/smrr_interfaces/include/smrr_interfaces/smrr_interfaces/msg/rosidl_typesupport_fastrtps_c__visibility_control.h
[1.200s] -- Up-to-date symlink: /home/ishara/fyp/Human_Preffered_Velocity_Prediction/install/smrr_interfaces/include/smrr_interfaces/smrr_interfaces/msg/buffer.hpp
[1.201s] -- Up-to-date symlink: /home/ishara/fyp/Human_Preffered_Velocity_Prediction/install/smrr_interfaces/include/smrr_interfaces/smrr_interfaces/msg/detail/buffer__builder.hpp
[1.201s] -- Up-to-date symlink: /home/ishara/fyp/Human_Preffered_Velocity_Prediction/install/smrr_interfaces/include/smrr_interfaces/smrr_interfaces/msg/detail/buffer__struct.hpp
[1.201s] -- Up-to-date symlink: /home/ishara/fyp/Human_Preffered_Velocity_Prediction/install/smrr_interfaces/include/smrr_interfaces/smrr_interfaces/msg/detail/buffer__traits.hpp
[1.201s] -- Up-to-date symlink: /home/ishara/fyp/Human_Preffered_Velocity_Prediction/install/smrr_interfaces/include/smrr_interfaces/smrr_interfaces/msg/detail/entities__builder.hpp
[1.201s] -- Up-to-date symlink: /home/ishara/fyp/Human_Preffered_Velocity_Prediction/install/smrr_interfaces/include/smrr_interfaces/smrr_interfaces/msg/detail/entities__struct.hpp
[1.201s] -- Up-to-date symlink: /home/ishara/fyp/Human_Preffered_Velocity_Prediction/install/smrr_interfaces/include/smrr_interfaces/smrr_interfaces/msg/detail/entities__traits.hpp
[1.201s] -- Up-to-date symlink: /home/ishara/fyp/Human_Preffered_Velocity_Prediction/install/smrr_interfaces/include/smrr_interfaces/smrr_interfaces/msg/detail/pref_velocity__builder.hpp
[1.201s] -- Up-to-date symlink: /home/ishara/fyp/Human_Preffered_Velocity_Prediction/install/smrr_interfaces/include/smrr_interfaces/smrr_interfaces/msg/detail/pref_velocity__struct.hpp
[1.201s] -- Up-to-date symlink: /home/ishara/fyp/Human_Preffered_Velocity_Prediction/install/smrr_interfaces/include/smrr_interfaces/smrr_interfaces/msg/detail/pref_velocity__traits.hpp
[1.201s] -- Up-to-date symlink: /home/ishara/fyp/Human_Preffered_Velocity_Prediction/install/smrr_interfaces/include/smrr_interfaces/smrr_interfaces/msg/detail/velocity_class_data__builder.hpp
[1.201s] -- Up-to-date symlink: /home/ishara/fyp/Human_Preffered_Velocity_Prediction/install/smrr_interfaces/include/smrr_interfaces/smrr_interfaces/msg/detail/velocity_class_data__struct.hpp
[1.202s] -- Up-to-date symlink: /home/ishara/fyp/Human_Preffered_Velocity_Prediction/install/smrr_interfaces/include/smrr_interfaces/smrr_interfaces/msg/detail/velocity_class_data__traits.hpp
[1.202s] -- Up-to-date symlink: /home/ishara/fyp/Human_Preffered_Velocity_Prediction/install/smrr_interfaces/include/smrr_interfaces/smrr_interfaces/msg/entities.hpp
[1.202s] -- Up-to-date symlink: /home/ishara/fyp/Human_Preffered_Velocity_Prediction/install/smrr_interfaces/include/smrr_interfaces/smrr_interfaces/msg/pref_velocity.hpp
[1.202s] -- Up-to-date symlink: /home/ishara/fyp/Human_Preffered_Velocity_Prediction/install/smrr_interfaces/include/smrr_interfaces/smrr_interfaces/msg/velocity_class_data.hpp
[1.202s] -- Up-to-date symlink: /home/ishara/fyp/Human_Preffered_Velocity_Prediction/install/smrr_interfaces/include/smrr_interfaces/smrr_interfaces/msg/detail/buffer__rosidl_typesupport_fastrtps_cpp.hpp
[1.202s] -- Up-to-date symlink: /home/ishara/fyp/Human_Preffered_Velocity_Prediction/install/smrr_interfaces/include/smrr_interfaces/smrr_interfaces/msg/detail/entities__rosidl_typesupport_fastrtps_cpp.hpp
[1.202s] -- Up-to-date symlink: /home/ishara/fyp/Human_Preffered_Velocity_Prediction/install/smrr_interfaces/include/smrr_interfaces/smrr_interfaces/msg/detail/pref_velocity__rosidl_typesupport_fastrtps_cpp.hpp
[1.202s] -- Up-to-date symlink: /home/ishara/fyp/Human_Preffered_Velocity_Prediction/install/smrr_interfaces/include/smrr_interfaces/smrr_interfaces/msg/detail/velocity_class_data__rosidl_typesupport_fastrtps_cpp.hpp
[1.202s] -- Up-to-date symlink: /home/ishara/fyp/Human_Preffered_Velocity_Prediction/install/smrr_interfaces/include/smrr_interfaces/smrr_interfaces/msg/rosidl_typesupport_fastrtps_cpp__visibility_control.h
[1.203s] -- Up-to-date symlink: /home/ishara/fyp/Human_Preffered_Velocity_Prediction/install/smrr_interfaces/include/smrr_interfaces/smrr_interfaces/msg/detail/buffer__rosidl_typesupport_introspection_c.h
[1.203s] -- Up-to-date symlink: /home/ishara/fyp/Human_Preffered_Velocity_Prediction/install/smrr_interfaces/include/smrr_interfaces/smrr_interfaces/msg/detail/entities__rosidl_typesupport_introspection_c.h
[1.203s] -- Up-to-date symlink: /home/ishara/fyp/Human_Preffered_Velocity_Prediction/install/smrr_interfaces/include/smrr_interfaces/smrr_interfaces/msg/detail/pref_velocity__rosidl_typesupport_introspection_c.h
[1.203s] -- Up-to-date symlink: /home/ishara/fyp/Human_Preffered_Velocity_Prediction/install/smrr_interfaces/include/smrr_interfaces/smrr_interfaces/msg/detail/velocity_class_data__rosidl_typesupport_introspection_c.h
[1.203s] -- Up-to-date symlink: /home/ishara/fyp/Human_Preffered_Velocity_Prediction/install/smrr_interfaces/include/smrr_interfaces/smrr_interfaces/msg/rosidl_typesupport_introspection_c__visibility_control.h
[1.203s] -- Up-to-date symlink: /home/ishara/fyp/Human_Preffered_Velocity_Prediction/install/smrr_interfaces/include/smrr_interfaces/smrr_interfaces/msg/detail/buffer__rosidl_typesupport_introspection_cpp.hpp
[1.203s] -- Up-to-date symlink: /home/ishara/fyp/Human_Preffered_Velocity_Prediction/install/smrr_interfaces/include/smrr_interfaces/smrr_interfaces/msg/detail/entities__rosidl_typesupport_introspection_cpp.hpp
[1.203s] -- Up-to-date symlink: /home/ishara/fyp/Human_Preffered_Velocity_Prediction/install/smrr_interfaces/include/smrr_interfaces/smrr_interfaces/msg/detail/pref_velocity__rosidl_typesupport_introspection_cpp.hpp
[1.204s] -- Up-to-date symlink: /home/ishara/fyp/Human_Preffered_Velocity_Prediction/install/smrr_interfaces/include/smrr_interfaces/smrr_interfaces/msg/detail/velocity_class_data__rosidl_typesupport_introspection_cpp.hpp
[1.204s] -- Up-to-date symlink: /home/ishara/fyp/Human_Preffered_Velocity_Prediction/install/smrr_interfaces/share/smrr_interfaces/environment/pythonpath.sh
[1.204s] -- Up-to-date symlink: /home/ishara/fyp/Human_Preffered_Velocity_Prediction/install/smrr_interfaces/share/smrr_interfaces/environment/pythonpath.dsv
[1.204s] -- Up-to-date symlink: /home/ishara/fyp/Human_Preffered_Velocity_Prediction/install/smrr_interfaces/local/lib/python3.10/dist-packages/smrr_interfaces-0.0.0-py3.10.egg-info/PKG-INFO
[1.204s] -- Up-to-date symlink: /home/ishara/fyp/Human_Preffered_Velocity_Prediction/install/smrr_interfaces/local/lib/python3.10/dist-packages/smrr_interfaces-0.0.0-py3.10.egg-info/SOURCES.txt
[1.204s] -- Up-to-date symlink: /home/ishara/fyp/Human_Preffered_Velocity_Prediction/install/smrr_interfaces/local/lib/python3.10/dist-packages/smrr_interfaces-0.0.0-py3.10.egg-info/dependency_links.txt
[1.204s] -- Up-to-date symlink: /home/ishara/fyp/Human_Preffered_Velocity_Prediction/install/smrr_interfaces/local/lib/python3.10/dist-packages/smrr_interfaces-0.0.0-py3.10.egg-info/top_level.txt
[1.205s] -- Up-to-date symlink: /home/ishara/fyp/Human_Preffered_Velocity_Prediction/install/smrr_interfaces/local/lib/python3.10/dist-packages/smrr_interfaces/__init__.py
[1.205s] -- Up-to-date symlink: /home/ishara/fyp/Human_Preffered_Velocity_Prediction/install/smrr_interfaces/local/lib/python3.10/dist-packages/smrr_interfaces/_smrr_interfaces_s.ep.rosidl_typesupport_c.c
[1.205s] -- Up-to-date symlink: /home/ishara/fyp/Human_Preffered_Velocity_Prediction/install/smrr_interfaces/local/lib/python3.10/dist-packages/smrr_interfaces/_smrr_interfaces_s.ep.rosidl_typesupport_fastrtps_c.c
[1.205s] -- Up-to-date symlink: /home/ishara/fyp/Human_Preffered_Velocity_Prediction/install/smrr_interfaces/local/lib/python3.10/dist-packages/smrr_interfaces/_smrr_interfaces_s.ep.rosidl_typesupport_introspection_c.c
[1.205s] -- Up-to-date symlink: /home/ishara/fyp/Human_Preffered_Velocity_Prediction/install/smrr_interfaces/local/lib/python3.10/dist-packages/smrr_interfaces/libsmrr_interfaces__rosidl_generator_py.so
[1.205s] -- Up-to-date symlink: /home/ishara/fyp/Human_Preffered_Velocity_Prediction/install/smrr_interfaces/local/lib/python3.10/dist-packages/smrr_interfaces/msg/__init__.py
[1.205s] -- Up-to-date symlink: /home/ishara/fyp/Human_Preffered_Velocity_Prediction/install/smrr_interfaces/local/lib/python3.10/dist-packages/smrr_interfaces/msg/_buffer.py
[1.205s] -- Up-to-date symlink: /home/ishara/fyp/Human_Preffered_Velocity_Prediction/install/smrr_interfaces/local/lib/python3.10/dist-packages/smrr_interfaces/msg/_buffer_s.c
[1.205s] -- Up-to-date symlink: /home/ishara/fyp/Human_Preffered_Velocity_Prediction/install/smrr_interfaces/local/lib/python3.10/dist-packages/smrr_interfaces/msg/_entities.py
[1.205s] -- Up-to-date symlink: /home/ishara/fyp/Human_Preffered_Velocity_Prediction/install/smrr_interfaces/local/lib/python3.10/dist-packages/smrr_interfaces/msg/_entities_s.c
[1.205s] -- Up-to-date symlink: /home/ishara/fyp/Human_Preffered_Velocity_Prediction/install/smrr_interfaces/local/lib/python3.10/dist-packages/smrr_interfaces/msg/_pref_velocity.py
[1.206s] -- Up-to-date symlink: /home/ishara/fyp/Human_Preffered_Velocity_Prediction/install/smrr_interfaces/local/lib/python3.10/dist-packages/smrr_interfaces/msg/_pref_velocity_s.c
[1.206s] -- Up-to-date symlink: /home/ishara/fyp/Human_Preffered_Velocity_Prediction/install/smrr_interfaces/local/lib/python3.10/dist-packages/smrr_interfaces/msg/_velocity_class_data.py
[1.206s] -- Up-to-date symlink: /home/ishara/fyp/Human_Preffered_Velocity_Prediction/install/smrr_interfaces/local/lib/python3.10/dist-packages/smrr_interfaces/msg/_velocity_class_data_s.c
[1.206s] -- Up-to-date symlink: /home/ishara/fyp/Human_Preffered_Velocity_Prediction/install/smrr_interfaces/local/lib/python3.10/dist-packages/smrr_interfaces/smrr_interfaces_s__rosidl_typesupport_c.cpython-310-x86_64-linux-gnu.so
[1.206s] -- Up-to-date symlink: /home/ishara/fyp/Human_Preffered_Velocity_Prediction/install/smrr_interfaces/local/lib/python3.10/dist-packages/smrr_interfaces/smrr_interfaces_s__rosidl_typesupport_fastrtps_c.cpython-310-x86_64-linux-gnu.so
[1.206s] -- Up-to-date symlink: /home/ishara/fyp/Human_Preffered_Velocity_Prediction/install/smrr_interfaces/local/lib/python3.10/dist-packages/smrr_interfaces/smrr_interfaces_s__rosidl_typesupport_introspection_c.cpython-310-x86_64-linux-gnu.so
[1.206s] -- Up-to-date symlink: /home/ishara/fyp/Human_Preffered_Velocity_Prediction/install/smrr_interfaces/local/lib/python3.10/dist-packages/smrr_interfaces/smrr_interfaces_s__rosidl_typesupport_fastrtps_c.cpython-310-x86_64-linux-gnu.so
[1.206s] -- Up-to-date symlink: /home/ishara/fyp/Human_Preffered_Velocity_Prediction/install/smrr_interfaces/local/lib/python3.10/dist-packages/smrr_interfaces/smrr_interfaces_s__rosidl_typesupport_introspection_c.cpython-310-x86_64-linux-gnu.so
[1.207s] -- Up-to-date symlink: /home/ishara/fyp/Human_Preffered_Velocity_Prediction/install/smrr_interfaces/local/lib/python3.10/dist-packages/smrr_interfaces/smrr_interfaces_s__rosidl_typesupport_c.cpython-310-x86_64-linux-gnu.so
[1.207s] -- Up-to-date symlink: /home/ishara/fyp/Human_Preffered_Velocity_Prediction/install/smrr_interfaces/share/smrr_interfaces/msg/Entities.idl
[1.207s] -- Up-to-date symlink: /home/ishara/fyp/Human_Preffered_Velocity_Prediction/install/smrr_interfaces/share/smrr_interfaces/msg/VelocityClassData.idl
[1.207s] -- Up-to-date symlink: /home/ishara/fyp/Human_Preffered_Velocity_Prediction/install/smrr_interfaces/share/smrr_interfaces/msg/Buffer.idl
[1.207s] -- Up-to-date symlink: /home/ishara/fyp/Human_Preffered_Velocity_Prediction/install/smrr_interfaces/share/smrr_interfaces/msg/PrefVelocity.idl
[1.207s] -- Up-to-date symlink: /home/ishara/fyp/Human_Preffered_Velocity_Prediction/install/smrr_interfaces/share/smrr_interfaces/msg/Entities.msg
[1.207s] -- Up-to-date symlink: /home/ishara/fyp/Human_Preffered_Velocity_Prediction/install/smrr_interfaces/share/smrr_interfaces/msg/VelocityClassData.msg
[1.207s] -- Up-to-date symlink: /home/ishara/fyp/Human_Preffered_Velocity_Prediction/install/smrr_interfaces/share/smrr_interfaces/msg/Buffer.msg
[1.207s] -- Up-to-date symlink: /home/ishara/fyp/Human_Preffered_Velocity_Prediction/install/smrr_interfaces/share/smrr_interfaces/msg/PrefVelocity.msg
[1.208s] -- Up-to-date symlink: /home/ishara/fyp/Human_Preffered_Velocity_Prediction/install/smrr_interfaces/share/ament_index/resource_index/package_run_dependencies/smrr_interfaces
[1.208s] -- Up-to-date symlink: /home/ishara/fyp/Human_Preffered_Velocity_Prediction/install/smrr_interfaces/share/ament_index/resource_index/parent_prefix_path/smrr_interfaces
[1.208s] -- Up-to-date symlink: /home/ishara/fyp/Human_Preffered_Velocity_Prediction/install/smrr_interfaces/share/smrr_interfaces/environment/ament_prefix_path.sh
[1.208s] -- Up-to-date symlink: /home/ishara/fyp/Human_Preffered_Velocity_Prediction/install/smrr_interfaces/share/smrr_interfaces/environment/ament_prefix_path.dsv
[1.208s] -- Up-to-date symlink: /home/ishara/fyp/Human_Preffered_Velocity_Prediction/install/smrr_interfaces/share/smrr_interfaces/environment/path.sh
[1.208s] -- Up-to-date symlink: /home/ishara/fyp/Human_Preffered_Velocity_Prediction/install/smrr_interfaces/share/smrr_interfaces/environment/path.dsv
[1.208s] -- Up-to-date symlink: /home/ishara/fyp/Human_Preffered_Velocity_Prediction/install/smrr_interfaces/share/smrr_interfaces/local_setup.bash
[1.208s] -- Up-to-date symlink: /home/ishara/fyp/Human_Preffered_Velocity_Prediction/install/smrr_interfaces/share/smrr_interfaces/local_setup.sh
[1.208s] -- Up-to-date symlink: /home/ishara/fyp/Human_Preffered_Velocity_Prediction/install/smrr_interfaces/share/smrr_interfaces/local_setup.zsh
[1.209s] -- Up-to-date symlink: /home/ishara/fyp/Human_Preffered_Velocity_Prediction/install/smrr_interfaces/share/smrr_interfaces/local_setup.dsv
[1.209s] -- Symlinking: /home/ishara/fyp/Human_Preffered_Velocity_Prediction/install/smrr_interfaces/share/smrr_interfaces/package.dsv
[1.216s] -- Up-to-date symlink: /home/ishara/fyp/Human_Preffered_Velocity_Prediction/install/smrr_interfaces/share/ament_index/resource_index/packages/smrr_interfaces
[1.217s] -- Up-to-date symlink: /home/ishara/fyp/Human_Preffered_Velocity_Prediction/install/smrr_interfaces/share/smrr_interfaces/cmake/rosidl_cmake-extras.cmake
[1.217s] -- Up-to-date symlink: /home/ishara/fyp/Human_Preffered_Velocity_Prediction/install/smrr_interfaces/share/smrr_interfaces/cmake/ament_cmake_export_dependencies-extras.cmake
[1.217s] -- Up-to-date symlink: /home/ishara/fyp/Human_Preffered_Velocity_Prediction/install/smrr_interfaces/share/smrr_interfaces/cmake/ament_cmake_export_include_directories-extras.cmake
[1.217s] -- Up-to-date symlink: /home/ishara/fyp/Human_Preffered_Velocity_Prediction/install/smrr_interfaces/share/smrr_interfaces/cmake/ament_cmake_export_libraries-extras.cmake
[1.218s] -- Up-to-date symlink: /home/ishara/fyp/Human_Preffered_Velocity_Prediction/install/smrr_interfaces/share/smrr_interfaces/cmake/ament_cmake_export_targets-extras.cmake
[1.218s] -- Up-to-date symlink: /home/ishara/fyp/Human_Preffered_Velocity_Prediction/install/smrr_interfaces/share/smrr_interfaces/cmake/rosidl_cmake_export_typesupport_targets-extras.cmake
[1.218s] -- Up-to-date symlink: /home/ishara/fyp/Human_Preffered_Velocity_Prediction/install/smrr_interfaces/share/smrr_interfaces/cmake/rosidl_cmake_export_typesupport_libraries-extras.cmake
[1.218s] -- Up-to-date symlink: /home/ishara/fyp/Human_Preffered_Velocity_Prediction/install/smrr_interfaces/share/smrr_interfaces/cmake/smrr_interfacesConfig.cmake
[1.218s] -- Up-to-date symlink: /home/ishara/fyp/Human_Preffered_Velocity_Prediction/install/smrr_interfaces/share/smrr_interfaces/cmake/smrr_interfacesConfig-version.cmake
[1.218s] -- Up-to-date symlink: /home/ishara/fyp/Human_Preffered_Velocity_Prediction/install/smrr_interfaces/share/smrr_interfaces/package.xml
[1.218s] -- Up-to-date: /home/ishara/fyp/Human_Preffered_Velocity_Prediction/install/smrr_interfaces/lib/libsmrr_interfaces__rosidl_generator_c.so
[1.219s] -- Up-to-date: /home/ishara/fyp/Human_Preffered_Velocity_Prediction/install/smrr_interfaces/lib/libsmrr_interfaces__rosidl_typesupport_fastrtps_c.so
[1.219s] -- Up-to-date: /home/ishara/fyp/Human_Preffered_Velocity_Prediction/install/smrr_interfaces/lib/libsmrr_interfaces__rosidl_typesupport_fastrtps_cpp.so
[1.219s] -- Up-to-date: /home/ishara/fyp/Human_Preffered_Velocity_Prediction/install/smrr_interfaces/lib/libsmrr_interfaces__rosidl_typesupport_introspection_c.so
[1.219s] -- Up-to-date: /home/ishara/fyp/Human_Preffered_Velocity_Prediction/install/smrr_interfaces/lib/libsmrr_interfaces__rosidl_typesupport_c.so
[1.219s] -- Up-to-date: /home/ishara/fyp/Human_Preffered_Velocity_Prediction/install/smrr_interfaces/lib/libsmrr_interfaces__rosidl_typesupport_introspection_cpp.so
[1.219s] -- Up-to-date: /home/ishara/fyp/Human_Preffered_Velocity_Prediction/install/smrr_interfaces/lib/libsmrr_interfaces__rosidl_typesupport_cpp.so
[1.247s] Listing '/home/ishara/fyp/Human_Preffered_Velocity_Prediction/install/smrr_interfaces/local/lib/python3.10/dist-packages/smrr_interfaces'...
[1.247s] Listing '/home/ishara/fyp/Human_Preffered_Velocity_Prediction/install/smrr_interfaces/local/lib/python3.10/dist-packages/smrr_interfaces/msg'...
[1.252s] -- Up-to-date: /home/ishara/fyp/Human_Preffered_Velocity_Prediction/install/smrr_interfaces/lib/libsmrr_interfaces__rosidl_generator_py.so
[1.252s] -- Up-to-date: /home/ishara/fyp/Human_Preffered_Velocity_Prediction/install/smrr_interfaces/share/smrr_interfaces/cmake/export_smrr_interfaces__rosidl_generator_cExport.cmake
[1.252s] -- Up-to-date: /home/ishara/fyp/Human_Preffered_Velocity_Prediction/install/smrr_interfaces/share/smrr_interfaces/cmake/export_smrr_interfaces__rosidl_generator_cExport-noconfig.cmake
[1.252s] -- Up-to-date: /home/ishara/fyp/Human_Preffered_Velocity_Prediction/install/smrr_interfaces/share/smrr_interfaces/cmake/export_smrr_interfaces__rosidl_typesupport_fastrtps_cExport.cmake
[1.252s] -- Up-to-date: /home/ishara/fyp/Human_Preffered_Velocity_Prediction/install/smrr_interfaces/share/smrr_interfaces/cmake/export_smrr_interfaces__rosidl_typesupport_fastrtps_cExport-noconfig.cmake
[1.252s] -- Up-to-date: /home/ishara/fyp/Human_Preffered_Velocity_Prediction/install/smrr_interfaces/share/smrr_interfaces/cmake/export_smrr_interfaces__rosidl_generator_cppExport.cmake
[1.253s] -- Up-to-date: /home/ishara/fyp/Human_Preffered_Velocity_Prediction/install/smrr_interfaces/share/smrr_interfaces/cmake/export_smrr_interfaces__rosidl_typesupport_fastrtps_cppExport.cmake
[1.253s] -- Up-to-date: /home/ishara/fyp/Human_Preffered_Velocity_Prediction/install/smrr_interfaces/share/smrr_interfaces/cmake/export_smrr_interfaces__rosidl_typesupport_fastrtps_cppExport-noconfig.cmake
[1.253s] -- Up-to-date: /home/ishara/fyp/Human_Preffered_Velocity_Prediction/install/smrr_interfaces/share/smrr_interfaces/cmake/smrr_interfaces__rosidl_typesupport_introspection_cExport.cmake
[1.253s] -- Up-to-date: /home/ishara/fyp/Human_Preffered_Velocity_Prediction/install/smrr_interfaces/share/smrr_interfaces/cmake/smrr_interfaces__rosidl_typesupport_introspection_cExport-noconfig.cmake
[1.253s] -- Up-to-date: /home/ishara/fyp/Human_Preffered_Velocity_Prediction/install/smrr_interfaces/share/smrr_interfaces/cmake/smrr_interfaces__rosidl_typesupport_cExport.cmake
[1.253s] -- Up-to-date: /home/ishara/fyp/Human_Preffered_Velocity_Prediction/install/smrr_interfaces/share/smrr_interfaces/cmake/smrr_interfaces__rosidl_typesupport_cExport-noconfig.cmake
[1.253s] -- Up-to-date: /home/ishara/fyp/Human_Preffered_Velocity_Prediction/install/smrr_interfaces/share/smrr_interfaces/cmake/smrr_interfaces__rosidl_typesupport_introspection_cppExport.cmake
[1.253s] -- Up-to-date: /home/ishara/fyp/Human_Preffered_Velocity_Prediction/install/smrr_interfaces/share/smrr_interfaces/cmake/smrr_interfaces__rosidl_typesupport_introspection_cppExport-noconfig.cmake
[1.253s] -- Up-to-date: /home/ishara/fyp/Human_Preffered_Velocity_Prediction/install/smrr_interfaces/share/smrr_interfaces/cmake/smrr_interfaces__rosidl_typesupport_cppExport.cmake
[1.253s] -- Up-to-date: /home/ishara/fyp/Human_Preffered_Velocity_Prediction/install/smrr_interfaces/share/smrr_interfaces/cmake/smrr_interfaces__rosidl_typesupport_cppExport-noconfig.cmake
[1.253s] -- Up-to-date: /home/ishara/fyp/Human_Preffered_Velocity_Prediction/install/smrr_interfaces/share/smrr_interfaces/cmake/export_smrr_interfaces__rosidl_generator_pyExport.cmake
[1.253s] -- Up-to-date: /home/ishara/fyp/Human_Preffered_Velocity_Prediction/install/smrr_interfaces/share/smrr_interfaces/cmake/export_smrr_interfaces__rosidl_generator_pyExport-noconfig.cmake
[1.258s] Invoked command in '/home/ishara/fyp/Human_Preffered_Velocity_Prediction/build/smrr_interfaces' returned '0': CMAKE_PREFIX_PATH=${CMAKE_PREFIX_PATH}:/home/ishara/fyp/Human_Preffered_Velocity_Prediction/install/preffered_velocity_prediction:/home/ishara/fyp/Human_Preffered_Velocity_Prediction/install/human_data_buffer:/home/ishara/ros2_ws/install/my_robot_controller:/opt/ros/humble /usr/bin/cmake --install /home/ishara/fyp/Human_Preffered_Velocity_Prediction/build/smrr_interfaces
