[0.759s] Invoking command in '/home/ishara/fyp/Human_Preffered_Velocity_Prediction/build/smrr_interfaces': CMAKE_PREFIX_PATH=${CMAKE_PREFIX_PATH}:/home/ishara/fyp/Human_Preffered_Velocity_Prediction/install/human_data_buffer:/home/ishara/fyp/Human_Preffered_Velocity_Prediction/install/preffered_velocity_prediction:/home/ishara/ros2_ws/install/my_robot_controller:/opt/ros/humble /usr/bin/cmake --build /home/ishara/fyp/Human_Preffered_Velocity_Prediction/build/smrr_interfaces -- -j6 -l6
[0.799s] -- Found ament_cmake: 1.3.10 (/opt/ros/humble/share/ament_cmake/cmake)
[0.988s] -- Override CMake install command with custom implementation using symlinks instead of copying resources
[1.003s] -- Found std_msgs: 4.2.4 (/opt/ros/humble/share/std_msgs/cmake)
[1.047s] -- Found rosidl_generator_c: 3.1.5 (/opt/ros/humble/share/rosidl_generator_c/cmake)
[1.050s] -- Found rosidl_adapter: 3.1.5 (/opt/ros/humble/share/rosidl_adapter/cmake)
[1.058s] -- Found rosidl_generator_cpp: 3.1.5 (/opt/ros/humble/share/rosidl_generator_cpp/cmake)
[1.072s] -- Using all available rosidl_typesupport_c: rosidl_typesupport_fastrtps_c;rosidl_typesupport_introspection_c
[1.090s] -- Using all available rosidl_typesupport_cpp: rosidl_typesupport_fastrtps_cpp;rosidl_typesupport_introspection_cpp
[1.123s] -- Found geometry_msgs: 4.2.4 (/opt/ros/humble/share/geometry_msgs/cmake)
[1.140s] -- Found rosidl_default_generators: 1.2.0 (/opt/ros/humble/share/rosidl_default_generators/cmake)
[1.151s] -- Found ament_lint_auto: 0.12.11 (/opt/ros/humble/share/ament_lint_auto/cmake)
[1.645s] -- Found ament_cmake_ros: 0.10.0 (/opt/ros/humble/share/ament_cmake_ros/cmake)
[2.343s] -- Using all available rosidl_typesupport_c: rosidl_typesupport_fastrtps_c;rosidl_typesupport_introspection_c
[2.610s] -- Using all available rosidl_typesupport_cpp: rosidl_typesupport_fastrtps_cpp;rosidl_typesupport_introspection_cpp
[2.647s] -- Found python_cmake_module: 0.10.0 (/opt/ros/humble/share/python_cmake_module/cmake)
[2.686s] -- Using PYTHON_EXECUTABLE: /usr/bin/python3
[2.686s] -- Using PYTHON_INCLUDE_DIRS: /usr/include/python3.10
[2.686s] -- Using PYTHON_LIBRARIES: /usr/lib/x86_64-linux-gnu/libpython3.10.so
[2.792s] -- Added test 'cppcheck' to perform static code analysis on C / C++ code
[2.792s] -- Configured cppcheck include dirs: 
[2.792s] -- Configured cppcheck exclude dirs and/or files: 
[2.795s] -- Added test 'flake8' to check Python code syntax and style conventions
[2.801s] -- Added test 'lint_cmake' to check CMake code style
[2.803s] -- Added test 'pep257' to check Python code against some of the docstring style conventions in PEP 257
[2.823s] -- Added test 'uncrustify' to check C / C++ code style
[2.824s] -- Configured uncrustify additional arguments: 
[2.826s] -- Added test 'xmllint' to check XML markup files
[2.832s] -- Configuring done
[2.879s] -- Generating done
[2.883s] -- Build files have been written to: /home/ishara/fyp/Human_Preffered_Velocity_Prediction/build/smrr_interfaces
[2.915s] [  2%] [34m[1mGenerating C code for ROS interfaces[0m
[2.929s] [  4%] [34m[1mGenerating C++ code for ROS interfaces[0m
[2.942s] [  4%] Built target ament_cmake_python_symlink_smrr_interfaces
[3.261s] running egg_info
[3.262s] writing smrr_interfaces.egg-info/PKG-INFO
[3.262s] writing dependency_links to smrr_interfaces.egg-info/dependency_links.txt
[3.262s] writing top-level names to smrr_interfaces.egg-info/top_level.txt
[3.265s] reading manifest file 'smrr_interfaces.egg-info/SOURCES.txt'
[3.266s] writing manifest file 'smrr_interfaces.egg-info/SOURCES.txt'
[3.307s] [  4%] Built target ament_cmake_python_build_smrr_interfaces_egg
[3.592s] [  4%] Built target smrr_interfaces__cpp
[3.601s] [35m[1mConsolidate compiler generated dependencies of target smrr_interfaces__rosidl_generator_c[0m
[3.605s] [  8%] [34m[1mGenerating C++ type support dispatch for ROS interfaces[0m
[3.605s] [  8%] [34m[1mGenerating C++ introspection for ROS interfaces[0m
[3.606s] [ 10%] [34m[1mGenerating C++ type support for eProsima Fast-RTPS[0m
[3.617s] [ 14%] [32mBuilding C object CMakeFiles/smrr_interfaces__rosidl_generator_c.dir/rosidl_generator_c/smrr_interfaces/msg/detail/entities__functions.c.o[0m
[3.618s] [ 14%] [32mBuilding C object CMakeFiles/smrr_interfaces__rosidl_generator_c.dir/rosidl_generator_c/smrr_interfaces/msg/detail/buffer__functions.c.o[0m
[3.619s] [ 17%] [32mBuilding C object CMakeFiles/smrr_interfaces__rosidl_generator_c.dir/rosidl_generator_c/smrr_interfaces/msg/detail/velocity_class_data__functions.c.o[0m
[3.684s] [ 19%] [32m[1mLinking C shared library libsmrr_interfaces__rosidl_generator_c.so[0m
[3.733s] [ 19%] Built target smrr_interfaces__rosidl_generator_c
[3.746s] [ 23%] [34m[1mGenerating C type support dispatch for ROS interfaces[0m
[3.746s] [ 23%] [34m[1mGenerating C type support for eProsima Fast-RTPS[0m
[3.747s] [ 25%] [34m[1mGenerating C introspection for ROS interfaces[0m
[4.173s] [35m[1mConsolidate compiler generated dependencies of target smrr_interfaces__rosidl_typesupport_cpp[0m
[4.189s] [ 27%] [32mBuilding CXX object CMakeFiles/smrr_interfaces__rosidl_typesupport_cpp.dir/rosidl_typesupport_cpp/smrr_interfaces/msg/entities__type_support.cpp.o[0m
[4.246s] [35m[1mConsolidate compiler generated dependencies of target smrr_interfaces__rosidl_typesupport_introspection_cpp[0m
[4.263s] [ 29%] [32mBuilding CXX object CMakeFiles/smrr_interfaces__rosidl_typesupport_introspection_cpp.dir/rosidl_typesupport_introspection_cpp/smrr_interfaces/msg/detail/entities__type_support.cpp.o[0m
[4.277s] [35m[1mConsolidate compiler generated dependencies of target smrr_interfaces__rosidl_typesupport_fastrtps_cpp[0m
[4.294s] [ 31%] [32mBuilding CXX object CMakeFiles/smrr_interfaces__rosidl_typesupport_fastrtps_cpp.dir/rosidl_typesupport_fastrtps_cpp/smrr_interfaces/msg/detail/dds_fastrtps/entities__type_support.cpp.o[0m
[4.308s] [35m[1mConsolidate compiler generated dependencies of target smrr_interfaces__rosidl_typesupport_c[0m
[4.326s] [ 34%] [32mBuilding CXX object CMakeFiles/smrr_interfaces__rosidl_typesupport_c.dir/rosidl_typesupport_c/smrr_interfaces/msg/entities__type_support.cpp.o[0m
[4.366s] [ 36%] [32mBuilding CXX object CMakeFiles/smrr_interfaces__rosidl_typesupport_c.dir/rosidl_typesupport_c/smrr_interfaces/msg/velocity_class_data__type_support.cpp.o[0m
[4.404s] [ 38%] [32mBuilding CXX object CMakeFiles/smrr_interfaces__rosidl_typesupport_c.dir/rosidl_typesupport_c/smrr_interfaces/msg/buffer__type_support.cpp.o[0m
[4.410s] [35m[1mConsolidate compiler generated dependencies of target smrr_interfaces__rosidl_typesupport_introspection_c[0m
[4.425s] [35m[1mConsolidate compiler generated dependencies of target smrr_interfaces__rosidl_typesupport_fastrtps_c[0m
[4.426s] [ 40%] [32mBuilding C object CMakeFiles/smrr_interfaces__rosidl_typesupport_introspection_c.dir/rosidl_typesupport_introspection_c/smrr_interfaces/msg/detail/entities__type_support.c.o[0m
[4.443s] [ 42%] [32mBuilding CXX object CMakeFiles/smrr_interfaces__rosidl_typesupport_fastrtps_c.dir/rosidl_typesupport_fastrtps_c/smrr_interfaces/msg/detail/entities__type_support_c.cpp.o[0m
[4.445s] [ 44%] [32m[1mLinking CXX shared library libsmrr_interfaces__rosidl_typesupport_c.so[0m
[4.485s] [ 46%] [32mBuilding C object CMakeFiles/smrr_interfaces__rosidl_typesupport_introspection_c.dir/rosidl_typesupport_introspection_c/smrr_interfaces/msg/detail/velocity_class_data__type_support.c.o[0m
[4.502s] [ 46%] Built target smrr_interfaces__rosidl_typesupport_c
[4.514s] [ 48%] [32mBuilding CXX object CMakeFiles/smrr_interfaces__rosidl_typesupport_fastrtps_c.dir/rosidl_typesupport_fastrtps_c/smrr_interfaces/msg/detail/velocity_class_data__type_support_c.cpp.o[0m
[4.522s] [ 51%] [32mBuilding CXX object CMakeFiles/smrr_interfaces__rosidl_typesupport_cpp.dir/rosidl_typesupport_cpp/smrr_interfaces/msg/velocity_class_data__type_support.cpp.o[0m
[4.548s] [ 53%] [32mBuilding C object CMakeFiles/smrr_interfaces__rosidl_typesupport_introspection_c.dir/rosidl_typesupport_introspection_c/smrr_interfaces/msg/detail/buffer__type_support.c.o[0m
[4.625s] [ 55%] [32m[1mLinking C shared library libsmrr_interfaces__rosidl_typesupport_introspection_c.so[0m
[4.667s] [ 55%] Built target smrr_interfaces__rosidl_typesupport_introspection_c
[4.679s] [ 57%] [32mBuilding CXX object CMakeFiles/smrr_interfaces__rosidl_typesupport_fastrtps_cpp.dir/rosidl_typesupport_fastrtps_cpp/smrr_interfaces/msg/detail/dds_fastrtps/velocity_class_data__type_support.cpp.o[0m
[4.829s] [ 59%] [32mBuilding CXX object CMakeFiles/smrr_interfaces__rosidl_typesupport_introspection_cpp.dir/rosidl_typesupport_introspection_cpp/smrr_interfaces/msg/detail/velocity_class_data__type_support.cpp.o[0m
[4.851s] [ 61%] [32mBuilding CXX object CMakeFiles/smrr_interfaces__rosidl_typesupport_cpp.dir/rosidl_typesupport_cpp/smrr_interfaces/msg/buffer__type_support.cpp.o[0m
[4.874s] [ 63%] [32mBuilding CXX object CMakeFiles/smrr_interfaces__rosidl_typesupport_fastrtps_cpp.dir/rosidl_typesupport_fastrtps_cpp/smrr_interfaces/msg/detail/dds_fastrtps/buffer__type_support.cpp.o[0m
[4.933s] [ 65%] [32mBuilding CXX object CMakeFiles/smrr_interfaces__rosidl_typesupport_introspection_cpp.dir/rosidl_typesupport_introspection_cpp/smrr_interfaces/msg/detail/buffer__type_support.cpp.o[0m
[4.973s] [ 68%] [32mBuilding CXX object CMakeFiles/smrr_interfaces__rosidl_typesupport_fastrtps_c.dir/rosidl_typesupport_fastrtps_c/smrr_interfaces/msg/detail/buffer__type_support_c.cpp.o[0m
[5.186s] [ 70%] [32m[1mLinking CXX shared library libsmrr_interfaces__rosidl_typesupport_cpp.so[0m
[5.241s] [ 70%] Built target smrr_interfaces__rosidl_typesupport_cpp
[5.410s] [ 72%] [32m[1mLinking CXX shared library libsmrr_interfaces__rosidl_typesupport_fastrtps_c.so[0m
[5.488s] [ 74%] [32m[1mLinking CXX shared library libsmrr_interfaces__rosidl_typesupport_fastrtps_cpp.so[0m
[5.532s] [ 76%] [32m[1mLinking CXX shared library libsmrr_interfaces__rosidl_typesupport_introspection_cpp.so[0m
[5.533s] [ 76%] Built target smrr_interfaces__rosidl_typesupport_fastrtps_c
[5.610s] [ 76%] Built target smrr_interfaces__rosidl_typesupport_fastrtps_cpp
[5.654s] [ 76%] Built target smrr_interfaces__rosidl_typesupport_introspection_cpp
[5.685s] [ 76%] Built target smrr_interfaces
[5.711s] [ 78%] [34m[1mGenerating Python code for ROS interfaces[0m
[6.730s] [ 78%] Built target smrr_interfaces__py
[6.745s] [35m[1mConsolidate compiler generated dependencies of target smrr_interfaces__rosidl_generator_py[0m
[6.761s] [ 82%] [32mBuilding C object CMakeFiles/smrr_interfaces__rosidl_generator_py.dir/rosidl_generator_py/smrr_interfaces/msg/_buffer_s.c.o[0m
[6.761s] [ 82%] [32mBuilding C object CMakeFiles/smrr_interfaces__rosidl_generator_py.dir/rosidl_generator_py/smrr_interfaces/msg/_entities_s.c.o[0m
[6.762s] [ 85%] [32mBuilding C object CMakeFiles/smrr_interfaces__rosidl_generator_py.dir/rosidl_generator_py/smrr_interfaces/msg/_velocity_class_data_s.c.o[0m
[6.986s] [ 87%] [32m[1mLinking C shared library rosidl_generator_py/smrr_interfaces/libsmrr_interfaces__rosidl_generator_py.so[0m
[7.051s] [ 87%] Built target smrr_interfaces__rosidl_generator_py
[7.066s] [35m[1mConsolidate compiler generated dependencies of target smrr_interfaces__rosidl_typesupport_fastrtps_c__pyext[0m
[7.066s] [35m[1mConsolidate compiler generated dependencies of target smrr_interfaces__rosidl_typesupport_c__pyext[0m
[7.071s] [35m[1mConsolidate compiler generated dependencies of target smrr_interfaces__rosidl_typesupport_introspection_c__pyext[0m
[7.081s] [ 89%] [32mBuilding C object CMakeFiles/smrr_interfaces__rosidl_typesupport_c__pyext.dir/rosidl_generator_py/smrr_interfaces/_smrr_interfaces_s.ep.rosidl_typesupport_c.c.o[0m
[7.084s] [ 91%] [32mBuilding C object CMakeFiles/smrr_interfaces__rosidl_typesupport_fastrtps_c__pyext.dir/rosidl_generator_py/smrr_interfaces/_smrr_interfaces_s.ep.rosidl_typesupport_fastrtps_c.c.o[0m
[7.087s] [ 93%] [32mBuilding C object CMakeFiles/smrr_interfaces__rosidl_typesupport_introspection_c__pyext.dir/rosidl_generator_py/smrr_interfaces/_smrr_interfaces_s.ep.rosidl_typesupport_introspection_c.c.o[0m
[7.209s] [ 95%] [32m[1mLinking C shared library rosidl_generator_py/smrr_interfaces/smrr_interfaces_s__rosidl_typesupport_c.cpython-310-x86_64-linux-gnu.so[0m
[7.215s] [ 97%] [32m[1mLinking C shared library rosidl_generator_py/smrr_interfaces/smrr_interfaces_s__rosidl_typesupport_fastrtps_c.cpython-310-x86_64-linux-gnu.so[0m
[7.217s] [100%] [32m[1mLinking C shared library rosidl_generator_py/smrr_interfaces/smrr_interfaces_s__rosidl_typesupport_introspection_c.cpython-310-x86_64-linux-gnu.so[0m
[7.265s] [100%] Built target smrr_interfaces__rosidl_typesupport_fastrtps_c__pyext
[7.267s] [100%] Built target smrr_interfaces__rosidl_typesupport_introspection_c__pyext
[7.269s] [100%] Built target smrr_interfaces__rosidl_typesupport_c__pyext
[7.285s] Invoked command in '/home/ishara/fyp/Human_Preffered_Velocity_Prediction/build/smrr_interfaces' returned '0': CMAKE_PREFIX_PATH=${CMAKE_PREFIX_PATH}:/home/ishara/fyp/Human_Preffered_Velocity_Prediction/install/human_data_buffer:/home/ishara/fyp/Human_Preffered_Velocity_Prediction/install/preffered_velocity_prediction:/home/ishara/ros2_ws/install/my_robot_controller:/opt/ros/humble /usr/bin/cmake --build /home/ishara/fyp/Human_Preffered_Velocity_Prediction/build/smrr_interfaces -- -j6 -l6
[7.438s] Invoking command in '/home/ishara/fyp/Human_Preffered_Velocity_Prediction/build/smrr_interfaces': CMAKE_PREFIX_PATH=${CMAKE_PREFIX_PATH}:/home/ishara/fyp/Human_Preffered_Velocity_Prediction/install/human_data_buffer:/home/ishara/fyp/Human_Preffered_Velocity_Prediction/install/preffered_velocity_prediction:/home/ishara/ros2_ws/install/my_robot_controller:/opt/ros/humble /usr/bin/cmake --install /home/ishara/fyp/Human_Preffered_Velocity_Prediction/build/smrr_interfaces
[7.446s] -- Install configuration: ""
[7.447s] -- Execute custom install script
[7.447s] -- Up-to-date symlink: /home/ishara/fyp/Human_Preffered_Velocity_Prediction/install/smrr_interfaces/share/ament_index/resource_index/rosidl_interfaces/smrr_interfaces
[7.448s] -- Symlinking: /home/ishara/fyp/Human_Preffered_Velocity_Prediction/install/smrr_interfaces/include/smrr_interfaces/smrr_interfaces/msg/buffer.h
[7.461s] -- Symlinking: /home/ishara/fyp/Human_Preffered_Velocity_Prediction/install/smrr_interfaces/include/smrr_interfaces/smrr_interfaces/msg/detail/buffer__functions.h
[7.472s] -- Symlinking: /home/ishara/fyp/Human_Preffered_Velocity_Prediction/install/smrr_interfaces/include/smrr_interfaces/smrr_interfaces/msg/detail/buffer__struct.h
[7.482s] -- Symlinking: /home/ishara/fyp/Human_Preffered_Velocity_Prediction/install/smrr_interfaces/include/smrr_interfaces/smrr_interfaces/msg/detail/buffer__type_support.h
[7.493s] -- Up-to-date symlink: /home/ishara/fyp/Human_Preffered_Velocity_Prediction/install/smrr_interfaces/include/smrr_interfaces/smrr_interfaces/msg/detail/entities__functions.h
[7.493s] -- Up-to-date symlink: /home/ishara/fyp/Human_Preffered_Velocity_Prediction/install/smrr_interfaces/include/smrr_interfaces/smrr_interfaces/msg/detail/entities__struct.h
[7.493s] -- Up-to-date symlink: /home/ishara/fyp/Human_Preffered_Velocity_Prediction/install/smrr_interfaces/include/smrr_interfaces/smrr_interfaces/msg/detail/entities__type_support.h
[7.494s] -- Up-to-date symlink: /home/ishara/fyp/Human_Preffered_Velocity_Prediction/install/smrr_interfaces/include/smrr_interfaces/smrr_interfaces/msg/detail/velocity_class_data__functions.h
[7.494s] -- Up-to-date symlink: /home/ishara/fyp/Human_Preffered_Velocity_Prediction/install/smrr_interfaces/include/smrr_interfaces/smrr_interfaces/msg/detail/velocity_class_data__struct.h
[7.494s] -- Up-to-date symlink: /home/ishara/fyp/Human_Preffered_Velocity_Prediction/install/smrr_interfaces/include/smrr_interfaces/smrr_interfaces/msg/detail/velocity_class_data__type_support.h
[7.494s] -- Up-to-date symlink: /home/ishara/fyp/Human_Preffered_Velocity_Prediction/install/smrr_interfaces/include/smrr_interfaces/smrr_interfaces/msg/entities.h
[7.494s] -- Up-to-date symlink: /home/ishara/fyp/Human_Preffered_Velocity_Prediction/install/smrr_interfaces/include/smrr_interfaces/smrr_interfaces/msg/rosidl_generator_c__visibility_control.h
[7.495s] -- Up-to-date symlink: /home/ishara/fyp/Human_Preffered_Velocity_Prediction/install/smrr_interfaces/include/smrr_interfaces/smrr_interfaces/msg/velocity_class_data.h
[7.495s] -- Up-to-date symlink: /home/ishara/fyp/Human_Preffered_Velocity_Prediction/install/smrr_interfaces/share/smrr_interfaces/environment/library_path.sh
[7.495s] -- Up-to-date symlink: /home/ishara/fyp/Human_Preffered_Velocity_Prediction/install/smrr_interfaces/share/smrr_interfaces/environment/library_path.dsv
[7.496s] -- Symlinking: /home/ishara/fyp/Human_Preffered_Velocity_Prediction/install/smrr_interfaces/include/smrr_interfaces/smrr_interfaces/msg/detail/buffer__rosidl_typesupport_fastrtps_c.h
[7.506s] -- Up-to-date symlink: /home/ishara/fyp/Human_Preffered_Velocity_Prediction/install/smrr_interfaces/include/smrr_interfaces/smrr_interfaces/msg/detail/entities__rosidl_typesupport_fastrtps_c.h
[7.507s] -- Up-to-date symlink: /home/ishara/fyp/Human_Preffered_Velocity_Prediction/install/smrr_interfaces/include/smrr_interfaces/smrr_interfaces/msg/detail/velocity_class_data__rosidl_typesupport_fastrtps_c.h
[7.507s] -- Up-to-date symlink: /home/ishara/fyp/Human_Preffered_Velocity_Prediction/install/smrr_interfaces/include/smrr_interfaces/smrr_interfaces/msg/rosidl_typesupport_fastrtps_c__visibility_control.h
[7.507s] -- Symlinking: /home/ishara/fyp/Human_Preffered_Velocity_Prediction/install/smrr_interfaces/include/smrr_interfaces/smrr_interfaces/msg/buffer.hpp
[7.519s] -- Symlinking: /home/ishara/fyp/Human_Preffered_Velocity_Prediction/install/smrr_interfaces/include/smrr_interfaces/smrr_interfaces/msg/detail/buffer__builder.hpp
[7.531s] -- Symlinking: /home/ishara/fyp/Human_Preffered_Velocity_Prediction/install/smrr_interfaces/include/smrr_interfaces/smrr_interfaces/msg/detail/buffer__struct.hpp
[7.543s] -- Symlinking: /home/ishara/fyp/Human_Preffered_Velocity_Prediction/install/smrr_interfaces/include/smrr_interfaces/smrr_interfaces/msg/detail/buffer__traits.hpp
[7.554s] -- Up-to-date symlink: /home/ishara/fyp/Human_Preffered_Velocity_Prediction/install/smrr_interfaces/include/smrr_interfaces/smrr_interfaces/msg/detail/entities__builder.hpp
[7.554s] -- Up-to-date symlink: /home/ishara/fyp/Human_Preffered_Velocity_Prediction/install/smrr_interfaces/include/smrr_interfaces/smrr_interfaces/msg/detail/entities__struct.hpp
[7.555s] -- Up-to-date symlink: /home/ishara/fyp/Human_Preffered_Velocity_Prediction/install/smrr_interfaces/include/smrr_interfaces/smrr_interfaces/msg/detail/entities__traits.hpp
[7.555s] -- Up-to-date symlink: /home/ishara/fyp/Human_Preffered_Velocity_Prediction/install/smrr_interfaces/include/smrr_interfaces/smrr_interfaces/msg/detail/velocity_class_data__builder.hpp
[7.555s] -- Up-to-date symlink: /home/ishara/fyp/Human_Preffered_Velocity_Prediction/install/smrr_interfaces/include/smrr_interfaces/smrr_interfaces/msg/detail/velocity_class_data__struct.hpp
[7.555s] -- Up-to-date symlink: /home/ishara/fyp/Human_Preffered_Velocity_Prediction/install/smrr_interfaces/include/smrr_interfaces/smrr_interfaces/msg/detail/velocity_class_data__traits.hpp
[7.556s] -- Up-to-date symlink: /home/ishara/fyp/Human_Preffered_Velocity_Prediction/install/smrr_interfaces/include/smrr_interfaces/smrr_interfaces/msg/entities.hpp
[7.556s] -- Up-to-date symlink: /home/ishara/fyp/Human_Preffered_Velocity_Prediction/install/smrr_interfaces/include/smrr_interfaces/smrr_interfaces/msg/velocity_class_data.hpp
[7.556s] -- Symlinking: /home/ishara/fyp/Human_Preffered_Velocity_Prediction/install/smrr_interfaces/include/smrr_interfaces/smrr_interfaces/msg/detail/buffer__rosidl_typesupport_fastrtps_cpp.hpp
[7.568s] -- Up-to-date symlink: /home/ishara/fyp/Human_Preffered_Velocity_Prediction/install/smrr_interfaces/include/smrr_interfaces/smrr_interfaces/msg/detail/entities__rosidl_typesupport_fastrtps_cpp.hpp
[7.568s] -- Up-to-date symlink: /home/ishara/fyp/Human_Preffered_Velocity_Prediction/install/smrr_interfaces/include/smrr_interfaces/smrr_interfaces/msg/detail/velocity_class_data__rosidl_typesupport_fastrtps_cpp.hpp
[7.568s] -- Up-to-date symlink: /home/ishara/fyp/Human_Preffered_Velocity_Prediction/install/smrr_interfaces/include/smrr_interfaces/smrr_interfaces/msg/rosidl_typesupport_fastrtps_cpp__visibility_control.h
[7.569s] -- Symlinking: /home/ishara/fyp/Human_Preffered_Velocity_Prediction/install/smrr_interfaces/include/smrr_interfaces/smrr_interfaces/msg/detail/buffer__rosidl_typesupport_introspection_c.h
[7.580s] -- Up-to-date symlink: /home/ishara/fyp/Human_Preffered_Velocity_Prediction/install/smrr_interfaces/include/smrr_interfaces/smrr_interfaces/msg/detail/entities__rosidl_typesupport_introspection_c.h
[7.580s] -- Up-to-date symlink: /home/ishara/fyp/Human_Preffered_Velocity_Prediction/install/smrr_interfaces/include/smrr_interfaces/smrr_interfaces/msg/detail/velocity_class_data__rosidl_typesupport_introspection_c.h
[7.580s] -- Up-to-date symlink: /home/ishara/fyp/Human_Preffered_Velocity_Prediction/install/smrr_interfaces/include/smrr_interfaces/smrr_interfaces/msg/rosidl_typesupport_introspection_c__visibility_control.h
[7.581s] -- Symlinking: /home/ishara/fyp/Human_Preffered_Velocity_Prediction/install/smrr_interfaces/include/smrr_interfaces/smrr_interfaces/msg/detail/buffer__rosidl_typesupport_introspection_cpp.hpp
[7.593s] -- Up-to-date symlink: /home/ishara/fyp/Human_Preffered_Velocity_Prediction/install/smrr_interfaces/include/smrr_interfaces/smrr_interfaces/msg/detail/entities__rosidl_typesupport_introspection_cpp.hpp
[7.593s] -- Up-to-date symlink: /home/ishara/fyp/Human_Preffered_Velocity_Prediction/install/smrr_interfaces/include/smrr_interfaces/smrr_interfaces/msg/detail/velocity_class_data__rosidl_typesupport_introspection_cpp.hpp
[7.593s] -- Up-to-date symlink: /home/ishara/fyp/Human_Preffered_Velocity_Prediction/install/smrr_interfaces/share/smrr_interfaces/environment/pythonpath.sh
[7.594s] -- Up-to-date symlink: /home/ishara/fyp/Human_Preffered_Velocity_Prediction/install/smrr_interfaces/share/smrr_interfaces/environment/pythonpath.dsv
[7.594s] -- Up-to-date symlink: /home/ishara/fyp/Human_Preffered_Velocity_Prediction/install/smrr_interfaces/local/lib/python3.10/dist-packages/smrr_interfaces-0.0.0-py3.10.egg-info/PKG-INFO
[7.595s] -- Up-to-date symlink: /home/ishara/fyp/Human_Preffered_Velocity_Prediction/install/smrr_interfaces/local/lib/python3.10/dist-packages/smrr_interfaces-0.0.0-py3.10.egg-info/SOURCES.txt
[7.595s] -- Up-to-date symlink: /home/ishara/fyp/Human_Preffered_Velocity_Prediction/install/smrr_interfaces/local/lib/python3.10/dist-packages/smrr_interfaces-0.0.0-py3.10.egg-info/dependency_links.txt
[7.595s] -- Up-to-date symlink: /home/ishara/fyp/Human_Preffered_Velocity_Prediction/install/smrr_interfaces/local/lib/python3.10/dist-packages/smrr_interfaces-0.0.0-py3.10.egg-info/top_level.txt
[7.596s] -- Up-to-date symlink: /home/ishara/fyp/Human_Preffered_Velocity_Prediction/install/smrr_interfaces/local/lib/python3.10/dist-packages/smrr_interfaces/__init__.py
[7.596s] -- Up-to-date symlink: /home/ishara/fyp/Human_Preffered_Velocity_Prediction/install/smrr_interfaces/local/lib/python3.10/dist-packages/smrr_interfaces/_smrr_interfaces_s.ep.rosidl_typesupport_c.c
[7.596s] -- Up-to-date symlink: /home/ishara/fyp/Human_Preffered_Velocity_Prediction/install/smrr_interfaces/local/lib/python3.10/dist-packages/smrr_interfaces/_smrr_interfaces_s.ep.rosidl_typesupport_fastrtps_c.c
[7.596s] -- Up-to-date symlink: /home/ishara/fyp/Human_Preffered_Velocity_Prediction/install/smrr_interfaces/local/lib/python3.10/dist-packages/smrr_interfaces/_smrr_interfaces_s.ep.rosidl_typesupport_introspection_c.c
[7.596s] -- Up-to-date symlink: /home/ishara/fyp/Human_Preffered_Velocity_Prediction/install/smrr_interfaces/local/lib/python3.10/dist-packages/smrr_interfaces/libsmrr_interfaces__rosidl_generator_py.so
[7.597s] -- Up-to-date symlink: /home/ishara/fyp/Human_Preffered_Velocity_Prediction/install/smrr_interfaces/local/lib/python3.10/dist-packages/smrr_interfaces/msg/__init__.py
[7.598s] -- Symlinking: /home/ishara/fyp/Human_Preffered_Velocity_Prediction/install/smrr_interfaces/local/lib/python3.10/dist-packages/smrr_interfaces/msg/_buffer.py
[7.608s] -- Symlinking: /home/ishara/fyp/Human_Preffered_Velocity_Prediction/install/smrr_interfaces/local/lib/python3.10/dist-packages/smrr_interfaces/msg/_buffer_s.c
[7.620s] -- Up-to-date symlink: /home/ishara/fyp/Human_Preffered_Velocity_Prediction/install/smrr_interfaces/local/lib/python3.10/dist-packages/smrr_interfaces/msg/_entities.py
[7.620s] -- Up-to-date symlink: /home/ishara/fyp/Human_Preffered_Velocity_Prediction/install/smrr_interfaces/local/lib/python3.10/dist-packages/smrr_interfaces/msg/_entities_s.c
[7.620s] -- Up-to-date symlink: /home/ishara/fyp/Human_Preffered_Velocity_Prediction/install/smrr_interfaces/local/lib/python3.10/dist-packages/smrr_interfaces/msg/_velocity_class_data.py
[7.620s] -- Up-to-date symlink: /home/ishara/fyp/Human_Preffered_Velocity_Prediction/install/smrr_interfaces/local/lib/python3.10/dist-packages/smrr_interfaces/msg/_velocity_class_data_s.c
[7.620s] -- Up-to-date symlink: /home/ishara/fyp/Human_Preffered_Velocity_Prediction/install/smrr_interfaces/local/lib/python3.10/dist-packages/smrr_interfaces/smrr_interfaces_s__rosidl_typesupport_c.cpython-310-x86_64-linux-gnu.so
[7.621s] -- Up-to-date symlink: /home/ishara/fyp/Human_Preffered_Velocity_Prediction/install/smrr_interfaces/local/lib/python3.10/dist-packages/smrr_interfaces/smrr_interfaces_s__rosidl_typesupport_fastrtps_c.cpython-310-x86_64-linux-gnu.so
[7.621s] -- Up-to-date symlink: /home/ishara/fyp/Human_Preffered_Velocity_Prediction/install/smrr_interfaces/local/lib/python3.10/dist-packages/smrr_interfaces/smrr_interfaces_s__rosidl_typesupport_introspection_c.cpython-310-x86_64-linux-gnu.so
[7.621s] -- Up-to-date symlink: /home/ishara/fyp/Human_Preffered_Velocity_Prediction/install/smrr_interfaces/local/lib/python3.10/dist-packages/smrr_interfaces/smrr_interfaces_s__rosidl_typesupport_fastrtps_c.cpython-310-x86_64-linux-gnu.so
[7.622s] -- Up-to-date symlink: /home/ishara/fyp/Human_Preffered_Velocity_Prediction/install/smrr_interfaces/local/lib/python3.10/dist-packages/smrr_interfaces/smrr_interfaces_s__rosidl_typesupport_introspection_c.cpython-310-x86_64-linux-gnu.so
[7.623s] -- Up-to-date symlink: /home/ishara/fyp/Human_Preffered_Velocity_Prediction/install/smrr_interfaces/local/lib/python3.10/dist-packages/smrr_interfaces/smrr_interfaces_s__rosidl_typesupport_c.cpython-310-x86_64-linux-gnu.so
[7.623s] -- Up-to-date symlink: /home/ishara/fyp/Human_Preffered_Velocity_Prediction/install/smrr_interfaces/share/smrr_interfaces/msg/Entities.idl
[7.624s] -- Up-to-date symlink: /home/ishara/fyp/Human_Preffered_Velocity_Prediction/install/smrr_interfaces/share/smrr_interfaces/msg/VelocityClassData.idl
[7.624s] -- Symlinking: /home/ishara/fyp/Human_Preffered_Velocity_Prediction/install/smrr_interfaces/share/smrr_interfaces/msg/Buffer.idl
[7.634s] -- Up-to-date symlink: /home/ishara/fyp/Human_Preffered_Velocity_Prediction/install/smrr_interfaces/share/smrr_interfaces/msg/Entities.msg
[7.635s] -- Up-to-date symlink: /home/ishara/fyp/Human_Preffered_Velocity_Prediction/install/smrr_interfaces/share/smrr_interfaces/msg/VelocityClassData.msg
[7.635s] -- Symlinking: /home/ishara/fyp/Human_Preffered_Velocity_Prediction/install/smrr_interfaces/share/smrr_interfaces/msg/Buffer.msg
[7.647s] -- Up-to-date symlink: /home/ishara/fyp/Human_Preffered_Velocity_Prediction/install/smrr_interfaces/share/ament_index/resource_index/package_run_dependencies/smrr_interfaces
[7.647s] -- Up-to-date symlink: /home/ishara/fyp/Human_Preffered_Velocity_Prediction/install/smrr_interfaces/share/ament_index/resource_index/parent_prefix_path/smrr_interfaces
[7.647s] -- Up-to-date symlink: /home/ishara/fyp/Human_Preffered_Velocity_Prediction/install/smrr_interfaces/share/smrr_interfaces/environment/ament_prefix_path.sh
[7.647s] -- Up-to-date symlink: /home/ishara/fyp/Human_Preffered_Velocity_Prediction/install/smrr_interfaces/share/smrr_interfaces/environment/ament_prefix_path.dsv
[7.647s] -- Up-to-date symlink: /home/ishara/fyp/Human_Preffered_Velocity_Prediction/install/smrr_interfaces/share/smrr_interfaces/environment/path.sh
[7.648s] -- Up-to-date symlink: /home/ishara/fyp/Human_Preffered_Velocity_Prediction/install/smrr_interfaces/share/smrr_interfaces/environment/path.dsv
[7.648s] -- Up-to-date symlink: /home/ishara/fyp/Human_Preffered_Velocity_Prediction/install/smrr_interfaces/share/smrr_interfaces/local_setup.bash
[7.648s] -- Up-to-date symlink: /home/ishara/fyp/Human_Preffered_Velocity_Prediction/install/smrr_interfaces/share/smrr_interfaces/local_setup.sh
[7.648s] -- Up-to-date symlink: /home/ishara/fyp/Human_Preffered_Velocity_Prediction/install/smrr_interfaces/share/smrr_interfaces/local_setup.zsh
[7.648s] -- Up-to-date symlink: /home/ishara/fyp/Human_Preffered_Velocity_Prediction/install/smrr_interfaces/share/smrr_interfaces/local_setup.dsv
[7.648s] -- Symlinking: /home/ishara/fyp/Human_Preffered_Velocity_Prediction/install/smrr_interfaces/share/smrr_interfaces/package.dsv
[7.661s] -- Up-to-date symlink: /home/ishara/fyp/Human_Preffered_Velocity_Prediction/install/smrr_interfaces/share/ament_index/resource_index/packages/smrr_interfaces
[7.662s] -- Up-to-date symlink: /home/ishara/fyp/Human_Preffered_Velocity_Prediction/install/smrr_interfaces/share/smrr_interfaces/cmake/rosidl_cmake-extras.cmake
[7.662s] -- Up-to-date symlink: /home/ishara/fyp/Human_Preffered_Velocity_Prediction/install/smrr_interfaces/share/smrr_interfaces/cmake/ament_cmake_export_dependencies-extras.cmake
[7.662s] -- Up-to-date symlink: /home/ishara/fyp/Human_Preffered_Velocity_Prediction/install/smrr_interfaces/share/smrr_interfaces/cmake/ament_cmake_export_include_directories-extras.cmake
[7.662s] -- Up-to-date symlink: /home/ishara/fyp/Human_Preffered_Velocity_Prediction/install/smrr_interfaces/share/smrr_interfaces/cmake/ament_cmake_export_libraries-extras.cmake
[7.663s] -- Up-to-date symlink: /home/ishara/fyp/Human_Preffered_Velocity_Prediction/install/smrr_interfaces/share/smrr_interfaces/cmake/ament_cmake_export_targets-extras.cmake
[7.663s] -- Up-to-date symlink: /home/ishara/fyp/Human_Preffered_Velocity_Prediction/install/smrr_interfaces/share/smrr_interfaces/cmake/rosidl_cmake_export_typesupport_targets-extras.cmake
[7.663s] -- Up-to-date symlink: /home/ishara/fyp/Human_Preffered_Velocity_Prediction/install/smrr_interfaces/share/smrr_interfaces/cmake/rosidl_cmake_export_typesupport_libraries-extras.cmake
[7.664s] -- Up-to-date symlink: /home/ishara/fyp/Human_Preffered_Velocity_Prediction/install/smrr_interfaces/share/smrr_interfaces/cmake/smrr_interfacesConfig.cmake
[7.664s] -- Up-to-date symlink: /home/ishara/fyp/Human_Preffered_Velocity_Prediction/install/smrr_interfaces/share/smrr_interfaces/cmake/smrr_interfacesConfig-version.cmake
[7.664s] -- Up-to-date symlink: /home/ishara/fyp/Human_Preffered_Velocity_Prediction/install/smrr_interfaces/share/smrr_interfaces/package.xml
[7.665s] -- Installing: /home/ishara/fyp/Human_Preffered_Velocity_Prediction/install/smrr_interfaces/lib/libsmrr_interfaces__rosidl_generator_c.so
[7.665s] -- Set runtime path of "/home/ishara/fyp/Human_Preffered_Velocity_Prediction/install/smrr_interfaces/lib/libsmrr_interfaces__rosidl_generator_c.so" to ""
[7.666s] -- Installing: /home/ishara/fyp/Human_Preffered_Velocity_Prediction/install/smrr_interfaces/lib/libsmrr_interfaces__rosidl_typesupport_fastrtps_c.so
[7.666s] -- Set runtime path of "/home/ishara/fyp/Human_Preffered_Velocity_Prediction/install/smrr_interfaces/lib/libsmrr_interfaces__rosidl_typesupport_fastrtps_c.so" to ""
[7.667s] -- Installing: /home/ishara/fyp/Human_Preffered_Velocity_Prediction/install/smrr_interfaces/lib/libsmrr_interfaces__rosidl_typesupport_fastrtps_cpp.so
[7.668s] -- Set runtime path of "/home/ishara/fyp/Human_Preffered_Velocity_Prediction/install/smrr_interfaces/lib/libsmrr_interfaces__rosidl_typesupport_fastrtps_cpp.so" to ""
[7.668s] -- Installing: /home/ishara/fyp/Human_Preffered_Velocity_Prediction/install/smrr_interfaces/lib/libsmrr_interfaces__rosidl_typesupport_introspection_c.so
[7.668s] -- Set runtime path of "/home/ishara/fyp/Human_Preffered_Velocity_Prediction/install/smrr_interfaces/lib/libsmrr_interfaces__rosidl_typesupport_introspection_c.so" to ""
[7.669s] -- Installing: /home/ishara/fyp/Human_Preffered_Velocity_Prediction/install/smrr_interfaces/lib/libsmrr_interfaces__rosidl_typesupport_c.so
[7.670s] -- Set runtime path of "/home/ishara/fyp/Human_Preffered_Velocity_Prediction/install/smrr_interfaces/lib/libsmrr_interfaces__rosidl_typesupport_c.so" to ""
[7.670s] -- Installing: /home/ishara/fyp/Human_Preffered_Velocity_Prediction/install/smrr_interfaces/lib/libsmrr_interfaces__rosidl_typesupport_introspection_cpp.so
[7.670s] -- Set runtime path of "/home/ishara/fyp/Human_Preffered_Velocity_Prediction/install/smrr_interfaces/lib/libsmrr_interfaces__rosidl_typesupport_introspection_cpp.so" to ""
[7.671s] -- Installing: /home/ishara/fyp/Human_Preffered_Velocity_Prediction/install/smrr_interfaces/lib/libsmrr_interfaces__rosidl_typesupport_cpp.so
[7.671s] -- Set runtime path of "/home/ishara/fyp/Human_Preffered_Velocity_Prediction/install/smrr_interfaces/lib/libsmrr_interfaces__rosidl_typesupport_cpp.so" to ""
[7.732s] Listing '/home/ishara/fyp/Human_Preffered_Velocity_Prediction/install/smrr_interfaces/local/lib/python3.10/dist-packages/smrr_interfaces'...
[7.732s] Compiling '/home/ishara/fyp/Human_Preffered_Velocity_Prediction/install/smrr_interfaces/local/lib/python3.10/dist-packages/smrr_interfaces/__init__.py'...
[7.732s] Listing '/home/ishara/fyp/Human_Preffered_Velocity_Prediction/install/smrr_interfaces/local/lib/python3.10/dist-packages/smrr_interfaces/msg'...
[7.735s] Compiling '/home/ishara/fyp/Human_Preffered_Velocity_Prediction/install/smrr_interfaces/local/lib/python3.10/dist-packages/smrr_interfaces/msg/__init__.py'...
[7.735s] Compiling '/home/ishara/fyp/Human_Preffered_Velocity_Prediction/install/smrr_interfaces/local/lib/python3.10/dist-packages/smrr_interfaces/msg/_buffer.py'...
[7.735s] Compiling '/home/ishara/fyp/Human_Preffered_Velocity_Prediction/install/smrr_interfaces/local/lib/python3.10/dist-packages/smrr_interfaces/msg/_entities.py'...
[7.735s] Compiling '/home/ishara/fyp/Human_Preffered_Velocity_Prediction/install/smrr_interfaces/local/lib/python3.10/dist-packages/smrr_interfaces/msg/_velocity_class_data.py'...
[7.743s] -- Installing: /home/ishara/fyp/Human_Preffered_Velocity_Prediction/install/smrr_interfaces/lib/libsmrr_interfaces__rosidl_generator_py.so
[7.743s] -- Set runtime path of "/home/ishara/fyp/Human_Preffered_Velocity_Prediction/install/smrr_interfaces/lib/libsmrr_interfaces__rosidl_generator_py.so" to ""
[7.744s] -- Up-to-date: /home/ishara/fyp/Human_Preffered_Velocity_Prediction/install/smrr_interfaces/share/smrr_interfaces/cmake/export_smrr_interfaces__rosidl_generator_cExport.cmake
[7.744s] -- Up-to-date: /home/ishara/fyp/Human_Preffered_Velocity_Prediction/install/smrr_interfaces/share/smrr_interfaces/cmake/export_smrr_interfaces__rosidl_generator_cExport-noconfig.cmake
[7.744s] -- Up-to-date: /home/ishara/fyp/Human_Preffered_Velocity_Prediction/install/smrr_interfaces/share/smrr_interfaces/cmake/export_smrr_interfaces__rosidl_typesupport_fastrtps_cExport.cmake
[7.744s] -- Up-to-date: /home/ishara/fyp/Human_Preffered_Velocity_Prediction/install/smrr_interfaces/share/smrr_interfaces/cmake/export_smrr_interfaces__rosidl_typesupport_fastrtps_cExport-noconfig.cmake
[7.744s] -- Up-to-date: /home/ishara/fyp/Human_Preffered_Velocity_Prediction/install/smrr_interfaces/share/smrr_interfaces/cmake/export_smrr_interfaces__rosidl_generator_cppExport.cmake
[7.745s] -- Up-to-date: /home/ishara/fyp/Human_Preffered_Velocity_Prediction/install/smrr_interfaces/share/smrr_interfaces/cmake/export_smrr_interfaces__rosidl_typesupport_fastrtps_cppExport.cmake
[7.745s] -- Up-to-date: /home/ishara/fyp/Human_Preffered_Velocity_Prediction/install/smrr_interfaces/share/smrr_interfaces/cmake/export_smrr_interfaces__rosidl_typesupport_fastrtps_cppExport-noconfig.cmake
[7.745s] -- Up-to-date: /home/ishara/fyp/Human_Preffered_Velocity_Prediction/install/smrr_interfaces/share/smrr_interfaces/cmake/smrr_interfaces__rosidl_typesupport_introspection_cExport.cmake
[7.745s] -- Up-to-date: /home/ishara/fyp/Human_Preffered_Velocity_Prediction/install/smrr_interfaces/share/smrr_interfaces/cmake/smrr_interfaces__rosidl_typesupport_introspection_cExport-noconfig.cmake
[7.745s] -- Up-to-date: /home/ishara/fyp/Human_Preffered_Velocity_Prediction/install/smrr_interfaces/share/smrr_interfaces/cmake/smrr_interfaces__rosidl_typesupport_cExport.cmake
[7.745s] -- Up-to-date: /home/ishara/fyp/Human_Preffered_Velocity_Prediction/install/smrr_interfaces/share/smrr_interfaces/cmake/smrr_interfaces__rosidl_typesupport_cExport-noconfig.cmake
[7.745s] -- Up-to-date: /home/ishara/fyp/Human_Preffered_Velocity_Prediction/install/smrr_interfaces/share/smrr_interfaces/cmake/smrr_interfaces__rosidl_typesupport_introspection_cppExport.cmake
[7.745s] -- Up-to-date: /home/ishara/fyp/Human_Preffered_Velocity_Prediction/install/smrr_interfaces/share/smrr_interfaces/cmake/smrr_interfaces__rosidl_typesupport_introspection_cppExport-noconfig.cmake
[7.745s] -- Up-to-date: /home/ishara/fyp/Human_Preffered_Velocity_Prediction/install/smrr_interfaces/share/smrr_interfaces/cmake/smrr_interfaces__rosidl_typesupport_cppExport.cmake
[7.745s] -- Up-to-date: /home/ishara/fyp/Human_Preffered_Velocity_Prediction/install/smrr_interfaces/share/smrr_interfaces/cmake/smrr_interfaces__rosidl_typesupport_cppExport-noconfig.cmake
[7.747s] -- Up-to-date: /home/ishara/fyp/Human_Preffered_Velocity_Prediction/install/smrr_interfaces/share/smrr_interfaces/cmake/export_smrr_interfaces__rosidl_generator_pyExport.cmake
[7.747s] -- Up-to-date: /home/ishara/fyp/Human_Preffered_Velocity_Prediction/install/smrr_interfaces/share/smrr_interfaces/cmake/export_smrr_interfaces__rosidl_generator_pyExport-noconfig.cmake
[7.749s] Invoked command in '/home/ishara/fyp/Human_Preffered_Velocity_Prediction/build/smrr_interfaces' returned '0': CMAKE_PREFIX_PATH=${CMAKE_PREFIX_PATH}:/home/ishara/fyp/Human_Preffered_Velocity_Prediction/install/human_data_buffer:/home/ishara/fyp/Human_Preffered_Velocity_Prediction/install/preffered_velocity_prediction:/home/ishara/ros2_ws/install/my_robot_controller:/opt/ros/humble /usr/bin/cmake --install /home/ishara/fyp/Human_Preffered_Velocity_Prediction/build/smrr_interfaces
