[0.803s] Invoking command in '/home/ishara/fyp/Human_Preffered_Velocity_Prediction/build/smrr_interfaces': CMAKE_PREFIX_PATH=${CMAKE_PREFIX_PATH}:/home/ishara/fyp/Human_Preffered_Velocity_Prediction/install/preffered_velocity_prediction:/home/ishara/fyp/Human_Preffered_Velocity_Prediction/install/human_data_buffer:/home/ishara/ros2_ws/install/my_robot_controller:/opt/ros/humble /usr/bin/cmake --build /home/ishara/fyp/Human_Preffered_Velocity_Prediction/build/smrr_interfaces -- -j6 -l6
[0.955s] -- Found ament_cmake: 1.3.10 (/opt/ros/humble/share/ament_cmake/cmake)
[1.090s] -- Override CMake install command with custom implementation using symlinks instead of copying resources
[1.148s] -- Found std_msgs: 4.2.4 (/opt/ros/humble/share/std_msgs/cmake)
[1.190s] -- Found rosidl_generator_c: 3.1.5 (/opt/ros/humble/share/rosidl_generator_c/cmake)
[1.192s] -- Found rosidl_adapter: 3.1.5 (/opt/ros/humble/share/rosidl_adapter/cmake)
[1.197s] -- Found rosidl_generator_cpp: 3.1.5 (/opt/ros/humble/share/rosidl_generator_cpp/cmake)
[1.205s] -- Using all available rosidl_typesupport_c: rosidl_typesupport_fastrtps_c;rosidl_typesupport_introspection_c
[1.216s] -- Using all available rosidl_typesupport_cpp: rosidl_typesupport_fastrtps_cpp;rosidl_typesupport_introspection_cpp
[1.235s] -- Found geometry_msgs: 4.2.4 (/opt/ros/humble/share/geometry_msgs/cmake)
[1.245s] -- Found rosidl_default_generators: 1.2.0 (/opt/ros/humble/share/rosidl_default_generators/cmake)
[1.251s] -- Found ament_lint_auto: 0.12.11 (/opt/ros/humble/share/ament_lint_auto/cmake)
[1.701s] -- Found ament_cmake_ros: 0.10.0 (/opt/ros/humble/share/ament_cmake_ros/cmake)
[2.157s] -- Using all available rosidl_typesupport_c: rosidl_typesupport_fastrtps_c;rosidl_typesupport_introspection_c
[2.326s] -- Using all available rosidl_typesupport_cpp: rosidl_typesupport_fastrtps_cpp;rosidl_typesupport_introspection_cpp
[2.352s] -- Found python_cmake_module: 0.10.0 (/opt/ros/humble/share/python_cmake_module/cmake)
[2.380s] -- Using PYTHON_EXECUTABLE: /usr/bin/python3
[2.380s] -- Using PYTHON_INCLUDE_DIRS: /usr/include/python3.10
[2.380s] -- Using PYTHON_LIBRARIES: /usr/lib/x86_64-linux-gnu/libpython3.10.so
[2.526s] -- Added test 'cppcheck' to perform static code analysis on C / C++ code
[2.527s] -- Configured cppcheck include dirs: 
[2.527s] -- Configured cppcheck exclude dirs and/or files: 
[2.530s] -- Added test 'flake8' to check Python code syntax and style conventions
[2.533s] -- Added test 'lint_cmake' to check CMake code style
[2.535s] -- Added test 'pep257' to check Python code against some of the docstring style conventions in PEP 257
[2.548s] -- Added test 'uncrustify' to check C / C++ code style
[2.548s] -- Configured uncrustify additional arguments: 
[2.550s] -- Added test 'xmllint' to check XML markup files
[2.567s] -- Configuring done
[2.713s] -- Generating done
[2.719s] -- Build files have been written to: /home/ishara/fyp/Human_Preffered_Velocity_Prediction/build/smrr_interfaces
[2.757s] [  1%] [34m[1mGenerating C code for ROS interfaces[0m
[2.780s] [  1%] Built target ament_cmake_python_symlink_smrr_interfaces
[2.783s] [  2%] [34m[1mGenerating C++ code for ROS interfaces[0m
[3.008s] running egg_info
[3.009s] writing smrr_interfaces.egg-info/PKG-INFO
[3.009s] writing dependency_links to smrr_interfaces.egg-info/dependency_links.txt
[3.009s] writing top-level names to smrr_interfaces.egg-info/top_level.txt
[3.011s] reading manifest file 'smrr_interfaces.egg-info/SOURCES.txt'
[3.033s] writing manifest file 'smrr_interfaces.egg-info/SOURCES.txt'
[3.064s] [  2%] Built target ament_cmake_python_build_smrr_interfaces_egg
[3.360s] [  2%] Built target smrr_interfaces__cpp
[3.374s] [  5%] [34m[1mGenerating C++ type support dispatch for ROS interfaces[0m
[3.374s] [  5%] [34m[1mGenerating C++ introspection for ROS interfaces[0m
[3.374s] [  6%] [34m[1mGenerating C++ type support for eProsima Fast-RTPS[0m
[3.549s] [35m[1mConsolidate compiler generated dependencies of target smrr_interfaces__rosidl_generator_c[0m
[3.576s] [  8%] [32mBuilding C object CMakeFiles/smrr_interfaces__rosidl_generator_c.dir/rosidl_generator_c/smrr_interfaces/msg/detail/velocity_class_data__functions.c.o[0m
[3.577s] [  8%] [32mBuilding C object CMakeFiles/smrr_interfaces__rosidl_generator_c.dir/rosidl_generator_c/smrr_interfaces/msg/detail/entities__functions.c.o[0m
[3.584s] [ 10%] [32mBuilding C object CMakeFiles/smrr_interfaces__rosidl_generator_c.dir/rosidl_generator_c/smrr_interfaces/msg/detail/buffer__functions.c.o[0m
[4.039s] [35m[1mConsolidate compiler generated dependencies of target smrr_interfaces__rosidl_typesupport_cpp[0m
[4.053s] [ 11%] [32mBuilding CXX object CMakeFiles/smrr_interfaces__rosidl_typesupport_cpp.dir/rosidl_typesupport_cpp/smrr_interfaces/msg/entities__type_support.cpp.o[0m
[4.095s] [35m[1mConsolidate compiler generated dependencies of target smrr_interfaces__rosidl_typesupport_introspection_cpp[0m
[4.103s] [35m[1mConsolidate compiler generated dependencies of target smrr_interfaces__rosidl_typesupport_fastrtps_cpp[0m
[4.122s] [ 12%] [32mBuilding CXX object CMakeFiles/smrr_interfaces__rosidl_typesupport_introspection_cpp.dir/rosidl_typesupport_introspection_cpp/smrr_interfaces/msg/detail/entities__type_support.cpp.o[0m
[4.125s] [ 13%] [32mBuilding CXX object CMakeFiles/smrr_interfaces__rosidl_typesupport_fastrtps_cpp.dir/rosidl_typesupport_fastrtps_cpp/smrr_interfaces/msg/detail/dds_fastrtps/entities__type_support.cpp.o[0m
[4.712s] [ 15%] [32mBuilding C object CMakeFiles/smrr_interfaces__rosidl_generator_c.dir/rosidl_generator_c/smrr_interfaces/msg/detail/pref_velocity__functions.c.o[0m
[4.714s] [ 16%] [32mBuilding C object CMakeFiles/smrr_interfaces__rosidl_generator_c.dir/rosidl_generator_c/smrr_interfaces/msg/detail/data_element_float__functions.c.o[0m
[4.730s] [ 17%] [32mBuilding C object CMakeFiles/smrr_interfaces__rosidl_generator_c.dir/rosidl_generator_c/smrr_interfaces/msg/detail/data_element_string__functions.c.o[0m
[4.764s] [ 20%] [32mBuilding CXX object CMakeFiles/smrr_interfaces__rosidl_typesupport_fastrtps_cpp.dir/rosidl_typesupport_fastrtps_cpp/smrr_interfaces/msg/detail/dds_fastrtps/velocity_class_data__type_support.cpp.o[0m
[4.765s] [ 20%] [32mBuilding C object CMakeFiles/smrr_interfaces__rosidl_generator_c.dir/rosidl_generator_c/smrr_interfaces/msg/detail/data_element_int__functions.c.o[0m
[4.790s] [ 21%] [32mBuilding CXX object CMakeFiles/smrr_interfaces__rosidl_typesupport_fastrtps_cpp.dir/rosidl_typesupport_fastrtps_cpp/smrr_interfaces/msg/detail/dds_fastrtps/buffer__type_support.cpp.o[0m
[4.813s] [ 22%] [32m[1mLinking C shared library libsmrr_interfaces__rosidl_generator_c.so[0m
[4.968s] [ 22%] Built target smrr_interfaces__rosidl_generator_c
[4.976s] [ 24%] [32mBuilding CXX object CMakeFiles/smrr_interfaces__rosidl_typesupport_cpp.dir/rosidl_typesupport_cpp/smrr_interfaces/msg/velocity_class_data__type_support.cpp.o[0m
[5.363s] [ 25%] [32mBuilding CXX object CMakeFiles/smrr_interfaces__rosidl_typesupport_introspection_cpp.dir/rosidl_typesupport_introspection_cpp/smrr_interfaces/msg/detail/velocity_class_data__type_support.cpp.o[0m
[5.374s] [ 26%] [32mBuilding CXX object CMakeFiles/smrr_interfaces__rosidl_typesupport_cpp.dir/rosidl_typesupport_cpp/smrr_interfaces/msg/buffer__type_support.cpp.o[0m
[5.598s] [ 27%] [32mBuilding CXX object CMakeFiles/smrr_interfaces__rosidl_typesupport_fastrtps_cpp.dir/rosidl_typesupport_fastrtps_cpp/smrr_interfaces/msg/detail/dds_fastrtps/pref_velocity__type_support.cpp.o[0m
[5.619s] [ 29%] [32mBuilding CXX object CMakeFiles/smrr_interfaces__rosidl_typesupport_fastrtps_cpp.dir/rosidl_typesupport_fastrtps_cpp/smrr_interfaces/msg/detail/dds_fastrtps/data_element_float__type_support.cpp.o[0m
[5.622s] [ 30%] [32mBuilding CXX object CMakeFiles/smrr_interfaces__rosidl_typesupport_cpp.dir/rosidl_typesupport_cpp/smrr_interfaces/msg/pref_velocity__type_support.cpp.o[0m
[5.632s] [ 31%] [32mBuilding CXX object CMakeFiles/smrr_interfaces__rosidl_typesupport_cpp.dir/rosidl_typesupport_cpp/smrr_interfaces/msg/data_element_float__type_support.cpp.o[0m
[5.651s] [ 32%] [34m[1mGenerating C type support for eProsima Fast-RTPS[0m
[5.800s] [ 34%] [32mBuilding CXX object CMakeFiles/smrr_interfaces__rosidl_typesupport_introspection_cpp.dir/rosidl_typesupport_introspection_cpp/smrr_interfaces/msg/detail/buffer__type_support.cpp.o[0m
[5.863s] [ 35%] [34m[1mGenerating C introspection for ROS interfaces[0m
[5.877s] [ 36%] [32mBuilding CXX object CMakeFiles/smrr_interfaces__rosidl_typesupport_cpp.dir/rosidl_typesupport_cpp/smrr_interfaces/msg/data_element_string__type_support.cpp.o[0m
[6.107s] [ 37%] [32mBuilding CXX object CMakeFiles/smrr_interfaces__rosidl_typesupport_cpp.dir/rosidl_typesupport_cpp/smrr_interfaces/msg/data_element_int__type_support.cpp.o[0m
[6.108s] [ 39%] [32mBuilding CXX object CMakeFiles/smrr_interfaces__rosidl_typesupport_fastrtps_cpp.dir/rosidl_typesupport_fastrtps_cpp/smrr_interfaces/msg/detail/dds_fastrtps/data_element_string__type_support.cpp.o[0m
[6.154s] [ 40%] [34m[1mGenerating C type support dispatch for ROS interfaces[0m
[6.265s] [ 41%] [32mBuilding CXX object CMakeFiles/smrr_interfaces__rosidl_typesupport_introspection_cpp.dir/rosidl_typesupport_introspection_cpp/smrr_interfaces/msg/detail/pref_velocity__type_support.cpp.o[0m
[6.344s] [35m[1mConsolidate compiler generated dependencies of target smrr_interfaces__rosidl_typesupport_fastrtps_c[0m
[6.344s] [ 43%] [32m[1mLinking CXX shared library libsmrr_interfaces__rosidl_typesupport_cpp.so[0m
[6.361s] [ 44%] [32mBuilding CXX object CMakeFiles/smrr_interfaces__rosidl_typesupport_fastrtps_c.dir/rosidl_typesupport_fastrtps_c/smrr_interfaces/msg/detail/entities__type_support_c.cpp.o[0m
[6.428s] [ 44%] Built target smrr_interfaces__rosidl_typesupport_cpp
[6.439s] [ 45%] [32mBuilding CXX object CMakeFiles/smrr_interfaces__rosidl_typesupport_introspection_cpp.dir/rosidl_typesupport_introspection_cpp/smrr_interfaces/msg/detail/data_element_float__type_support.cpp.o[0m
[6.525s] [35m[1mConsolidate compiler generated dependencies of target smrr_interfaces__rosidl_typesupport_introspection_c[0m
[6.539s] [ 46%] [32mBuilding C object CMakeFiles/smrr_interfaces__rosidl_typesupport_introspection_c.dir/rosidl_typesupport_introspection_c/smrr_interfaces/msg/detail/entities__type_support.c.o[0m
[6.555s] [ 48%] [32mBuilding CXX object CMakeFiles/smrr_interfaces__rosidl_typesupport_fastrtps_cpp.dir/rosidl_typesupport_fastrtps_cpp/smrr_interfaces/msg/detail/dds_fastrtps/data_element_int__type_support.cpp.o[0m
[6.627s] [ 49%] [32mBuilding C object CMakeFiles/smrr_interfaces__rosidl_typesupport_introspection_c.dir/rosidl_typesupport_introspection_c/smrr_interfaces/msg/detail/velocity_class_data__type_support.c.o[0m
[6.703s] [35m[1mConsolidate compiler generated dependencies of target smrr_interfaces__rosidl_typesupport_c[0m
[6.703s] [ 50%] [32mBuilding C object CMakeFiles/smrr_interfaces__rosidl_typesupport_introspection_c.dir/rosidl_typesupport_introspection_c/smrr_interfaces/msg/detail/buffer__type_support.c.o[0m
[6.721s] [ 51%] [32mBuilding CXX object CMakeFiles/smrr_interfaces__rosidl_typesupport_c.dir/rosidl_typesupport_c/smrr_interfaces/msg/entities__type_support.cpp.o[0m
[6.730s] [ 53%] [32mBuilding CXX object CMakeFiles/smrr_interfaces__rosidl_typesupport_fastrtps_c.dir/rosidl_typesupport_fastrtps_c/smrr_interfaces/msg/detail/velocity_class_data__type_support_c.cpp.o[0m
[6.738s] [ 54%] [32mBuilding CXX object CMakeFiles/smrr_interfaces__rosidl_typesupport_c.dir/rosidl_typesupport_c/smrr_interfaces/msg/velocity_class_data__type_support.cpp.o[0m
[6.759s] [ 55%] [32mBuilding C object CMakeFiles/smrr_interfaces__rosidl_typesupport_introspection_c.dir/rosidl_typesupport_introspection_c/smrr_interfaces/msg/detail/pref_velocity__type_support.c.o[0m
[6.770s] [ 56%] [32mBuilding C object CMakeFiles/smrr_interfaces__rosidl_typesupport_introspection_c.dir/rosidl_typesupport_introspection_c/smrr_interfaces/msg/detail/data_element_float__type_support.c.o[0m
[6.773s] [ 58%] [32mBuilding CXX object CMakeFiles/smrr_interfaces__rosidl_typesupport_c.dir/rosidl_typesupport_c/smrr_interfaces/msg/buffer__type_support.cpp.o[0m
[6.817s] [ 59%] [32mBuilding CXX object CMakeFiles/smrr_interfaces__rosidl_typesupport_c.dir/rosidl_typesupport_c/smrr_interfaces/msg/pref_velocity__type_support.cpp.o[0m
[6.819s] [ 60%] [32mBuilding C object CMakeFiles/smrr_interfaces__rosidl_typesupport_introspection_c.dir/rosidl_typesupport_introspection_c/smrr_interfaces/msg/detail/data_element_string__type_support.c.o[0m
[6.824s] [ 62%] [32mBuilding CXX object CMakeFiles/smrr_interfaces__rosidl_typesupport_fastrtps_c.dir/rosidl_typesupport_fastrtps_c/smrr_interfaces/msg/detail/buffer__type_support_c.cpp.o[0m
[6.858s] [ 63%] [32mBuilding CXX object CMakeFiles/smrr_interfaces__rosidl_typesupport_c.dir/rosidl_typesupport_c/smrr_interfaces/msg/data_element_float__type_support.cpp.o[0m
[6.858s] [ 64%] [32mBuilding C object CMakeFiles/smrr_interfaces__rosidl_typesupport_introspection_c.dir/rosidl_typesupport_introspection_c/smrr_interfaces/msg/detail/data_element_int__type_support.c.o[0m
[6.892s] [ 65%] [32mBuilding CXX object CMakeFiles/smrr_interfaces__rosidl_typesupport_c.dir/rosidl_typesupport_c/smrr_interfaces/msg/data_element_string__type_support.cpp.o[0m
[6.904s] [ 67%] [32m[1mLinking C shared library libsmrr_interfaces__rosidl_typesupport_introspection_c.so[0m
[6.910s] [ 68%] [32mBuilding CXX object CMakeFiles/smrr_interfaces__rosidl_typesupport_introspection_cpp.dir/rosidl_typesupport_introspection_cpp/smrr_interfaces/msg/detail/data_element_string__type_support.cpp.o[0m
[6.926s] [ 69%] [32mBuilding CXX object CMakeFiles/smrr_interfaces__rosidl_typesupport_c.dir/rosidl_typesupport_c/smrr_interfaces/msg/data_element_int__type_support.cpp.o[0m
[6.955s] [ 69%] Built target smrr_interfaces__rosidl_typesupport_introspection_c
[6.958s] [ 70%] [32m[1mLinking CXX shared library libsmrr_interfaces__rosidl_typesupport_c.so[0m
[6.965s] [ 72%] [32mBuilding CXX object CMakeFiles/smrr_interfaces__rosidl_typesupport_fastrtps_c.dir/rosidl_typesupport_fastrtps_c/smrr_interfaces/msg/detail/pref_velocity__type_support_c.cpp.o[0m
[7.006s] [ 72%] Built target smrr_interfaces__rosidl_typesupport_c
[7.018s] [ 73%] [32mBuilding CXX object CMakeFiles/smrr_interfaces__rosidl_typesupport_introspection_cpp.dir/rosidl_typesupport_introspection_cpp/smrr_interfaces/msg/detail/data_element_int__type_support.cpp.o[0m
[7.039s] [ 74%] [32m[1mLinking CXX shared library libsmrr_interfaces__rosidl_typesupport_fastrtps_cpp.so[0m
[7.087s] [ 75%] [32mBuilding CXX object CMakeFiles/smrr_interfaces__rosidl_typesupport_fastrtps_c.dir/rosidl_typesupport_fastrtps_c/smrr_interfaces/msg/detail/data_element_float__type_support_c.cpp.o[0m
[7.206s] [ 77%] [32mBuilding CXX object CMakeFiles/smrr_interfaces__rosidl_typesupport_fastrtps_c.dir/rosidl_typesupport_fastrtps_c/smrr_interfaces/msg/detail/data_element_string__type_support_c.cpp.o[0m
[7.259s] [ 77%] Built target smrr_interfaces__rosidl_typesupport_fastrtps_cpp
[7.269s] [ 78%] [32mBuilding CXX object CMakeFiles/smrr_interfaces__rosidl_typesupport_fastrtps_c.dir/rosidl_typesupport_fastrtps_c/smrr_interfaces/msg/detail/data_element_int__type_support_c.cpp.o[0m
[7.433s] [ 79%] [32m[1mLinking CXX shared library libsmrr_interfaces__rosidl_typesupport_introspection_cpp.so[0m
[7.541s] [ 81%] [32m[1mLinking CXX shared library libsmrr_interfaces__rosidl_typesupport_fastrtps_c.so[0m
[7.561s] [ 81%] Built target smrr_interfaces__rosidl_typesupport_introspection_cpp
[7.677s] [ 81%] Built target smrr_interfaces__rosidl_typesupport_fastrtps_c
[7.699s] [ 81%] Built target smrr_interfaces
[7.720s] [ 82%] [34m[1mGenerating Python code for ROS interfaces[0m
[8.563s] [ 82%] Built target smrr_interfaces__py
[8.625s] [35m[1mConsolidate compiler generated dependencies of target smrr_interfaces__rosidl_generator_py[0m
[8.648s] [ 86%] [32mBuilding C object CMakeFiles/smrr_interfaces__rosidl_generator_py.dir/rosidl_generator_py/smrr_interfaces/msg/_velocity_class_data_s.c.o[0m
[8.649s] [ 86%] [32mBuilding C object CMakeFiles/smrr_interfaces__rosidl_generator_py.dir/rosidl_generator_py/smrr_interfaces/msg/_pref_velocity_s.c.o[0m
[8.649s] [ 86%] [32mBuilding C object CMakeFiles/smrr_interfaces__rosidl_generator_py.dir/rosidl_generator_py/smrr_interfaces/msg/_data_element_float_s.c.o[0m
[8.649s] [ 87%] [32mBuilding C object CMakeFiles/smrr_interfaces__rosidl_generator_py.dir/rosidl_generator_py/smrr_interfaces/msg/_data_element_string_s.c.o[0m
[8.649s] [ 88%] [32mBuilding C object CMakeFiles/smrr_interfaces__rosidl_generator_py.dir/rosidl_generator_py/smrr_interfaces/msg/_entities_s.c.o[0m
[8.651s] [ 89%] [32mBuilding C object CMakeFiles/smrr_interfaces__rosidl_generator_py.dir/rosidl_generator_py/smrr_interfaces/msg/_buffer_s.c.o[0m
[9.003s] [ 91%] [32mBuilding C object CMakeFiles/smrr_interfaces__rosidl_generator_py.dir/rosidl_generator_py/smrr_interfaces/msg/_data_element_int_s.c.o[0m
[9.107s] [ 92%] [32m[1mLinking C shared library rosidl_generator_py/smrr_interfaces/libsmrr_interfaces__rosidl_generator_py.so[0m
[9.179s] [ 92%] Built target smrr_interfaces__rosidl_generator_py
[9.191s] [35m[1mConsolidate compiler generated dependencies of target smrr_interfaces__rosidl_typesupport_c__pyext[0m
[9.202s] [35m[1mConsolidate compiler generated dependencies of target smrr_interfaces__rosidl_typesupport_introspection_c__pyext[0m
[9.204s] [ 93%] [32mBuilding C object CMakeFiles/smrr_interfaces__rosidl_typesupport_c__pyext.dir/rosidl_generator_py/smrr_interfaces/_smrr_interfaces_s.ep.rosidl_typesupport_c.c.o[0m
[9.208s] [35m[1mConsolidate compiler generated dependencies of target smrr_interfaces__rosidl_typesupport_fastrtps_c__pyext[0m
[9.216s] [ 94%] [32mBuilding C object CMakeFiles/smrr_interfaces__rosidl_typesupport_introspection_c__pyext.dir/rosidl_generator_py/smrr_interfaces/_smrr_interfaces_s.ep.rosidl_typesupport_introspection_c.c.o[0m
[9.221s] [ 96%] [32mBuilding C object CMakeFiles/smrr_interfaces__rosidl_typesupport_fastrtps_c__pyext.dir/rosidl_generator_py/smrr_interfaces/_smrr_interfaces_s.ep.rosidl_typesupport_fastrtps_c.c.o[0m
[9.305s] [ 97%] [32m[1mLinking C shared library rosidl_generator_py/smrr_interfaces/smrr_interfaces_s__rosidl_typesupport_c.cpython-310-x86_64-linux-gnu.so[0m
[9.315s] [ 98%] [32m[1mLinking C shared library rosidl_generator_py/smrr_interfaces/smrr_interfaces_s__rosidl_typesupport_introspection_c.cpython-310-x86_64-linux-gnu.so[0m
[9.323s] [100%] [32m[1mLinking C shared library rosidl_generator_py/smrr_interfaces/smrr_interfaces_s__rosidl_typesupport_fastrtps_c.cpython-310-x86_64-linux-gnu.so[0m
[9.345s] [100%] Built target smrr_interfaces__rosidl_typesupport_c__pyext
[9.357s] [100%] Built target smrr_interfaces__rosidl_typesupport_introspection_c__pyext
[9.361s] [100%] Built target smrr_interfaces__rosidl_typesupport_fastrtps_c__pyext
[9.372s] Invoked command in '/home/ishara/fyp/Human_Preffered_Velocity_Prediction/build/smrr_interfaces' returned '0': CMAKE_PREFIX_PATH=${CMAKE_PREFIX_PATH}:/home/ishara/fyp/Human_Preffered_Velocity_Prediction/install/preffered_velocity_prediction:/home/ishara/fyp/Human_Preffered_Velocity_Prediction/install/human_data_buffer:/home/ishara/ros2_ws/install/my_robot_controller:/opt/ros/humble /usr/bin/cmake --build /home/ishara/fyp/Human_Preffered_Velocity_Prediction/build/smrr_interfaces -- -j6 -l6
[9.526s] Invoking command in '/home/ishara/fyp/Human_Preffered_Velocity_Prediction/build/smrr_interfaces': CMAKE_PREFIX_PATH=${CMAKE_PREFIX_PATH}:/home/ishara/fyp/Human_Preffered_Velocity_Prediction/install/preffered_velocity_prediction:/home/ishara/fyp/Human_Preffered_Velocity_Prediction/install/human_data_buffer:/home/ishara/ros2_ws/install/my_robot_controller:/opt/ros/humble /usr/bin/cmake --install /home/ishara/fyp/Human_Preffered_Velocity_Prediction/build/smrr_interfaces
[9.533s] -- Install configuration: ""
[9.534s] -- Execute custom install script
[9.548s] -- Up-to-date symlink: /home/ishara/fyp/Human_Preffered_Velocity_Prediction/install/smrr_interfaces/share/ament_index/resource_index/rosidl_interfaces/smrr_interfaces
[9.550s] -- Up-to-date symlink: /home/ishara/fyp/Human_Preffered_Velocity_Prediction/install/smrr_interfaces/include/smrr_interfaces/smrr_interfaces/msg/buffer.h
[9.550s] -- Symlinking: /home/ishara/fyp/Human_Preffered_Velocity_Prediction/install/smrr_interfaces/include/smrr_interfaces/smrr_interfaces/msg/data_element_float.h
[9.559s] -- Symlinking: /home/ishara/fyp/Human_Preffered_Velocity_Prediction/install/smrr_interfaces/include/smrr_interfaces/smrr_interfaces/msg/data_element_int.h
[9.567s] -- Symlinking: /home/ishara/fyp/Human_Preffered_Velocity_Prediction/install/smrr_interfaces/include/smrr_interfaces/smrr_interfaces/msg/data_element_string.h
[9.582s] -- Up-to-date symlink: /home/ishara/fyp/Human_Preffered_Velocity_Prediction/install/smrr_interfaces/include/smrr_interfaces/smrr_interfaces/msg/detail/buffer__functions.h
[9.582s] -- Up-to-date symlink: /home/ishara/fyp/Human_Preffered_Velocity_Prediction/install/smrr_interfaces/include/smrr_interfaces/smrr_interfaces/msg/detail/buffer__struct.h
[9.582s] -- Up-to-date symlink: /home/ishara/fyp/Human_Preffered_Velocity_Prediction/install/smrr_interfaces/include/smrr_interfaces/smrr_interfaces/msg/detail/buffer__type_support.h
[9.582s] -- Symlinking: /home/ishara/fyp/Human_Preffered_Velocity_Prediction/install/smrr_interfaces/include/smrr_interfaces/smrr_interfaces/msg/detail/data_element_float__functions.h
[9.597s] -- Symlinking: /home/ishara/fyp/Human_Preffered_Velocity_Prediction/install/smrr_interfaces/include/smrr_interfaces/smrr_interfaces/msg/detail/data_element_float__struct.h
[9.605s] -- Symlinking: /home/ishara/fyp/Human_Preffered_Velocity_Prediction/install/smrr_interfaces/include/smrr_interfaces/smrr_interfaces/msg/detail/data_element_float__type_support.h
[9.614s] -- Symlinking: /home/ishara/fyp/Human_Preffered_Velocity_Prediction/install/smrr_interfaces/include/smrr_interfaces/smrr_interfaces/msg/detail/data_element_int__functions.h
[9.621s] -- Symlinking: /home/ishara/fyp/Human_Preffered_Velocity_Prediction/install/smrr_interfaces/include/smrr_interfaces/smrr_interfaces/msg/detail/data_element_int__struct.h
[9.629s] -- Symlinking: /home/ishara/fyp/Human_Preffered_Velocity_Prediction/install/smrr_interfaces/include/smrr_interfaces/smrr_interfaces/msg/detail/data_element_int__type_support.h
[9.638s] -- Symlinking: /home/ishara/fyp/Human_Preffered_Velocity_Prediction/install/smrr_interfaces/include/smrr_interfaces/smrr_interfaces/msg/detail/data_element_string__functions.h
[9.646s] -- Symlinking: /home/ishara/fyp/Human_Preffered_Velocity_Prediction/install/smrr_interfaces/include/smrr_interfaces/smrr_interfaces/msg/detail/data_element_string__struct.h
[9.655s] -- Symlinking: /home/ishara/fyp/Human_Preffered_Velocity_Prediction/install/smrr_interfaces/include/smrr_interfaces/smrr_interfaces/msg/detail/data_element_string__type_support.h
[9.663s] -- Up-to-date symlink: /home/ishara/fyp/Human_Preffered_Velocity_Prediction/install/smrr_interfaces/include/smrr_interfaces/smrr_interfaces/msg/detail/entities__functions.h
[9.664s] -- Up-to-date symlink: /home/ishara/fyp/Human_Preffered_Velocity_Prediction/install/smrr_interfaces/include/smrr_interfaces/smrr_interfaces/msg/detail/entities__struct.h
[9.664s] -- Up-to-date symlink: /home/ishara/fyp/Human_Preffered_Velocity_Prediction/install/smrr_interfaces/include/smrr_interfaces/smrr_interfaces/msg/detail/entities__type_support.h
[9.664s] -- Up-to-date symlink: /home/ishara/fyp/Human_Preffered_Velocity_Prediction/install/smrr_interfaces/include/smrr_interfaces/smrr_interfaces/msg/detail/pref_velocity__functions.h
[9.664s] -- Up-to-date symlink: /home/ishara/fyp/Human_Preffered_Velocity_Prediction/install/smrr_interfaces/include/smrr_interfaces/smrr_interfaces/msg/detail/pref_velocity__struct.h
[9.665s] -- Up-to-date symlink: /home/ishara/fyp/Human_Preffered_Velocity_Prediction/install/smrr_interfaces/include/smrr_interfaces/smrr_interfaces/msg/detail/pref_velocity__type_support.h
[9.665s] -- Up-to-date symlink: /home/ishara/fyp/Human_Preffered_Velocity_Prediction/install/smrr_interfaces/include/smrr_interfaces/smrr_interfaces/msg/detail/velocity_class_data__functions.h
[9.665s] -- Up-to-date symlink: /home/ishara/fyp/Human_Preffered_Velocity_Prediction/install/smrr_interfaces/include/smrr_interfaces/smrr_interfaces/msg/detail/velocity_class_data__struct.h
[9.666s] -- Up-to-date symlink: /home/ishara/fyp/Human_Preffered_Velocity_Prediction/install/smrr_interfaces/include/smrr_interfaces/smrr_interfaces/msg/detail/velocity_class_data__type_support.h
[9.666s] -- Up-to-date symlink: /home/ishara/fyp/Human_Preffered_Velocity_Prediction/install/smrr_interfaces/include/smrr_interfaces/smrr_interfaces/msg/entities.h
[9.666s] -- Up-to-date symlink: /home/ishara/fyp/Human_Preffered_Velocity_Prediction/install/smrr_interfaces/include/smrr_interfaces/smrr_interfaces/msg/pref_velocity.h
[9.666s] -- Up-to-date symlink: /home/ishara/fyp/Human_Preffered_Velocity_Prediction/install/smrr_interfaces/include/smrr_interfaces/smrr_interfaces/msg/rosidl_generator_c__visibility_control.h
[9.666s] -- Up-to-date symlink: /home/ishara/fyp/Human_Preffered_Velocity_Prediction/install/smrr_interfaces/include/smrr_interfaces/smrr_interfaces/msg/velocity_class_data.h
[9.667s] -- Up-to-date symlink: /home/ishara/fyp/Human_Preffered_Velocity_Prediction/install/smrr_interfaces/share/smrr_interfaces/environment/library_path.sh
[9.668s] -- Up-to-date symlink: /home/ishara/fyp/Human_Preffered_Velocity_Prediction/install/smrr_interfaces/share/smrr_interfaces/environment/library_path.dsv
[9.669s] -- Up-to-date symlink: /home/ishara/fyp/Human_Preffered_Velocity_Prediction/install/smrr_interfaces/include/smrr_interfaces/smrr_interfaces/msg/detail/buffer__rosidl_typesupport_fastrtps_c.h
[9.669s] -- Symlinking: /home/ishara/fyp/Human_Preffered_Velocity_Prediction/install/smrr_interfaces/include/smrr_interfaces/smrr_interfaces/msg/detail/data_element_float__rosidl_typesupport_fastrtps_c.h
[9.677s] -- Symlinking: /home/ishara/fyp/Human_Preffered_Velocity_Prediction/install/smrr_interfaces/include/smrr_interfaces/smrr_interfaces/msg/detail/data_element_int__rosidl_typesupport_fastrtps_c.h
[9.691s] -- Symlinking: /home/ishara/fyp/Human_Preffered_Velocity_Prediction/install/smrr_interfaces/include/smrr_interfaces/smrr_interfaces/msg/detail/data_element_string__rosidl_typesupport_fastrtps_c.h
[9.702s] -- Up-to-date symlink: /home/ishara/fyp/Human_Preffered_Velocity_Prediction/install/smrr_interfaces/include/smrr_interfaces/smrr_interfaces/msg/detail/entities__rosidl_typesupport_fastrtps_c.h
[9.702s] -- Up-to-date symlink: /home/ishara/fyp/Human_Preffered_Velocity_Prediction/install/smrr_interfaces/include/smrr_interfaces/smrr_interfaces/msg/detail/pref_velocity__rosidl_typesupport_fastrtps_c.h
[9.702s] -- Up-to-date symlink: /home/ishara/fyp/Human_Preffered_Velocity_Prediction/install/smrr_interfaces/include/smrr_interfaces/smrr_interfaces/msg/detail/velocity_class_data__rosidl_typesupport_fastrtps_c.h
[9.702s] -- Up-to-date symlink: /home/ishara/fyp/Human_Preffered_Velocity_Prediction/install/smrr_interfaces/include/smrr_interfaces/smrr_interfaces/msg/rosidl_typesupport_fastrtps_c__visibility_control.h
[9.703s] -- Up-to-date symlink: /home/ishara/fyp/Human_Preffered_Velocity_Prediction/install/smrr_interfaces/include/smrr_interfaces/smrr_interfaces/msg/buffer.hpp
[9.703s] -- Symlinking: /home/ishara/fyp/Human_Preffered_Velocity_Prediction/install/smrr_interfaces/include/smrr_interfaces/smrr_interfaces/msg/data_element_float.hpp
[9.711s] -- Symlinking: /home/ishara/fyp/Human_Preffered_Velocity_Prediction/install/smrr_interfaces/include/smrr_interfaces/smrr_interfaces/msg/data_element_int.hpp
[9.720s] -- Symlinking: /home/ishara/fyp/Human_Preffered_Velocity_Prediction/install/smrr_interfaces/include/smrr_interfaces/smrr_interfaces/msg/data_element_string.hpp
[9.728s] -- Up-to-date symlink: /home/ishara/fyp/Human_Preffered_Velocity_Prediction/install/smrr_interfaces/include/smrr_interfaces/smrr_interfaces/msg/detail/buffer__builder.hpp
[9.728s] -- Up-to-date symlink: /home/ishara/fyp/Human_Preffered_Velocity_Prediction/install/smrr_interfaces/include/smrr_interfaces/smrr_interfaces/msg/detail/buffer__struct.hpp
[9.728s] -- Up-to-date symlink: /home/ishara/fyp/Human_Preffered_Velocity_Prediction/install/smrr_interfaces/include/smrr_interfaces/smrr_interfaces/msg/detail/buffer__traits.hpp
[9.728s] -- Symlinking: /home/ishara/fyp/Human_Preffered_Velocity_Prediction/install/smrr_interfaces/include/smrr_interfaces/smrr_interfaces/msg/detail/data_element_float__builder.hpp
[9.737s] -- Symlinking: /home/ishara/fyp/Human_Preffered_Velocity_Prediction/install/smrr_interfaces/include/smrr_interfaces/smrr_interfaces/msg/detail/data_element_float__struct.hpp
[9.746s] -- Symlinking: /home/ishara/fyp/Human_Preffered_Velocity_Prediction/install/smrr_interfaces/include/smrr_interfaces/smrr_interfaces/msg/detail/data_element_float__traits.hpp
[9.761s] -- Symlinking: /home/ishara/fyp/Human_Preffered_Velocity_Prediction/install/smrr_interfaces/include/smrr_interfaces/smrr_interfaces/msg/detail/data_element_int__builder.hpp
[9.770s] -- Symlinking: /home/ishara/fyp/Human_Preffered_Velocity_Prediction/install/smrr_interfaces/include/smrr_interfaces/smrr_interfaces/msg/detail/data_element_int__struct.hpp
[9.777s] -- Symlinking: /home/ishara/fyp/Human_Preffered_Velocity_Prediction/install/smrr_interfaces/include/smrr_interfaces/smrr_interfaces/msg/detail/data_element_int__traits.hpp
[9.789s] -- Symlinking: /home/ishara/fyp/Human_Preffered_Velocity_Prediction/install/smrr_interfaces/include/smrr_interfaces/smrr_interfaces/msg/detail/data_element_string__builder.hpp
[9.799s] -- Symlinking: /home/ishara/fyp/Human_Preffered_Velocity_Prediction/install/smrr_interfaces/include/smrr_interfaces/smrr_interfaces/msg/detail/data_element_string__struct.hpp
[9.808s] -- Symlinking: /home/ishara/fyp/Human_Preffered_Velocity_Prediction/install/smrr_interfaces/include/smrr_interfaces/smrr_interfaces/msg/detail/data_element_string__traits.hpp
[9.816s] -- Up-to-date symlink: /home/ishara/fyp/Human_Preffered_Velocity_Prediction/install/smrr_interfaces/include/smrr_interfaces/smrr_interfaces/msg/detail/entities__builder.hpp
[9.816s] -- Up-to-date symlink: /home/ishara/fyp/Human_Preffered_Velocity_Prediction/install/smrr_interfaces/include/smrr_interfaces/smrr_interfaces/msg/detail/entities__struct.hpp
[9.816s] -- Up-to-date symlink: /home/ishara/fyp/Human_Preffered_Velocity_Prediction/install/smrr_interfaces/include/smrr_interfaces/smrr_interfaces/msg/detail/entities__traits.hpp
[9.816s] -- Up-to-date symlink: /home/ishara/fyp/Human_Preffered_Velocity_Prediction/install/smrr_interfaces/include/smrr_interfaces/smrr_interfaces/msg/detail/pref_velocity__builder.hpp
[9.817s] -- Up-to-date symlink: /home/ishara/fyp/Human_Preffered_Velocity_Prediction/install/smrr_interfaces/include/smrr_interfaces/smrr_interfaces/msg/detail/pref_velocity__struct.hpp
[9.817s] -- Up-to-date symlink: /home/ishara/fyp/Human_Preffered_Velocity_Prediction/install/smrr_interfaces/include/smrr_interfaces/smrr_interfaces/msg/detail/pref_velocity__traits.hpp
[9.817s] -- Up-to-date symlink: /home/ishara/fyp/Human_Preffered_Velocity_Prediction/install/smrr_interfaces/include/smrr_interfaces/smrr_interfaces/msg/detail/velocity_class_data__builder.hpp
[9.817s] -- Up-to-date symlink: /home/ishara/fyp/Human_Preffered_Velocity_Prediction/install/smrr_interfaces/include/smrr_interfaces/smrr_interfaces/msg/detail/velocity_class_data__struct.hpp
[9.817s] -- Up-to-date symlink: /home/ishara/fyp/Human_Preffered_Velocity_Prediction/install/smrr_interfaces/include/smrr_interfaces/smrr_interfaces/msg/detail/velocity_class_data__traits.hpp
[9.818s] -- Up-to-date symlink: /home/ishara/fyp/Human_Preffered_Velocity_Prediction/install/smrr_interfaces/include/smrr_interfaces/smrr_interfaces/msg/entities.hpp
[9.818s] -- Up-to-date symlink: /home/ishara/fyp/Human_Preffered_Velocity_Prediction/install/smrr_interfaces/include/smrr_interfaces/smrr_interfaces/msg/pref_velocity.hpp
[9.818s] -- Up-to-date symlink: /home/ishara/fyp/Human_Preffered_Velocity_Prediction/install/smrr_interfaces/include/smrr_interfaces/smrr_interfaces/msg/velocity_class_data.hpp
[9.819s] -- Up-to-date symlink: /home/ishara/fyp/Human_Preffered_Velocity_Prediction/install/smrr_interfaces/include/smrr_interfaces/smrr_interfaces/msg/detail/buffer__rosidl_typesupport_fastrtps_cpp.hpp
[9.820s] -- Symlinking: /home/ishara/fyp/Human_Preffered_Velocity_Prediction/install/smrr_interfaces/include/smrr_interfaces/smrr_interfaces/msg/detail/data_element_float__rosidl_typesupport_fastrtps_cpp.hpp
[9.829s] -- Symlinking: /home/ishara/fyp/Human_Preffered_Velocity_Prediction/install/smrr_interfaces/include/smrr_interfaces/smrr_interfaces/msg/detail/data_element_int__rosidl_typesupport_fastrtps_cpp.hpp
[9.836s] -- Symlinking: /home/ishara/fyp/Human_Preffered_Velocity_Prediction/install/smrr_interfaces/include/smrr_interfaces/smrr_interfaces/msg/detail/data_element_string__rosidl_typesupport_fastrtps_cpp.hpp
[9.844s] -- Up-to-date symlink: /home/ishara/fyp/Human_Preffered_Velocity_Prediction/install/smrr_interfaces/include/smrr_interfaces/smrr_interfaces/msg/detail/entities__rosidl_typesupport_fastrtps_cpp.hpp
[9.844s] -- Up-to-date symlink: /home/ishara/fyp/Human_Preffered_Velocity_Prediction/install/smrr_interfaces/include/smrr_interfaces/smrr_interfaces/msg/detail/pref_velocity__rosidl_typesupport_fastrtps_cpp.hpp
[9.844s] -- Up-to-date symlink: /home/ishara/fyp/Human_Preffered_Velocity_Prediction/install/smrr_interfaces/include/smrr_interfaces/smrr_interfaces/msg/detail/velocity_class_data__rosidl_typesupport_fastrtps_cpp.hpp
[9.844s] -- Up-to-date symlink: /home/ishara/fyp/Human_Preffered_Velocity_Prediction/install/smrr_interfaces/include/smrr_interfaces/smrr_interfaces/msg/rosidl_typesupport_fastrtps_cpp__visibility_control.h
[9.845s] -- Up-to-date symlink: /home/ishara/fyp/Human_Preffered_Velocity_Prediction/install/smrr_interfaces/include/smrr_interfaces/smrr_interfaces/msg/detail/buffer__rosidl_typesupport_introspection_c.h
[9.845s] -- Symlinking: /home/ishara/fyp/Human_Preffered_Velocity_Prediction/install/smrr_interfaces/include/smrr_interfaces/smrr_interfaces/msg/detail/data_element_float__rosidl_typesupport_introspection_c.h
[9.854s] -- Symlinking: /home/ishara/fyp/Human_Preffered_Velocity_Prediction/install/smrr_interfaces/include/smrr_interfaces/smrr_interfaces/msg/detail/data_element_int__rosidl_typesupport_introspection_c.h
[9.861s] -- Symlinking: /home/ishara/fyp/Human_Preffered_Velocity_Prediction/install/smrr_interfaces/include/smrr_interfaces/smrr_interfaces/msg/detail/data_element_string__rosidl_typesupport_introspection_c.h
[9.869s] -- Up-to-date symlink: /home/ishara/fyp/Human_Preffered_Velocity_Prediction/install/smrr_interfaces/include/smrr_interfaces/smrr_interfaces/msg/detail/entities__rosidl_typesupport_introspection_c.h
[9.869s] -- Up-to-date symlink: /home/ishara/fyp/Human_Preffered_Velocity_Prediction/install/smrr_interfaces/include/smrr_interfaces/smrr_interfaces/msg/detail/pref_velocity__rosidl_typesupport_introspection_c.h
[9.869s] -- Up-to-date symlink: /home/ishara/fyp/Human_Preffered_Velocity_Prediction/install/smrr_interfaces/include/smrr_interfaces/smrr_interfaces/msg/detail/velocity_class_data__rosidl_typesupport_introspection_c.h
[9.870s] -- Up-to-date symlink: /home/ishara/fyp/Human_Preffered_Velocity_Prediction/install/smrr_interfaces/include/smrr_interfaces/smrr_interfaces/msg/rosidl_typesupport_introspection_c__visibility_control.h
[9.870s] -- Up-to-date symlink: /home/ishara/fyp/Human_Preffered_Velocity_Prediction/install/smrr_interfaces/include/smrr_interfaces/smrr_interfaces/msg/detail/buffer__rosidl_typesupport_introspection_cpp.hpp
[9.871s] -- Symlinking: /home/ishara/fyp/Human_Preffered_Velocity_Prediction/install/smrr_interfaces/include/smrr_interfaces/smrr_interfaces/msg/detail/data_element_float__rosidl_typesupport_introspection_cpp.hpp
[9.885s] -- Symlinking: /home/ishara/fyp/Human_Preffered_Velocity_Prediction/install/smrr_interfaces/include/smrr_interfaces/smrr_interfaces/msg/detail/data_element_int__rosidl_typesupport_introspection_cpp.hpp
[9.892s] -- Symlinking: /home/ishara/fyp/Human_Preffered_Velocity_Prediction/install/smrr_interfaces/include/smrr_interfaces/smrr_interfaces/msg/detail/data_element_string__rosidl_typesupport_introspection_cpp.hpp
[9.900s] -- Up-to-date symlink: /home/ishara/fyp/Human_Preffered_Velocity_Prediction/install/smrr_interfaces/include/smrr_interfaces/smrr_interfaces/msg/detail/entities__rosidl_typesupport_introspection_cpp.hpp
[9.900s] -- Up-to-date symlink: /home/ishara/fyp/Human_Preffered_Velocity_Prediction/install/smrr_interfaces/include/smrr_interfaces/smrr_interfaces/msg/detail/pref_velocity__rosidl_typesupport_introspection_cpp.hpp
[9.900s] -- Up-to-date symlink: /home/ishara/fyp/Human_Preffered_Velocity_Prediction/install/smrr_interfaces/include/smrr_interfaces/smrr_interfaces/msg/detail/velocity_class_data__rosidl_typesupport_introspection_cpp.hpp
[9.902s] -- Up-to-date symlink: /home/ishara/fyp/Human_Preffered_Velocity_Prediction/install/smrr_interfaces/share/smrr_interfaces/environment/pythonpath.sh
[9.902s] -- Up-to-date symlink: /home/ishara/fyp/Human_Preffered_Velocity_Prediction/install/smrr_interfaces/share/smrr_interfaces/environment/pythonpath.dsv
[9.903s] -- Up-to-date symlink: /home/ishara/fyp/Human_Preffered_Velocity_Prediction/install/smrr_interfaces/local/lib/python3.10/dist-packages/smrr_interfaces-0.0.0-py3.10.egg-info/PKG-INFO
[9.903s] -- Up-to-date symlink: /home/ishara/fyp/Human_Preffered_Velocity_Prediction/install/smrr_interfaces/local/lib/python3.10/dist-packages/smrr_interfaces-0.0.0-py3.10.egg-info/SOURCES.txt
[9.904s] -- Up-to-date symlink: /home/ishara/fyp/Human_Preffered_Velocity_Prediction/install/smrr_interfaces/local/lib/python3.10/dist-packages/smrr_interfaces-0.0.0-py3.10.egg-info/dependency_links.txt
[9.904s] -- Up-to-date symlink: /home/ishara/fyp/Human_Preffered_Velocity_Prediction/install/smrr_interfaces/local/lib/python3.10/dist-packages/smrr_interfaces-0.0.0-py3.10.egg-info/top_level.txt
[9.906s] -- Up-to-date symlink: /home/ishara/fyp/Human_Preffered_Velocity_Prediction/install/smrr_interfaces/local/lib/python3.10/dist-packages/smrr_interfaces/__init__.py
[9.907s] -- Up-to-date symlink: /home/ishara/fyp/Human_Preffered_Velocity_Prediction/install/smrr_interfaces/local/lib/python3.10/dist-packages/smrr_interfaces/_smrr_interfaces_s.ep.rosidl_typesupport_c.c
[9.907s] -- Up-to-date symlink: /home/ishara/fyp/Human_Preffered_Velocity_Prediction/install/smrr_interfaces/local/lib/python3.10/dist-packages/smrr_interfaces/_smrr_interfaces_s.ep.rosidl_typesupport_fastrtps_c.c
[9.907s] -- Up-to-date symlink: /home/ishara/fyp/Human_Preffered_Velocity_Prediction/install/smrr_interfaces/local/lib/python3.10/dist-packages/smrr_interfaces/_smrr_interfaces_s.ep.rosidl_typesupport_introspection_c.c
[9.908s] -- Up-to-date symlink: /home/ishara/fyp/Human_Preffered_Velocity_Prediction/install/smrr_interfaces/local/lib/python3.10/dist-packages/smrr_interfaces/libsmrr_interfaces__rosidl_generator_py.so
[9.908s] -- Up-to-date symlink: /home/ishara/fyp/Human_Preffered_Velocity_Prediction/install/smrr_interfaces/local/lib/python3.10/dist-packages/smrr_interfaces/msg/__init__.py
[9.921s] -- Up-to-date symlink: /home/ishara/fyp/Human_Preffered_Velocity_Prediction/install/smrr_interfaces/local/lib/python3.10/dist-packages/smrr_interfaces/msg/_buffer.py
[9.922s] -- Up-to-date symlink: /home/ishara/fyp/Human_Preffered_Velocity_Prediction/install/smrr_interfaces/local/lib/python3.10/dist-packages/smrr_interfaces/msg/_buffer_s.c
[9.922s] -- Symlinking: /home/ishara/fyp/Human_Preffered_Velocity_Prediction/install/smrr_interfaces/local/lib/python3.10/dist-packages/smrr_interfaces/msg/_data_element_float.py
[9.935s] -- Symlinking: /home/ishara/fyp/Human_Preffered_Velocity_Prediction/install/smrr_interfaces/local/lib/python3.10/dist-packages/smrr_interfaces/msg/_data_element_float_s.c
[9.942s] -- Symlinking: /home/ishara/fyp/Human_Preffered_Velocity_Prediction/install/smrr_interfaces/local/lib/python3.10/dist-packages/smrr_interfaces/msg/_data_element_int.py
[9.949s] -- Symlinking: /home/ishara/fyp/Human_Preffered_Velocity_Prediction/install/smrr_interfaces/local/lib/python3.10/dist-packages/smrr_interfaces/msg/_data_element_int_s.c
[9.957s] -- Symlinking: /home/ishara/fyp/Human_Preffered_Velocity_Prediction/install/smrr_interfaces/local/lib/python3.10/dist-packages/smrr_interfaces/msg/_data_element_string.py
[9.964s] -- Symlinking: /home/ishara/fyp/Human_Preffered_Velocity_Prediction/install/smrr_interfaces/local/lib/python3.10/dist-packages/smrr_interfaces/msg/_data_element_string_s.c
[9.980s] -- Up-to-date symlink: /home/ishara/fyp/Human_Preffered_Velocity_Prediction/install/smrr_interfaces/local/lib/python3.10/dist-packages/smrr_interfaces/msg/_entities.py
[9.980s] -- Up-to-date symlink: /home/ishara/fyp/Human_Preffered_Velocity_Prediction/install/smrr_interfaces/local/lib/python3.10/dist-packages/smrr_interfaces/msg/_entities_s.c
[9.995s] -- Up-to-date symlink: /home/ishara/fyp/Human_Preffered_Velocity_Prediction/install/smrr_interfaces/local/lib/python3.10/dist-packages/smrr_interfaces/msg/_pref_velocity.py
[9.995s] -- Up-to-date symlink: /home/ishara/fyp/Human_Preffered_Velocity_Prediction/install/smrr_interfaces/local/lib/python3.10/dist-packages/smrr_interfaces/msg/_pref_velocity_s.c
[10.008s] -- Up-to-date symlink: /home/ishara/fyp/Human_Preffered_Velocity_Prediction/install/smrr_interfaces/local/lib/python3.10/dist-packages/smrr_interfaces/msg/_velocity_class_data.py
[10.008s] -- Up-to-date symlink: /home/ishara/fyp/Human_Preffered_Velocity_Prediction/install/smrr_interfaces/local/lib/python3.10/dist-packages/smrr_interfaces/msg/_velocity_class_data_s.c
[10.009s] -- Up-to-date symlink: /home/ishara/fyp/Human_Preffered_Velocity_Prediction/install/smrr_interfaces/local/lib/python3.10/dist-packages/smrr_interfaces/smrr_interfaces_s__rosidl_typesupport_c.cpython-310-x86_64-linux-gnu.so
[10.009s] -- Up-to-date symlink: /home/ishara/fyp/Human_Preffered_Velocity_Prediction/install/smrr_interfaces/local/lib/python3.10/dist-packages/smrr_interfaces/smrr_interfaces_s__rosidl_typesupport_fastrtps_c.cpython-310-x86_64-linux-gnu.so
[10.010s] -- Up-to-date symlink: /home/ishara/fyp/Human_Preffered_Velocity_Prediction/install/smrr_interfaces/local/lib/python3.10/dist-packages/smrr_interfaces/smrr_interfaces_s__rosidl_typesupport_introspection_c.cpython-310-x86_64-linux-gnu.so
[10.010s] -- Up-to-date symlink: /home/ishara/fyp/Human_Preffered_Velocity_Prediction/install/smrr_interfaces/local/lib/python3.10/dist-packages/smrr_interfaces/smrr_interfaces_s__rosidl_typesupport_fastrtps_c.cpython-310-x86_64-linux-gnu.so
[10.011s] -- Up-to-date symlink: /home/ishara/fyp/Human_Preffered_Velocity_Prediction/install/smrr_interfaces/local/lib/python3.10/dist-packages/smrr_interfaces/smrr_interfaces_s__rosidl_typesupport_introspection_c.cpython-310-x86_64-linux-gnu.so
[10.011s] -- Up-to-date symlink: /home/ishara/fyp/Human_Preffered_Velocity_Prediction/install/smrr_interfaces/local/lib/python3.10/dist-packages/smrr_interfaces/smrr_interfaces_s__rosidl_typesupport_c.cpython-310-x86_64-linux-gnu.so
[10.015s] -- Up-to-date symlink: /home/ishara/fyp/Human_Preffered_Velocity_Prediction/install/smrr_interfaces/share/smrr_interfaces/msg/Entities.idl
[10.015s] -- Up-to-date symlink: /home/ishara/fyp/Human_Preffered_Velocity_Prediction/install/smrr_interfaces/share/smrr_interfaces/msg/VelocityClassData.idl
[10.016s] -- Up-to-date symlink: /home/ishara/fyp/Human_Preffered_Velocity_Prediction/install/smrr_interfaces/share/smrr_interfaces/msg/Buffer.idl
[10.016s] -- Up-to-date symlink: /home/ishara/fyp/Human_Preffered_Velocity_Prediction/install/smrr_interfaces/share/smrr_interfaces/msg/PrefVelocity.idl
[10.017s] -- Symlinking: /home/ishara/fyp/Human_Preffered_Velocity_Prediction/install/smrr_interfaces/share/smrr_interfaces/msg/DataElementFloat.idl
[10.032s] -- Symlinking: /home/ishara/fyp/Human_Preffered_Velocity_Prediction/install/smrr_interfaces/share/smrr_interfaces/msg/DataElementString.idl
[10.045s] -- Symlinking: /home/ishara/fyp/Human_Preffered_Velocity_Prediction/install/smrr_interfaces/share/smrr_interfaces/msg/DataElementInt.idl
[10.052s] -- Up-to-date symlink: /home/ishara/fyp/Human_Preffered_Velocity_Prediction/install/smrr_interfaces/share/smrr_interfaces/msg/Entities.msg
[10.053s] -- Up-to-date symlink: /home/ishara/fyp/Human_Preffered_Velocity_Prediction/install/smrr_interfaces/share/smrr_interfaces/msg/VelocityClassData.msg
[10.054s] -- Up-to-date symlink: /home/ishara/fyp/Human_Preffered_Velocity_Prediction/install/smrr_interfaces/share/smrr_interfaces/msg/Buffer.msg
[10.054s] -- Up-to-date symlink: /home/ishara/fyp/Human_Preffered_Velocity_Prediction/install/smrr_interfaces/share/smrr_interfaces/msg/PrefVelocity.msg
[10.054s] -- Symlinking: /home/ishara/fyp/Human_Preffered_Velocity_Prediction/install/smrr_interfaces/share/smrr_interfaces/msg/DataElementFloat.msg
[10.067s] -- Symlinking: /home/ishara/fyp/Human_Preffered_Velocity_Prediction/install/smrr_interfaces/share/smrr_interfaces/msg/DataElementString.msg
[10.082s] -- Symlinking: /home/ishara/fyp/Human_Preffered_Velocity_Prediction/install/smrr_interfaces/share/smrr_interfaces/msg/DataElementInt.msg
[10.096s] -- Up-to-date symlink: /home/ishara/fyp/Human_Preffered_Velocity_Prediction/install/smrr_interfaces/share/ament_index/resource_index/package_run_dependencies/smrr_interfaces
[10.096s] -- Up-to-date symlink: /home/ishara/fyp/Human_Preffered_Velocity_Prediction/install/smrr_interfaces/share/ament_index/resource_index/parent_prefix_path/smrr_interfaces
[10.097s] -- Up-to-date symlink: /home/ishara/fyp/Human_Preffered_Velocity_Prediction/install/smrr_interfaces/share/smrr_interfaces/environment/ament_prefix_path.sh
[10.097s] -- Up-to-date symlink: /home/ishara/fyp/Human_Preffered_Velocity_Prediction/install/smrr_interfaces/share/smrr_interfaces/environment/ament_prefix_path.dsv
[10.098s] -- Up-to-date symlink: /home/ishara/fyp/Human_Preffered_Velocity_Prediction/install/smrr_interfaces/share/smrr_interfaces/environment/path.sh
[10.098s] -- Up-to-date symlink: /home/ishara/fyp/Human_Preffered_Velocity_Prediction/install/smrr_interfaces/share/smrr_interfaces/environment/path.dsv
[10.099s] -- Up-to-date symlink: /home/ishara/fyp/Human_Preffered_Velocity_Prediction/install/smrr_interfaces/share/smrr_interfaces/local_setup.bash
[10.099s] -- Up-to-date symlink: /home/ishara/fyp/Human_Preffered_Velocity_Prediction/install/smrr_interfaces/share/smrr_interfaces/local_setup.sh
[10.100s] -- Up-to-date symlink: /home/ishara/fyp/Human_Preffered_Velocity_Prediction/install/smrr_interfaces/share/smrr_interfaces/local_setup.zsh
[10.100s] -- Up-to-date symlink: /home/ishara/fyp/Human_Preffered_Velocity_Prediction/install/smrr_interfaces/share/smrr_interfaces/local_setup.dsv
[10.100s] -- Symlinking: /home/ishara/fyp/Human_Preffered_Velocity_Prediction/install/smrr_interfaces/share/smrr_interfaces/package.dsv
[10.130s] -- Up-to-date symlink: /home/ishara/fyp/Human_Preffered_Velocity_Prediction/install/smrr_interfaces/share/ament_index/resource_index/packages/smrr_interfaces
[10.130s] -- Up-to-date symlink: /home/ishara/fyp/Human_Preffered_Velocity_Prediction/install/smrr_interfaces/share/smrr_interfaces/cmake/rosidl_cmake-extras.cmake
[10.131s] -- Up-to-date symlink: /home/ishara/fyp/Human_Preffered_Velocity_Prediction/install/smrr_interfaces/share/smrr_interfaces/cmake/ament_cmake_export_dependencies-extras.cmake
[10.131s] -- Up-to-date symlink: /home/ishara/fyp/Human_Preffered_Velocity_Prediction/install/smrr_interfaces/share/smrr_interfaces/cmake/ament_cmake_export_include_directories-extras.cmake
[10.132s] -- Up-to-date symlink: /home/ishara/fyp/Human_Preffered_Velocity_Prediction/install/smrr_interfaces/share/smrr_interfaces/cmake/ament_cmake_export_libraries-extras.cmake
[10.132s] -- Up-to-date symlink: /home/ishara/fyp/Human_Preffered_Velocity_Prediction/install/smrr_interfaces/share/smrr_interfaces/cmake/ament_cmake_export_targets-extras.cmake
[10.133s] -- Up-to-date symlink: /home/ishara/fyp/Human_Preffered_Velocity_Prediction/install/smrr_interfaces/share/smrr_interfaces/cmake/rosidl_cmake_export_typesupport_targets-extras.cmake
[10.133s] -- Up-to-date symlink: /home/ishara/fyp/Human_Preffered_Velocity_Prediction/install/smrr_interfaces/share/smrr_interfaces/cmake/rosidl_cmake_export_typesupport_libraries-extras.cmake
[10.134s] -- Up-to-date symlink: /home/ishara/fyp/Human_Preffered_Velocity_Prediction/install/smrr_interfaces/share/smrr_interfaces/cmake/smrr_interfacesConfig.cmake
[10.134s] -- Up-to-date symlink: /home/ishara/fyp/Human_Preffered_Velocity_Prediction/install/smrr_interfaces/share/smrr_interfaces/cmake/smrr_interfacesConfig-version.cmake
[10.135s] -- Up-to-date symlink: /home/ishara/fyp/Human_Preffered_Velocity_Prediction/install/smrr_interfaces/share/smrr_interfaces/package.xml
[10.153s] -- Installing: /home/ishara/fyp/Human_Preffered_Velocity_Prediction/install/smrr_interfaces/lib/libsmrr_interfaces__rosidl_generator_c.so
[10.153s] -- Set runtime path of "/home/ishara/fyp/Human_Preffered_Velocity_Prediction/install/smrr_interfaces/lib/libsmrr_interfaces__rosidl_generator_c.so" to ""
[10.154s] -- Installing: /home/ishara/fyp/Human_Preffered_Velocity_Prediction/install/smrr_interfaces/lib/libsmrr_interfaces__rosidl_typesupport_fastrtps_c.so
[10.155s] -- Set runtime path of "/home/ishara/fyp/Human_Preffered_Velocity_Prediction/install/smrr_interfaces/lib/libsmrr_interfaces__rosidl_typesupport_fastrtps_c.so" to ""
[10.169s] -- Installing: /home/ishara/fyp/Human_Preffered_Velocity_Prediction/install/smrr_interfaces/lib/libsmrr_interfaces__rosidl_typesupport_fastrtps_cpp.so
[10.170s] -- Set runtime path of "/home/ishara/fyp/Human_Preffered_Velocity_Prediction/install/smrr_interfaces/lib/libsmrr_interfaces__rosidl_typesupport_fastrtps_cpp.so" to ""
[10.192s] -- Installing: /home/ishara/fyp/Human_Preffered_Velocity_Prediction/install/smrr_interfaces/lib/libsmrr_interfaces__rosidl_typesupport_introspection_c.so
[10.193s] -- Set runtime path of "/home/ishara/fyp/Human_Preffered_Velocity_Prediction/install/smrr_interfaces/lib/libsmrr_interfaces__rosidl_typesupport_introspection_c.so" to ""
[10.193s] -- Installing: /home/ishara/fyp/Human_Preffered_Velocity_Prediction/install/smrr_interfaces/lib/libsmrr_interfaces__rosidl_typesupport_c.so
[10.194s] -- Set runtime path of "/home/ishara/fyp/Human_Preffered_Velocity_Prediction/install/smrr_interfaces/lib/libsmrr_interfaces__rosidl_typesupport_c.so" to ""
[10.228s] -- Installing: /home/ishara/fyp/Human_Preffered_Velocity_Prediction/install/smrr_interfaces/lib/libsmrr_interfaces__rosidl_typesupport_introspection_cpp.so
[10.229s] -- Set runtime path of "/home/ishara/fyp/Human_Preffered_Velocity_Prediction/install/smrr_interfaces/lib/libsmrr_interfaces__rosidl_typesupport_introspection_cpp.so" to ""
[10.230s] -- Installing: /home/ishara/fyp/Human_Preffered_Velocity_Prediction/install/smrr_interfaces/lib/libsmrr_interfaces__rosidl_typesupport_cpp.so
[10.230s] -- Set runtime path of "/home/ishara/fyp/Human_Preffered_Velocity_Prediction/install/smrr_interfaces/lib/libsmrr_interfaces__rosidl_typesupport_cpp.so" to ""
[10.310s] Listing '/home/ishara/fyp/Human_Preffered_Velocity_Prediction/install/smrr_interfaces/local/lib/python3.10/dist-packages/smrr_interfaces'...
[10.310s] Compiling '/home/ishara/fyp/Human_Preffered_Velocity_Prediction/install/smrr_interfaces/local/lib/python3.10/dist-packages/smrr_interfaces/__init__.py'...
[10.311s] Listing '/home/ishara/fyp/Human_Preffered_Velocity_Prediction/install/smrr_interfaces/local/lib/python3.10/dist-packages/smrr_interfaces/msg'...
[10.311s] Compiling '/home/ishara/fyp/Human_Preffered_Velocity_Prediction/install/smrr_interfaces/local/lib/python3.10/dist-packages/smrr_interfaces/msg/__init__.py'...
[10.311s] Compiling '/home/ishara/fyp/Human_Preffered_Velocity_Prediction/install/smrr_interfaces/local/lib/python3.10/dist-packages/smrr_interfaces/msg/_buffer.py'...
[10.311s] Compiling '/home/ishara/fyp/Human_Preffered_Velocity_Prediction/install/smrr_interfaces/local/lib/python3.10/dist-packages/smrr_interfaces/msg/_data_element_float.py'...
[10.311s] Compiling '/home/ishara/fyp/Human_Preffered_Velocity_Prediction/install/smrr_interfaces/local/lib/python3.10/dist-packages/smrr_interfaces/msg/_data_element_int.py'...
[10.311s] Compiling '/home/ishara/fyp/Human_Preffered_Velocity_Prediction/install/smrr_interfaces/local/lib/python3.10/dist-packages/smrr_interfaces/msg/_data_element_string.py'...
[10.311s] Compiling '/home/ishara/fyp/Human_Preffered_Velocity_Prediction/install/smrr_interfaces/local/lib/python3.10/dist-packages/smrr_interfaces/msg/_entities.py'...
[10.311s] Compiling '/home/ishara/fyp/Human_Preffered_Velocity_Prediction/install/smrr_interfaces/local/lib/python3.10/dist-packages/smrr_interfaces/msg/_pref_velocity.py'...
[10.312s] Compiling '/home/ishara/fyp/Human_Preffered_Velocity_Prediction/install/smrr_interfaces/local/lib/python3.10/dist-packages/smrr_interfaces/msg/_velocity_class_data.py'...
[10.336s] -- Installing: /home/ishara/fyp/Human_Preffered_Velocity_Prediction/install/smrr_interfaces/lib/libsmrr_interfaces__rosidl_generator_py.so
[10.336s] -- Set runtime path of "/home/ishara/fyp/Human_Preffered_Velocity_Prediction/install/smrr_interfaces/lib/libsmrr_interfaces__rosidl_generator_py.so" to ""
[10.344s] -- Up-to-date: /home/ishara/fyp/Human_Preffered_Velocity_Prediction/install/smrr_interfaces/share/smrr_interfaces/cmake/export_smrr_interfaces__rosidl_generator_cExport.cmake
[10.344s] -- Up-to-date: /home/ishara/fyp/Human_Preffered_Velocity_Prediction/install/smrr_interfaces/share/smrr_interfaces/cmake/export_smrr_interfaces__rosidl_generator_cExport-noconfig.cmake
[10.344s] -- Up-to-date: /home/ishara/fyp/Human_Preffered_Velocity_Prediction/install/smrr_interfaces/share/smrr_interfaces/cmake/export_smrr_interfaces__rosidl_typesupport_fastrtps_cExport.cmake
[10.344s] -- Up-to-date: /home/ishara/fyp/Human_Preffered_Velocity_Prediction/install/smrr_interfaces/share/smrr_interfaces/cmake/export_smrr_interfaces__rosidl_typesupport_fastrtps_cExport-noconfig.cmake
[10.345s] -- Up-to-date: /home/ishara/fyp/Human_Preffered_Velocity_Prediction/install/smrr_interfaces/share/smrr_interfaces/cmake/export_smrr_interfaces__rosidl_generator_cppExport.cmake
[10.345s] -- Up-to-date: /home/ishara/fyp/Human_Preffered_Velocity_Prediction/install/smrr_interfaces/share/smrr_interfaces/cmake/export_smrr_interfaces__rosidl_typesupport_fastrtps_cppExport.cmake
[10.345s] -- Up-to-date: /home/ishara/fyp/Human_Preffered_Velocity_Prediction/install/smrr_interfaces/share/smrr_interfaces/cmake/export_smrr_interfaces__rosidl_typesupport_fastrtps_cppExport-noconfig.cmake
[10.345s] -- Up-to-date: /home/ishara/fyp/Human_Preffered_Velocity_Prediction/install/smrr_interfaces/share/smrr_interfaces/cmake/smrr_interfaces__rosidl_typesupport_introspection_cExport.cmake
[10.345s] -- Up-to-date: /home/ishara/fyp/Human_Preffered_Velocity_Prediction/install/smrr_interfaces/share/smrr_interfaces/cmake/smrr_interfaces__rosidl_typesupport_introspection_cExport-noconfig.cmake
[10.346s] -- Up-to-date: /home/ishara/fyp/Human_Preffered_Velocity_Prediction/install/smrr_interfaces/share/smrr_interfaces/cmake/smrr_interfaces__rosidl_typesupport_cExport.cmake
[10.346s] -- Up-to-date: /home/ishara/fyp/Human_Preffered_Velocity_Prediction/install/smrr_interfaces/share/smrr_interfaces/cmake/smrr_interfaces__rosidl_typesupport_cExport-noconfig.cmake
[10.346s] -- Up-to-date: /home/ishara/fyp/Human_Preffered_Velocity_Prediction/install/smrr_interfaces/share/smrr_interfaces/cmake/smrr_interfaces__rosidl_typesupport_introspection_cppExport.cmake
[10.347s] -- Up-to-date: /home/ishara/fyp/Human_Preffered_Velocity_Prediction/install/smrr_interfaces/share/smrr_interfaces/cmake/smrr_interfaces__rosidl_typesupport_introspection_cppExport-noconfig.cmake
[10.347s] -- Up-to-date: /home/ishara/fyp/Human_Preffered_Velocity_Prediction/install/smrr_interfaces/share/smrr_interfaces/cmake/smrr_interfaces__rosidl_typesupport_cppExport.cmake
[10.347s] -- Up-to-date: /home/ishara/fyp/Human_Preffered_Velocity_Prediction/install/smrr_interfaces/share/smrr_interfaces/cmake/smrr_interfaces__rosidl_typesupport_cppExport-noconfig.cmake
[10.347s] -- Up-to-date: /home/ishara/fyp/Human_Preffered_Velocity_Prediction/install/smrr_interfaces/share/smrr_interfaces/cmake/export_smrr_interfaces__rosidl_generator_pyExport.cmake
[10.347s] -- Up-to-date: /home/ishara/fyp/Human_Preffered_Velocity_Prediction/install/smrr_interfaces/share/smrr_interfaces/cmake/export_smrr_interfaces__rosidl_generator_pyExport-noconfig.cmake
[10.350s] Invoked command in '/home/ishara/fyp/Human_Preffered_Velocity_Prediction/build/smrr_interfaces' returned '0': CMAKE_PREFIX_PATH=${CMAKE_PREFIX_PATH}:/home/ishara/fyp/Human_Preffered_Velocity_Prediction/install/preffered_velocity_prediction:/home/ishara/fyp/Human_Preffered_Velocity_Prediction/install/human_data_buffer:/home/ishara/ros2_ws/install/my_robot_controller:/opt/ros/humble /usr/bin/cmake --install /home/ishara/fyp/Human_Preffered_Velocity_Prediction/build/smrr_interfaces
