[1.790s] Invoking command in '/home/ishara/fyp/Human_Preffered_Velocity_Prediction/build/smrr_goal_predictor': PYTHONPATH=/home/ishara/fyp/Human_Preffered_Velocity_Prediction/build/smrr_goal_predictor/prefix_override:/usr/lib/python3/dist-packages/colcon_core/task/python/colcon_distutils_commands:/home/ishara/fyp/Human_Preffered_Velocity_Prediction/install/smrr_goal_predictor/lib/python3.10/site-packages:${PYTHONPATH} /usr/bin/python3 -W ignore:setup.py install is deprecated setup.py develop --editable --build-directory /home/ishara/fyp/Human_Preffered_Velocity_Prediction/build/smrr_goal_predictor/build --no-deps symlink_data
[2.165s] running develop
[2.165s] /usr/lib/python3/dist-packages/setuptools/command/easy_install.py:158: EasyInstallDeprecationWarning: easy_install command is deprecated. Use build and pip and other standards-based tools.
[2.165s]   warnings.warn(
[2.390s] running egg_info
[2.390s] writing smrr_goal_predictor.egg-info/PKG-INFO
[2.390s] writing dependency_links to smrr_goal_predictor.egg-info/dependency_links.txt
[2.390s] writing entry points to smrr_goal_predictor.egg-info/entry_points.txt
[2.390s] writing requirements to smrr_goal_predictor.egg-info/requires.txt
[2.391s] writing top-level names to smrr_goal_predictor.egg-info/top_level.txt
[2.393s] reading manifest file 'smrr_goal_predictor.egg-info/SOURCES.txt'
[2.394s] writing manifest file 'smrr_goal_predictor.egg-info/SOURCES.txt'
[2.397s] running build_ext
[2.397s] Creating /home/ishara/fyp/Human_Preffered_Velocity_Prediction/install/smrr_goal_predictor/lib/python3.10/site-packages/smrr-goal-predictor.egg-link (link to .)
[2.399s] Installing crowd_flow_publisher script to /home/ishara/fyp/Human_Preffered_Velocity_Prediction/install/smrr_goal_predictor/lib/smrr_goal_predictor
[2.400s] Installing goal_pedictor_prev script to /home/ishara/fyp/Human_Preffered_Velocity_Prediction/install/smrr_goal_predictor/lib/smrr_goal_predictor
[2.400s] Installing goal_predictor script to /home/ishara/fyp/Human_Preffered_Velocity_Prediction/install/smrr_goal_predictor/lib/smrr_goal_predictor
[2.400s] 
[2.400s] Installed /home/ishara/fyp/Human_Preffered_Velocity_Prediction/build/smrr_goal_predictor
[2.400s] running symlink_data
[2.460s] Invoked command in '/home/ishara/fyp/Human_Preffered_Velocity_Prediction/build/smrr_goal_predictor' returned '0': PYTHONPATH=/home/ishara/fyp/Human_Preffered_Velocity_Prediction/build/smrr_goal_predictor/prefix_override:/usr/lib/python3/dist-packages/colcon_core/task/python/colcon_distutils_commands:/home/ishara/fyp/Human_Preffered_Velocity_Prediction/install/smrr_goal_predictor/lib/python3.10/site-packages:${PYTHONPATH} /usr/bin/python3 -W ignore:setup.py install is deprecated setup.py develop --editable --build-directory /home/ishara/fyp/Human_Preffered_Velocity_Prediction/build/smrr_goal_predictor/build --no-deps symlink_data
