running develop
running egg_info
creating goal_predictor.egg-info
writing goal_predictor.egg-info/PKG-INFO
writing dependency_links to goal_predictor.egg-info/dependency_links.txt
writing entry points to goal_predictor.egg-info/entry_points.txt
writing requirements to goal_predictor.egg-info/requires.txt
writing top-level names to goal_predictor.egg-info/top_level.txt
writing manifest file 'goal_predictor.egg-info/SOURCES.txt'
reading manifest file 'goal_predictor.egg-info/SOURCES.txt'
writing manifest file 'goal_predictor.egg-info/SOURCES.txt'
running build_ext
Creating /home/ishara/fyp/Human_Preffered_Velocity_Prediction/install/goal_predictor/lib/python3.10/site-packages/goal-predictor.egg-link (link to .)
Installing crowd_flow_publisher script to /home/ishara/fyp/Human_Preffered_Velocity_Prediction/install/goal_predictor/lib/smrr_goal_predictor
Installing goal_predictor script to /home/ishara/fyp/Human_Preffered_Velocity_Prediction/install/goal_predictor/lib/smrr_goal_predictor

Installed /home/ishara/fyp/Human_Preffered_Velocity_Prediction/build/goal_predictor
running symlink_data
creating /home/ishara/fyp/Human_Preffered_Velocity_Prediction/install/goal_predictor/share
creating /home/ishara/fyp/Human_Preffered_Velocity_Prediction/install/goal_predictor/share/ament_index
creating /home/ishara/fyp/Human_Preffered_Velocity_Prediction/install/goal_predictor/share/ament_index/resource_index
creating /home/ishara/fyp/Human_Preffered_Velocity_Prediction/install/goal_predictor/share/ament_index/resource_index/packages
