[0.730s] Invoking command in '/home/ishara/fyp/Human_Preffered_Velocity_Prediction/build/goal_predictor': PYTHONPATH=/home/ishara/fyp/Human_Preffered_Velocity_Prediction/build/goal_predictor/prefix_override:/usr/lib/python3/dist-packages/colcon_core/task/python/colcon_distutils_commands:/home/ishara/fyp/Human_Preffered_Velocity_Prediction/install/goal_predictor/lib/python3.10/site-packages:${PYTHONPATH} /usr/bin/python3 -W ignore:setup.py install is deprecated setup.py develop --editable --build-directory /home/ishara/fyp/Human_Preffered_Velocity_Prediction/build/goal_predictor/build --no-deps symlink_data
[0.987s] running develop
[0.987s] /usr/lib/python3/dist-packages/setuptools/command/easy_install.py:158: EasyInstallDeprecationWarning: easy_install command is deprecated. Use build and pip and other standards-based tools.
[0.987s]   warnings.warn(
[1.129s] running egg_info
[1.129s] creating goal_predictor.egg-info
[1.130s] writing goal_predictor.egg-info/PKG-INFO
[1.130s] writing dependency_links to goal_predictor.egg-info/dependency_links.txt
[1.130s] writing entry points to goal_predictor.egg-info/entry_points.txt
[1.130s] writing requirements to goal_predictor.egg-info/requires.txt
[1.130s] writing top-level names to goal_predictor.egg-info/top_level.txt
[1.130s] writing manifest file 'goal_predictor.egg-info/SOURCES.txt'
[1.130s] reading manifest file 'goal_predictor.egg-info/SOURCES.txt'
[1.131s] writing manifest file 'goal_predictor.egg-info/SOURCES.txt'
[1.132s] running build_ext
[1.132s] Creating /home/ishara/fyp/Human_Preffered_Velocity_Prediction/install/goal_predictor/lib/python3.10/site-packages/goal-predictor.egg-link (link to .)
[1.132s] Installing crowd_flow_publisher script to /home/ishara/fyp/Human_Preffered_Velocity_Prediction/install/goal_predictor/lib/smrr_goal_predictor
[1.132s] Installing goal_predictor script to /home/ishara/fyp/Human_Preffered_Velocity_Prediction/install/goal_predictor/lib/smrr_goal_predictor
[1.133s] 
[1.133s] Installed /home/ishara/fyp/Human_Preffered_Velocity_Prediction/build/goal_predictor
[1.133s] running symlink_data
[1.133s] creating /home/ishara/fyp/Human_Preffered_Velocity_Prediction/install/goal_predictor/share
[1.135s] creating /home/ishara/fyp/Human_Preffered_Velocity_Prediction/install/goal_predictor/share/ament_index
[1.135s] creating /home/ishara/fyp/Human_Preffered_Velocity_Prediction/install/goal_predictor/share/ament_index/resource_index
[1.135s] creating /home/ishara/fyp/Human_Preffered_Velocity_Prediction/install/goal_predictor/share/ament_index/resource_index/packages
[1.135s] error: can't copy '/home/ishara/fyp/Human_Preffered_Velocity_Prediction/build/goal_predictor/resource/goal_predictor': doesn't exist or not a regular file
[1.207s] Invoked command in '/home/ishara/fyp/Human_Preffered_Velocity_Prediction/build/goal_predictor' returned '1': PYTHONPATH=/home/ishara/fyp/Human_Preffered_Velocity_Prediction/build/goal_predictor/prefix_override:/usr/lib/python3/dist-packages/colcon_core/task/python/colcon_distutils_commands:/home/ishara/fyp/Human_Preffered_Velocity_Prediction/install/goal_predictor/lib/python3.10/site-packages:${PYTHONPATH} /usr/bin/python3 -W ignore:setup.py install is deprecated setup.py develop --editable --build-directory /home/ishara/fyp/Human_Preffered_Velocity_Prediction/build/goal_predictor/build --no-deps symlink_data
