[0.080s] DEBUG:colcon:Command line arguments: ['/usr/bin/colcon', 'list', '-p', '--base-paths', '/home/ishara/fyp/Human_Preffered_Velocity_Prediction']
[0.080s] DEBUG:colcon:Parsed command line arguments: Namespace(log_base=None, log_level=None, verb_name='list', build_base='build', ignore_user_meta=False, metas=['./colcon.meta'], base_paths=['/home/ishara/fyp/Human_Preffered_Velocity_Prediction'], packages_ignore=None, packages_ignore_regex=None, paths=None, packages_up_to=None, packages_up_to_regex=None, packages_above=None, packages_above_and_dependencies=None, packages_above_depth=None, packages_select_by_dep=None, packages_skip_by_dep=None, packages_skip_up_to=None, packages_select_build_failed=False, packages_skip_build_finished=False, packages_select_test_failures=False, packages_skip_test_passed=False, packages_select=None, packages_skip=None, packages_select_regex=None, packages_skip_regex=None, packages_start=None, packages_end=None, allow_overriding=[], topological_order=False, names_only=False, paths_only=True, topological_graph=False, topological_graph_dot=False, topological_graph_density=False, topological_graph_legend=False, topological_graph_dot_cluster=False, topological_graph_dot_include_skipped=False, mixin_files=None, mixin=None, verb_parser=<colcon_mixin.mixin.mixin_argument.MixinArgumentDecorator object at 0x7c0e25b6c820>, verb_extension=<colcon_package_information.verb.list.ListVerb object at 0x7c0e25b37670>, main=<bound method ListVerb.main of <colcon_package_information.verb.list.ListVerb object at 0x7c0e25b37670>>, mixin_verb=('list',))
[0.219s] Level 1:colcon.colcon_core.package_discovery:discover_packages(colcon_meta) check parameters
[0.219s] Level 1:colcon.colcon_core.package_discovery:discover_packages(recursive) check parameters
[0.219s] Level 1:colcon.colcon_core.package_discovery:discover_packages(ignore) check parameters
[0.219s] Level 1:colcon.colcon_core.package_discovery:discover_packages(path) check parameters
[0.219s] Level 1:colcon.colcon_core.package_discovery:discover_packages(recursive) discover
[0.219s] INFO:colcon.colcon_core.package_discovery:Crawling recursively for packages in '/home/ishara/fyp/Human_Preffered_Velocity_Prediction'
[0.220s] Level 1:colcon.colcon_core.package_identification:_identify(/home/ishara/fyp/Human_Preffered_Velocity_Prediction) by extensions ['ignore', 'ignore_ament_install']
[0.220s] Level 1:colcon.colcon_core.package_identification:_identify(/home/ishara/fyp/Human_Preffered_Velocity_Prediction) by extension 'ignore'
[0.220s] Level 1:colcon.colcon_core.package_identification:_identify(/home/ishara/fyp/Human_Preffered_Velocity_Prediction) by extension 'ignore_ament_install'
[0.220s] Level 1:colcon.colcon_core.package_identification:_identify(/home/ishara/fyp/Human_Preffered_Velocity_Prediction) by extensions ['colcon_pkg']
[0.220s] Level 1:colcon.colcon_core.package_identification:_identify(/home/ishara/fyp/Human_Preffered_Velocity_Prediction) by extension 'colcon_pkg'
[0.220s] Level 1:colcon.colcon_core.package_identification:_identify(/home/ishara/fyp/Human_Preffered_Velocity_Prediction) by extensions ['colcon_meta']
[0.220s] Level 1:colcon.colcon_core.package_identification:_identify(/home/ishara/fyp/Human_Preffered_Velocity_Prediction) by extension 'colcon_meta'
[0.220s] Level 1:colcon.colcon_core.package_identification:_identify(/home/ishara/fyp/Human_Preffered_Velocity_Prediction) by extensions ['ros']
[0.220s] Level 1:colcon.colcon_core.package_identification:_identify(/home/ishara/fyp/Human_Preffered_Velocity_Prediction) by extension 'ros'
[0.230s] Level 1:colcon.colcon_core.package_identification:_identify(/home/ishara/fyp/Human_Preffered_Velocity_Prediction) by extensions ['cmake', 'python']
[0.230s] Level 1:colcon.colcon_core.package_identification:_identify(/home/ishara/fyp/Human_Preffered_Velocity_Prediction) by extension 'cmake'
[0.230s] Level 1:colcon.colcon_core.package_identification:_identify(/home/ishara/fyp/Human_Preffered_Velocity_Prediction) by extension 'python'
[0.230s] Level 1:colcon.colcon_core.package_identification:_identify(/home/ishara/fyp/Human_Preffered_Velocity_Prediction) by extensions ['python_setup_py']
[0.230s] Level 1:colcon.colcon_core.package_identification:_identify(/home/ishara/fyp/Human_Preffered_Velocity_Prediction) by extension 'python_setup_py'
[0.230s] Level 1:colcon.colcon_core.package_identification:_identify(/home/ishara/fyp/Human_Preffered_Velocity_Prediction/build) by extensions ['ignore', 'ignore_ament_install']
[0.230s] Level 1:colcon.colcon_core.package_identification:_identify(/home/ishara/fyp/Human_Preffered_Velocity_Prediction/build) by extension 'ignore'
[0.230s] Level 1:colcon.colcon_core.package_identification:_identify(/home/ishara/fyp/Human_Preffered_Velocity_Prediction/build) ignored
[0.230s] Level 1:colcon.colcon_core.package_identification:_identify(/home/ishara/fyp/Human_Preffered_Velocity_Prediction/install) by extensions ['ignore', 'ignore_ament_install']
[0.230s] Level 1:colcon.colcon_core.package_identification:_identify(/home/ishara/fyp/Human_Preffered_Velocity_Prediction/install) by extension 'ignore'
[0.230s] Level 1:colcon.colcon_core.package_identification:_identify(/home/ishara/fyp/Human_Preffered_Velocity_Prediction/install) ignored
[0.230s] Level 1:colcon.colcon_core.package_identification:_identify(/home/ishara/fyp/Human_Preffered_Velocity_Prediction/log) by extensions ['ignore', 'ignore_ament_install']
[0.230s] Level 1:colcon.colcon_core.package_identification:_identify(/home/ishara/fyp/Human_Preffered_Velocity_Prediction/log) by extension 'ignore'
[0.230s] Level 1:colcon.colcon_core.package_identification:_identify(/home/ishara/fyp/Human_Preffered_Velocity_Prediction/log) ignored
[0.230s] Level 1:colcon.colcon_core.package_identification:_identify(/home/ishara/fyp/Human_Preffered_Velocity_Prediction/src) by extensions ['ignore', 'ignore_ament_install']
[0.230s] Level 1:colcon.colcon_core.package_identification:_identify(/home/ishara/fyp/Human_Preffered_Velocity_Prediction/src) by extension 'ignore'
[0.231s] Level 1:colcon.colcon_core.package_identification:_identify(/home/ishara/fyp/Human_Preffered_Velocity_Prediction/src) by extension 'ignore_ament_install'
[0.231s] Level 1:colcon.colcon_core.package_identification:_identify(/home/ishara/fyp/Human_Preffered_Velocity_Prediction/src) by extensions ['colcon_pkg']
[0.231s] Level 1:colcon.colcon_core.package_identification:_identify(/home/ishara/fyp/Human_Preffered_Velocity_Prediction/src) by extension 'colcon_pkg'
[0.231s] Level 1:colcon.colcon_core.package_identification:_identify(/home/ishara/fyp/Human_Preffered_Velocity_Prediction/src) by extensions ['colcon_meta']
[0.231s] Level 1:colcon.colcon_core.package_identification:_identify(/home/ishara/fyp/Human_Preffered_Velocity_Prediction/src) by extension 'colcon_meta'
[0.231s] Level 1:colcon.colcon_core.package_identification:_identify(/home/ishara/fyp/Human_Preffered_Velocity_Prediction/src) by extensions ['ros']
[0.231s] Level 1:colcon.colcon_core.package_identification:_identify(/home/ishara/fyp/Human_Preffered_Velocity_Prediction/src) by extension 'ros'
[0.231s] Level 1:colcon.colcon_core.package_identification:_identify(/home/ishara/fyp/Human_Preffered_Velocity_Prediction/src) by extensions ['cmake', 'python']
[0.231s] Level 1:colcon.colcon_core.package_identification:_identify(/home/ishara/fyp/Human_Preffered_Velocity_Prediction/src) by extension 'cmake'
[0.231s] Level 1:colcon.colcon_core.package_identification:_identify(/home/ishara/fyp/Human_Preffered_Velocity_Prediction/src) by extension 'python'
[0.231s] Level 1:colcon.colcon_core.package_identification:_identify(/home/ishara/fyp/Human_Preffered_Velocity_Prediction/src) by extensions ['python_setup_py']
[0.231s] Level 1:colcon.colcon_core.package_identification:_identify(/home/ishara/fyp/Human_Preffered_Velocity_Prediction/src) by extension 'python_setup_py'
[0.231s] Level 1:colcon.colcon_core.package_identification:_identify(/home/ishara/fyp/Human_Preffered_Velocity_Prediction/src/human_data_buffer) by extensions ['ignore', 'ignore_ament_install']
[0.231s] Level 1:colcon.colcon_core.package_identification:_identify(/home/ishara/fyp/Human_Preffered_Velocity_Prediction/src/human_data_buffer) by extension 'ignore'
[0.231s] Level 1:colcon.colcon_core.package_identification:_identify(/home/ishara/fyp/Human_Preffered_Velocity_Prediction/src/human_data_buffer) by extension 'ignore_ament_install'
[0.231s] Level 1:colcon.colcon_core.package_identification:_identify(/home/ishara/fyp/Human_Preffered_Velocity_Prediction/src/human_data_buffer) by extensions ['colcon_pkg']
[0.231s] Level 1:colcon.colcon_core.package_identification:_identify(/home/ishara/fyp/Human_Preffered_Velocity_Prediction/src/human_data_buffer) by extension 'colcon_pkg'
[0.231s] Level 1:colcon.colcon_core.package_identification:_identify(/home/ishara/fyp/Human_Preffered_Velocity_Prediction/src/human_data_buffer) by extensions ['colcon_meta']
[0.231s] Level 1:colcon.colcon_core.package_identification:_identify(/home/ishara/fyp/Human_Preffered_Velocity_Prediction/src/human_data_buffer) by extension 'colcon_meta'
[0.231s] Level 1:colcon.colcon_core.package_identification:_identify(/home/ishara/fyp/Human_Preffered_Velocity_Prediction/src/human_data_buffer) by extensions ['ros']
[0.231s] Level 1:colcon.colcon_core.package_identification:_identify(/home/ishara/fyp/Human_Preffered_Velocity_Prediction/src/human_data_buffer) by extension 'ros'
[0.234s] DEBUG:colcon.colcon_core.package_identification:Package '/home/ishara/fyp/Human_Preffered_Velocity_Prediction/src/human_data_buffer' with type 'ros.ament_python' and name 'human_data_buffer'
[0.234s] Level 1:colcon.colcon_core.package_identification:_identify(/home/ishara/fyp/Human_Preffered_Velocity_Prediction/src/preffered_velocity_prediction) by extensions ['ignore', 'ignore_ament_install']
[0.234s] Level 1:colcon.colcon_core.package_identification:_identify(/home/ishara/fyp/Human_Preffered_Velocity_Prediction/src/preffered_velocity_prediction) by extension 'ignore'
[0.234s] Level 1:colcon.colcon_core.package_identification:_identify(/home/ishara/fyp/Human_Preffered_Velocity_Prediction/src/preffered_velocity_prediction) by extension 'ignore_ament_install'
[0.234s] Level 1:colcon.colcon_core.package_identification:_identify(/home/ishara/fyp/Human_Preffered_Velocity_Prediction/src/preffered_velocity_prediction) by extensions ['colcon_pkg']
[0.234s] Level 1:colcon.colcon_core.package_identification:_identify(/home/ishara/fyp/Human_Preffered_Velocity_Prediction/src/preffered_velocity_prediction) by extension 'colcon_pkg'
[0.234s] Level 1:colcon.colcon_core.package_identification:_identify(/home/ishara/fyp/Human_Preffered_Velocity_Prediction/src/preffered_velocity_prediction) by extensions ['colcon_meta']
[0.234s] Level 1:colcon.colcon_core.package_identification:_identify(/home/ishara/fyp/Human_Preffered_Velocity_Prediction/src/preffered_velocity_prediction) by extension 'colcon_meta'
[0.234s] Level 1:colcon.colcon_core.package_identification:_identify(/home/ishara/fyp/Human_Preffered_Velocity_Prediction/src/preffered_velocity_prediction) by extensions ['ros']
[0.234s] Level 1:colcon.colcon_core.package_identification:_identify(/home/ishara/fyp/Human_Preffered_Velocity_Prediction/src/preffered_velocity_prediction) by extension 'ros'
[0.235s] DEBUG:colcon.colcon_core.package_identification:Package '/home/ishara/fyp/Human_Preffered_Velocity_Prediction/src/preffered_velocity_prediction' with type 'ros.ament_python' and name 'preffered_velocity_prediction'
[0.235s] Level 1:colcon.colcon_core.package_identification:_identify(/home/ishara/fyp/Human_Preffered_Velocity_Prediction/src/smrr_interfaces) by extensions ['ignore', 'ignore_ament_install']
[0.236s] Level 1:colcon.colcon_core.package_identification:_identify(/home/ishara/fyp/Human_Preffered_Velocity_Prediction/src/smrr_interfaces) by extension 'ignore'
[0.236s] Level 1:colcon.colcon_core.package_identification:_identify(/home/ishara/fyp/Human_Preffered_Velocity_Prediction/src/smrr_interfaces) by extension 'ignore_ament_install'
[0.236s] Level 1:colcon.colcon_core.package_identification:_identify(/home/ishara/fyp/Human_Preffered_Velocity_Prediction/src/smrr_interfaces) by extensions ['colcon_pkg']
[0.236s] Level 1:colcon.colcon_core.package_identification:_identify(/home/ishara/fyp/Human_Preffered_Velocity_Prediction/src/smrr_interfaces) by extension 'colcon_pkg'
[0.236s] Level 1:colcon.colcon_core.package_identification:_identify(/home/ishara/fyp/Human_Preffered_Velocity_Prediction/src/smrr_interfaces) by extensions ['colcon_meta']
[0.236s] Level 1:colcon.colcon_core.package_identification:_identify(/home/ishara/fyp/Human_Preffered_Velocity_Prediction/src/smrr_interfaces) by extension 'colcon_meta'
[0.236s] Level 1:colcon.colcon_core.package_identification:_identify(/home/ishara/fyp/Human_Preffered_Velocity_Prediction/src/smrr_interfaces) by extensions ['ros']
[0.236s] Level 1:colcon.colcon_core.package_identification:_identify(/home/ishara/fyp/Human_Preffered_Velocity_Prediction/src/smrr_interfaces) by extension 'ros'
[0.236s] DEBUG:colcon.colcon_core.package_identification:Package '/home/ishara/fyp/Human_Preffered_Velocity_Prediction/src/smrr_interfaces' with type 'ros.ament_python' and name 'smrr_interfaces'
[0.236s] Level 1:colcon.colcon_core.package_discovery:discover_packages(recursive) using defaults
