[0.090s] DEBUG:colcon:Command line arguments: ['/usr/bin/colcon', 'build', '--symlink-install']
[0.090s] DEBUG:colcon:Parsed command line arguments: Namespace(log_base=None, log_level=None, verb_name='build', build_base='build', install_base='install', merge_install=False, symlink_install=True, test_result_base=None, continue_on_error=False, executor='parallel', parallel_workers=6, event_handlers=None, ignore_user_meta=False, metas=['./colcon.meta'], base_paths=['.'], packages_ignore=None, packages_ignore_regex=None, paths=None, packages_up_to=None, packages_up_to_regex=None, packages_above=None, packages_above_and_dependencies=None, packages_above_depth=None, packages_select_by_dep=None, packages_skip_by_dep=None, packages_skip_up_to=None, packages_select_build_failed=False, packages_skip_build_finished=False, packages_select_test_failures=False, packages_skip_test_passed=False, packages_select=None, packages_skip=None, packages_select_regex=None, packages_skip_regex=None, packages_start=None, packages_end=None, allow_overriding=[], cmake_args=None, cmake_target=None, cmake_target_skip_unavailable=False, cmake_clean_cache=False, cmake_clean_first=False, cmake_force_configure=False, ament_cmake_args=None, catkin_cmake_args=None, catkin_skip_building_tests=False, mixin_files=None, mixin=None, verb_parser=<colcon_mixin.mixin.mixin_argument.MixinArgumentDecorator object at 0x78d43abc8ee0>, verb_extension=<colcon_core.verb.build.BuildVerb object at 0x78d43abc89d0>, main=<bound method BuildVerb.main of <colcon_core.verb.build.BuildVerb object at 0x78d43abc89d0>>, mixin_verb=('build',))
[0.227s] Level 1:colcon.colcon_core.package_discovery:discover_packages(colcon_meta) check parameters
[0.227s] Level 1:colcon.colcon_core.package_discovery:discover_packages(recursive) check parameters
[0.227s] Level 1:colcon.colcon_core.package_discovery:discover_packages(ignore) check parameters
[0.227s] Level 1:colcon.colcon_core.package_discovery:discover_packages(path) check parameters
[0.227s] Level 1:colcon.colcon_core.package_discovery:discover_packages(colcon_meta) discover
[0.227s] Level 1:colcon.colcon_core.package_discovery:discover_packages(recursive) discover
[0.227s] INFO:colcon.colcon_core.package_discovery:Crawling recursively for packages in '/home/ishara/fyp/Human_Preffered_Velocity_Prediction'
[0.227s] Level 1:colcon.colcon_core.package_identification:_identify(.) by extensions ['ignore', 'ignore_ament_install']
[0.227s] Level 1:colcon.colcon_core.package_identification:_identify(.) by extension 'ignore'
[0.227s] Level 1:colcon.colcon_core.package_identification:_identify(.) by extension 'ignore_ament_install'
[0.227s] Level 1:colcon.colcon_core.package_identification:_identify(.) by extensions ['colcon_pkg']
[0.227s] Level 1:colcon.colcon_core.package_identification:_identify(.) by extension 'colcon_pkg'
[0.227s] Level 1:colcon.colcon_core.package_identification:_identify(.) by extensions ['colcon_meta']
[0.227s] Level 1:colcon.colcon_core.package_identification:_identify(.) by extension 'colcon_meta'
[0.227s] Level 1:colcon.colcon_core.package_identification:_identify(.) by extensions ['ros']
[0.227s] Level 1:colcon.colcon_core.package_identification:_identify(.) by extension 'ros'
[0.236s] Level 1:colcon.colcon_core.package_identification:_identify(.) by extensions ['cmake', 'python']
[0.236s] Level 1:colcon.colcon_core.package_identification:_identify(.) by extension 'cmake'
[0.236s] Level 1:colcon.colcon_core.package_identification:_identify(.) by extension 'python'
[0.236s] Level 1:colcon.colcon_core.package_identification:_identify(.) by extensions ['python_setup_py']
[0.236s] Level 1:colcon.colcon_core.package_identification:_identify(.) by extension 'python_setup_py'
[0.236s] Level 1:colcon.colcon_core.package_identification:_identify(build) by extensions ['ignore', 'ignore_ament_install']
[0.237s] Level 1:colcon.colcon_core.package_identification:_identify(build) by extension 'ignore'
[0.237s] Level 1:colcon.colcon_core.package_identification:_identify(build) ignored
[0.237s] Level 1:colcon.colcon_core.package_identification:_identify(install) by extensions ['ignore', 'ignore_ament_install']
[0.237s] Level 1:colcon.colcon_core.package_identification:_identify(install) by extension 'ignore'
[0.237s] Level 1:colcon.colcon_core.package_identification:_identify(install) ignored
[0.237s] Level 1:colcon.colcon_core.package_identification:_identify(log) by extensions ['ignore', 'ignore_ament_install']
[0.237s] Level 1:colcon.colcon_core.package_identification:_identify(log) by extension 'ignore'
[0.237s] Level 1:colcon.colcon_core.package_identification:_identify(log) ignored
[0.237s] Level 1:colcon.colcon_core.package_identification:_identify(src) by extensions ['ignore', 'ignore_ament_install']
[0.237s] Level 1:colcon.colcon_core.package_identification:_identify(src) by extension 'ignore'
[0.237s] Level 1:colcon.colcon_core.package_identification:_identify(src) by extension 'ignore_ament_install'
[0.237s] Level 1:colcon.colcon_core.package_identification:_identify(src) by extensions ['colcon_pkg']
[0.237s] Level 1:colcon.colcon_core.package_identification:_identify(src) by extension 'colcon_pkg'
[0.237s] Level 1:colcon.colcon_core.package_identification:_identify(src) by extensions ['colcon_meta']
[0.237s] Level 1:colcon.colcon_core.package_identification:_identify(src) by extension 'colcon_meta'
[0.237s] Level 1:colcon.colcon_core.package_identification:_identify(src) by extensions ['ros']
[0.237s] Level 1:colcon.colcon_core.package_identification:_identify(src) by extension 'ros'
[0.237s] Level 1:colcon.colcon_core.package_identification:_identify(src) by extensions ['cmake', 'python']
[0.237s] Level 1:colcon.colcon_core.package_identification:_identify(src) by extension 'cmake'
[0.237s] Level 1:colcon.colcon_core.package_identification:_identify(src) by extension 'python'
[0.237s] Level 1:colcon.colcon_core.package_identification:_identify(src) by extensions ['python_setup_py']
[0.237s] Level 1:colcon.colcon_core.package_identification:_identify(src) by extension 'python_setup_py'
[0.238s] Level 1:colcon.colcon_core.package_identification:_identify(src/goal_predictor) by extensions ['ignore', 'ignore_ament_install']
[0.238s] Level 1:colcon.colcon_core.package_identification:_identify(src/goal_predictor) by extension 'ignore'
[0.238s] Level 1:colcon.colcon_core.package_identification:_identify(src/goal_predictor) by extension 'ignore_ament_install'
[0.238s] Level 1:colcon.colcon_core.package_identification:_identify(src/goal_predictor) by extensions ['colcon_pkg']
[0.238s] Level 1:colcon.colcon_core.package_identification:_identify(src/goal_predictor) by extension 'colcon_pkg'
[0.238s] Level 1:colcon.colcon_core.package_identification:_identify(src/goal_predictor) by extensions ['colcon_meta']
[0.238s] Level 1:colcon.colcon_core.package_identification:_identify(src/goal_predictor) by extension 'colcon_meta'
[0.238s] Level 1:colcon.colcon_core.package_identification:_identify(src/goal_predictor) by extensions ['ros']
[0.238s] Level 1:colcon.colcon_core.package_identification:_identify(src/goal_predictor) by extension 'ros'
[0.240s] DEBUG:colcon.colcon_core.package_identification:Package 'src/goal_predictor' with type 'ros.ament_python' and name 'goal_predictor'
[0.240s] Level 1:colcon.colcon_core.package_identification:_identify(src/human_data_buffer) by extensions ['ignore', 'ignore_ament_install']
[0.240s] Level 1:colcon.colcon_core.package_identification:_identify(src/human_data_buffer) by extension 'ignore'
[0.240s] Level 1:colcon.colcon_core.package_identification:_identify(src/human_data_buffer) by extension 'ignore_ament_install'
[0.240s] Level 1:colcon.colcon_core.package_identification:_identify(src/human_data_buffer) by extensions ['colcon_pkg']
[0.240s] Level 1:colcon.colcon_core.package_identification:_identify(src/human_data_buffer) by extension 'colcon_pkg'
[0.240s] Level 1:colcon.colcon_core.package_identification:_identify(src/human_data_buffer) by extensions ['colcon_meta']
[0.240s] Level 1:colcon.colcon_core.package_identification:_identify(src/human_data_buffer) by extension 'colcon_meta'
[0.240s] Level 1:colcon.colcon_core.package_identification:_identify(src/human_data_buffer) by extensions ['ros']
[0.240s] Level 1:colcon.colcon_core.package_identification:_identify(src/human_data_buffer) by extension 'ros'
[0.241s] DEBUG:colcon.colcon_core.package_identification:Package 'src/human_data_buffer' with type 'ros.ament_python' and name 'human_data_buffer'
[0.242s] Level 1:colcon.colcon_core.package_identification:_identify(src/mini_project_kf) by extensions ['ignore', 'ignore_ament_install']
[0.242s] Level 1:colcon.colcon_core.package_identification:_identify(src/mini_project_kf) by extension 'ignore'
[0.242s] Level 1:colcon.colcon_core.package_identification:_identify(src/mini_project_kf) by extension 'ignore_ament_install'
[0.242s] Level 1:colcon.colcon_core.package_identification:_identify(src/mini_project_kf) by extensions ['colcon_pkg']
[0.242s] Level 1:colcon.colcon_core.package_identification:_identify(src/mini_project_kf) by extension 'colcon_pkg'
[0.242s] Level 1:colcon.colcon_core.package_identification:_identify(src/mini_project_kf) by extensions ['colcon_meta']
[0.242s] Level 1:colcon.colcon_core.package_identification:_identify(src/mini_project_kf) by extension 'colcon_meta'
[0.242s] Level 1:colcon.colcon_core.package_identification:_identify(src/mini_project_kf) by extensions ['ros']
[0.242s] Level 1:colcon.colcon_core.package_identification:_identify(src/mini_project_kf) by extension 'ros'
[0.243s] DEBUG:colcon.colcon_core.package_identification:Package 'src/mini_project_kf' with type 'ros.ament_python' and name 'mini_project_kf'
[0.243s] Level 1:colcon.colcon_core.package_identification:_identify(src/preffered_velocity_prediction) by extensions ['ignore', 'ignore_ament_install']
[0.243s] Level 1:colcon.colcon_core.package_identification:_identify(src/preffered_velocity_prediction) by extension 'ignore'
[0.243s] Level 1:colcon.colcon_core.package_identification:_identify(src/preffered_velocity_prediction) by extension 'ignore_ament_install'
[0.243s] Level 1:colcon.colcon_core.package_identification:_identify(src/preffered_velocity_prediction) by extensions ['colcon_pkg']
[0.243s] Level 1:colcon.colcon_core.package_identification:_identify(src/preffered_velocity_prediction) by extension 'colcon_pkg'
[0.243s] Level 1:colcon.colcon_core.package_identification:_identify(src/preffered_velocity_prediction) by extensions ['colcon_meta']
[0.243s] Level 1:colcon.colcon_core.package_identification:_identify(src/preffered_velocity_prediction) by extension 'colcon_meta'
[0.243s] Level 1:colcon.colcon_core.package_identification:_identify(src/preffered_velocity_prediction) by extensions ['ros']
[0.243s] Level 1:colcon.colcon_core.package_identification:_identify(src/preffered_velocity_prediction) by extension 'ros'
[0.244s] DEBUG:colcon.colcon_core.package_identification:Package 'src/preffered_velocity_prediction' with type 'ros.ament_python' and name 'preffered_velocity_prediction'
[0.244s] Level 1:colcon.colcon_core.package_identification:_identify(src/smrr_interfaces) by extensions ['ignore', 'ignore_ament_install']
[0.244s] Level 1:colcon.colcon_core.package_identification:_identify(src/smrr_interfaces) by extension 'ignore'
[0.244s] Level 1:colcon.colcon_core.package_identification:_identify(src/smrr_interfaces) by extension 'ignore_ament_install'
[0.244s] Level 1:colcon.colcon_core.package_identification:_identify(src/smrr_interfaces) by extensions ['colcon_pkg']
[0.244s] Level 1:colcon.colcon_core.package_identification:_identify(src/smrr_interfaces) by extension 'colcon_pkg'
[0.244s] Level 1:colcon.colcon_core.package_identification:_identify(src/smrr_interfaces) by extensions ['colcon_meta']
[0.244s] Level 1:colcon.colcon_core.package_identification:_identify(src/smrr_interfaces) by extension 'colcon_meta'
[0.244s] Level 1:colcon.colcon_core.package_identification:_identify(src/smrr_interfaces) by extensions ['ros']
[0.244s] Level 1:colcon.colcon_core.package_identification:_identify(src/smrr_interfaces) by extension 'ros'
[0.244s] DEBUG:colcon.colcon_core.package_identification:Package 'src/smrr_interfaces' with type 'ros.ament_cmake' and name 'smrr_interfaces'
[0.244s] Level 1:colcon.colcon_core.package_discovery:discover_packages(recursive) using defaults
[0.244s] Level 1:colcon.colcon_core.package_discovery:discover_packages(ignore) discover
[0.244s] Level 1:colcon.colcon_core.package_discovery:discover_packages(ignore) using defaults
[0.244s] Level 1:colcon.colcon_core.package_discovery:discover_packages(path) discover
[0.244s] Level 1:colcon.colcon_core.package_discovery:discover_packages(path) using defaults
[0.275s] Level 1:colcon.colcon_core.package_discovery:discover_packages(prefix_path) check parameters
[0.275s] Level 1:colcon.colcon_core.package_discovery:discover_packages(prefix_path) discover
[0.276s] DEBUG:colcon.colcon_installed_package_information.package_discovery:Found 6 installed packages in /home/ishara/fyp/Human_Preffered_Velocity_Prediction/install
[0.277s] DEBUG:colcon.colcon_installed_package_information.package_discovery:Found 1 installed packages in /home/ishara/cpp_pubsub/install
[0.277s] DEBUG:colcon.colcon_installed_package_information.package_discovery:Found 1 installed packages in /home/ishara/ros2_ws/install
[0.277s] DEBUG:colcon.colcon_installed_package_information.package_discovery:Found 7 installed packages in /home/ishara/prelab_ros2_ws/install
[0.279s] DEBUG:colcon.colcon_installed_package_information.package_discovery:Found 398 installed packages in /opt/ros/humble
[0.280s] Level 1:colcon.colcon_core.package_discovery:discover_packages(prefix_path) using defaults
[0.318s] Level 5:colcon.colcon_core.verb:set package 'goal_predictor' build argument 'cmake_args' from command line to 'None'
[0.318s] Level 5:colcon.colcon_core.verb:set package 'goal_predictor' build argument 'cmake_target' from command line to 'None'
[0.318s] Level 5:colcon.colcon_core.verb:set package 'goal_predictor' build argument 'cmake_target_skip_unavailable' from command line to 'False'
[0.318s] Level 5:colcon.colcon_core.verb:set package 'goal_predictor' build argument 'cmake_clean_cache' from command line to 'False'
[0.318s] Level 5:colcon.colcon_core.verb:set package 'goal_predictor' build argument 'cmake_clean_first' from command line to 'False'
[0.318s] Level 5:colcon.colcon_core.verb:set package 'goal_predictor' build argument 'cmake_force_configure' from command line to 'False'
[0.318s] Level 5:colcon.colcon_core.verb:set package 'goal_predictor' build argument 'ament_cmake_args' from command line to 'None'
[0.318s] Level 5:colcon.colcon_core.verb:set package 'goal_predictor' build argument 'catkin_cmake_args' from command line to 'None'
[0.318s] Level 5:colcon.colcon_core.verb:set package 'goal_predictor' build argument 'catkin_skip_building_tests' from command line to 'False'
[0.318s] DEBUG:colcon.colcon_core.verb:Building package 'goal_predictor' with the following arguments: {'ament_cmake_args': None, 'build_base': '/home/ishara/fyp/Human_Preffered_Velocity_Prediction/build/goal_predictor', 'catkin_cmake_args': None, 'catkin_skip_building_tests': False, 'cmake_args': None, 'cmake_clean_cache': False, 'cmake_clean_first': False, 'cmake_force_configure': False, 'cmake_target': None, 'cmake_target_skip_unavailable': False, 'install_base': '/home/ishara/fyp/Human_Preffered_Velocity_Prediction/install/goal_predictor', 'merge_install': False, 'path': '/home/ishara/fyp/Human_Preffered_Velocity_Prediction/src/goal_predictor', 'symlink_install': True, 'test_result_base': None}
[0.319s] Level 5:colcon.colcon_core.verb:set package 'human_data_buffer' build argument 'cmake_args' from command line to 'None'
[0.319s] Level 5:colcon.colcon_core.verb:set package 'human_data_buffer' build argument 'cmake_target' from command line to 'None'
[0.319s] Level 5:colcon.colcon_core.verb:set package 'human_data_buffer' build argument 'cmake_target_skip_unavailable' from command line to 'False'
[0.319s] Level 5:colcon.colcon_core.verb:set package 'human_data_buffer' build argument 'cmake_clean_cache' from command line to 'False'
[0.319s] Level 5:colcon.colcon_core.verb:set package 'human_data_buffer' build argument 'cmake_clean_first' from command line to 'False'
[0.319s] Level 5:colcon.colcon_core.verb:set package 'human_data_buffer' build argument 'cmake_force_configure' from command line to 'False'
[0.319s] Level 5:colcon.colcon_core.verb:set package 'human_data_buffer' build argument 'ament_cmake_args' from command line to 'None'
[0.319s] Level 5:colcon.colcon_core.verb:set package 'human_data_buffer' build argument 'catkin_cmake_args' from command line to 'None'
[0.319s] Level 5:colcon.colcon_core.verb:set package 'human_data_buffer' build argument 'catkin_skip_building_tests' from command line to 'False'
[0.319s] DEBUG:colcon.colcon_core.verb:Building package 'human_data_buffer' with the following arguments: {'ament_cmake_args': None, 'build_base': '/home/ishara/fyp/Human_Preffered_Velocity_Prediction/build/human_data_buffer', 'catkin_cmake_args': None, 'catkin_skip_building_tests': False, 'cmake_args': None, 'cmake_clean_cache': False, 'cmake_clean_first': False, 'cmake_force_configure': False, 'cmake_target': None, 'cmake_target_skip_unavailable': False, 'install_base': '/home/ishara/fyp/Human_Preffered_Velocity_Prediction/install/human_data_buffer', 'merge_install': False, 'path': '/home/ishara/fyp/Human_Preffered_Velocity_Prediction/src/human_data_buffer', 'symlink_install': True, 'test_result_base': None}
[0.319s] Level 5:colcon.colcon_core.verb:set package 'mini_project_kf' build argument 'cmake_args' from command line to 'None'
[0.319s] Level 5:colcon.colcon_core.verb:set package 'mini_project_kf' build argument 'cmake_target' from command line to 'None'
[0.319s] Level 5:colcon.colcon_core.verb:set package 'mini_project_kf' build argument 'cmake_target_skip_unavailable' from command line to 'False'
[0.319s] Level 5:colcon.colcon_core.verb:set package 'mini_project_kf' build argument 'cmake_clean_cache' from command line to 'False'
[0.319s] Level 5:colcon.colcon_core.verb:set package 'mini_project_kf' build argument 'cmake_clean_first' from command line to 'False'
[0.319s] Level 5:colcon.colcon_core.verb:set package 'mini_project_kf' build argument 'cmake_force_configure' from command line to 'False'
[0.319s] Level 5:colcon.colcon_core.verb:set package 'mini_project_kf' build argument 'ament_cmake_args' from command line to 'None'
[0.319s] Level 5:colcon.colcon_core.verb:set package 'mini_project_kf' build argument 'catkin_cmake_args' from command line to 'None'
[0.319s] Level 5:colcon.colcon_core.verb:set package 'mini_project_kf' build argument 'catkin_skip_building_tests' from command line to 'False'
[0.319s] DEBUG:colcon.colcon_core.verb:Building package 'mini_project_kf' with the following arguments: {'ament_cmake_args': None, 'build_base': '/home/ishara/fyp/Human_Preffered_Velocity_Prediction/build/mini_project_kf', 'catkin_cmake_args': None, 'catkin_skip_building_tests': False, 'cmake_args': None, 'cmake_clean_cache': False, 'cmake_clean_first': False, 'cmake_force_configure': False, 'cmake_target': None, 'cmake_target_skip_unavailable': False, 'install_base': '/home/ishara/fyp/Human_Preffered_Velocity_Prediction/install/mini_project_kf', 'merge_install': False, 'path': '/home/ishara/fyp/Human_Preffered_Velocity_Prediction/src/mini_project_kf', 'symlink_install': True, 'test_result_base': None}
[0.319s] Level 5:colcon.colcon_core.verb:set package 'preffered_velocity_prediction' build argument 'cmake_args' from command line to 'None'
[0.319s] Level 5:colcon.colcon_core.verb:set package 'preffered_velocity_prediction' build argument 'cmake_target' from command line to 'None'
[0.319s] Level 5:colcon.colcon_core.verb:set package 'preffered_velocity_prediction' build argument 'cmake_target_skip_unavailable' from command line to 'False'
[0.319s] Level 5:colcon.colcon_core.verb:set package 'preffered_velocity_prediction' build argument 'cmake_clean_cache' from command line to 'False'
[0.319s] Level 5:colcon.colcon_core.verb:set package 'preffered_velocity_prediction' build argument 'cmake_clean_first' from command line to 'False'
[0.319s] Level 5:colcon.colcon_core.verb:set package 'preffered_velocity_prediction' build argument 'cmake_force_configure' from command line to 'False'
[0.320s] Level 5:colcon.colcon_core.verb:set package 'preffered_velocity_prediction' build argument 'ament_cmake_args' from command line to 'None'
[0.320s] Level 5:colcon.colcon_core.verb:set package 'preffered_velocity_prediction' build argument 'catkin_cmake_args' from command line to 'None'
[0.320s] Level 5:colcon.colcon_core.verb:set package 'preffered_velocity_prediction' build argument 'catkin_skip_building_tests' from command line to 'False'
[0.320s] DEBUG:colcon.colcon_core.verb:Building package 'preffered_velocity_prediction' with the following arguments: {'ament_cmake_args': None, 'build_base': '/home/ishara/fyp/Human_Preffered_Velocity_Prediction/build/preffered_velocity_prediction', 'catkin_cmake_args': None, 'catkin_skip_building_tests': False, 'cmake_args': None, 'cmake_clean_cache': False, 'cmake_clean_first': False, 'cmake_force_configure': False, 'cmake_target': None, 'cmake_target_skip_unavailable': False, 'install_base': '/home/ishara/fyp/Human_Preffered_Velocity_Prediction/install/preffered_velocity_prediction', 'merge_install': False, 'path': '/home/ishara/fyp/Human_Preffered_Velocity_Prediction/src/preffered_velocity_prediction', 'symlink_install': True, 'test_result_base': None}
[0.320s] Level 5:colcon.colcon_core.verb:set package 'smrr_interfaces' build argument 'cmake_args' from command line to 'None'
[0.320s] Level 5:colcon.colcon_core.verb:set package 'smrr_interfaces' build argument 'cmake_target' from command line to 'None'
[0.320s] Level 5:colcon.colcon_core.verb:set package 'smrr_interfaces' build argument 'cmake_target_skip_unavailable' from command line to 'False'
[0.320s] Level 5:colcon.colcon_core.verb:set package 'smrr_interfaces' build argument 'cmake_clean_cache' from command line to 'False'
[0.320s] Level 5:colcon.colcon_core.verb:set package 'smrr_interfaces' build argument 'cmake_clean_first' from command line to 'False'
[0.320s] Level 5:colcon.colcon_core.verb:set package 'smrr_interfaces' build argument 'cmake_force_configure' from command line to 'False'
[0.320s] Level 5:colcon.colcon_core.verb:set package 'smrr_interfaces' build argument 'ament_cmake_args' from command line to 'None'
[0.320s] Level 5:colcon.colcon_core.verb:set package 'smrr_interfaces' build argument 'catkin_cmake_args' from command line to 'None'
[0.320s] Level 5:colcon.colcon_core.verb:set package 'smrr_interfaces' build argument 'catkin_skip_building_tests' from command line to 'False'
[0.320s] DEBUG:colcon.colcon_core.verb:Building package 'smrr_interfaces' with the following arguments: {'ament_cmake_args': None, 'build_base': '/home/ishara/fyp/Human_Preffered_Velocity_Prediction/build/smrr_interfaces', 'catkin_cmake_args': None, 'catkin_skip_building_tests': False, 'cmake_args': None, 'cmake_clean_cache': False, 'cmake_clean_first': False, 'cmake_force_configure': False, 'cmake_target': None, 'cmake_target_skip_unavailable': False, 'install_base': '/home/ishara/fyp/Human_Preffered_Velocity_Prediction/install/smrr_interfaces', 'merge_install': False, 'path': '/home/ishara/fyp/Human_Preffered_Velocity_Prediction/src/smrr_interfaces', 'symlink_install': True, 'test_result_base': None}
[0.320s] INFO:colcon.colcon_core.executor:Executing jobs using 'parallel' executor
[0.321s] DEBUG:colcon.colcon_parallel_executor.executor.parallel:run_until_complete
[0.321s] INFO:colcon.colcon_ros.task.ament_python.build:Building ROS package in '/home/ishara/fyp/Human_Preffered_Velocity_Prediction/src/goal_predictor' with build type 'ament_python'
[0.321s] Level 1:colcon.colcon_core.shell:create_environment_hook('goal_predictor', 'ament_prefix_path')
[0.324s] INFO:colcon.colcon_core.plugin_system:Skipping extension 'colcon_core.shell.bat': Not used on non-Windows systems
[0.324s] INFO:colcon.colcon_core.shell:Creating environment hook '/home/ishara/fyp/Human_Preffered_Velocity_Prediction/install/goal_predictor/share/goal_predictor/hook/ament_prefix_path.ps1'
[0.324s] INFO:colcon.colcon_core.shell:Creating environment descriptor '/home/ishara/fyp/Human_Preffered_Velocity_Prediction/install/goal_predictor/share/goal_predictor/hook/ament_prefix_path.dsv'
[0.325s] INFO:colcon.colcon_core.shell:Creating environment hook '/home/ishara/fyp/Human_Preffered_Velocity_Prediction/install/goal_predictor/share/goal_predictor/hook/ament_prefix_path.sh'
[0.325s] INFO:colcon.colcon_core.shell:Skip shell extension 'powershell' for command environment: Not usable outside of PowerShell
[0.325s] DEBUG:colcon.colcon_core.shell:Skip shell extension 'dsv' for command environment
[0.329s] INFO:colcon.colcon_ros.task.ament_python.build:Building ROS package in '/home/ishara/fyp/Human_Preffered_Velocity_Prediction/src/human_data_buffer' with build type 'ament_python'
[0.329s] Level 1:colcon.colcon_core.shell:create_environment_hook('human_data_buffer', 'ament_prefix_path')
[0.330s] INFO:colcon.colcon_core.shell:Creating environment hook '/home/ishara/fyp/Human_Preffered_Velocity_Prediction/install/human_data_buffer/share/human_data_buffer/hook/ament_prefix_path.ps1'
[0.330s] INFO:colcon.colcon_core.shell:Creating environment descriptor '/home/ishara/fyp/Human_Preffered_Velocity_Prediction/install/human_data_buffer/share/human_data_buffer/hook/ament_prefix_path.dsv'
[0.330s] INFO:colcon.colcon_core.shell:Creating environment hook '/home/ishara/fyp/Human_Preffered_Velocity_Prediction/install/human_data_buffer/share/human_data_buffer/hook/ament_prefix_path.sh'
[0.331s] INFO:colcon.colcon_core.shell:Skip shell extension 'powershell' for command environment: Not usable outside of PowerShell
[0.331s] DEBUG:colcon.colcon_core.shell:Skip shell extension 'dsv' for command environment
[0.335s] INFO:colcon.colcon_ros.task.ament_python.build:Building ROS package in '/home/ishara/fyp/Human_Preffered_Velocity_Prediction/src/mini_project_kf' with build type 'ament_python'
[0.335s] Level 1:colcon.colcon_core.shell:create_environment_hook('mini_project_kf', 'ament_prefix_path')
[0.335s] INFO:colcon.colcon_core.shell:Creating environment hook '/home/ishara/fyp/Human_Preffered_Velocity_Prediction/install/mini_project_kf/share/mini_project_kf/hook/ament_prefix_path.ps1'
[0.336s] INFO:colcon.colcon_core.shell:Creating environment descriptor '/home/ishara/fyp/Human_Preffered_Velocity_Prediction/install/mini_project_kf/share/mini_project_kf/hook/ament_prefix_path.dsv'
[0.336s] INFO:colcon.colcon_core.shell:Creating environment hook '/home/ishara/fyp/Human_Preffered_Velocity_Prediction/install/mini_project_kf/share/mini_project_kf/hook/ament_prefix_path.sh'
[0.337s] INFO:colcon.colcon_core.shell:Skip shell extension 'powershell' for command environment: Not usable outside of PowerShell
[0.337s] DEBUG:colcon.colcon_core.shell:Skip shell extension 'dsv' for command environment
[0.341s] INFO:colcon.colcon_ros.task.ament_python.build:Building ROS package in '/home/ishara/fyp/Human_Preffered_Velocity_Prediction/src/preffered_velocity_prediction' with build type 'ament_python'
[0.341s] Level 1:colcon.colcon_core.shell:create_environment_hook('preffered_velocity_prediction', 'ament_prefix_path')
[0.341s] INFO:colcon.colcon_core.shell:Creating environment hook '/home/ishara/fyp/Human_Preffered_Velocity_Prediction/install/preffered_velocity_prediction/share/preffered_velocity_prediction/hook/ament_prefix_path.ps1'
[0.342s] INFO:colcon.colcon_core.shell:Creating environment descriptor '/home/ishara/fyp/Human_Preffered_Velocity_Prediction/install/preffered_velocity_prediction/share/preffered_velocity_prediction/hook/ament_prefix_path.dsv'
[0.342s] INFO:colcon.colcon_core.shell:Creating environment hook '/home/ishara/fyp/Human_Preffered_Velocity_Prediction/install/preffered_velocity_prediction/share/preffered_velocity_prediction/hook/ament_prefix_path.sh'
[0.342s] INFO:colcon.colcon_core.shell:Skip shell extension 'powershell' for command environment: Not usable outside of PowerShell
[0.342s] DEBUG:colcon.colcon_core.shell:Skip shell extension 'dsv' for command environment
[0.346s] INFO:colcon.colcon_ros.task.ament_cmake.build:Building ROS package in '/home/ishara/fyp/Human_Preffered_Velocity_Prediction/src/smrr_interfaces' with build type 'ament_cmake'
[0.346s] INFO:colcon.colcon_cmake.task.cmake.build:Building CMake package in '/home/ishara/fyp/Human_Preffered_Velocity_Prediction/src/smrr_interfaces'
[0.347s] INFO:colcon.colcon_core.shell:Skip shell extension 'powershell' for command environment: Not usable outside of PowerShell
[0.347s] DEBUG:colcon.colcon_core.shell:Skip shell extension 'dsv' for command environment
[0.579s] INFO:colcon.colcon_core.task.python.build:Building Python package in '/home/ishara/fyp/Human_Preffered_Velocity_Prediction/src/goal_predictor'
[0.579s] INFO:colcon.colcon_core.shell:Skip shell extension 'powershell' for command environment: Not usable outside of PowerShell
[0.579s] DEBUG:colcon.colcon_core.shell:Skip shell extension 'dsv' for command environment
[0.811s] INFO:colcon.colcon_core.task.python.build:Building Python package in '/home/ishara/fyp/Human_Preffered_Velocity_Prediction/src/human_data_buffer'
[0.812s] INFO:colcon.colcon_core.shell:Skip shell extension 'powershell' for command environment: Not usable outside of PowerShell
[0.812s] DEBUG:colcon.colcon_core.shell:Skip shell extension 'dsv' for command environment
[1.049s] INFO:colcon.colcon_core.task.python.build:Building Python package in '/home/ishara/fyp/Human_Preffered_Velocity_Prediction/src/mini_project_kf'
[1.050s] INFO:colcon.colcon_core.shell:Skip shell extension 'powershell' for command environment: Not usable outside of PowerShell
[1.050s] DEBUG:colcon.colcon_core.shell:Skip shell extension 'dsv' for command environment
[1.285s] INFO:colcon.colcon_core.task.python.build:Building Python package in '/home/ishara/fyp/Human_Preffered_Velocity_Prediction/src/preffered_velocity_prediction'
[1.286s] INFO:colcon.colcon_core.shell:Skip shell extension 'powershell' for command environment: Not usable outside of PowerShell
[1.286s] DEBUG:colcon.colcon_core.shell:Skip shell extension 'dsv' for command environment
[1.306s] DEBUG:colcon.colcon_core.event_handler.log_command:Invoking command in '/home/ishara/fyp/Human_Preffered_Velocity_Prediction/build/smrr_interfaces': CMAKE_PREFIX_PATH=${CMAKE_PREFIX_PATH}:/home/ishara/fyp/Human_Preffered_Velocity_Prediction/install/smrr_goal_predictor:/home/ishara/fyp/Human_Preffered_Velocity_Prediction/install/preffered_velocity_prediction:/home/ishara/fyp/Human_Preffered_Velocity_Prediction/install/mini_project_kf:/home/ishara/fyp/Human_Preffered_Velocity_Prediction/install/human_data_buffer:/home/ishara/fyp/Human_Preffered_Velocity_Prediction/install/goal_predictor:/home/ishara/ros2_ws/install/my_robot_controller:/opt/ros/humble /usr/bin/cmake --build /home/ishara/fyp/Human_Preffered_Velocity_Prediction/build/smrr_interfaces -- -j6 -l6
[1.700s] DEBUG:colcon.colcon_core.event_handler.log_command:Invoking command in '/home/ishara/fyp/Human_Preffered_Velocity_Prediction/build/mini_project_kf': PYTHONPATH=/home/ishara/fyp/Human_Preffered_Velocity_Prediction/build/mini_project_kf/prefix_override:/usr/lib/python3/dist-packages/colcon_core/task/python/colcon_distutils_commands:/home/ishara/fyp/Human_Preffered_Velocity_Prediction/install/mini_project_kf/lib/python3.10/site-packages:${PYTHONPATH} /usr/bin/python3 -W ignore:setup.py install is deprecated setup.py develop --editable --build-directory /home/ishara/fyp/Human_Preffered_Velocity_Prediction/build/mini_project_kf/build --no-deps symlink_data
[1.718s] DEBUG:colcon.colcon_core.event_handler.log_command:Invoking command in '/home/ishara/fyp/Human_Preffered_Velocity_Prediction/build/goal_predictor': PYTHONPATH=/home/ishara/fyp/Human_Preffered_Velocity_Prediction/build/goal_predictor/prefix_override:/usr/lib/python3/dist-packages/colcon_core/task/python/colcon_distutils_commands:/home/ishara/fyp/Human_Preffered_Velocity_Prediction/install/goal_predictor/lib/python3.10/site-packages:${PYTHONPATH} /usr/bin/python3 -W ignore:setup.py install is deprecated setup.py develop --editable --build-directory /home/ishara/fyp/Human_Preffered_Velocity_Prediction/build/goal_predictor/build --no-deps symlink_data
[1.733s] DEBUG:colcon.colcon_core.event_handler.log_command:Invoking command in '/home/ishara/fyp/Human_Preffered_Velocity_Prediction/build/human_data_buffer': PYTHONPATH=/home/ishara/fyp/Human_Preffered_Velocity_Prediction/build/human_data_buffer/prefix_override:/usr/lib/python3/dist-packages/colcon_core/task/python/colcon_distutils_commands:/home/ishara/fyp/Human_Preffered_Velocity_Prediction/install/human_data_buffer/lib/python3.10/site-packages:${PYTHONPATH} /usr/bin/python3 -W ignore:setup.py install is deprecated setup.py develop --editable --build-directory /home/ishara/fyp/Human_Preffered_Velocity_Prediction/build/human_data_buffer/build --no-deps symlink_data
[1.733s] DEBUG:colcon.colcon_core.event_handler.log_command:Invoking command in '/home/ishara/fyp/Human_Preffered_Velocity_Prediction/build/preffered_velocity_prediction': PYTHONPATH=/home/ishara/fyp/Human_Preffered_Velocity_Prediction/build/preffered_velocity_prediction/prefix_override:/usr/lib/python3/dist-packages/colcon_core/task/python/colcon_distutils_commands:/home/ishara/fyp/Human_Preffered_Velocity_Prediction/install/preffered_velocity_prediction/lib/python3.10/site-packages:${PYTHONPATH} /usr/bin/python3 -W ignore:setup.py install is deprecated setup.py develop --editable --build-directory /home/ishara/fyp/Human_Preffered_Velocity_Prediction/build/preffered_velocity_prediction/build --no-deps symlink_data
[1.746s] DEBUG:colcon.colcon_core.event_handler.log_command:Invoked command in '/home/ishara/fyp/Human_Preffered_Velocity_Prediction/build/smrr_interfaces' returned '0': CMAKE_PREFIX_PATH=${CMAKE_PREFIX_PATH}:/home/ishara/fyp/Human_Preffered_Velocity_Prediction/install/smrr_goal_predictor:/home/ishara/fyp/Human_Preffered_Velocity_Prediction/install/preffered_velocity_prediction:/home/ishara/fyp/Human_Preffered_Velocity_Prediction/install/mini_project_kf:/home/ishara/fyp/Human_Preffered_Velocity_Prediction/install/human_data_buffer:/home/ishara/fyp/Human_Preffered_Velocity_Prediction/install/goal_predictor:/home/ishara/ros2_ws/install/my_robot_controller:/opt/ros/humble /usr/bin/cmake --build /home/ishara/fyp/Human_Preffered_Velocity_Prediction/build/smrr_interfaces -- -j6 -l6
[1.894s] DEBUG:colcon.colcon_core.event_handler.log_command:Invoking command in '/home/ishara/fyp/Human_Preffered_Velocity_Prediction/build/smrr_interfaces': CMAKE_PREFIX_PATH=${CMAKE_PREFIX_PATH}:/home/ishara/fyp/Human_Preffered_Velocity_Prediction/install/smrr_goal_predictor:/home/ishara/fyp/Human_Preffered_Velocity_Prediction/install/preffered_velocity_prediction:/home/ishara/fyp/Human_Preffered_Velocity_Prediction/install/mini_project_kf:/home/ishara/fyp/Human_Preffered_Velocity_Prediction/install/human_data_buffer:/home/ishara/fyp/Human_Preffered_Velocity_Prediction/install/goal_predictor:/home/ishara/ros2_ws/install/my_robot_controller:/opt/ros/humble /usr/bin/cmake --install /home/ishara/fyp/Human_Preffered_Velocity_Prediction/build/smrr_interfaces
[1.982s] Level 1:colcon.colcon_core.environment:create_environment_scripts_only(smrr_interfaces)
[1.982s] DEBUG:colcon.colcon_core.event_handler.log_command:Invoked command in '/home/ishara/fyp/Human_Preffered_Velocity_Prediction/build/smrr_interfaces' returned '0': CMAKE_PREFIX_PATH=${CMAKE_PREFIX_PATH}:/home/ishara/fyp/Human_Preffered_Velocity_Prediction/install/smrr_goal_predictor:/home/ishara/fyp/Human_Preffered_Velocity_Prediction/install/preffered_velocity_prediction:/home/ishara/fyp/Human_Preffered_Velocity_Prediction/install/mini_project_kf:/home/ishara/fyp/Human_Preffered_Velocity_Prediction/install/human_data_buffer:/home/ishara/fyp/Human_Preffered_Velocity_Prediction/install/goal_predictor:/home/ishara/ros2_ws/install/my_robot_controller:/opt/ros/humble /usr/bin/cmake --install /home/ishara/fyp/Human_Preffered_Velocity_Prediction/build/smrr_interfaces
[1.985s] Level 1:colcon.colcon_core.environment:checking '/home/ishara/fyp/Human_Preffered_Velocity_Prediction/install/smrr_interfaces' for CMake module files
[1.986s] Level 1:colcon.colcon_core.environment:checking '/home/ishara/fyp/Human_Preffered_Velocity_Prediction/install/smrr_interfaces' for CMake config files
[1.987s] Level 1:colcon.colcon_core.shell:create_environment_hook('smrr_interfaces', 'cmake_prefix_path')
[1.987s] INFO:colcon.colcon_core.shell:Creating environment hook '/home/ishara/fyp/Human_Preffered_Velocity_Prediction/install/smrr_interfaces/share/smrr_interfaces/hook/cmake_prefix_path.ps1'
[1.987s] INFO:colcon.colcon_core.shell:Creating environment descriptor '/home/ishara/fyp/Human_Preffered_Velocity_Prediction/install/smrr_interfaces/share/smrr_interfaces/hook/cmake_prefix_path.dsv'
[1.988s] INFO:colcon.colcon_core.shell:Creating environment hook '/home/ishara/fyp/Human_Preffered_Velocity_Prediction/install/smrr_interfaces/share/smrr_interfaces/hook/cmake_prefix_path.sh'
[1.988s] Level 1:colcon.colcon_core.environment:checking '/home/ishara/fyp/Human_Preffered_Velocity_Prediction/install/smrr_interfaces/lib'
[1.988s] Level 1:colcon.colcon_core.shell:create_environment_hook('smrr_interfaces', 'ld_library_path_lib')
[1.989s] INFO:colcon.colcon_core.shell:Creating environment hook '/home/ishara/fyp/Human_Preffered_Velocity_Prediction/install/smrr_interfaces/share/smrr_interfaces/hook/ld_library_path_lib.ps1'
[1.989s] INFO:colcon.colcon_core.shell:Creating environment descriptor '/home/ishara/fyp/Human_Preffered_Velocity_Prediction/install/smrr_interfaces/share/smrr_interfaces/hook/ld_library_path_lib.dsv'
[1.989s] INFO:colcon.colcon_core.shell:Creating environment hook '/home/ishara/fyp/Human_Preffered_Velocity_Prediction/install/smrr_interfaces/share/smrr_interfaces/hook/ld_library_path_lib.sh'
[1.990s] Level 1:colcon.colcon_core.environment:checking '/home/ishara/fyp/Human_Preffered_Velocity_Prediction/install/smrr_interfaces/bin'
[1.990s] Level 1:colcon.colcon_core.environment:checking '/home/ishara/fyp/Human_Preffered_Velocity_Prediction/install/smrr_interfaces/lib/pkgconfig/smrr_interfaces.pc'
[1.990s] Level 1:colcon.colcon_core.environment:checking '/home/ishara/fyp/Human_Preffered_Velocity_Prediction/install/smrr_interfaces/lib/python3.10/site-packages'
[1.990s] Level 1:colcon.colcon_core.shell:create_environment_hook('smrr_interfaces', 'pythonpath')
[1.990s] INFO:colcon.colcon_core.shell:Creating environment hook '/home/ishara/fyp/Human_Preffered_Velocity_Prediction/install/smrr_interfaces/share/smrr_interfaces/hook/pythonpath.ps1'
[1.991s] INFO:colcon.colcon_core.shell:Creating environment descriptor '/home/ishara/fyp/Human_Preffered_Velocity_Prediction/install/smrr_interfaces/share/smrr_interfaces/hook/pythonpath.dsv'
[1.992s] INFO:colcon.colcon_core.shell:Creating environment hook '/home/ishara/fyp/Human_Preffered_Velocity_Prediction/install/smrr_interfaces/share/smrr_interfaces/hook/pythonpath.sh'
[1.992s] Level 1:colcon.colcon_core.environment:checking '/home/ishara/fyp/Human_Preffered_Velocity_Prediction/install/smrr_interfaces/bin'
[1.993s] INFO:colcon.colcon_core.shell:Creating package script '/home/ishara/fyp/Human_Preffered_Velocity_Prediction/install/smrr_interfaces/share/smrr_interfaces/package.ps1'
[1.994s] INFO:colcon.colcon_core.shell:Creating package descriptor '/home/ishara/fyp/Human_Preffered_Velocity_Prediction/install/smrr_interfaces/share/smrr_interfaces/package.dsv'
[1.994s] INFO:colcon.colcon_core.shell:Creating package script '/home/ishara/fyp/Human_Preffered_Velocity_Prediction/install/smrr_interfaces/share/smrr_interfaces/package.sh'
[1.995s] INFO:colcon.colcon_core.shell:Creating package script '/home/ishara/fyp/Human_Preffered_Velocity_Prediction/install/smrr_interfaces/share/smrr_interfaces/package.bash'
[1.996s] INFO:colcon.colcon_core.shell:Creating package script '/home/ishara/fyp/Human_Preffered_Velocity_Prediction/install/smrr_interfaces/share/smrr_interfaces/package.zsh'
[1.996s] Level 1:colcon.colcon_core.environment:create_file_with_runtime_dependencies(/home/ishara/fyp/Human_Preffered_Velocity_Prediction/install/smrr_interfaces/share/colcon-core/packages/smrr_interfaces)
[2.146s] Level 1:colcon.colcon_core.environment:create_environment_scripts_only(smrr_interfaces)
[2.146s] Level 1:colcon.colcon_core.environment:checking '/home/ishara/fyp/Human_Preffered_Velocity_Prediction/install/smrr_interfaces' for CMake module files
[2.147s] Level 1:colcon.colcon_core.environment:checking '/home/ishara/fyp/Human_Preffered_Velocity_Prediction/install/smrr_interfaces' for CMake config files
[2.148s] Level 1:colcon.colcon_core.shell:create_environment_hook('smrr_interfaces', 'cmake_prefix_path')
[2.148s] INFO:colcon.colcon_core.shell:Creating environment hook '/home/ishara/fyp/Human_Preffered_Velocity_Prediction/install/smrr_interfaces/share/smrr_interfaces/hook/cmake_prefix_path.ps1'
[2.149s] INFO:colcon.colcon_core.shell:Creating environment descriptor '/home/ishara/fyp/Human_Preffered_Velocity_Prediction/install/smrr_interfaces/share/smrr_interfaces/hook/cmake_prefix_path.dsv'
[2.149s] INFO:colcon.colcon_core.shell:Creating environment hook '/home/ishara/fyp/Human_Preffered_Velocity_Prediction/install/smrr_interfaces/share/smrr_interfaces/hook/cmake_prefix_path.sh'
[2.150s] Level 1:colcon.colcon_core.environment:checking '/home/ishara/fyp/Human_Preffered_Velocity_Prediction/install/smrr_interfaces/lib'
[2.150s] Level 1:colcon.colcon_core.shell:create_environment_hook('smrr_interfaces', 'ld_library_path_lib')
[2.150s] INFO:colcon.colcon_core.shell:Creating environment hook '/home/ishara/fyp/Human_Preffered_Velocity_Prediction/install/smrr_interfaces/share/smrr_interfaces/hook/ld_library_path_lib.ps1'
[2.151s] INFO:colcon.colcon_core.shell:Creating environment descriptor '/home/ishara/fyp/Human_Preffered_Velocity_Prediction/install/smrr_interfaces/share/smrr_interfaces/hook/ld_library_path_lib.dsv'
[2.151s] INFO:colcon.colcon_core.shell:Creating environment hook '/home/ishara/fyp/Human_Preffered_Velocity_Prediction/install/smrr_interfaces/share/smrr_interfaces/hook/ld_library_path_lib.sh'
[2.151s] Level 1:colcon.colcon_core.environment:checking '/home/ishara/fyp/Human_Preffered_Velocity_Prediction/install/smrr_interfaces/bin'
[2.151s] Level 1:colcon.colcon_core.environment:checking '/home/ishara/fyp/Human_Preffered_Velocity_Prediction/install/smrr_interfaces/lib/pkgconfig/smrr_interfaces.pc'
[2.152s] Level 1:colcon.colcon_core.environment:checking '/home/ishara/fyp/Human_Preffered_Velocity_Prediction/install/smrr_interfaces/lib/python3.10/site-packages'
[2.152s] Level 1:colcon.colcon_core.shell:create_environment_hook('smrr_interfaces', 'pythonpath')
[2.152s] INFO:colcon.colcon_core.shell:Creating environment hook '/home/ishara/fyp/Human_Preffered_Velocity_Prediction/install/smrr_interfaces/share/smrr_interfaces/hook/pythonpath.ps1'
[2.152s] INFO:colcon.colcon_core.shell:Creating environment descriptor '/home/ishara/fyp/Human_Preffered_Velocity_Prediction/install/smrr_interfaces/share/smrr_interfaces/hook/pythonpath.dsv'
[2.153s] INFO:colcon.colcon_core.shell:Creating environment hook '/home/ishara/fyp/Human_Preffered_Velocity_Prediction/install/smrr_interfaces/share/smrr_interfaces/hook/pythonpath.sh'
[2.153s] Level 1:colcon.colcon_core.environment:checking '/home/ishara/fyp/Human_Preffered_Velocity_Prediction/install/smrr_interfaces/bin'
[2.154s] INFO:colcon.colcon_core.shell:Creating package script '/home/ishara/fyp/Human_Preffered_Velocity_Prediction/install/smrr_interfaces/share/smrr_interfaces/package.ps1'
[2.154s] INFO:colcon.colcon_core.shell:Creating package descriptor '/home/ishara/fyp/Human_Preffered_Velocity_Prediction/install/smrr_interfaces/share/smrr_interfaces/package.dsv'
[2.155s] INFO:colcon.colcon_core.shell:Creating package script '/home/ishara/fyp/Human_Preffered_Velocity_Prediction/install/smrr_interfaces/share/smrr_interfaces/package.sh'
[2.155s] INFO:colcon.colcon_core.shell:Creating package script '/home/ishara/fyp/Human_Preffered_Velocity_Prediction/install/smrr_interfaces/share/smrr_interfaces/package.bash'
[2.156s] INFO:colcon.colcon_core.shell:Creating package script '/home/ishara/fyp/Human_Preffered_Velocity_Prediction/install/smrr_interfaces/share/smrr_interfaces/package.zsh'
[2.157s] Level 1:colcon.colcon_core.environment:create_file_with_runtime_dependencies(/home/ishara/fyp/Human_Preffered_Velocity_Prediction/install/smrr_interfaces/share/colcon-core/packages/smrr_interfaces)
[2.173s] Level 1:colcon.colcon_core.shell:create_environment_hook('goal_predictor', 'pythonpath_develop')
[2.174s] DEBUG:colcon.colcon_core.event_handler.log_command:Invoked command in '/home/ishara/fyp/Human_Preffered_Velocity_Prediction/build/goal_predictor' returned '0': PYTHONPATH=/home/ishara/fyp/Human_Preffered_Velocity_Prediction/build/goal_predictor/prefix_override:/usr/lib/python3/dist-packages/colcon_core/task/python/colcon_distutils_commands:/home/ishara/fyp/Human_Preffered_Velocity_Prediction/install/goal_predictor/lib/python3.10/site-packages:${PYTHONPATH} /usr/bin/python3 -W ignore:setup.py install is deprecated setup.py develop --editable --build-directory /home/ishara/fyp/Human_Preffered_Velocity_Prediction/build/goal_predictor/build --no-deps symlink_data
[2.174s] INFO:colcon.colcon_core.shell:Creating environment hook '/home/ishara/fyp/Human_Preffered_Velocity_Prediction/build/goal_predictor/share/goal_predictor/hook/pythonpath_develop.ps1'
[2.175s] INFO:colcon.colcon_core.shell:Creating environment descriptor '/home/ishara/fyp/Human_Preffered_Velocity_Prediction/build/goal_predictor/share/goal_predictor/hook/pythonpath_develop.dsv'
[2.175s] INFO:colcon.colcon_core.shell:Creating environment hook '/home/ishara/fyp/Human_Preffered_Velocity_Prediction/build/goal_predictor/share/goal_predictor/hook/pythonpath_develop.sh'
[2.177s] Level 1:colcon.colcon_core.environment:checking '/home/ishara/fyp/Human_Preffered_Velocity_Prediction/install/goal_predictor' for CMake module files
[2.177s] Level 1:colcon.colcon_core.environment:checking '/home/ishara/fyp/Human_Preffered_Velocity_Prediction/install/goal_predictor' for CMake config files
[2.178s] Level 1:colcon.colcon_core.environment:checking '/home/ishara/fyp/Human_Preffered_Velocity_Prediction/install/goal_predictor/lib'
[2.178s] Level 1:colcon.colcon_core.environment:checking '/home/ishara/fyp/Human_Preffered_Velocity_Prediction/install/goal_predictor/bin'
[2.178s] Level 1:colcon.colcon_core.environment:checking '/home/ishara/fyp/Human_Preffered_Velocity_Prediction/install/goal_predictor/lib/pkgconfig/goal_predictor.pc'
[2.178s] Level 1:colcon.colcon_core.environment:checking '/home/ishara/fyp/Human_Preffered_Velocity_Prediction/install/goal_predictor/lib/python3.10/site-packages'
[2.178s] Level 1:colcon.colcon_core.shell:create_environment_hook('goal_predictor', 'pythonpath')
[2.178s] INFO:colcon.colcon_core.shell:Creating environment hook '/home/ishara/fyp/Human_Preffered_Velocity_Prediction/install/goal_predictor/share/goal_predictor/hook/pythonpath.ps1'
[2.179s] INFO:colcon.colcon_core.shell:Creating environment descriptor '/home/ishara/fyp/Human_Preffered_Velocity_Prediction/install/goal_predictor/share/goal_predictor/hook/pythonpath.dsv'
[2.179s] INFO:colcon.colcon_core.shell:Creating environment hook '/home/ishara/fyp/Human_Preffered_Velocity_Prediction/install/goal_predictor/share/goal_predictor/hook/pythonpath.sh'
[2.180s] Level 1:colcon.colcon_core.environment:checking '/home/ishara/fyp/Human_Preffered_Velocity_Prediction/install/goal_predictor/bin'
[2.180s] Level 1:colcon.colcon_core.environment:create_environment_scripts_only(goal_predictor)
[2.180s] INFO:colcon.colcon_core.shell:Creating package script '/home/ishara/fyp/Human_Preffered_Velocity_Prediction/install/goal_predictor/share/goal_predictor/package.ps1'
[2.181s] INFO:colcon.colcon_core.shell:Creating package descriptor '/home/ishara/fyp/Human_Preffered_Velocity_Prediction/install/goal_predictor/share/goal_predictor/package.dsv'
[2.181s] INFO:colcon.colcon_core.shell:Creating package script '/home/ishara/fyp/Human_Preffered_Velocity_Prediction/install/goal_predictor/share/goal_predictor/package.sh'
[2.182s] INFO:colcon.colcon_core.shell:Creating package script '/home/ishara/fyp/Human_Preffered_Velocity_Prediction/install/goal_predictor/share/goal_predictor/package.bash'
[2.182s] INFO:colcon.colcon_core.shell:Creating package script '/home/ishara/fyp/Human_Preffered_Velocity_Prediction/install/goal_predictor/share/goal_predictor/package.zsh'
[2.182s] Level 1:colcon.colcon_core.environment:create_file_with_runtime_dependencies(/home/ishara/fyp/Human_Preffered_Velocity_Prediction/install/goal_predictor/share/colcon-core/packages/goal_predictor)
[2.189s] Level 1:colcon.colcon_core.shell:create_environment_hook('human_data_buffer', 'pythonpath_develop')
[2.190s] INFO:colcon.colcon_core.shell:Creating environment hook '/home/ishara/fyp/Human_Preffered_Velocity_Prediction/build/human_data_buffer/share/human_data_buffer/hook/pythonpath_develop.ps1'
[2.191s] DEBUG:colcon.colcon_core.event_handler.log_command:Invoked command in '/home/ishara/fyp/Human_Preffered_Velocity_Prediction/build/human_data_buffer' returned '0': PYTHONPATH=/home/ishara/fyp/Human_Preffered_Velocity_Prediction/build/human_data_buffer/prefix_override:/usr/lib/python3/dist-packages/colcon_core/task/python/colcon_distutils_commands:/home/ishara/fyp/Human_Preffered_Velocity_Prediction/install/human_data_buffer/lib/python3.10/site-packages:${PYTHONPATH} /usr/bin/python3 -W ignore:setup.py install is deprecated setup.py develop --editable --build-directory /home/ishara/fyp/Human_Preffered_Velocity_Prediction/build/human_data_buffer/build --no-deps symlink_data
[2.191s] INFO:colcon.colcon_core.shell:Creating environment descriptor '/home/ishara/fyp/Human_Preffered_Velocity_Prediction/build/human_data_buffer/share/human_data_buffer/hook/pythonpath_develop.dsv'
[2.191s] INFO:colcon.colcon_core.shell:Creating environment hook '/home/ishara/fyp/Human_Preffered_Velocity_Prediction/build/human_data_buffer/share/human_data_buffer/hook/pythonpath_develop.sh'
[2.191s] Level 1:colcon.colcon_core.environment:checking '/home/ishara/fyp/Human_Preffered_Velocity_Prediction/install/human_data_buffer' for CMake module files
[2.192s] Level 1:colcon.colcon_core.environment:checking '/home/ishara/fyp/Human_Preffered_Velocity_Prediction/install/human_data_buffer' for CMake config files
[2.192s] Level 1:colcon.colcon_core.environment:checking '/home/ishara/fyp/Human_Preffered_Velocity_Prediction/install/human_data_buffer/lib'
[2.192s] Level 1:colcon.colcon_core.environment:checking '/home/ishara/fyp/Human_Preffered_Velocity_Prediction/install/human_data_buffer/bin'
[2.192s] Level 1:colcon.colcon_core.environment:checking '/home/ishara/fyp/Human_Preffered_Velocity_Prediction/install/human_data_buffer/lib/pkgconfig/human_data_buffer.pc'
[2.192s] Level 1:colcon.colcon_core.environment:checking '/home/ishara/fyp/Human_Preffered_Velocity_Prediction/install/human_data_buffer/lib/python3.10/site-packages'
[2.192s] Level 1:colcon.colcon_core.shell:create_environment_hook('human_data_buffer', 'pythonpath')
[2.193s] INFO:colcon.colcon_core.shell:Creating environment hook '/home/ishara/fyp/Human_Preffered_Velocity_Prediction/install/human_data_buffer/share/human_data_buffer/hook/pythonpath.ps1'
[2.193s] INFO:colcon.colcon_core.shell:Creating environment descriptor '/home/ishara/fyp/Human_Preffered_Velocity_Prediction/install/human_data_buffer/share/human_data_buffer/hook/pythonpath.dsv'
[2.193s] INFO:colcon.colcon_core.shell:Creating environment hook '/home/ishara/fyp/Human_Preffered_Velocity_Prediction/install/human_data_buffer/share/human_data_buffer/hook/pythonpath.sh'
[2.194s] Level 1:colcon.colcon_core.environment:checking '/home/ishara/fyp/Human_Preffered_Velocity_Prediction/install/human_data_buffer/bin'
[2.194s] Level 1:colcon.colcon_core.environment:create_environment_scripts_only(human_data_buffer)
[2.194s] INFO:colcon.colcon_core.shell:Creating package script '/home/ishara/fyp/Human_Preffered_Velocity_Prediction/install/human_data_buffer/share/human_data_buffer/package.ps1'
[2.194s] INFO:colcon.colcon_core.shell:Creating package descriptor '/home/ishara/fyp/Human_Preffered_Velocity_Prediction/install/human_data_buffer/share/human_data_buffer/package.dsv'
[2.195s] INFO:colcon.colcon_core.shell:Creating package script '/home/ishara/fyp/Human_Preffered_Velocity_Prediction/install/human_data_buffer/share/human_data_buffer/package.sh'
[2.195s] INFO:colcon.colcon_core.shell:Creating package script '/home/ishara/fyp/Human_Preffered_Velocity_Prediction/install/human_data_buffer/share/human_data_buffer/package.bash'
[2.195s] INFO:colcon.colcon_core.shell:Creating package script '/home/ishara/fyp/Human_Preffered_Velocity_Prediction/install/human_data_buffer/share/human_data_buffer/package.zsh'
[2.196s] Level 1:colcon.colcon_core.environment:create_file_with_runtime_dependencies(/home/ishara/fyp/Human_Preffered_Velocity_Prediction/install/human_data_buffer/share/colcon-core/packages/human_data_buffer)
[2.196s] Level 1:colcon.colcon_core.shell:create_environment_hook('preffered_velocity_prediction', 'pythonpath_develop')
[2.196s] INFO:colcon.colcon_core.shell:Creating environment hook '/home/ishara/fyp/Human_Preffered_Velocity_Prediction/build/preffered_velocity_prediction/share/preffered_velocity_prediction/hook/pythonpath_develop.ps1'
[2.197s] INFO:colcon.colcon_core.shell:Creating environment descriptor '/home/ishara/fyp/Human_Preffered_Velocity_Prediction/build/preffered_velocity_prediction/share/preffered_velocity_prediction/hook/pythonpath_develop.dsv'
[2.197s] DEBUG:colcon.colcon_core.event_handler.log_command:Invoked command in '/home/ishara/fyp/Human_Preffered_Velocity_Prediction/build/preffered_velocity_prediction' returned '0': PYTHONPATH=/home/ishara/fyp/Human_Preffered_Velocity_Prediction/build/preffered_velocity_prediction/prefix_override:/usr/lib/python3/dist-packages/colcon_core/task/python/colcon_distutils_commands:/home/ishara/fyp/Human_Preffered_Velocity_Prediction/install/preffered_velocity_prediction/lib/python3.10/site-packages:${PYTHONPATH} /usr/bin/python3 -W ignore:setup.py install is deprecated setup.py develop --editable --build-directory /home/ishara/fyp/Human_Preffered_Velocity_Prediction/build/preffered_velocity_prediction/build --no-deps symlink_data
[2.198s] INFO:colcon.colcon_core.shell:Creating environment hook '/home/ishara/fyp/Human_Preffered_Velocity_Prediction/build/preffered_velocity_prediction/share/preffered_velocity_prediction/hook/pythonpath_develop.sh'
[2.198s] Level 1:colcon.colcon_core.environment:checking '/home/ishara/fyp/Human_Preffered_Velocity_Prediction/install/preffered_velocity_prediction' for CMake module files
[2.198s] Level 1:colcon.colcon_core.environment:checking '/home/ishara/fyp/Human_Preffered_Velocity_Prediction/install/preffered_velocity_prediction' for CMake config files
[2.199s] Level 1:colcon.colcon_core.environment:checking '/home/ishara/fyp/Human_Preffered_Velocity_Prediction/install/preffered_velocity_prediction/lib'
[2.199s] Level 1:colcon.colcon_core.environment:checking '/home/ishara/fyp/Human_Preffered_Velocity_Prediction/install/preffered_velocity_prediction/bin'
[2.199s] Level 1:colcon.colcon_core.environment:checking '/home/ishara/fyp/Human_Preffered_Velocity_Prediction/install/preffered_velocity_prediction/lib/pkgconfig/preffered_velocity_prediction.pc'
[2.199s] Level 1:colcon.colcon_core.environment:checking '/home/ishara/fyp/Human_Preffered_Velocity_Prediction/install/preffered_velocity_prediction/lib/python3.10/site-packages'
[2.199s] Level 1:colcon.colcon_core.shell:create_environment_hook('preffered_velocity_prediction', 'pythonpath')
[2.199s] INFO:colcon.colcon_core.shell:Creating environment hook '/home/ishara/fyp/Human_Preffered_Velocity_Prediction/install/preffered_velocity_prediction/share/preffered_velocity_prediction/hook/pythonpath.ps1'
[2.200s] INFO:colcon.colcon_core.shell:Creating environment descriptor '/home/ishara/fyp/Human_Preffered_Velocity_Prediction/install/preffered_velocity_prediction/share/preffered_velocity_prediction/hook/pythonpath.dsv'
[2.200s] INFO:colcon.colcon_core.shell:Creating environment hook '/home/ishara/fyp/Human_Preffered_Velocity_Prediction/install/preffered_velocity_prediction/share/preffered_velocity_prediction/hook/pythonpath.sh'
[2.200s] Level 1:colcon.colcon_core.environment:checking '/home/ishara/fyp/Human_Preffered_Velocity_Prediction/install/preffered_velocity_prediction/bin'
[2.200s] Level 1:colcon.colcon_core.environment:create_environment_scripts_only(preffered_velocity_prediction)
[2.201s] INFO:colcon.colcon_core.shell:Creating package script '/home/ishara/fyp/Human_Preffered_Velocity_Prediction/install/preffered_velocity_prediction/share/preffered_velocity_prediction/package.ps1'
[2.201s] INFO:colcon.colcon_core.shell:Creating package descriptor '/home/ishara/fyp/Human_Preffered_Velocity_Prediction/install/preffered_velocity_prediction/share/preffered_velocity_prediction/package.dsv'
[2.201s] INFO:colcon.colcon_core.shell:Creating package script '/home/ishara/fyp/Human_Preffered_Velocity_Prediction/install/preffered_velocity_prediction/share/preffered_velocity_prediction/package.sh'
[2.202s] INFO:colcon.colcon_core.shell:Creating package script '/home/ishara/fyp/Human_Preffered_Velocity_Prediction/install/preffered_velocity_prediction/share/preffered_velocity_prediction/package.bash'
[2.202s] INFO:colcon.colcon_core.shell:Creating package script '/home/ishara/fyp/Human_Preffered_Velocity_Prediction/install/preffered_velocity_prediction/share/preffered_velocity_prediction/package.zsh'
[2.202s] Level 1:colcon.colcon_core.environment:create_file_with_runtime_dependencies(/home/ishara/fyp/Human_Preffered_Velocity_Prediction/install/preffered_velocity_prediction/share/colcon-core/packages/preffered_velocity_prediction)
[2.203s] Level 1:colcon.colcon_core.shell:create_environment_hook('mini_project_kf', 'pythonpath_develop')
[2.203s] INFO:colcon.colcon_core.shell:Creating environment hook '/home/ishara/fyp/Human_Preffered_Velocity_Prediction/build/mini_project_kf/share/mini_project_kf/hook/pythonpath_develop.ps1'
[2.204s] INFO:colcon.colcon_core.shell:Creating environment descriptor '/home/ishara/fyp/Human_Preffered_Velocity_Prediction/build/mini_project_kf/share/mini_project_kf/hook/pythonpath_develop.dsv'
[2.204s] DEBUG:colcon.colcon_core.event_handler.log_command:Invoked command in '/home/ishara/fyp/Human_Preffered_Velocity_Prediction/build/mini_project_kf' returned '0': PYTHONPATH=/home/ishara/fyp/Human_Preffered_Velocity_Prediction/build/mini_project_kf/prefix_override:/usr/lib/python3/dist-packages/colcon_core/task/python/colcon_distutils_commands:/home/ishara/fyp/Human_Preffered_Velocity_Prediction/install/mini_project_kf/lib/python3.10/site-packages:${PYTHONPATH} /usr/bin/python3 -W ignore:setup.py install is deprecated setup.py develop --editable --build-directory /home/ishara/fyp/Human_Preffered_Velocity_Prediction/build/mini_project_kf/build --no-deps symlink_data
[2.205s] INFO:colcon.colcon_core.shell:Creating environment hook '/home/ishara/fyp/Human_Preffered_Velocity_Prediction/build/mini_project_kf/share/mini_project_kf/hook/pythonpath_develop.sh'
[2.205s] Level 1:colcon.colcon_core.environment:checking '/home/ishara/fyp/Human_Preffered_Velocity_Prediction/install/mini_project_kf' for CMake module files
[2.205s] Level 1:colcon.colcon_core.environment:checking '/home/ishara/fyp/Human_Preffered_Velocity_Prediction/install/mini_project_kf' for CMake config files
[2.206s] Level 1:colcon.colcon_core.environment:checking '/home/ishara/fyp/Human_Preffered_Velocity_Prediction/install/mini_project_kf/lib'
[2.206s] Level 1:colcon.colcon_core.environment:checking '/home/ishara/fyp/Human_Preffered_Velocity_Prediction/install/mini_project_kf/bin'
[2.206s] Level 1:colcon.colcon_core.environment:checking '/home/ishara/fyp/Human_Preffered_Velocity_Prediction/install/mini_project_kf/lib/pkgconfig/mini_project_kf.pc'
[2.206s] Level 1:colcon.colcon_core.environment:checking '/home/ishara/fyp/Human_Preffered_Velocity_Prediction/install/mini_project_kf/lib/python3.10/site-packages'
[2.206s] Level 1:colcon.colcon_core.shell:create_environment_hook('mini_project_kf', 'pythonpath')
[2.206s] INFO:colcon.colcon_core.shell:Creating environment hook '/home/ishara/fyp/Human_Preffered_Velocity_Prediction/install/mini_project_kf/share/mini_project_kf/hook/pythonpath.ps1'
[2.207s] INFO:colcon.colcon_core.shell:Creating environment descriptor '/home/ishara/fyp/Human_Preffered_Velocity_Prediction/install/mini_project_kf/share/mini_project_kf/hook/pythonpath.dsv'
[2.207s] INFO:colcon.colcon_core.shell:Creating environment hook '/home/ishara/fyp/Human_Preffered_Velocity_Prediction/install/mini_project_kf/share/mini_project_kf/hook/pythonpath.sh'
[2.207s] Level 1:colcon.colcon_core.environment:checking '/home/ishara/fyp/Human_Preffered_Velocity_Prediction/install/mini_project_kf/bin'
[2.207s] Level 1:colcon.colcon_core.environment:create_environment_scripts_only(mini_project_kf)
[2.207s] INFO:colcon.colcon_core.shell:Creating package script '/home/ishara/fyp/Human_Preffered_Velocity_Prediction/install/mini_project_kf/share/mini_project_kf/package.ps1'
[2.208s] INFO:colcon.colcon_core.shell:Creating package descriptor '/home/ishara/fyp/Human_Preffered_Velocity_Prediction/install/mini_project_kf/share/mini_project_kf/package.dsv'
[2.208s] INFO:colcon.colcon_core.shell:Creating package script '/home/ishara/fyp/Human_Preffered_Velocity_Prediction/install/mini_project_kf/share/mini_project_kf/package.sh'
[2.208s] INFO:colcon.colcon_core.shell:Creating package script '/home/ishara/fyp/Human_Preffered_Velocity_Prediction/install/mini_project_kf/share/mini_project_kf/package.bash'
[2.209s] INFO:colcon.colcon_core.shell:Creating package script '/home/ishara/fyp/Human_Preffered_Velocity_Prediction/install/mini_project_kf/share/mini_project_kf/package.zsh'
[2.209s] Level 1:colcon.colcon_core.environment:create_file_with_runtime_dependencies(/home/ishara/fyp/Human_Preffered_Velocity_Prediction/install/mini_project_kf/share/colcon-core/packages/mini_project_kf)
[2.209s] DEBUG:colcon.colcon_parallel_executor.executor.parallel:closing loop
[2.209s] DEBUG:colcon.colcon_parallel_executor.executor.parallel:loop closed
[2.209s] DEBUG:colcon.colcon_parallel_executor.executor.parallel:run_until_complete finished with '0'
[2.210s] DEBUG:colcon.colcon_core.event_reactor:joining thread
[2.220s] INFO:colcon.colcon_core.plugin_system:Skipping extension 'colcon_notification.desktop_notification.terminal_notifier': Not used on non-Darwin systems
[2.221s] INFO:colcon.colcon_core.plugin_system:Skipping extension 'colcon_notification.desktop_notification.win32': Not used on non-Windows systems
[2.221s] INFO:colcon.colcon_notification.desktop_notification:Sending desktop notification using 'notify2'
[2.241s] DEBUG:colcon.colcon_core.event_reactor:joined thread
[2.242s] INFO:colcon.colcon_core.shell:Creating prefix script '/home/ishara/fyp/Human_Preffered_Velocity_Prediction/install/local_setup.ps1'
[2.244s] INFO:colcon.colcon_core.shell:Creating prefix util module '/home/ishara/fyp/Human_Preffered_Velocity_Prediction/install/_local_setup_util_ps1.py'
[2.247s] INFO:colcon.colcon_core.shell:Creating prefix chain script '/home/ishara/fyp/Human_Preffered_Velocity_Prediction/install/setup.ps1'
[2.250s] INFO:colcon.colcon_core.shell:Creating prefix script '/home/ishara/fyp/Human_Preffered_Velocity_Prediction/install/local_setup.sh'
[2.252s] INFO:colcon.colcon_core.shell:Creating prefix util module '/home/ishara/fyp/Human_Preffered_Velocity_Prediction/install/_local_setup_util_sh.py'
[2.253s] INFO:colcon.colcon_core.shell:Creating prefix chain script '/home/ishara/fyp/Human_Preffered_Velocity_Prediction/install/setup.sh'
[2.257s] INFO:colcon.colcon_core.shell:Creating prefix script '/home/ishara/fyp/Human_Preffered_Velocity_Prediction/install/local_setup.bash'
[2.258s] INFO:colcon.colcon_core.shell:Creating prefix chain script '/home/ishara/fyp/Human_Preffered_Velocity_Prediction/install/setup.bash'
[2.261s] INFO:colcon.colcon_core.shell:Creating prefix script '/home/ishara/fyp/Human_Preffered_Velocity_Prediction/install/local_setup.zsh'
[2.262s] INFO:colcon.colcon_core.shell:Creating prefix chain script '/home/ishara/fyp/Human_Preffered_Velocity_Prediction/install/setup.zsh'
