[0.537s] Invoking command in '/home/ishara/fyp/Human_Preffered_Velocity_Prediction/build/preffered_velocity_prediction': PYTHONPATH=/home/ishara/fyp/Human_Preffered_Velocity_Prediction/build/preffered_velocity_prediction/prefix_override:/usr/lib/python3/dist-packages/colcon_core/task/python/colcon_distutils_commands:/home/ishara/fyp/Human_Preffered_Velocity_Prediction/install/preffered_velocity_prediction/lib/python3.10/site-packages:${PYTHONPATH} /usr/bin/python3 -W ignore:setup.py install is deprecated setup.py develop --editable --build-directory /home/ishara/fyp/Human_Preffered_Velocity_Prediction/build/preffered_velocity_prediction/build --no-deps symlink_data
[0.753s] running develop
[0.753s] /usr/lib/python3/dist-packages/setuptools/command/easy_install.py:158: EasyInstallDeprecationWarning: easy_install command is deprecated. Use build and pip and other standards-based tools.
[0.753s]   warnings.warn(
[0.884s] running egg_info
[0.884s] writing preffered_velocity_prediction.egg-info/PKG-INFO
[0.884s] writing dependency_links to preffered_velocity_prediction.egg-info/dependency_links.txt
[0.884s] writing entry points to preffered_velocity_prediction.egg-info/entry_points.txt
[0.884s] writing requirements to preffered_velocity_prediction.egg-info/requires.txt
[0.885s] writing top-level names to preffered_velocity_prediction.egg-info/top_level.txt
[0.886s] reading manifest file 'preffered_velocity_prediction.egg-info/SOURCES.txt'
[0.886s] writing manifest file 'preffered_velocity_prediction.egg-info/SOURCES.txt'
[0.887s] running build_ext
[0.887s] Creating /home/ishara/fyp/Human_Preffered_Velocity_Prediction/install/preffered_velocity_prediction/lib/python3.10/site-packages/preffered-velocity-prediction.egg-link (link to .)
[0.888s] Installing preffered_velocity script to /home/ishara/fyp/Human_Preffered_Velocity_Prediction/install/preffered_velocity_prediction/lib/preffered_velocity_prediction
[0.888s] Installing pub_human_data script to /home/ishara/fyp/Human_Preffered_Velocity_Prediction/install/preffered_velocity_prediction/lib/preffered_velocity_prediction
[0.888s] 
[0.889s] Installed /home/ishara/fyp/Human_Preffered_Velocity_Prediction/build/preffered_velocity_prediction
[0.889s] running symlink_data
[0.922s] Invoked command in '/home/ishara/fyp/Human_Preffered_Velocity_Prediction/build/preffered_velocity_prediction' returned '0': PYTHONPATH=/home/ishara/fyp/Human_Preffered_Velocity_Prediction/build/preffered_velocity_prediction/prefix_override:/usr/lib/python3/dist-packages/colcon_core/task/python/colcon_distutils_commands:/home/ishara/fyp/Human_Preffered_Velocity_Prediction/install/preffered_velocity_prediction/lib/python3.10/site-packages:${PYTHONPATH} /usr/bin/python3 -W ignore:setup.py install is deprecated setup.py develop --editable --build-directory /home/ishara/fyp/Human_Preffered_Velocity_Prediction/build/preffered_velocity_prediction/build --no-deps symlink_data
